ARM GAS  C:\Users\hoangp\AppData\Local\Temp\cc4XY7N1.s 			page 1


   1              		.syntax unified
   2              		.cpu cortex-m3
   3              		.fpu softvfp
   4              		.eabi_attribute 20, 1
   5              		.eabi_attribute 21, 1
   6              		.eabi_attribute 23, 3
   7              		.eabi_attribute 24, 1
   8              		.eabi_attribute 25, 1
   9              		.eabi_attribute 26, 1
  10              		.eabi_attribute 30, 6
  11              		.eabi_attribute 18, 4
  12              		.thumb
  13              		.file	"A_HS.c"
  14              		.section	.debug_abbrev,"",%progbits
  15              	.Ldebug_abbrev0:
  16              		.section	.debug_info,"",%progbits
  17              	.Ldebug_info0:
  18              		.section	.debug_line,"",%progbits
  19              	.Ldebug_line0:
  20 0000 19000000 		.text
  20      02001300 
  20      00000201 
  20      FB0E0D00 
  20      01010101 
  21              	.Ltext0:
  22              		.cfi_sections	.debug_frame
  23              	.Letext0:
  24              		.section	.debug_info
  25 0000 7D000000 		.4byte	0x7d
  26 0004 0200     		.2byte	0x2
  27 0006 00000000 		.4byte	.Ldebug_abbrev0
  28 000a 04       		.byte	0x4
  29 000b 01       		.uleb128 0x1
  30 000c B6000000 		.4byte	.LASF12
  31 0010 01       		.byte	0x1
  32 0011 DA000000 		.4byte	.LASF13
  33 0015 4E000000 		.4byte	.LASF14
  34 0019 00000000 		.4byte	.Ltext0
  35 001d 00000000 		.4byte	.Letext0
  36 0021 00000000 		.4byte	.Ldebug_line0
  37 0025 02       		.uleb128 0x2
  38 0026 01       		.byte	0x1
  39 0027 06       		.byte	0x6
  40 0028 FA000000 		.4byte	.LASF0
  41 002c 02       		.uleb128 0x2
  42 002d 01       		.byte	0x1
  43 002e 08       		.byte	0x8
  44 002f 14000000 		.4byte	.LASF1
  45 0033 02       		.uleb128 0x2
  46 0034 02       		.byte	0x2
  47 0035 05       		.byte	0x5
  48 0036 C7000000 		.4byte	.LASF2
  49 003a 02       		.uleb128 0x2
  50 003b 02       		.byte	0x2
  51 003c 07       		.byte	0x7
  52 003d 34000000 		.4byte	.LASF3
  53 0041 02       		.uleb128 0x2
ARM GAS  C:\Users\hoangp\AppData\Local\Temp\cc4XY7N1.s 			page 2


  54 0042 04       		.byte	0x4
  55 0043 05       		.byte	0x5
  56 0044 D1000000 		.4byte	.LASF4
  57 0048 02       		.uleb128 0x2
  58 0049 04       		.byte	0x4
  59 004a 07       		.byte	0x7
  60 004b 22000000 		.4byte	.LASF5
  61 004f 02       		.uleb128 0x2
  62 0050 08       		.byte	0x8
  63 0051 05       		.byte	0x5
  64 0052 00000000 		.4byte	.LASF6
  65 0056 02       		.uleb128 0x2
  66 0057 08       		.byte	0x8
  67 0058 07       		.byte	0x7
  68 0059 9F000000 		.4byte	.LASF7
  69 005d 03       		.uleb128 0x3
  70 005e 04       		.byte	0x4
  71 005f 05       		.byte	0x5
  72 0060 696E7400 		.ascii	"int\000"
  73 0064 02       		.uleb128 0x2
  74 0065 04       		.byte	0x4
  75 0066 07       		.byte	0x7
  76 0067 92000000 		.4byte	.LASF8
  77 006b 02       		.uleb128 0x2
  78 006c 04       		.byte	0x4
  79 006d 04       		.byte	0x4
  80 006e 0E000000 		.4byte	.LASF9
  81 0072 02       		.uleb128 0x2
  82 0073 08       		.byte	0x8
  83 0074 04       		.byte	0x4
  84 0075 47000000 		.4byte	.LASF10
  85 0079 02       		.uleb128 0x2
  86 007a 01       		.byte	0x1
  87 007b 08       		.byte	0x8
  88 007c C2000000 		.4byte	.LASF11
  89 0080 00       		.byte	0x0
  90              		.section	.debug_abbrev
  91 0000 01       		.uleb128 0x1
  92 0001 11       		.uleb128 0x11
  93 0002 01       		.byte	0x1
  94 0003 25       		.uleb128 0x25
  95 0004 0E       		.uleb128 0xe
  96 0005 13       		.uleb128 0x13
  97 0006 0B       		.uleb128 0xb
  98 0007 03       		.uleb128 0x3
  99 0008 0E       		.uleb128 0xe
 100 0009 1B       		.uleb128 0x1b
 101 000a 0E       		.uleb128 0xe
 102 000b 11       		.uleb128 0x11
 103 000c 01       		.uleb128 0x1
 104 000d 12       		.uleb128 0x12
 105 000e 01       		.uleb128 0x1
 106 000f 10       		.uleb128 0x10
 107 0010 06       		.uleb128 0x6
 108 0011 00       		.byte	0x0
 109 0012 00       		.byte	0x0
 110 0013 02       		.uleb128 0x2
ARM GAS  C:\Users\hoangp\AppData\Local\Temp\cc4XY7N1.s 			page 3


 111 0014 24       		.uleb128 0x24
 112 0015 00       		.byte	0x0
 113 0016 0B       		.uleb128 0xb
 114 0017 0B       		.uleb128 0xb
 115 0018 3E       		.uleb128 0x3e
 116 0019 0B       		.uleb128 0xb
 117 001a 03       		.uleb128 0x3
 118 001b 0E       		.uleb128 0xe
 119 001c 00       		.byte	0x0
 120 001d 00       		.byte	0x0
 121 001e 03       		.uleb128 0x3
 122 001f 24       		.uleb128 0x24
 123 0020 00       		.byte	0x0
 124 0021 0B       		.uleb128 0xb
 125 0022 0B       		.uleb128 0xb
 126 0023 3E       		.uleb128 0x3e
 127 0024 0B       		.uleb128 0xb
 128 0025 03       		.uleb128 0x3
 129 0026 08       		.uleb128 0x8
 130 0027 00       		.byte	0x0
 131 0028 00       		.byte	0x0
 132 0029 00       		.byte	0x0
 133              		.section	.debug_str,"MS",%progbits,1
 134              	.LASF6:
 135 0000 6C6F6E67 		.ascii	"long long int\000"
 135      206C6F6E 
 135      6720696E 
 135      7400
 136              	.LASF9:
 137 000e 666C6F61 		.ascii	"float\000"
 137      7400
 138              	.LASF1:
 139 0014 756E7369 		.ascii	"unsigned char\000"
 139      676E6564 
 139      20636861 
 139      7200
 140              	.LASF5:
 141 0022 6C6F6E67 		.ascii	"long unsigned int\000"
 141      20756E73 
 141      69676E65 
 141      6420696E 
 141      7400
 142              	.LASF3:
 143 0034 73686F72 		.ascii	"short unsigned int\000"
 143      7420756E 
 143      7369676E 
 143      65642069 
 143      6E7400
 144              	.LASF10:
 145 0047 646F7562 		.ascii	"double\000"
 145      6C6500
 146              	.LASF14:
 147 004e 433A5C55 		.ascii	"C:\\Users\\hoangp\\Documents\\GitHub\\EE542\\firmwa"
 147      73657273 
 147      5C686F61 
 147      6E67705C 
 147      446F6375 
ARM GAS  C:\Users\hoangp\AppData\Local\Temp\cc4XY7N1.s 			page 4


 148 007b 72655C69 		.ascii	"re\\invert\\invert.cydsn\000"
 148      6E766572 
 148      745C696E 
 148      76657274 
 148      2E637964 
 149              	.LASF8:
 150 0092 756E7369 		.ascii	"unsigned int\000"
 150      676E6564 
 150      20696E74 
 150      00
 151              	.LASF7:
 152 009f 6C6F6E67 		.ascii	"long long unsigned int\000"
 152      206C6F6E 
 152      6720756E 
 152      7369676E 
 152      65642069 
 153              	.LASF12:
 154 00b6 474E5520 		.ascii	"GNU C 4.4.1\000"
 154      4320342E 
 154      342E3100 
 155              	.LASF11:
 156 00c2 63686172 		.ascii	"char\000"
 156      00
 157              	.LASF2:
 158 00c7 73686F72 		.ascii	"short int\000"
 158      7420696E 
 158      7400
 159              	.LASF4:
 160 00d1 6C6F6E67 		.ascii	"long int\000"
 160      20696E74 
 160      00
 161              	.LASF13:
 162 00da 2E5C4765 		.ascii	".\\Generated_Source\\PSoC5\\A_HS.c\000"
 162      6E657261 
 162      7465645F 
 162      536F7572 
 162      63655C50 
 163              	.LASF0:
 164 00fa 7369676E 		.ascii	"signed char\000"
 164      65642063 
 164      68617200 
 165              		.ident	"GCC: (Sourcery G++ Lite 2010q1-188) 4.4.1"
