ARM GAS  C:\Users\USER\AppData\Local\Temp\ccE6HNq5.s 			page 1


   1              		.syntax unified
   2              		.cpu cortex-m3
   3              		.fpu softvfp
   4              		.eabi_attribute 20, 1
   5              		.eabi_attribute 21, 1
   6              		.eabi_attribute 23, 3
   7              		.eabi_attribute 24, 1
   8              		.eabi_attribute 25, 1
   9              		.eabi_attribute 26, 1
  10              		.eabi_attribute 30, 6
  11              		.eabi_attribute 18, 4
  12              		.thumb
  13              		.file	"ADC_SAR_1_INT.c"
  14              		.section	.debug_abbrev,"",%progbits
  15              	.Ldebug_abbrev0:
  16              		.section	.debug_info,"",%progbits
  17              	.Ldebug_info0:
  18              		.section	.debug_line,"",%progbits
  19              	.Ldebug_line0:
  20 0000 57000000 		.text
  20      02003F00 
  20      00000201 
  20      FB0E0D00 
  20      01010101 
  21              	.Ltext0:
  22              		.cfi_sections	.debug_frame
  23              		.section	.text.ADC_SAR_1_ISR,"ax",%progbits
  24              		.align	2
  25              		.global	ADC_SAR_1_ISR
  26              		.thumb
  27              		.thumb_func
  28              		.type	ADC_SAR_1_ISR, %function
  29              	ADC_SAR_1_ISR:
  30              	.LFB0:
  31              		.file 1 ".\\Generated_Source\\PSoC5\\ADC_SAR_1_INT.c"
   1:.\Generated_Source\PSoC5/ADC_SAR_1_INT.c **** /*******************************************************************************
   2:.\Generated_Source\PSoC5/ADC_SAR_1_INT.c **** * File Name: ADC_SAR_1_INT.c
   3:.\Generated_Source\PSoC5/ADC_SAR_1_INT.c **** * Version 2.0
   4:.\Generated_Source\PSoC5/ADC_SAR_1_INT.c **** *
   5:.\Generated_Source\PSoC5/ADC_SAR_1_INT.c **** *  Description:
   6:.\Generated_Source\PSoC5/ADC_SAR_1_INT.c **** *    This file contains the code that operates during the ADC_SAR interrupt
   7:.\Generated_Source\PSoC5/ADC_SAR_1_INT.c **** *    service routine.
   8:.\Generated_Source\PSoC5/ADC_SAR_1_INT.c **** *
   9:.\Generated_Source\PSoC5/ADC_SAR_1_INT.c **** *   Note:
  10:.\Generated_Source\PSoC5/ADC_SAR_1_INT.c **** *
  11:.\Generated_Source\PSoC5/ADC_SAR_1_INT.c **** ********************************************************************************
  12:.\Generated_Source\PSoC5/ADC_SAR_1_INT.c **** * Copyright 2008-2012, Cypress Semiconductor Corporation.  All rights reserved.
  13:.\Generated_Source\PSoC5/ADC_SAR_1_INT.c **** * You may use this file only in accordance with the license, terms, conditions,
  14:.\Generated_Source\PSoC5/ADC_SAR_1_INT.c **** * disclaimers, and limitations in the end user license agreement accompanying
  15:.\Generated_Source\PSoC5/ADC_SAR_1_INT.c **** * the software package with which this file was provided.
  16:.\Generated_Source\PSoC5/ADC_SAR_1_INT.c **** *******************************************************************************/
  17:.\Generated_Source\PSoC5/ADC_SAR_1_INT.c **** 
  18:.\Generated_Source\PSoC5/ADC_SAR_1_INT.c **** #include "ADC_SAR_1.h"
  19:.\Generated_Source\PSoC5/ADC_SAR_1_INT.c **** 
  20:.\Generated_Source\PSoC5/ADC_SAR_1_INT.c **** 
  21:.\Generated_Source\PSoC5/ADC_SAR_1_INT.c **** /******************************************************************************
  22:.\Generated_Source\PSoC5/ADC_SAR_1_INT.c **** * Custom Declarations and Variables
ARM GAS  C:\Users\USER\AppData\Local\Temp\ccE6HNq5.s 			page 2


  23:.\Generated_Source\PSoC5/ADC_SAR_1_INT.c **** * - add user inlcude files, prototypes and variables between the following
  24:.\Generated_Source\PSoC5/ADC_SAR_1_INT.c **** *   #START and #END tags
  25:.\Generated_Source\PSoC5/ADC_SAR_1_INT.c **** ******************************************************************************/
  26:.\Generated_Source\PSoC5/ADC_SAR_1_INT.c **** /* `#START ADC_SYS_VAR`  */
  27:.\Generated_Source\PSoC5/ADC_SAR_1_INT.c **** 
  28:.\Generated_Source\PSoC5/ADC_SAR_1_INT.c **** /* `#END`  */
  29:.\Generated_Source\PSoC5/ADC_SAR_1_INT.c **** 
  30:.\Generated_Source\PSoC5/ADC_SAR_1_INT.c **** 
  31:.\Generated_Source\PSoC5/ADC_SAR_1_INT.c **** #if(ADC_SAR_1_IRQ_REMOVE == 0u)
  32:.\Generated_Source\PSoC5/ADC_SAR_1_INT.c **** 
  33:.\Generated_Source\PSoC5/ADC_SAR_1_INT.c **** 
  34:.\Generated_Source\PSoC5/ADC_SAR_1_INT.c ****     /******************************************************************************
  35:.\Generated_Source\PSoC5/ADC_SAR_1_INT.c ****     * Function Name: ADC_SAR_1_ISR
  36:.\Generated_Source\PSoC5/ADC_SAR_1_INT.c ****     *******************************************************************************
  37:.\Generated_Source\PSoC5/ADC_SAR_1_INT.c ****     *
  38:.\Generated_Source\PSoC5/ADC_SAR_1_INT.c ****     * Summary:
  39:.\Generated_Source\PSoC5/ADC_SAR_1_INT.c ****     *  Handle Interrupt Service Routine.
  40:.\Generated_Source\PSoC5/ADC_SAR_1_INT.c ****     *
  41:.\Generated_Source\PSoC5/ADC_SAR_1_INT.c ****     * Parameters:
  42:.\Generated_Source\PSoC5/ADC_SAR_1_INT.c ****     *  None.
  43:.\Generated_Source\PSoC5/ADC_SAR_1_INT.c ****     *
  44:.\Generated_Source\PSoC5/ADC_SAR_1_INT.c ****     * Return:
  45:.\Generated_Source\PSoC5/ADC_SAR_1_INT.c ****     *  None.
  46:.\Generated_Source\PSoC5/ADC_SAR_1_INT.c ****     *
  47:.\Generated_Source\PSoC5/ADC_SAR_1_INT.c ****     * Reentrant:
  48:.\Generated_Source\PSoC5/ADC_SAR_1_INT.c ****     *  No.
  49:.\Generated_Source\PSoC5/ADC_SAR_1_INT.c ****     *
  50:.\Generated_Source\PSoC5/ADC_SAR_1_INT.c ****     ******************************************************************************/
  51:.\Generated_Source\PSoC5/ADC_SAR_1_INT.c ****     CY_ISR( ADC_SAR_1_ISR )
  52:.\Generated_Source\PSoC5/ADC_SAR_1_INT.c ****     {
  32              		.loc 1 52 0
  33              		.cfi_startproc
  34              		@ args = 0, pretend = 0, frame = 0
  35              		@ frame_needed = 1, uses_anonymous_args = 0
  36              		@ link register save eliminated.
  37 0000 80B4     		push	{r7}
  38              	.LCFI0:
  39              		.cfi_def_cfa_offset 4
  40 0002 00AF     		add	r7, sp, #0
  41              		.cfi_offset 7, -4
  42              	.LCFI1:
  43              		.cfi_def_cfa_register 7
  53:.\Generated_Source\PSoC5/ADC_SAR_1_INT.c ****         /************************************************************************
  54:.\Generated_Source\PSoC5/ADC_SAR_1_INT.c ****         *  Custom Code
  55:.\Generated_Source\PSoC5/ADC_SAR_1_INT.c ****         *  - add user ISR code between the following #START and #END tags
  56:.\Generated_Source\PSoC5/ADC_SAR_1_INT.c ****         *************************************************************************/
  57:.\Generated_Source\PSoC5/ADC_SAR_1_INT.c ****           /* `#START MAIN_ADC_ISR`  */
  58:.\Generated_Source\PSoC5/ADC_SAR_1_INT.c **** 
  59:.\Generated_Source\PSoC5/ADC_SAR_1_INT.c ****           /* `#END`  */
  60:.\Generated_Source\PSoC5/ADC_SAR_1_INT.c **** 
  61:.\Generated_Source\PSoC5/ADC_SAR_1_INT.c ****     }
  44              		.loc 1 61 0
  45 0004 BD46     		mov	sp, r7
  46 0006 80BC     		pop	{r7}
  47 0008 7047     		bx	lr
  48              		.cfi_endproc
  49              	.LFE0:
ARM GAS  C:\Users\USER\AppData\Local\Temp\ccE6HNq5.s 			page 3


  50              		.size	ADC_SAR_1_ISR, .-ADC_SAR_1_ISR
  51 000a 00BF     		.text
  52              	.Letext0:
  53              		.section	.debug_loc,"",%progbits
  54              	.Ldebug_loc0:
  55              	.LLST0:
  56 0000 00000000 		.4byte	.LFB0
  57 0004 02000000 		.4byte	.LCFI0
  58 0008 0100     		.2byte	0x1
  59 000a 5D       		.byte	0x5d
  60 000b 02000000 		.4byte	.LCFI0
  61 000f 04000000 		.4byte	.LCFI1
  62 0013 0200     		.2byte	0x2
  63 0015 7D       		.byte	0x7d
  64 0016 04       		.sleb128 4
  65 0017 04000000 		.4byte	.LCFI1
  66 001b 0A000000 		.4byte	.LFE0
  67 001f 0200     		.2byte	0x2
  68 0021 77       		.byte	0x77
  69 0022 04       		.sleb128 4
  70 0023 00000000 		.4byte	0x0
  71 0027 00000000 		.4byte	0x0
  72              		.section	.debug_info
  73 0000 96000000 		.4byte	0x96
  74 0004 0200     		.2byte	0x2
  75 0006 00000000 		.4byte	.Ldebug_abbrev0
  76 000a 04       		.byte	0x4
  77 000b 01       		.uleb128 0x1
  78 000c DD000000 		.4byte	.LASF12
  79 0010 01       		.byte	0x1
  80 0011 B4000000 		.4byte	.LASF13
  81 0015 72000000 		.4byte	.LASF14
  82 0019 00000000 		.4byte	0x0
  83 001d 00000000 		.4byte	0x0
  84 0021 00000000 		.4byte	.Ldebug_ranges0+0x0
  85 0025 00000000 		.4byte	.Ldebug_line0
  86 0029 02       		.uleb128 0x2
  87 002a 01       		.byte	0x1
  88 002b 06       		.byte	0x6
  89 002c 01010000 		.4byte	.LASF0
  90 0030 02       		.uleb128 0x2
  91 0031 01       		.byte	0x1
  92 0032 08       		.byte	0x8
  93 0033 14000000 		.4byte	.LASF1
  94 0037 02       		.uleb128 0x2
  95 0038 02       		.byte	0x2
  96 0039 05       		.byte	0x5
  97 003a EE000000 		.4byte	.LASF2
  98 003e 02       		.uleb128 0x2
  99 003f 02       		.byte	0x2
 100 0040 07       		.byte	0x7
 101 0041 34000000 		.4byte	.LASF3
 102 0045 02       		.uleb128 0x2
 103 0046 04       		.byte	0x4
 104 0047 05       		.byte	0x5
 105 0048 F8000000 		.4byte	.LASF4
 106 004c 02       		.uleb128 0x2
ARM GAS  C:\Users\USER\AppData\Local\Temp\ccE6HNq5.s 			page 4


 107 004d 04       		.byte	0x4
 108 004e 07       		.byte	0x7
 109 004f 22000000 		.4byte	.LASF5
 110 0053 02       		.uleb128 0x2
 111 0054 08       		.byte	0x8
 112 0055 05       		.byte	0x5
 113 0056 00000000 		.4byte	.LASF6
 114 005a 02       		.uleb128 0x2
 115 005b 08       		.byte	0x8
 116 005c 07       		.byte	0x7
 117 005d 5B000000 		.4byte	.LASF7
 118 0061 03       		.uleb128 0x3
 119 0062 04       		.byte	0x4
 120 0063 05       		.byte	0x5
 121 0064 696E7400 		.ascii	"int\000"
 122 0068 02       		.uleb128 0x2
 123 0069 04       		.byte	0x4
 124 006a 07       		.byte	0x7
 125 006b 4E000000 		.4byte	.LASF8
 126 006f 02       		.uleb128 0x2
 127 0070 04       		.byte	0x4
 128 0071 04       		.byte	0x4
 129 0072 0E000000 		.4byte	.LASF9
 130 0076 02       		.uleb128 0x2
 131 0077 08       		.byte	0x8
 132 0078 04       		.byte	0x4
 133 0079 47000000 		.4byte	.LASF10
 134 007d 02       		.uleb128 0x2
 135 007e 01       		.byte	0x1
 136 007f 08       		.byte	0x8
 137 0080 E9000000 		.4byte	.LASF11
 138 0084 04       		.uleb128 0x4
 139 0085 01       		.byte	0x1
 140 0086 0D010000 		.4byte	.LASF15
 141 008a 01       		.byte	0x1
 142 008b 33       		.byte	0x33
 143 008c 01       		.byte	0x1
 144 008d 00000000 		.4byte	.LFB0
 145 0091 0A000000 		.4byte	.LFE0
 146 0095 00000000 		.4byte	.LLST0
 147 0099 00       		.byte	0x0
 148              		.section	.debug_abbrev
 149 0000 01       		.uleb128 0x1
 150 0001 11       		.uleb128 0x11
 151 0002 01       		.byte	0x1
 152 0003 25       		.uleb128 0x25
 153 0004 0E       		.uleb128 0xe
 154 0005 13       		.uleb128 0x13
 155 0006 0B       		.uleb128 0xb
 156 0007 03       		.uleb128 0x3
 157 0008 0E       		.uleb128 0xe
 158 0009 1B       		.uleb128 0x1b
 159 000a 0E       		.uleb128 0xe
 160 000b 11       		.uleb128 0x11
 161 000c 01       		.uleb128 0x1
 162 000d 52       		.uleb128 0x52
 163 000e 01       		.uleb128 0x1
ARM GAS  C:\Users\USER\AppData\Local\Temp\ccE6HNq5.s 			page 5


 164 000f 55       		.uleb128 0x55
 165 0010 06       		.uleb128 0x6
 166 0011 10       		.uleb128 0x10
 167 0012 06       		.uleb128 0x6
 168 0013 00       		.byte	0x0
 169 0014 00       		.byte	0x0
 170 0015 02       		.uleb128 0x2
 171 0016 24       		.uleb128 0x24
 172 0017 00       		.byte	0x0
 173 0018 0B       		.uleb128 0xb
 174 0019 0B       		.uleb128 0xb
 175 001a 3E       		.uleb128 0x3e
 176 001b 0B       		.uleb128 0xb
 177 001c 03       		.uleb128 0x3
 178 001d 0E       		.uleb128 0xe
 179 001e 00       		.byte	0x0
 180 001f 00       		.byte	0x0
 181 0020 03       		.uleb128 0x3
 182 0021 24       		.uleb128 0x24
 183 0022 00       		.byte	0x0
 184 0023 0B       		.uleb128 0xb
 185 0024 0B       		.uleb128 0xb
 186 0025 3E       		.uleb128 0x3e
 187 0026 0B       		.uleb128 0xb
 188 0027 03       		.uleb128 0x3
 189 0028 08       		.uleb128 0x8
 190 0029 00       		.byte	0x0
 191 002a 00       		.byte	0x0
 192 002b 04       		.uleb128 0x4
 193 002c 2E       		.uleb128 0x2e
 194 002d 00       		.byte	0x0
 195 002e 3F       		.uleb128 0x3f
 196 002f 0C       		.uleb128 0xc
 197 0030 03       		.uleb128 0x3
 198 0031 0E       		.uleb128 0xe
 199 0032 3A       		.uleb128 0x3a
 200 0033 0B       		.uleb128 0xb
 201 0034 3B       		.uleb128 0x3b
 202 0035 0B       		.uleb128 0xb
 203 0036 27       		.uleb128 0x27
 204 0037 0C       		.uleb128 0xc
 205 0038 11       		.uleb128 0x11
 206 0039 01       		.uleb128 0x1
 207 003a 12       		.uleb128 0x12
 208 003b 01       		.uleb128 0x1
 209 003c 40       		.uleb128 0x40
 210 003d 06       		.uleb128 0x6
 211 003e 00       		.byte	0x0
 212 003f 00       		.byte	0x0
 213 0040 00       		.byte	0x0
 214              		.section	.debug_pubnames,"",%progbits
 215 0000 20000000 		.4byte	0x20
 216 0004 0200     		.2byte	0x2
 217 0006 00000000 		.4byte	.Ldebug_info0
 218 000a 9A000000 		.4byte	0x9a
 219 000e 84000000 		.4byte	0x84
 220 0012 4144435F 		.ascii	"ADC_SAR_1_ISR\000"
ARM GAS  C:\Users\USER\AppData\Local\Temp\ccE6HNq5.s 			page 6


 220      5341525F 
 220      315F4953 
 220      5200
 221 0020 00000000 		.4byte	0x0
 222              		.section	.debug_aranges,"",%progbits
 223 0000 1C000000 		.4byte	0x1c
 224 0004 0200     		.2byte	0x2
 225 0006 00000000 		.4byte	.Ldebug_info0
 226 000a 04       		.byte	0x4
 227 000b 00       		.byte	0x0
 228 000c 0000     		.2byte	0x0
 229 000e 0000     		.2byte	0x0
 230 0010 00000000 		.4byte	.LFB0
 231 0014 0A000000 		.4byte	.LFE0-.LFB0
 232 0018 00000000 		.4byte	0x0
 233 001c 00000000 		.4byte	0x0
 234              		.section	.debug_ranges,"",%progbits
 235              	.Ldebug_ranges0:
 236 0000 00000000 		.4byte	.Ltext0
 237 0004 00000000 		.4byte	.Letext0
 238 0008 00000000 		.4byte	.LFB0
 239 000c 0A000000 		.4byte	.LFE0
 240 0010 00000000 		.4byte	0x0
 241 0014 00000000 		.4byte	0x0
 242              		.section	.debug_str,"MS",%progbits,1
 243              	.LASF6:
 244 0000 6C6F6E67 		.ascii	"long long int\000"
 244      206C6F6E 
 244      6720696E 
 244      7400
 245              	.LASF9:
 246 000e 666C6F61 		.ascii	"float\000"
 246      7400
 247              	.LASF1:
 248 0014 756E7369 		.ascii	"unsigned char\000"
 248      676E6564 
 248      20636861 
 248      7200
 249              	.LASF5:
 250 0022 6C6F6E67 		.ascii	"long unsigned int\000"
 250      20756E73 
 250      69676E65 
 250      6420696E 
 250      7400
 251              	.LASF3:
 252 0034 73686F72 		.ascii	"short unsigned int\000"
 252      7420756E 
 252      7369676E 
 252      65642069 
 252      6E7400
 253              	.LASF10:
 254 0047 646F7562 		.ascii	"double\000"
 254      6C6500
 255              	.LASF8:
 256 004e 756E7369 		.ascii	"unsigned int\000"
 256      676E6564 
 256      20696E74 
ARM GAS  C:\Users\USER\AppData\Local\Temp\ccE6HNq5.s 			page 7


 256      00
 257              	.LASF7:
 258 005b 6C6F6E67 		.ascii	"long long unsigned int\000"
 258      206C6F6E 
 258      6720756E 
 258      7369676E 
 258      65642069 
 259              	.LASF14:
 260 0072 433A5C55 		.ascii	"C:\\Users\\USER\\Documents\\GitHub\\EE542\\firmware"
 260      73657273 
 260      5C555345 
 260      525C446F 
 260      63756D65 
 261 009f 5C696E76 		.ascii	"\\invert\\invert.cydsn\000"
 261      6572745C 
 261      696E7665 
 261      72742E63 
 261      7964736E 
 262              	.LASF13:
 263 00b4 2E5C4765 		.ascii	".\\Generated_Source\\PSoC5\\ADC_SAR_1_INT.c\000"
 263      6E657261 
 263      7465645F 
 263      536F7572 
 263      63655C50 
 264              	.LASF12:
 265 00dd 474E5520 		.ascii	"GNU C 4.4.1\000"
 265      4320342E 
 265      342E3100 
 266              	.LASF11:
 267 00e9 63686172 		.ascii	"char\000"
 267      00
 268              	.LASF2:
 269 00ee 73686F72 		.ascii	"short int\000"
 269      7420696E 
 269      7400
 270              	.LASF4:
 271 00f8 6C6F6E67 		.ascii	"long int\000"
 271      20696E74 
 271      00
 272              	.LASF0:
 273 0101 7369676E 		.ascii	"signed char\000"
 273      65642063 
 273      68617200 
 274              	.LASF15:
 275 010d 4144435F 		.ascii	"ADC_SAR_1_ISR\000"
 275      5341525F 
 275      315F4953 
 275      5200
 276              		.ident	"GCC: (Sourcery G++ Lite 2010q1-188) 4.4.1"
