ARM GAS  C:\Users\hoangp\AppData\Local\Temp\cc9u8XJR.s 			page 1


   1              		.syntax unified
   2              		.cpu cortex-m3
   3              		.fpu softvfp
   4              		.eabi_attribute 20, 1
   5              		.eabi_attribute 21, 1
   6              		.eabi_attribute 23, 3
   7              		.eabi_attribute 24, 1
   8              		.eabi_attribute 25, 1
   9              		.eabi_attribute 26, 1
  10              		.eabi_attribute 30, 6
  11              		.eabi_attribute 18, 4
  12              		.thumb
  13              		.file	"ADC_DelSig_1_PM.c"
  14              		.section	.debug_abbrev,"",%progbits
  15              	.Ldebug_abbrev0:
  16              		.section	.debug_info,"",%progbits
  17              	.Ldebug_info0:
  18              		.section	.debug_line,"",%progbits
  19              	.Ldebug_line0:
  20 0000 D4000000 		.text
  20      02007A00 
  20      00000201 
  20      FB0E0D00 
  20      01010101 
  21              	.Ltext0:
  22              		.cfi_sections	.debug_frame
  23              		.data
  24              		.align	2
  25              		.type	ADC_DelSig_1_backup, %object
  26              		.size	ADC_DelSig_1_backup, 2
  27              	ADC_DelSig_1_backup:
  28 0000 00       		.byte	0
  29 0001 38       		.byte	56
  30 0002 0000     		.section	.text.ADC_DelSig_1_SaveConfig,"ax",%progbits
  31              		.align	2
  32              		.global	ADC_DelSig_1_SaveConfig
  33              		.thumb
  34              		.thumb_func
  35              		.type	ADC_DelSig_1_SaveConfig, %function
  36              	ADC_DelSig_1_SaveConfig:
  37              	.LFB0:
  38              		.file 1 ".\\Generated_Source\\PSoC5\\ADC_DelSig_1_PM.c"
   1:.\Generated_Source\PSoC5/ADC_DelSig_1_PM.c **** /*******************************************************************************
   2:.\Generated_Source\PSoC5/ADC_DelSig_1_PM.c **** * File Name: ADC_DelSig_1_PM.c  
   3:.\Generated_Source\PSoC5/ADC_DelSig_1_PM.c **** * Version 2.30
   4:.\Generated_Source\PSoC5/ADC_DelSig_1_PM.c **** *
   5:.\Generated_Source\PSoC5/ADC_DelSig_1_PM.c **** * Description:
   6:.\Generated_Source\PSoC5/ADC_DelSig_1_PM.c **** *  This file provides the power manager source code to the API for the 
   7:.\Generated_Source\PSoC5/ADC_DelSig_1_PM.c **** *  Delta-Sigma ADC Component.
   8:.\Generated_Source\PSoC5/ADC_DelSig_1_PM.c **** *
   9:.\Generated_Source\PSoC5/ADC_DelSig_1_PM.c **** * Note:
  10:.\Generated_Source\PSoC5/ADC_DelSig_1_PM.c **** *
  11:.\Generated_Source\PSoC5/ADC_DelSig_1_PM.c **** *******************************************************************************
  12:.\Generated_Source\PSoC5/ADC_DelSig_1_PM.c **** * Copyright 2008-2012, Cypress Semiconductor Corporation.  All rights reserved.
  13:.\Generated_Source\PSoC5/ADC_DelSig_1_PM.c **** * You may use this file only in accordance with the license, terms, conditions, 
  14:.\Generated_Source\PSoC5/ADC_DelSig_1_PM.c **** * disclaimers, and limitations in the end user license agreement accompanying 
  15:.\Generated_Source\PSoC5/ADC_DelSig_1_PM.c **** * the software package with which this file was provided.
ARM GAS  C:\Users\hoangp\AppData\Local\Temp\cc9u8XJR.s 			page 2


  16:.\Generated_Source\PSoC5/ADC_DelSig_1_PM.c **** ********************************************************************************/
  17:.\Generated_Source\PSoC5/ADC_DelSig_1_PM.c **** 
  18:.\Generated_Source\PSoC5/ADC_DelSig_1_PM.c **** #include "ADC_DelSig_1.h"
  19:.\Generated_Source\PSoC5/ADC_DelSig_1_PM.c **** 
  20:.\Generated_Source\PSoC5/ADC_DelSig_1_PM.c **** static ADC_DelSig_1_BACKUP_STRUCT ADC_DelSig_1_backup = 
  21:.\Generated_Source\PSoC5/ADC_DelSig_1_PM.c **** {
  22:.\Generated_Source\PSoC5/ADC_DelSig_1_PM.c ****     ADC_DelSig_1_DISABLED,
  23:.\Generated_Source\PSoC5/ADC_DelSig_1_PM.c ****     ADC_DelSig_1_CFG1_DEC_CR
  24:.\Generated_Source\PSoC5/ADC_DelSig_1_PM.c **** };
  25:.\Generated_Source\PSoC5/ADC_DelSig_1_PM.c **** 
  26:.\Generated_Source\PSoC5/ADC_DelSig_1_PM.c **** 
  27:.\Generated_Source\PSoC5/ADC_DelSig_1_PM.c **** /*******************************************************************************  
  28:.\Generated_Source\PSoC5/ADC_DelSig_1_PM.c **** * Function Name: ADC_DelSig_1_SaveConfig
  29:.\Generated_Source\PSoC5/ADC_DelSig_1_PM.c **** ********************************************************************************
  30:.\Generated_Source\PSoC5/ADC_DelSig_1_PM.c **** *
  31:.\Generated_Source\PSoC5/ADC_DelSig_1_PM.c **** * Summary:
  32:.\Generated_Source\PSoC5/ADC_DelSig_1_PM.c **** *  Save the register configuration which are not retention.
  33:.\Generated_Source\PSoC5/ADC_DelSig_1_PM.c **** * 
  34:.\Generated_Source\PSoC5/ADC_DelSig_1_PM.c **** * Parameters:
  35:.\Generated_Source\PSoC5/ADC_DelSig_1_PM.c **** *  void
  36:.\Generated_Source\PSoC5/ADC_DelSig_1_PM.c **** * 
  37:.\Generated_Source\PSoC5/ADC_DelSig_1_PM.c **** * Return:
  38:.\Generated_Source\PSoC5/ADC_DelSig_1_PM.c **** *  void
  39:.\Generated_Source\PSoC5/ADC_DelSig_1_PM.c **** *
  40:.\Generated_Source\PSoC5/ADC_DelSig_1_PM.c **** * Global variables:
  41:.\Generated_Source\PSoC5/ADC_DelSig_1_PM.c **** *  ADC_DelSig_1_backup:  This global structure variable is used to store 
  42:.\Generated_Source\PSoC5/ADC_DelSig_1_PM.c **** *  configuration registers which are non retention whenever user wants to go 
  43:.\Generated_Source\PSoC5/ADC_DelSig_1_PM.c **** *  sleep mode by calling Sleep() API.
  44:.\Generated_Source\PSoC5/ADC_DelSig_1_PM.c **** *
  45:.\Generated_Source\PSoC5/ADC_DelSig_1_PM.c **** *******************************************************************************/
  46:.\Generated_Source\PSoC5/ADC_DelSig_1_PM.c **** void ADC_DelSig_1_SaveConfig(void) 
  47:.\Generated_Source\PSoC5/ADC_DelSig_1_PM.c **** {
  39              		.loc 1 47 0
  40              		.cfi_startproc
  41              		@ args = 0, pretend = 0, frame = 0
  42              		@ frame_needed = 1, uses_anonymous_args = 0
  43              		@ link register save eliminated.
  44 0000 80B4     		push	{r7}
  45              	.LCFI0:
  46              		.cfi_def_cfa_offset 4
  47 0002 00AF     		add	r7, sp, #0
  48              		.cfi_offset 7, -4
  49              	.LCFI1:
  50              		.cfi_def_cfa_register 7
  48:.\Generated_Source\PSoC5/ADC_DelSig_1_PM.c ****     ADC_DelSig_1_backup.deccr = ADC_DelSig_1_DEC_CR_REG;
  51              		.loc 1 48 0
  52 0004 44F60063 		movw	r3, #:lower16:1073761792
  53 0008 C4F20003 		movt	r3, #:upper16:1073761792
  54 000c 1B78     		ldrb	r3, [r3, #0]
  55 000e DAB2     		uxtb	r2, r3
  56 0010 40F20003 		movw	r3, #:lower16:ADC_DelSig_1_backup
  57 0014 C0F20003 		movt	r3, #:upper16:ADC_DelSig_1_backup
  58 0018 5A70     		strb	r2, [r3, #1]
  49:.\Generated_Source\PSoC5/ADC_DelSig_1_PM.c **** }
  59              		.loc 1 49 0
  60 001a BD46     		mov	sp, r7
  61 001c 80BC     		pop	{r7}
ARM GAS  C:\Users\hoangp\AppData\Local\Temp\cc9u8XJR.s 			page 3


  62 001e 7047     		bx	lr
  63              		.cfi_endproc
  64              	.LFE0:
  65              		.size	ADC_DelSig_1_SaveConfig, .-ADC_DelSig_1_SaveConfig
  66              		.section	.text.ADC_DelSig_1_RestoreConfig,"ax",%progbits
  67              		.align	2
  68              		.global	ADC_DelSig_1_RestoreConfig
  69              		.thumb
  70              		.thumb_func
  71              		.type	ADC_DelSig_1_RestoreConfig, %function
  72              	ADC_DelSig_1_RestoreConfig:
  73              	.LFB1:
  50:.\Generated_Source\PSoC5/ADC_DelSig_1_PM.c **** 
  51:.\Generated_Source\PSoC5/ADC_DelSig_1_PM.c **** 
  52:.\Generated_Source\PSoC5/ADC_DelSig_1_PM.c **** /*******************************************************************************  
  53:.\Generated_Source\PSoC5/ADC_DelSig_1_PM.c **** * Function Name: ADC_DelSig_1_RestoreConfig
  54:.\Generated_Source\PSoC5/ADC_DelSig_1_PM.c **** ********************************************************************************
  55:.\Generated_Source\PSoC5/ADC_DelSig_1_PM.c **** *
  56:.\Generated_Source\PSoC5/ADC_DelSig_1_PM.c **** * Summary:
  57:.\Generated_Source\PSoC5/ADC_DelSig_1_PM.c **** *  Restore the register configurations which are not retention.
  58:.\Generated_Source\PSoC5/ADC_DelSig_1_PM.c **** * 
  59:.\Generated_Source\PSoC5/ADC_DelSig_1_PM.c **** * Parameters:
  60:.\Generated_Source\PSoC5/ADC_DelSig_1_PM.c **** *  void
  61:.\Generated_Source\PSoC5/ADC_DelSig_1_PM.c **** * 
  62:.\Generated_Source\PSoC5/ADC_DelSig_1_PM.c **** * Return:
  63:.\Generated_Source\PSoC5/ADC_DelSig_1_PM.c **** *  void
  64:.\Generated_Source\PSoC5/ADC_DelSig_1_PM.c **** *
  65:.\Generated_Source\PSoC5/ADC_DelSig_1_PM.c **** * Global variables:
  66:.\Generated_Source\PSoC5/ADC_DelSig_1_PM.c **** *  ADC_DelSig_1_backup:  This global structure variable is used to restore 
  67:.\Generated_Source\PSoC5/ADC_DelSig_1_PM.c **** *  configuration registers which are non retention whenever user wants to switch 
  68:.\Generated_Source\PSoC5/ADC_DelSig_1_PM.c **** *  to active power mode by calling Wakeup() API.
  69:.\Generated_Source\PSoC5/ADC_DelSig_1_PM.c **** *
  70:.\Generated_Source\PSoC5/ADC_DelSig_1_PM.c **** *******************************************************************************/
  71:.\Generated_Source\PSoC5/ADC_DelSig_1_PM.c **** void ADC_DelSig_1_RestoreConfig(void) 
  72:.\Generated_Source\PSoC5/ADC_DelSig_1_PM.c **** {
  74              		.loc 1 72 0
  75              		.cfi_startproc
  76              		@ args = 0, pretend = 0, frame = 0
  77              		@ frame_needed = 1, uses_anonymous_args = 0
  78              		@ link register save eliminated.
  79 0000 80B4     		push	{r7}
  80              	.LCFI2:
  81              		.cfi_def_cfa_offset 4
  82 0002 00AF     		add	r7, sp, #0
  83              		.cfi_offset 7, -4
  84              	.LCFI3:
  85              		.cfi_def_cfa_register 7
  73:.\Generated_Source\PSoC5/ADC_DelSig_1_PM.c ****     ADC_DelSig_1_DEC_CR_REG = ADC_DelSig_1_backup.deccr;
  86              		.loc 1 73 0
  87 0004 44F60063 		movw	r3, #:lower16:1073761792
  88 0008 C4F20003 		movt	r3, #:upper16:1073761792
  89 000c 40F20002 		movw	r2, #:lower16:ADC_DelSig_1_backup
  90 0010 C0F20002 		movt	r2, #:upper16:ADC_DelSig_1_backup
  91 0014 5278     		ldrb	r2, [r2, #1]	@ zero_extendqisi2
  92 0016 1A70     		strb	r2, [r3, #0]
  74:.\Generated_Source\PSoC5/ADC_DelSig_1_PM.c **** }
  93              		.loc 1 74 0
ARM GAS  C:\Users\hoangp\AppData\Local\Temp\cc9u8XJR.s 			page 4


  94 0018 BD46     		mov	sp, r7
  95 001a 80BC     		pop	{r7}
  96 001c 7047     		bx	lr
  97              		.cfi_endproc
  98              	.LFE1:
  99              		.size	ADC_DelSig_1_RestoreConfig, .-ADC_DelSig_1_RestoreConfig
 100 001e 00BF     		.section	.text.ADC_DelSig_1_Sleep,"ax",%progbits
 101              		.align	2
 102              		.global	ADC_DelSig_1_Sleep
 103              		.thumb
 104              		.thumb_func
 105              		.type	ADC_DelSig_1_Sleep, %function
 106              	ADC_DelSig_1_Sleep:
 107              	.LFB2:
  75:.\Generated_Source\PSoC5/ADC_DelSig_1_PM.c **** 
  76:.\Generated_Source\PSoC5/ADC_DelSig_1_PM.c **** 
  77:.\Generated_Source\PSoC5/ADC_DelSig_1_PM.c **** /******************************************************************************* 
  78:.\Generated_Source\PSoC5/ADC_DelSig_1_PM.c **** * Function Name: ADC_DelSig_1_Sleep
  79:.\Generated_Source\PSoC5/ADC_DelSig_1_PM.c **** ********************************************************************************
  80:.\Generated_Source\PSoC5/ADC_DelSig_1_PM.c **** *
  81:.\Generated_Source\PSoC5/ADC_DelSig_1_PM.c **** * Summary:
  82:.\Generated_Source\PSoC5/ADC_DelSig_1_PM.c **** *  Stops the operation of the block and saves the user configuration. 
  83:.\Generated_Source\PSoC5/ADC_DelSig_1_PM.c **** *  
  84:.\Generated_Source\PSoC5/ADC_DelSig_1_PM.c **** * Parameters:  
  85:.\Generated_Source\PSoC5/ADC_DelSig_1_PM.c **** *  void
  86:.\Generated_Source\PSoC5/ADC_DelSig_1_PM.c **** *
  87:.\Generated_Source\PSoC5/ADC_DelSig_1_PM.c **** * Return: 
  88:.\Generated_Source\PSoC5/ADC_DelSig_1_PM.c **** *  void
  89:.\Generated_Source\PSoC5/ADC_DelSig_1_PM.c **** *
  90:.\Generated_Source\PSoC5/ADC_DelSig_1_PM.c **** * Global variables:
  91:.\Generated_Source\PSoC5/ADC_DelSig_1_PM.c **** *  ADC_DelSig_1_backup:  The structure field 'enableState' is modified 
  92:.\Generated_Source\PSoC5/ADC_DelSig_1_PM.c **** *  depending on the enable state of the block before entering to sleep mode.
  93:.\Generated_Source\PSoC5/ADC_DelSig_1_PM.c **** *
  94:.\Generated_Source\PSoC5/ADC_DelSig_1_PM.c **** *******************************************************************************/
  95:.\Generated_Source\PSoC5/ADC_DelSig_1_PM.c **** void ADC_DelSig_1_Sleep(void) 
  96:.\Generated_Source\PSoC5/ADC_DelSig_1_PM.c **** {
 108              		.loc 1 96 0
 109              		.cfi_startproc
 110              		@ args = 0, pretend = 0, frame = 0
 111              		@ frame_needed = 1, uses_anonymous_args = 0
 112 0000 80B5     		push	{r7, lr}
 113              	.LCFI4:
 114              		.cfi_def_cfa_offset 8
 115 0002 00AF     		add	r7, sp, #0
 116              		.cfi_offset 14, -4
 117              		.cfi_offset 7, -8
 118              	.LCFI5:
 119              		.cfi_def_cfa_register 7
  97:.\Generated_Source\PSoC5/ADC_DelSig_1_PM.c ****     /* Save ADC enable state */
  98:.\Generated_Source\PSoC5/ADC_DelSig_1_PM.c ****     if((ADC_DelSig_1_ACT_PWR_DEC_EN == (ADC_DelSig_1_PWRMGR_DEC_REG & ADC_DelSig_1_ACT_PWR_DEC_EN))
 120              		.loc 1 98 0
 121 0004 44F2AA33 		movw	r3, #:lower16:1073759146
 122 0008 C4F20003 		movt	r3, #:upper16:1073759146
 123 000c 1B78     		ldrb	r3, [r3, #0]
 124 000e DBB2     		uxtb	r3, r3
 125 0010 03F00103 		and	r3, r3, #1
 126 0014 DBB2     		uxtb	r3, r3
ARM GAS  C:\Users\hoangp\AppData\Local\Temp\cc9u8XJR.s 			page 5


 127 0016 002B     		cmp	r3, #0
 128 0018 12D0     		beq	.L6
  99:.\Generated_Source\PSoC5/ADC_DelSig_1_PM.c ****        (ADC_DelSig_1_ACT_PWR_DSM_EN == (ADC_DelSig_1_PWRMGR_DSM_REG & ADC_DelSig_1_ACT_PWR_DSM_EN))
 129              		.loc 1 99 0
 130 001a 44F2C533 		movw	r3, #:lower16:1073759173
 131 001e C4F20003 		movt	r3, #:upper16:1073759173
 132 0022 1B78     		ldrb	r3, [r3, #0]
 133 0024 DBB2     		uxtb	r3, r3
 134 0026 03F00103 		and	r3, r3, #1
 135              		.loc 1 98 0
 136 002a DBB2     		uxtb	r3, r3
 137 002c 002B     		cmp	r3, #0
 138 002e 07D0     		beq	.L6
 100:.\Generated_Source\PSoC5/ADC_DelSig_1_PM.c ****     {
 101:.\Generated_Source\PSoC5/ADC_DelSig_1_PM.c ****         /* Component is enabled */
 102:.\Generated_Source\PSoC5/ADC_DelSig_1_PM.c ****         ADC_DelSig_1_backup.enableState = ADC_DelSig_1_ENABLED;
 139              		.loc 1 102 0
 140 0030 40F20003 		movw	r3, #:lower16:ADC_DelSig_1_backup
 141 0034 C0F20003 		movt	r3, #:upper16:ADC_DelSig_1_backup
 142 0038 4FF00102 		mov	r2, #1
 143 003c 1A70     		strb	r2, [r3, #0]
 144              		.loc 1 98 0
 145 003e 06E0     		b	.L7
 146              	.L6:
 103:.\Generated_Source\PSoC5/ADC_DelSig_1_PM.c ****     }
 104:.\Generated_Source\PSoC5/ADC_DelSig_1_PM.c ****     else
 105:.\Generated_Source\PSoC5/ADC_DelSig_1_PM.c ****     {
 106:.\Generated_Source\PSoC5/ADC_DelSig_1_PM.c ****         /* Component is disabled */
 107:.\Generated_Source\PSoC5/ADC_DelSig_1_PM.c ****         ADC_DelSig_1_backup.enableState = ADC_DelSig_1_DISABLED;
 147              		.loc 1 107 0
 148 0040 40F20003 		movw	r3, #:lower16:ADC_DelSig_1_backup
 149 0044 C0F20003 		movt	r3, #:upper16:ADC_DelSig_1_backup
 150 0048 4FF00002 		mov	r2, #0
 151 004c 1A70     		strb	r2, [r3, #0]
 152              	.L7:
 108:.\Generated_Source\PSoC5/ADC_DelSig_1_PM.c ****     }
 109:.\Generated_Source\PSoC5/ADC_DelSig_1_PM.c **** 
 110:.\Generated_Source\PSoC5/ADC_DelSig_1_PM.c ****     /* Stop the configuration */
 111:.\Generated_Source\PSoC5/ADC_DelSig_1_PM.c ****     ADC_DelSig_1_Stop();
 153              		.loc 1 111 0
 154 004e FFF7FEFF 		bl	ADC_DelSig_1_Stop
 112:.\Generated_Source\PSoC5/ADC_DelSig_1_PM.c **** 
 113:.\Generated_Source\PSoC5/ADC_DelSig_1_PM.c ****     /* Save the user configuration */
 114:.\Generated_Source\PSoC5/ADC_DelSig_1_PM.c ****     ADC_DelSig_1_SaveConfig();
 155              		.loc 1 114 0
 156 0052 FFF7FEFF 		bl	ADC_DelSig_1_SaveConfig
 115:.\Generated_Source\PSoC5/ADC_DelSig_1_PM.c **** }
 157              		.loc 1 115 0
 158 0056 80BD     		pop	{r7, pc}
 159              		.cfi_endproc
 160              	.LFE2:
 161              		.size	ADC_DelSig_1_Sleep, .-ADC_DelSig_1_Sleep
 162              		.section	.text.ADC_DelSig_1_Wakeup,"ax",%progbits
 163              		.align	2
 164              		.global	ADC_DelSig_1_Wakeup
 165              		.thumb
 166              		.thumb_func
ARM GAS  C:\Users\hoangp\AppData\Local\Temp\cc9u8XJR.s 			page 6


 167              		.type	ADC_DelSig_1_Wakeup, %function
 168              	ADC_DelSig_1_Wakeup:
 169              	.LFB3:
 116:.\Generated_Source\PSoC5/ADC_DelSig_1_PM.c **** 
 117:.\Generated_Source\PSoC5/ADC_DelSig_1_PM.c **** 
 118:.\Generated_Source\PSoC5/ADC_DelSig_1_PM.c **** /******************************************************************************* 
 119:.\Generated_Source\PSoC5/ADC_DelSig_1_PM.c **** * Function Name: ADC_DelSig_1_Wakeup
 120:.\Generated_Source\PSoC5/ADC_DelSig_1_PM.c **** ********************************************************************************
 121:.\Generated_Source\PSoC5/ADC_DelSig_1_PM.c **** *
 122:.\Generated_Source\PSoC5/ADC_DelSig_1_PM.c **** * Summary:
 123:.\Generated_Source\PSoC5/ADC_DelSig_1_PM.c **** *  Restores the user configuration and enables the power to the block.
 124:.\Generated_Source\PSoC5/ADC_DelSig_1_PM.c **** *  
 125:.\Generated_Source\PSoC5/ADC_DelSig_1_PM.c **** * Parameters:  
 126:.\Generated_Source\PSoC5/ADC_DelSig_1_PM.c **** *  void
 127:.\Generated_Source\PSoC5/ADC_DelSig_1_PM.c **** *
 128:.\Generated_Source\PSoC5/ADC_DelSig_1_PM.c **** * Return: 
 129:.\Generated_Source\PSoC5/ADC_DelSig_1_PM.c **** *  void
 130:.\Generated_Source\PSoC5/ADC_DelSig_1_PM.c **** *
 131:.\Generated_Source\PSoC5/ADC_DelSig_1_PM.c **** * Global variables:
 132:.\Generated_Source\PSoC5/ADC_DelSig_1_PM.c **** *  ADC_DelSig_1_backup:  The structure field 'enableState' is used to 
 133:.\Generated_Source\PSoC5/ADC_DelSig_1_PM.c **** *  restore the enable state of block after wakeup from sleep mode.
 134:.\Generated_Source\PSoC5/ADC_DelSig_1_PM.c **** *
 135:.\Generated_Source\PSoC5/ADC_DelSig_1_PM.c **** *******************************************************************************/
 136:.\Generated_Source\PSoC5/ADC_DelSig_1_PM.c **** void ADC_DelSig_1_Wakeup(void) 
 137:.\Generated_Source\PSoC5/ADC_DelSig_1_PM.c **** {
 170              		.loc 1 137 0
 171              		.cfi_startproc
 172              		@ args = 0, pretend = 0, frame = 0
 173              		@ frame_needed = 1, uses_anonymous_args = 0
 174 0000 80B5     		push	{r7, lr}
 175              	.LCFI6:
 176              		.cfi_def_cfa_offset 8
 177 0002 00AF     		add	r7, sp, #0
 178              		.cfi_offset 14, -4
 179              		.cfi_offset 7, -8
 180              	.LCFI7:
 181              		.cfi_def_cfa_register 7
 138:.\Generated_Source\PSoC5/ADC_DelSig_1_PM.c ****     /* Restore the configuration */
 139:.\Generated_Source\PSoC5/ADC_DelSig_1_PM.c ****     ADC_DelSig_1_RestoreConfig();
 182              		.loc 1 139 0
 183 0004 FFF7FEFF 		bl	ADC_DelSig_1_RestoreConfig
 140:.\Generated_Source\PSoC5/ADC_DelSig_1_PM.c **** 
 141:.\Generated_Source\PSoC5/ADC_DelSig_1_PM.c ****     /* Enable's the component operation */
 142:.\Generated_Source\PSoC5/ADC_DelSig_1_PM.c ****     if(ADC_DelSig_1_backup.enableState == ADC_DelSig_1_ENABLED)
 184              		.loc 1 142 0
 185 0008 40F20003 		movw	r3, #:lower16:ADC_DelSig_1_backup
 186 000c C0F20003 		movt	r3, #:upper16:ADC_DelSig_1_backup
 187 0010 1B78     		ldrb	r3, [r3, #0]	@ zero_extendqisi2
 188 0012 012B     		cmp	r3, #1
 189 0014 0DD1     		bne	.L11
 143:.\Generated_Source\PSoC5/ADC_DelSig_1_PM.c ****     {
 144:.\Generated_Source\PSoC5/ADC_DelSig_1_PM.c ****         ADC_DelSig_1_Enable();
 190              		.loc 1 144 0
 191 0016 FFF7FEFF 		bl	ADC_DelSig_1_Enable
 145:.\Generated_Source\PSoC5/ADC_DelSig_1_PM.c **** 
 146:.\Generated_Source\PSoC5/ADC_DelSig_1_PM.c ****         /* Start the conversion only if conversion is not triggered by the hardware */
 147:.\Generated_Source\PSoC5/ADC_DelSig_1_PM.c ****         if(!(ADC_DelSig_1_DEC_CR_REG & ADC_DelSig_1_DEC_XSTART_EN))
ARM GAS  C:\Users\hoangp\AppData\Local\Temp\cc9u8XJR.s 			page 7


 192              		.loc 1 147 0
 193 001a 44F60063 		movw	r3, #:lower16:1073761792
 194 001e C4F20003 		movt	r3, #:upper16:1073761792
 195 0022 1B78     		ldrb	r3, [r3, #0]
 196 0024 DBB2     		uxtb	r3, r3
 197 0026 03F00203 		and	r3, r3, #2
 198 002a 002B     		cmp	r3, #0
 199 002c 01D1     		bne	.L11
 148:.\Generated_Source\PSoC5/ADC_DelSig_1_PM.c ****         {
 149:.\Generated_Source\PSoC5/ADC_DelSig_1_PM.c ****             ADC_DelSig_1_StartConvert();
 200              		.loc 1 149 0
 201 002e FFF7FEFF 		bl	ADC_DelSig_1_StartConvert
 202              	.L11:
 150:.\Generated_Source\PSoC5/ADC_DelSig_1_PM.c ****         }
 151:.\Generated_Source\PSoC5/ADC_DelSig_1_PM.c **** 
 152:.\Generated_Source\PSoC5/ADC_DelSig_1_PM.c ****     } /* Do nothing if component was disable before */
 153:.\Generated_Source\PSoC5/ADC_DelSig_1_PM.c **** }
 203              		.loc 1 153 0
 204 0032 80BD     		pop	{r7, pc}
 205              		.cfi_endproc
 206              	.LFE3:
 207              		.size	ADC_DelSig_1_Wakeup, .-ADC_DelSig_1_Wakeup
 208              		.text
 209              	.Letext0:
 210              		.section	.debug_loc,"",%progbits
 211              	.Ldebug_loc0:
 212              	.LLST0:
 213 0000 00000000 		.4byte	.LFB0
 214 0004 02000000 		.4byte	.LCFI0
 215 0008 0100     		.2byte	0x1
 216 000a 5D       		.byte	0x5d
 217 000b 02000000 		.4byte	.LCFI0
 218 000f 04000000 		.4byte	.LCFI1
 219 0013 0200     		.2byte	0x2
 220 0015 7D       		.byte	0x7d
 221 0016 04       		.sleb128 4
 222 0017 04000000 		.4byte	.LCFI1
 223 001b 20000000 		.4byte	.LFE0
 224 001f 0200     		.2byte	0x2
 225 0021 77       		.byte	0x77
 226 0022 04       		.sleb128 4
 227 0023 00000000 		.4byte	0x0
 228 0027 00000000 		.4byte	0x0
 229              	.LLST1:
 230 002b 00000000 		.4byte	.LFB1
 231 002f 02000000 		.4byte	.LCFI2
 232 0033 0100     		.2byte	0x1
 233 0035 5D       		.byte	0x5d
 234 0036 02000000 		.4byte	.LCFI2
 235 003a 04000000 		.4byte	.LCFI3
 236 003e 0200     		.2byte	0x2
 237 0040 7D       		.byte	0x7d
 238 0041 04       		.sleb128 4
 239 0042 04000000 		.4byte	.LCFI3
 240 0046 1E000000 		.4byte	.LFE1
 241 004a 0200     		.2byte	0x2
 242 004c 77       		.byte	0x77
ARM GAS  C:\Users\hoangp\AppData\Local\Temp\cc9u8XJR.s 			page 8


 243 004d 04       		.sleb128 4
 244 004e 00000000 		.4byte	0x0
 245 0052 00000000 		.4byte	0x0
 246              	.LLST2:
 247 0056 00000000 		.4byte	.LFB2
 248 005a 02000000 		.4byte	.LCFI4
 249 005e 0100     		.2byte	0x1
 250 0060 5D       		.byte	0x5d
 251 0061 02000000 		.4byte	.LCFI4
 252 0065 04000000 		.4byte	.LCFI5
 253 0069 0200     		.2byte	0x2
 254 006b 7D       		.byte	0x7d
 255 006c 08       		.sleb128 8
 256 006d 04000000 		.4byte	.LCFI5
 257 0071 58000000 		.4byte	.LFE2
 258 0075 0200     		.2byte	0x2
 259 0077 77       		.byte	0x77
 260 0078 08       		.sleb128 8
 261 0079 00000000 		.4byte	0x0
 262 007d 00000000 		.4byte	0x0
 263              	.LLST3:
 264 0081 00000000 		.4byte	.LFB3
 265 0085 02000000 		.4byte	.LCFI6
 266 0089 0100     		.2byte	0x1
 267 008b 5D       		.byte	0x5d
 268 008c 02000000 		.4byte	.LCFI6
 269 0090 04000000 		.4byte	.LCFI7
 270 0094 0200     		.2byte	0x2
 271 0096 7D       		.byte	0x7d
 272 0097 08       		.sleb128 8
 273 0098 04000000 		.4byte	.LCFI7
 274 009c 34000000 		.4byte	.LFE3
 275 00a0 0200     		.2byte	0x2
 276 00a2 77       		.byte	0x77
 277 00a3 08       		.sleb128 8
 278 00a4 00000000 		.4byte	0x0
 279 00a8 00000000 		.4byte	0x0
 280              		.file 2 ".\\Generated_Source\\PSoC5\\/ADC_DelSig_1.h"
 281              		.file 3 ".\\Generated_Source\\PSoC5\\/cytypes.h"
 282              		.section	.debug_info
 283 0000 28010000 		.4byte	0x128
 284 0004 0200     		.2byte	0x2
 285 0006 00000000 		.4byte	.Ldebug_abbrev0
 286 000a 04       		.byte	0x4
 287 000b 01       		.uleb128 0x1
 288 000c 9E000000 		.4byte	.LASF20
 289 0010 01       		.byte	0x1
 290 0011 E1000000 		.4byte	.LASF21
 291 0015 46010000 		.4byte	.LASF22
 292 0019 00000000 		.4byte	0x0
 293 001d 00000000 		.4byte	0x0
 294 0021 00000000 		.4byte	.Ldebug_ranges0+0x0
 295 0025 00000000 		.4byte	.Ldebug_line0
 296 0029 02       		.uleb128 0x2
 297 002a 01       		.byte	0x1
 298 002b 06       		.byte	0x6
 299 002c 0C010000 		.4byte	.LASF0
ARM GAS  C:\Users\hoangp\AppData\Local\Temp\cc9u8XJR.s 			page 9


 300 0030 02       		.uleb128 0x2
 301 0031 01       		.byte	0x1
 302 0032 08       		.byte	0x8
 303 0033 AA000000 		.4byte	.LASF1
 304 0037 02       		.uleb128 0x2
 305 0038 02       		.byte	0x2
 306 0039 05       		.byte	0x5
 307 003a 3C010000 		.4byte	.LASF2
 308 003e 02       		.uleb128 0x2
 309 003f 02       		.byte	0x2
 310 0040 07       		.byte	0x7
 311 0041 0E000000 		.4byte	.LASF3
 312 0045 02       		.uleb128 0x2
 313 0046 04       		.byte	0x4
 314 0047 05       		.byte	0x5
 315 0048 BD000000 		.4byte	.LASF4
 316 004c 02       		.uleb128 0x2
 317 004d 04       		.byte	0x4
 318 004e 07       		.byte	0x7
 319 004f 5B000000 		.4byte	.LASF5
 320 0053 02       		.uleb128 0x2
 321 0054 08       		.byte	0x8
 322 0055 05       		.byte	0x5
 323 0056 00000000 		.4byte	.LASF6
 324 005a 02       		.uleb128 0x2
 325 005b 08       		.byte	0x8
 326 005c 07       		.byte	0x7
 327 005d 6D000000 		.4byte	.LASF7
 328 0061 03       		.uleb128 0x3
 329 0062 04       		.byte	0x4
 330 0063 05       		.byte	0x5
 331 0064 696E7400 		.ascii	"int\000"
 332 0068 02       		.uleb128 0x2
 333 0069 04       		.byte	0x4
 334 006a 07       		.byte	0x7
 335 006b 2D000000 		.4byte	.LASF8
 336 006f 04       		.uleb128 0x4
 337 0070 55000000 		.4byte	.LASF14
 338 0074 03       		.byte	0x3
 339 0075 4C       		.byte	0x4c
 340 0076 30000000 		.4byte	0x30
 341 007a 02       		.uleb128 0x2
 342 007b 04       		.byte	0x4
 343 007c 04       		.byte	0x4
 344 007d 1E010000 		.4byte	.LASF9
 345 0081 02       		.uleb128 0x2
 346 0082 08       		.byte	0x8
 347 0083 04       		.byte	0x4
 348 0084 DA000000 		.4byte	.LASF10
 349 0088 02       		.uleb128 0x2
 350 0089 01       		.byte	0x1
 351 008a 08       		.byte	0x8
 352 008b B8000000 		.4byte	.LASF11
 353 008f 05       		.uleb128 0x5
 354 0090 04       		.byte	0x4
 355 0091 07       		.byte	0x7
 356 0092 06       		.uleb128 0x6
ARM GAS  C:\Users\hoangp\AppData\Local\Temp\cc9u8XJR.s 			page 10


 357 0093 84000000 		.4byte	.LASF23
 358 0097 02       		.byte	0x2
 359 0098 02       		.byte	0x2
 360 0099 27       		.byte	0x27
 361 009a BB000000 		.4byte	0xbb
 362 009e 07       		.uleb128 0x7
 363 009f 21000000 		.4byte	.LASF12
 364 00a3 02       		.byte	0x2
 365 00a4 28       		.byte	0x28
 366 00a5 6F000000 		.4byte	0x6f
 367 00a9 02       		.byte	0x2
 368 00aa 23       		.byte	0x23
 369 00ab 00       		.uleb128 0x0
 370 00ac 07       		.uleb128 0x7
 371 00ad 18010000 		.4byte	.LASF13
 372 00b1 02       		.byte	0x2
 373 00b2 29       		.byte	0x29
 374 00b3 6F000000 		.4byte	0x6f
 375 00b7 02       		.byte	0x2
 376 00b8 23       		.byte	0x23
 377 00b9 01       		.uleb128 0x1
 378 00ba 00       		.byte	0x0
 379 00bb 04       		.uleb128 0x4
 380 00bc B1010000 		.4byte	.LASF15
 381 00c0 02       		.byte	0x2
 382 00c1 2A       		.byte	0x2a
 383 00c2 92000000 		.4byte	0x92
 384 00c6 08       		.uleb128 0x8
 385 00c7 01       		.byte	0x1
 386 00c8 24010000 		.4byte	.LASF16
 387 00cc 01       		.byte	0x1
 388 00cd 2E       		.byte	0x2e
 389 00ce 01       		.byte	0x1
 390 00cf 00000000 		.4byte	.LFB0
 391 00d3 20000000 		.4byte	.LFE0
 392 00d7 00000000 		.4byte	.LLST0
 393 00db 08       		.uleb128 0x8
 394 00dc 01       		.byte	0x1
 395 00dd 3A000000 		.4byte	.LASF17
 396 00e1 01       		.byte	0x1
 397 00e2 47       		.byte	0x47
 398 00e3 01       		.byte	0x1
 399 00e4 00000000 		.4byte	.LFB1
 400 00e8 1E000000 		.4byte	.LFE1
 401 00ec 2B000000 		.4byte	.LLST1
 402 00f0 08       		.uleb128 0x8
 403 00f1 01       		.byte	0x1
 404 00f2 9E010000 		.4byte	.LASF18
 405 00f6 01       		.byte	0x1
 406 00f7 5F       		.byte	0x5f
 407 00f8 01       		.byte	0x1
 408 00f9 00000000 		.4byte	.LFB2
 409 00fd 58000000 		.4byte	.LFE2
 410 0101 56000000 		.4byte	.LLST2
 411 0105 08       		.uleb128 0x8
 412 0106 01       		.byte	0x1
 413 0107 8A010000 		.4byte	.LASF19
ARM GAS  C:\Users\hoangp\AppData\Local\Temp\cc9u8XJR.s 			page 11


 414 010b 01       		.byte	0x1
 415 010c 88       		.byte	0x88
 416 010d 01       		.byte	0x1
 417 010e 00000000 		.4byte	.LFB3
 418 0112 34000000 		.4byte	.LFE3
 419 0116 81000000 		.4byte	.LLST3
 420 011a 09       		.uleb128 0x9
 421 011b C6000000 		.4byte	.LASF24
 422 011f 01       		.byte	0x1
 423 0120 14       		.byte	0x14
 424 0121 BB000000 		.4byte	0xbb
 425 0125 05       		.byte	0x5
 426 0126 03       		.byte	0x3
 427 0127 00000000 		.4byte	ADC_DelSig_1_backup
 428 012b 00       		.byte	0x0
 429              		.section	.debug_abbrev
 430 0000 01       		.uleb128 0x1
 431 0001 11       		.uleb128 0x11
 432 0002 01       		.byte	0x1
 433 0003 25       		.uleb128 0x25
 434 0004 0E       		.uleb128 0xe
 435 0005 13       		.uleb128 0x13
 436 0006 0B       		.uleb128 0xb
 437 0007 03       		.uleb128 0x3
 438 0008 0E       		.uleb128 0xe
 439 0009 1B       		.uleb128 0x1b
 440 000a 0E       		.uleb128 0xe
 441 000b 11       		.uleb128 0x11
 442 000c 01       		.uleb128 0x1
 443 000d 52       		.uleb128 0x52
 444 000e 01       		.uleb128 0x1
 445 000f 55       		.uleb128 0x55
 446 0010 06       		.uleb128 0x6
 447 0011 10       		.uleb128 0x10
 448 0012 06       		.uleb128 0x6
 449 0013 00       		.byte	0x0
 450 0014 00       		.byte	0x0
 451 0015 02       		.uleb128 0x2
 452 0016 24       		.uleb128 0x24
 453 0017 00       		.byte	0x0
 454 0018 0B       		.uleb128 0xb
 455 0019 0B       		.uleb128 0xb
 456 001a 3E       		.uleb128 0x3e
 457 001b 0B       		.uleb128 0xb
 458 001c 03       		.uleb128 0x3
 459 001d 0E       		.uleb128 0xe
 460 001e 00       		.byte	0x0
 461 001f 00       		.byte	0x0
 462 0020 03       		.uleb128 0x3
 463 0021 24       		.uleb128 0x24
 464 0022 00       		.byte	0x0
 465 0023 0B       		.uleb128 0xb
 466 0024 0B       		.uleb128 0xb
 467 0025 3E       		.uleb128 0x3e
 468 0026 0B       		.uleb128 0xb
 469 0027 03       		.uleb128 0x3
 470 0028 08       		.uleb128 0x8
ARM GAS  C:\Users\hoangp\AppData\Local\Temp\cc9u8XJR.s 			page 12


 471 0029 00       		.byte	0x0
 472 002a 00       		.byte	0x0
 473 002b 04       		.uleb128 0x4
 474 002c 16       		.uleb128 0x16
 475 002d 00       		.byte	0x0
 476 002e 03       		.uleb128 0x3
 477 002f 0E       		.uleb128 0xe
 478 0030 3A       		.uleb128 0x3a
 479 0031 0B       		.uleb128 0xb
 480 0032 3B       		.uleb128 0x3b
 481 0033 0B       		.uleb128 0xb
 482 0034 49       		.uleb128 0x49
 483 0035 13       		.uleb128 0x13
 484 0036 00       		.byte	0x0
 485 0037 00       		.byte	0x0
 486 0038 05       		.uleb128 0x5
 487 0039 24       		.uleb128 0x24
 488 003a 00       		.byte	0x0
 489 003b 0B       		.uleb128 0xb
 490 003c 0B       		.uleb128 0xb
 491 003d 3E       		.uleb128 0x3e
 492 003e 0B       		.uleb128 0xb
 493 003f 00       		.byte	0x0
 494 0040 00       		.byte	0x0
 495 0041 06       		.uleb128 0x6
 496 0042 13       		.uleb128 0x13
 497 0043 01       		.byte	0x1
 498 0044 03       		.uleb128 0x3
 499 0045 0E       		.uleb128 0xe
 500 0046 0B       		.uleb128 0xb
 501 0047 0B       		.uleb128 0xb
 502 0048 3A       		.uleb128 0x3a
 503 0049 0B       		.uleb128 0xb
 504 004a 3B       		.uleb128 0x3b
 505 004b 0B       		.uleb128 0xb
 506 004c 01       		.uleb128 0x1
 507 004d 13       		.uleb128 0x13
 508 004e 00       		.byte	0x0
 509 004f 00       		.byte	0x0
 510 0050 07       		.uleb128 0x7
 511 0051 0D       		.uleb128 0xd
 512 0052 00       		.byte	0x0
 513 0053 03       		.uleb128 0x3
 514 0054 0E       		.uleb128 0xe
 515 0055 3A       		.uleb128 0x3a
 516 0056 0B       		.uleb128 0xb
 517 0057 3B       		.uleb128 0x3b
 518 0058 0B       		.uleb128 0xb
 519 0059 49       		.uleb128 0x49
 520 005a 13       		.uleb128 0x13
 521 005b 38       		.uleb128 0x38
 522 005c 0A       		.uleb128 0xa
 523 005d 00       		.byte	0x0
 524 005e 00       		.byte	0x0
 525 005f 08       		.uleb128 0x8
 526 0060 2E       		.uleb128 0x2e
 527 0061 00       		.byte	0x0
ARM GAS  C:\Users\hoangp\AppData\Local\Temp\cc9u8XJR.s 			page 13


 528 0062 3F       		.uleb128 0x3f
 529 0063 0C       		.uleb128 0xc
 530 0064 03       		.uleb128 0x3
 531 0065 0E       		.uleb128 0xe
 532 0066 3A       		.uleb128 0x3a
 533 0067 0B       		.uleb128 0xb
 534 0068 3B       		.uleb128 0x3b
 535 0069 0B       		.uleb128 0xb
 536 006a 27       		.uleb128 0x27
 537 006b 0C       		.uleb128 0xc
 538 006c 11       		.uleb128 0x11
 539 006d 01       		.uleb128 0x1
 540 006e 12       		.uleb128 0x12
 541 006f 01       		.uleb128 0x1
 542 0070 40       		.uleb128 0x40
 543 0071 06       		.uleb128 0x6
 544 0072 00       		.byte	0x0
 545 0073 00       		.byte	0x0
 546 0074 09       		.uleb128 0x9
 547 0075 34       		.uleb128 0x34
 548 0076 00       		.byte	0x0
 549 0077 03       		.uleb128 0x3
 550 0078 0E       		.uleb128 0xe
 551 0079 3A       		.uleb128 0x3a
 552 007a 0B       		.uleb128 0xb
 553 007b 3B       		.uleb128 0x3b
 554 007c 0B       		.uleb128 0xb
 555 007d 49       		.uleb128 0x49
 556 007e 13       		.uleb128 0x13
 557 007f 02       		.uleb128 0x2
 558 0080 0A       		.uleb128 0xa
 559 0081 00       		.byte	0x0
 560 0082 00       		.byte	0x0
 561 0083 00       		.byte	0x0
 562              		.section	.debug_pubnames,"",%progbits
 563 0000 78000000 		.4byte	0x78
 564 0004 0200     		.2byte	0x2
 565 0006 00000000 		.4byte	.Ldebug_info0
 566 000a 2C010000 		.4byte	0x12c
 567 000e C6000000 		.4byte	0xc6
 568 0012 4144435F 		.ascii	"ADC_DelSig_1_SaveConfig\000"
 568      44656C53 
 568      69675F31 
 568      5F536176 
 568      65436F6E 
 569 002a DB000000 		.4byte	0xdb
 570 002e 4144435F 		.ascii	"ADC_DelSig_1_RestoreConfig\000"
 570      44656C53 
 570      69675F31 
 570      5F526573 
 570      746F7265 
 571 0049 F0000000 		.4byte	0xf0
 572 004d 4144435F 		.ascii	"ADC_DelSig_1_Sleep\000"
 572      44656C53 
 572      69675F31 
 572      5F536C65 
 572      657000
ARM GAS  C:\Users\hoangp\AppData\Local\Temp\cc9u8XJR.s 			page 14


 573 0060 05010000 		.4byte	0x105
 574 0064 4144435F 		.ascii	"ADC_DelSig_1_Wakeup\000"
 574      44656C53 
 574      69675F31 
 574      5F57616B 
 574      65757000 
 575 0078 00000000 		.4byte	0x0
 576              		.section	.debug_aranges,"",%progbits
 577 0000 34000000 		.4byte	0x34
 578 0004 0200     		.2byte	0x2
 579 0006 00000000 		.4byte	.Ldebug_info0
 580 000a 04       		.byte	0x4
 581 000b 00       		.byte	0x0
 582 000c 0000     		.2byte	0x0
 583 000e 0000     		.2byte	0x0
 584 0010 00000000 		.4byte	.LFB0
 585 0014 20000000 		.4byte	.LFE0-.LFB0
 586 0018 00000000 		.4byte	.LFB1
 587 001c 1E000000 		.4byte	.LFE1-.LFB1
 588 0020 00000000 		.4byte	.LFB2
 589 0024 58000000 		.4byte	.LFE2-.LFB2
 590 0028 00000000 		.4byte	.LFB3
 591 002c 34000000 		.4byte	.LFE3-.LFB3
 592 0030 00000000 		.4byte	0x0
 593 0034 00000000 		.4byte	0x0
 594              		.section	.debug_ranges,"",%progbits
 595              	.Ldebug_ranges0:
 596 0000 00000000 		.4byte	.Ltext0
 597 0004 00000000 		.4byte	.Letext0
 598 0008 00000000 		.4byte	.LFB0
 599 000c 20000000 		.4byte	.LFE0
 600 0010 00000000 		.4byte	.LFB1
 601 0014 1E000000 		.4byte	.LFE1
 602 0018 00000000 		.4byte	.LFB2
 603 001c 58000000 		.4byte	.LFE2
 604 0020 00000000 		.4byte	.LFB3
 605 0024 34000000 		.4byte	.LFE3
 606 0028 00000000 		.4byte	0x0
 607 002c 00000000 		.4byte	0x0
 608              		.section	.debug_str,"MS",%progbits,1
 609              	.LASF6:
 610 0000 6C6F6E67 		.ascii	"long long int\000"
 610      206C6F6E 
 610      6720696E 
 610      7400
 611              	.LASF3:
 612 000e 73686F72 		.ascii	"short unsigned int\000"
 612      7420756E 
 612      7369676E 
 612      65642069 
 612      6E7400
 613              	.LASF12:
 614 0021 656E6162 		.ascii	"enableState\000"
 614      6C655374 
 614      61746500 
 615              	.LASF8:
 616 002d 756E7369 		.ascii	"unsigned int\000"
ARM GAS  C:\Users\hoangp\AppData\Local\Temp\cc9u8XJR.s 			page 15


 616      676E6564 
 616      20696E74 
 616      00
 617              	.LASF17:
 618 003a 4144435F 		.ascii	"ADC_DelSig_1_RestoreConfig\000"
 618      44656C53 
 618      69675F31 
 618      5F526573 
 618      746F7265 
 619              	.LASF14:
 620 0055 75696E74 		.ascii	"uint8\000"
 620      3800
 621              	.LASF5:
 622 005b 6C6F6E67 		.ascii	"long unsigned int\000"
 622      20756E73 
 622      69676E65 
 622      6420696E 
 622      7400
 623              	.LASF7:
 624 006d 6C6F6E67 		.ascii	"long long unsigned int\000"
 624      206C6F6E 
 624      6720756E 
 624      7369676E 
 624      65642069 
 625              	.LASF23:
 626 0084 4144435F 		.ascii	"ADC_DelSig_1_backupStruct\000"
 626      44656C53 
 626      69675F31 
 626      5F626163 
 626      6B757053 
 627              	.LASF20:
 628 009e 474E5520 		.ascii	"GNU C 4.4.1\000"
 628      4320342E 
 628      342E3100 
 629              	.LASF1:
 630 00aa 756E7369 		.ascii	"unsigned char\000"
 630      676E6564 
 630      20636861 
 630      7200
 631              	.LASF11:
 632 00b8 63686172 		.ascii	"char\000"
 632      00
 633              	.LASF4:
 634 00bd 6C6F6E67 		.ascii	"long int\000"
 634      20696E74 
 634      00
 635              	.LASF24:
 636 00c6 4144435F 		.ascii	"ADC_DelSig_1_backup\000"
 636      44656C53 
 636      69675F31 
 636      5F626163 
 636      6B757000 
 637              	.LASF10:
 638 00da 646F7562 		.ascii	"double\000"
 638      6C6500
 639              	.LASF21:
 640 00e1 2E5C4765 		.ascii	".\\Generated_Source\\PSoC5\\ADC_DelSig_1_PM.c\000"
ARM GAS  C:\Users\hoangp\AppData\Local\Temp\cc9u8XJR.s 			page 16


 640      6E657261 
 640      7465645F 
 640      536F7572 
 640      63655C50 
 641              	.LASF0:
 642 010c 7369676E 		.ascii	"signed char\000"
 642      65642063 
 642      68617200 
 643              	.LASF13:
 644 0118 64656363 		.ascii	"deccr\000"
 644      7200
 645              	.LASF9:
 646 011e 666C6F61 		.ascii	"float\000"
 646      7400
 647              	.LASF16:
 648 0124 4144435F 		.ascii	"ADC_DelSig_1_SaveConfig\000"
 648      44656C53 
 648      69675F31 
 648      5F536176 
 648      65436F6E 
 649              	.LASF2:
 650 013c 73686F72 		.ascii	"short int\000"
 650      7420696E 
 650      7400
 651              	.LASF22:
 652 0146 433A5C55 		.ascii	"C:\\Users\\hoangp\\Documents\\GitHub\\EE542\\firmwa"
 652      73657273 
 652      5C686F61 
 652      6E67705C 
 652      446F6375 
 653 0173 72655C69 		.ascii	"re\\invert\\invert.cydsn\000"
 653      6E766572 
 653      745C696E 
 653      76657274 
 653      2E637964 
 654              	.LASF19:
 655 018a 4144435F 		.ascii	"ADC_DelSig_1_Wakeup\000"
 655      44656C53 
 655      69675F31 
 655      5F57616B 
 655      65757000 
 656              	.LASF18:
 657 019e 4144435F 		.ascii	"ADC_DelSig_1_Sleep\000"
 657      44656C53 
 657      69675F31 
 657      5F536C65 
 657      657000
 658              	.LASF15:
 659 01b1 4144435F 		.ascii	"ADC_DelSig_1_BACKUP_STRUCT\000"
 659      44656C53 
 659      69675F31 
 659      5F424143 
 659      4B55505F 
 660              		.ident	"GCC: (Sourcery G++ Lite 2010q1-188) 4.4.1"
