ARM GAS  C:\Users\hoangp\AppData\Local\Temp\cciuXLXh.s 			page 1


   1              		.syntax unified
   2              		.cpu cortex-m3
   3              		.fpu softvfp
   4              		.eabi_attribute 20, 1
   5              		.eabi_attribute 21, 1
   6              		.eabi_attribute 23, 3
   7              		.eabi_attribute 24, 1
   8              		.eabi_attribute 25, 1
   9              		.eabi_attribute 26, 1
  10              		.eabi_attribute 30, 6
  11              		.eabi_attribute 18, 4
  12              		.thumb
  13              		.file	"Counter_2.c"
  14              		.section	.debug_abbrev,"",%progbits
  15              	.Ldebug_abbrev0:
  16              		.section	.debug_info,"",%progbits
  17              	.Ldebug_info0:
  18              		.section	.debug_line,"",%progbits
  19              	.Ldebug_line0:
  20 0000 57010000 		.text
  20      02006200 
  20      00000201 
  20      FB0E0D00 
  20      01010101 
  21              	.Ltext0:
  22              		.cfi_sections	.debug_frame
  23              		.global	Counter_2_initVar
  24              		.bss
  25              		.type	Counter_2_initVar, %object
  26              		.size	Counter_2_initVar, 1
  27              	Counter_2_initVar:
  28 0000 00       		.space	1
  29              		.section	.text.Counter_2_Init,"ax",%progbits
  30              		.align	2
  31              		.global	Counter_2_Init
  32              		.thumb
  33              		.thumb_func
  34              		.type	Counter_2_Init, %function
  35              	Counter_2_Init:
  36              	.LFB0:
  37              		.file 1 ".\\Generated_Source\\PSoC5\\Counter_2.c"
   1:.\Generated_Source\PSoC5/Counter_2.c **** /*******************************************************************************
   2:.\Generated_Source\PSoC5/Counter_2.c **** * File Name: Counter_2.c  
   3:.\Generated_Source\PSoC5/Counter_2.c **** * Version 2.40
   4:.\Generated_Source\PSoC5/Counter_2.c **** *
   5:.\Generated_Source\PSoC5/Counter_2.c **** *  Description:
   6:.\Generated_Source\PSoC5/Counter_2.c **** *     The Counter component consists of a 8, 16, 24 or 32-bit counter with
   7:.\Generated_Source\PSoC5/Counter_2.c **** *     a selectable period between 2 and 2^Width - 1.  
   8:.\Generated_Source\PSoC5/Counter_2.c **** *
   9:.\Generated_Source\PSoC5/Counter_2.c **** *   Note:
  10:.\Generated_Source\PSoC5/Counter_2.c **** *     None
  11:.\Generated_Source\PSoC5/Counter_2.c **** *
  12:.\Generated_Source\PSoC5/Counter_2.c **** *******************************************************************************
  13:.\Generated_Source\PSoC5/Counter_2.c **** * Copyright 2008-2012, Cypress Semiconductor Corporation.  All rights reserved.
  14:.\Generated_Source\PSoC5/Counter_2.c **** * You may use this file only in accordance with the license, terms, conditions, 
  15:.\Generated_Source\PSoC5/Counter_2.c **** * disclaimers, and limitations in the end user license agreement accompanying 
  16:.\Generated_Source\PSoC5/Counter_2.c **** * the software package with which this file was provided.
ARM GAS  C:\Users\hoangp\AppData\Local\Temp\cciuXLXh.s 			page 2


  17:.\Generated_Source\PSoC5/Counter_2.c **** ********************************************************************************/
  18:.\Generated_Source\PSoC5/Counter_2.c **** 
  19:.\Generated_Source\PSoC5/Counter_2.c **** #include "Counter_2.h"
  20:.\Generated_Source\PSoC5/Counter_2.c **** 
  21:.\Generated_Source\PSoC5/Counter_2.c **** uint8 Counter_2_initVar = 0u;
  22:.\Generated_Source\PSoC5/Counter_2.c **** 
  23:.\Generated_Source\PSoC5/Counter_2.c **** 
  24:.\Generated_Source\PSoC5/Counter_2.c **** /*******************************************************************************
  25:.\Generated_Source\PSoC5/Counter_2.c **** * Function Name: Counter_2_Init
  26:.\Generated_Source\PSoC5/Counter_2.c **** ********************************************************************************
  27:.\Generated_Source\PSoC5/Counter_2.c **** * Summary:
  28:.\Generated_Source\PSoC5/Counter_2.c **** *     Initialize to the schematic state
  29:.\Generated_Source\PSoC5/Counter_2.c **** * 
  30:.\Generated_Source\PSoC5/Counter_2.c **** * Parameters:  
  31:.\Generated_Source\PSoC5/Counter_2.c **** *  void  
  32:.\Generated_Source\PSoC5/Counter_2.c **** *
  33:.\Generated_Source\PSoC5/Counter_2.c **** * Return: 
  34:.\Generated_Source\PSoC5/Counter_2.c **** *  void
  35:.\Generated_Source\PSoC5/Counter_2.c **** *
  36:.\Generated_Source\PSoC5/Counter_2.c **** *******************************************************************************/
  37:.\Generated_Source\PSoC5/Counter_2.c **** void Counter_2_Init(void) 
  38:.\Generated_Source\PSoC5/Counter_2.c **** {
  38              		.loc 1 38 0
  39              		.cfi_startproc
  40              		@ args = 0, pretend = 0, frame = 0
  41              		@ frame_needed = 1, uses_anonymous_args = 0
  42 0000 80B5     		push	{r7, lr}
  43              	.LCFI0:
  44              		.cfi_def_cfa_offset 8
  45 0002 00AF     		add	r7, sp, #0
  46              		.cfi_offset 14, -4
  47              		.cfi_offset 7, -8
  48              	.LCFI1:
  49              		.cfi_def_cfa_register 7
  39:.\Generated_Source\PSoC5/Counter_2.c ****         #if (!Counter_2_UsingFixedFunction && !Counter_2_ControlRegRemoved)
  40:.\Generated_Source\PSoC5/Counter_2.c ****             uint8 ctrl;
  41:.\Generated_Source\PSoC5/Counter_2.c ****         #endif /* (!Counter_2_UsingFixedFunction && !Counter_2_ControlRegRemoved) */
  42:.\Generated_Source\PSoC5/Counter_2.c ****         
  43:.\Generated_Source\PSoC5/Counter_2.c ****         #if(!Counter_2_UsingFixedFunction) 
  44:.\Generated_Source\PSoC5/Counter_2.c ****             /* Interrupt State Backup for Critical Region*/
  45:.\Generated_Source\PSoC5/Counter_2.c ****             uint8 Counter_2_interruptState;
  46:.\Generated_Source\PSoC5/Counter_2.c ****         #endif /* (!Counter_2_UsingFixedFunction) */
  47:.\Generated_Source\PSoC5/Counter_2.c ****         
  48:.\Generated_Source\PSoC5/Counter_2.c ****         #if (Counter_2_UsingFixedFunction)
  49:.\Generated_Source\PSoC5/Counter_2.c ****             /* Clear all bits but the enable bit (if it's already set for Timer operation */
  50:.\Generated_Source\PSoC5/Counter_2.c ****             Counter_2_CONTROL &= Counter_2_CTRL_ENABLE;
  50              		.loc 1 50 0
  51 0004 44F60073 		movw	r3, #:lower16:1073762048
  52 0008 C4F20003 		movt	r3, #:upper16:1073762048
  53 000c 44F60072 		movw	r2, #:lower16:1073762048
  54 0010 C4F20002 		movt	r2, #:upper16:1073762048
  55 0014 1278     		ldrb	r2, [r2, #0]
  56 0016 D2B2     		uxtb	r2, r2
  57 0018 02F00102 		and	r2, r2, #1
  58 001c 1A70     		strb	r2, [r3, #0]
  51:.\Generated_Source\PSoC5/Counter_2.c ****             
  52:.\Generated_Source\PSoC5/Counter_2.c ****             /* Clear the mode bits for continuous run mode */
ARM GAS  C:\Users\hoangp\AppData\Local\Temp\cciuXLXh.s 			page 3


  53:.\Generated_Source\PSoC5/Counter_2.c ****             #if (CY_PSOC5A)
  54:.\Generated_Source\PSoC5/Counter_2.c ****                 Counter_2_CONTROL2 &= ((uint8)(~Counter_2_CTRL_MODE_MASK));
  59              		.loc 1 54 0
  60 001e 44F60173 		movw	r3, #:lower16:1073762049
  61 0022 C4F20003 		movt	r3, #:upper16:1073762049
  62 0026 44F60172 		movw	r2, #:lower16:1073762049
  63 002a C4F20002 		movt	r2, #:upper16:1073762049
  64 002e 1278     		ldrb	r2, [r2, #0]
  65 0030 D2B2     		uxtb	r2, r2
  66 0032 02F0F102 		and	r2, r2, #241
  67 0036 1A70     		strb	r2, [r3, #0]
  55:.\Generated_Source\PSoC5/Counter_2.c ****             #endif /* (CY_PSOC5A) */
  56:.\Generated_Source\PSoC5/Counter_2.c ****             #if (CY_PSOC3 || CY_PSOC5LP)
  57:.\Generated_Source\PSoC5/Counter_2.c ****                 Counter_2_CONTROL3 &= ((uint8)(~Counter_2_CTRL_MODE_MASK));                
  58:.\Generated_Source\PSoC5/Counter_2.c ****             #endif /* (CY_PSOC3 || CY_PSOC5LP) */
  59:.\Generated_Source\PSoC5/Counter_2.c ****             /* Check if One Shot mode is enabled i.e. RunMode !=0*/
  60:.\Generated_Source\PSoC5/Counter_2.c ****             #if (Counter_2_RunModeUsed != 0x0u)
  61:.\Generated_Source\PSoC5/Counter_2.c ****                 /* Set 3rd bit of Control register to enable one shot mode */
  62:.\Generated_Source\PSoC5/Counter_2.c ****                 Counter_2_CONTROL |= Counter_2_ONESHOT;
  63:.\Generated_Source\PSoC5/Counter_2.c ****             #endif /* (Counter_2_RunModeUsed != 0x0u) */
  64:.\Generated_Source\PSoC5/Counter_2.c ****             
  65:.\Generated_Source\PSoC5/Counter_2.c ****             /* Set the IRQ to use the status register interrupts */
  66:.\Generated_Source\PSoC5/Counter_2.c ****             Counter_2_CONTROL2 |= Counter_2_CTRL2_IRQ_SEL;
  68              		.loc 1 66 0
  69 0038 44F60173 		movw	r3, #:lower16:1073762049
  70 003c C4F20003 		movt	r3, #:upper16:1073762049
  71 0040 44F60172 		movw	r2, #:lower16:1073762049
  72 0044 C4F20002 		movt	r2, #:upper16:1073762049
  73 0048 1278     		ldrb	r2, [r2, #0]
  74 004a D2B2     		uxtb	r2, r2
  75 004c 42F00102 		orr	r2, r2, #1
  76 0050 D2B2     		uxtb	r2, r2
  77 0052 1A70     		strb	r2, [r3, #0]
  67:.\Generated_Source\PSoC5/Counter_2.c ****             
  68:.\Generated_Source\PSoC5/Counter_2.c ****             /* Clear and Set SYNCTC and SYNCCMP bits of RT1 register */
  69:.\Generated_Source\PSoC5/Counter_2.c ****             Counter_2_RT1 &= ((uint8)(~Counter_2_RT1_MASK));
  78              		.loc 1 69 0
  79 0054 44F60A73 		movw	r3, #:lower16:1073762058
  80 0058 C4F20003 		movt	r3, #:upper16:1073762058
  81 005c 44F60A72 		movw	r2, #:lower16:1073762058
  82 0060 C4F20002 		movt	r2, #:upper16:1073762058
  83 0064 1278     		ldrb	r2, [r2, #0]
  84 0066 D2B2     		uxtb	r2, r2
  85 0068 02F0CF02 		and	r2, r2, #207
  86 006c 1A70     		strb	r2, [r3, #0]
  70:.\Generated_Source\PSoC5/Counter_2.c ****             Counter_2_RT1 |= Counter_2_SYNC;     
  87              		.loc 1 70 0
  88 006e 44F60A73 		movw	r3, #:lower16:1073762058
  89 0072 C4F20003 		movt	r3, #:upper16:1073762058
  90 0076 44F60A72 		movw	r2, #:lower16:1073762058
  91 007a C4F20002 		movt	r2, #:upper16:1073762058
  92 007e 1278     		ldrb	r2, [r2, #0]
  93 0080 D2B2     		uxtb	r2, r2
  94 0082 42F03002 		orr	r2, r2, #48
  95 0086 D2B2     		uxtb	r2, r2
  96 0088 1A70     		strb	r2, [r3, #0]
  71:.\Generated_Source\PSoC5/Counter_2.c ****                     
ARM GAS  C:\Users\hoangp\AppData\Local\Temp\cciuXLXh.s 			page 4


  72:.\Generated_Source\PSoC5/Counter_2.c ****             /*Enable DSI Sync all all inputs of the Timer*/
  73:.\Generated_Source\PSoC5/Counter_2.c ****             Counter_2_RT1 &= ((uint8)(~Counter_2_SYNCDSI_MASK));
  97              		.loc 1 73 0
  98 008a 44F60A73 		movw	r3, #:lower16:1073762058
  99 008e C4F20003 		movt	r3, #:upper16:1073762058
 100 0092 44F60A72 		movw	r2, #:lower16:1073762058
 101 0096 C4F20002 		movt	r2, #:upper16:1073762058
 102 009a 1278     		ldrb	r2, [r2, #0]
 103 009c D2B2     		uxtb	r2, r2
 104 009e 02F0F002 		and	r2, r2, #240
 105 00a2 1A70     		strb	r2, [r3, #0]
  74:.\Generated_Source\PSoC5/Counter_2.c ****             Counter_2_RT1 |= Counter_2_SYNCDSI_EN;
 106              		.loc 1 74 0
 107 00a4 44F60A73 		movw	r3, #:lower16:1073762058
 108 00a8 C4F20003 		movt	r3, #:upper16:1073762058
 109 00ac 44F60A72 		movw	r2, #:lower16:1073762058
 110 00b0 C4F20002 		movt	r2, #:upper16:1073762058
 111 00b4 1278     		ldrb	r2, [r2, #0]
 112 00b6 D2B2     		uxtb	r2, r2
 113 00b8 42F00F02 		orr	r2, r2, #15
 114 00bc D2B2     		uxtb	r2, r2
 115 00be 1A70     		strb	r2, [r3, #0]
  75:.\Generated_Source\PSoC5/Counter_2.c **** 
  76:.\Generated_Source\PSoC5/Counter_2.c ****         #else
  77:.\Generated_Source\PSoC5/Counter_2.c ****             #if(!Counter_2_ControlRegRemoved)
  78:.\Generated_Source\PSoC5/Counter_2.c ****             /* Set the default compare mode defined in the parameter */
  79:.\Generated_Source\PSoC5/Counter_2.c ****             ctrl = Counter_2_CONTROL & ((uint8)(~Counter_2_CTRL_CMPMODE_MASK));
  80:.\Generated_Source\PSoC5/Counter_2.c ****             Counter_2_CONTROL = ctrl | Counter_2_DEFAULT_COMPARE_MODE;
  81:.\Generated_Source\PSoC5/Counter_2.c ****             
  82:.\Generated_Source\PSoC5/Counter_2.c ****             /* Set the default capture mode defined in the parameter */
  83:.\Generated_Source\PSoC5/Counter_2.c ****             ctrl = Counter_2_CONTROL & ((uint8)(~Counter_2_CTRL_CAPMODE_MASK));
  84:.\Generated_Source\PSoC5/Counter_2.c ****             
  85:.\Generated_Source\PSoC5/Counter_2.c ****             #if( 0 != Counter_2_CAPTURE_MODE_CONF)
  86:.\Generated_Source\PSoC5/Counter_2.c ****                 Counter_2_CONTROL = ctrl | Counter_2_DEFAULT_CAPTURE_MODE;
  87:.\Generated_Source\PSoC5/Counter_2.c ****             #else
  88:.\Generated_Source\PSoC5/Counter_2.c ****                 Counter_2_CONTROL = ctrl;
  89:.\Generated_Source\PSoC5/Counter_2.c ****             #endif /* 0 != Counter_2_CAPTURE_MODE */ 
  90:.\Generated_Source\PSoC5/Counter_2.c ****             
  91:.\Generated_Source\PSoC5/Counter_2.c ****             #endif /* (!Counter_2_ControlRegRemoved) */
  92:.\Generated_Source\PSoC5/Counter_2.c ****         #endif /* (Counter_2_UsingFixedFunction) */
  93:.\Generated_Source\PSoC5/Counter_2.c ****         
  94:.\Generated_Source\PSoC5/Counter_2.c ****         /* Clear all data in the FIFO's */
  95:.\Generated_Source\PSoC5/Counter_2.c ****         #if (!Counter_2_UsingFixedFunction)
  96:.\Generated_Source\PSoC5/Counter_2.c ****             Counter_2_ClearFIFO();
  97:.\Generated_Source\PSoC5/Counter_2.c ****         #endif /* (!Counter_2_UsingFixedFunction) */
  98:.\Generated_Source\PSoC5/Counter_2.c ****         
  99:.\Generated_Source\PSoC5/Counter_2.c ****         /* Set Initial values from Configuration */
 100:.\Generated_Source\PSoC5/Counter_2.c ****         Counter_2_WritePeriod(Counter_2_INIT_PERIOD_VALUE);
 116              		.loc 1 100 0
 117 00c0 4FF0FF00 		mov	r0, #255
 118 00c4 FFF7FEFF 		bl	Counter_2_WritePeriod
 101:.\Generated_Source\PSoC5/Counter_2.c ****         #if (!(Counter_2_UsingFixedFunction && (CY_PSOC5A)))
 102:.\Generated_Source\PSoC5/Counter_2.c ****             Counter_2_WriteCounter(Counter_2_INIT_COUNTER_VALUE);
 103:.\Generated_Source\PSoC5/Counter_2.c ****         #endif /* (!(Counter_2_UsingFixedFunction && (CY_PSOC5A))) */
 104:.\Generated_Source\PSoC5/Counter_2.c ****         Counter_2_SetInterruptMode(Counter_2_INIT_INTERRUPTS_MASK);
 119              		.loc 1 104 0
 120 00c8 4FF00000 		mov	r0, #0
ARM GAS  C:\Users\hoangp\AppData\Local\Temp\cciuXLXh.s 			page 5


 121 00cc FFF7FEFF 		bl	Counter_2_SetInterruptMode
 105:.\Generated_Source\PSoC5/Counter_2.c ****         
 106:.\Generated_Source\PSoC5/Counter_2.c ****         #if (!Counter_2_UsingFixedFunction)
 107:.\Generated_Source\PSoC5/Counter_2.c ****             /* Read the status register to clear the unwanted interrupts */
 108:.\Generated_Source\PSoC5/Counter_2.c ****             (void)Counter_2_ReadStatusRegister();
 109:.\Generated_Source\PSoC5/Counter_2.c ****             /* Set the compare value (only available to non-fixed function implementation */
 110:.\Generated_Source\PSoC5/Counter_2.c ****             Counter_2_WriteCompare(Counter_2_INIT_COMPARE_VALUE);
 111:.\Generated_Source\PSoC5/Counter_2.c ****             /* Use the interrupt output of the status register for IRQ output */
 112:.\Generated_Source\PSoC5/Counter_2.c ****             
 113:.\Generated_Source\PSoC5/Counter_2.c ****             /* CyEnterCriticalRegion and CyExitCriticalRegion are used to mark following region cri
 114:.\Generated_Source\PSoC5/Counter_2.c ****             /* Enter Critical Region*/
 115:.\Generated_Source\PSoC5/Counter_2.c ****             Counter_2_interruptState = CyEnterCriticalSection();
 116:.\Generated_Source\PSoC5/Counter_2.c ****             
 117:.\Generated_Source\PSoC5/Counter_2.c ****             Counter_2_STATUS_AUX_CTRL |= Counter_2_STATUS_ACTL_INT_EN_MASK;
 118:.\Generated_Source\PSoC5/Counter_2.c ****             
 119:.\Generated_Source\PSoC5/Counter_2.c ****             /* Exit Critical Region*/
 120:.\Generated_Source\PSoC5/Counter_2.c ****             CyExitCriticalSection(Counter_2_interruptState);
 121:.\Generated_Source\PSoC5/Counter_2.c ****             
 122:.\Generated_Source\PSoC5/Counter_2.c ****         #endif /* (!Counter_2_UsingFixedFunction) */
 123:.\Generated_Source\PSoC5/Counter_2.c **** }
 122              		.loc 1 123 0
 123 00d0 80BD     		pop	{r7, pc}
 124              		.cfi_endproc
 125              	.LFE0:
 126              		.size	Counter_2_Init, .-Counter_2_Init
 127 00d2 00BF     		.section	.text.Counter_2_Enable,"ax",%progbits
 128              		.align	2
 129              		.global	Counter_2_Enable
 130              		.thumb
 131              		.thumb_func
 132              		.type	Counter_2_Enable, %function
 133              	Counter_2_Enable:
 134              	.LFB1:
 124:.\Generated_Source\PSoC5/Counter_2.c **** 
 125:.\Generated_Source\PSoC5/Counter_2.c **** 
 126:.\Generated_Source\PSoC5/Counter_2.c **** /*******************************************************************************
 127:.\Generated_Source\PSoC5/Counter_2.c **** * Function Name: Counter_2_Enable
 128:.\Generated_Source\PSoC5/Counter_2.c **** ********************************************************************************
 129:.\Generated_Source\PSoC5/Counter_2.c **** * Summary:
 130:.\Generated_Source\PSoC5/Counter_2.c **** *     Enable the Counter
 131:.\Generated_Source\PSoC5/Counter_2.c **** * 
 132:.\Generated_Source\PSoC5/Counter_2.c **** * Parameters:  
 133:.\Generated_Source\PSoC5/Counter_2.c **** *  void  
 134:.\Generated_Source\PSoC5/Counter_2.c **** *
 135:.\Generated_Source\PSoC5/Counter_2.c **** * Return: 
 136:.\Generated_Source\PSoC5/Counter_2.c **** *  void
 137:.\Generated_Source\PSoC5/Counter_2.c **** *
 138:.\Generated_Source\PSoC5/Counter_2.c **** * Side Effects: 
 139:.\Generated_Source\PSoC5/Counter_2.c **** *   If the Enable mode is set to Hardware only then this function has no effect 
 140:.\Generated_Source\PSoC5/Counter_2.c **** *   on the operation of the counter.
 141:.\Generated_Source\PSoC5/Counter_2.c **** *
 142:.\Generated_Source\PSoC5/Counter_2.c **** *******************************************************************************/
 143:.\Generated_Source\PSoC5/Counter_2.c **** void Counter_2_Enable(void) 
 144:.\Generated_Source\PSoC5/Counter_2.c **** {
 135              		.loc 1 144 0
 136              		.cfi_startproc
 137              		@ args = 0, pretend = 0, frame = 0
ARM GAS  C:\Users\hoangp\AppData\Local\Temp\cciuXLXh.s 			page 6


 138              		@ frame_needed = 1, uses_anonymous_args = 0
 139              		@ link register save eliminated.
 140 0000 80B4     		push	{r7}
 141              	.LCFI2:
 142              		.cfi_def_cfa_offset 4
 143 0002 00AF     		add	r7, sp, #0
 144              		.cfi_offset 7, -4
 145              	.LCFI3:
 146              		.cfi_def_cfa_register 7
 145:.\Generated_Source\PSoC5/Counter_2.c ****     /* Globally Enable the Fixed Function Block chosen */
 146:.\Generated_Source\PSoC5/Counter_2.c ****     #if (Counter_2_UsingFixedFunction)
 147:.\Generated_Source\PSoC5/Counter_2.c ****         Counter_2_GLOBAL_ENABLE |= Counter_2_BLOCK_EN_MASK;
 147              		.loc 1 147 0
 148 0004 44F2A333 		movw	r3, #:lower16:1073759139
 149 0008 C4F20003 		movt	r3, #:upper16:1073759139
 150 000c 44F2A332 		movw	r2, #:lower16:1073759139
 151 0010 C4F20002 		movt	r2, #:upper16:1073759139
 152 0014 1278     		ldrb	r2, [r2, #0]
 153 0016 D2B2     		uxtb	r2, r2
 154 0018 42F00102 		orr	r2, r2, #1
 155 001c D2B2     		uxtb	r2, r2
 156 001e 1A70     		strb	r2, [r3, #0]
 148:.\Generated_Source\PSoC5/Counter_2.c ****         Counter_2_GLOBAL_STBY_ENABLE |= Counter_2_BLOCK_STBY_EN_MASK;
 157              		.loc 1 148 0
 158 0020 44F2B333 		movw	r3, #:lower16:1073759155
 159 0024 C4F20003 		movt	r3, #:upper16:1073759155
 160 0028 44F2B332 		movw	r2, #:lower16:1073759155
 161 002c C4F20002 		movt	r2, #:upper16:1073759155
 162 0030 1278     		ldrb	r2, [r2, #0]
 163 0032 D2B2     		uxtb	r2, r2
 164 0034 42F00102 		orr	r2, r2, #1
 165 0038 D2B2     		uxtb	r2, r2
 166 003a 1A70     		strb	r2, [r3, #0]
 149:.\Generated_Source\PSoC5/Counter_2.c ****     #endif /* (Counter_2_UsingFixedFunction) */  
 150:.\Generated_Source\PSoC5/Counter_2.c ****         
 151:.\Generated_Source\PSoC5/Counter_2.c ****     /* Enable the counter from the control register  */
 152:.\Generated_Source\PSoC5/Counter_2.c ****     /* If Fixed Function then make sure Mode is set correctly */
 153:.\Generated_Source\PSoC5/Counter_2.c ****     /* else make sure reset is clear */
 154:.\Generated_Source\PSoC5/Counter_2.c ****     #if(!Counter_2_ControlRegRemoved || Counter_2_UsingFixedFunction)
 155:.\Generated_Source\PSoC5/Counter_2.c ****         Counter_2_CONTROL |= Counter_2_CTRL_ENABLE;                
 167              		.loc 1 155 0
 168 003c 44F60073 		movw	r3, #:lower16:1073762048
 169 0040 C4F20003 		movt	r3, #:upper16:1073762048
 170 0044 44F60072 		movw	r2, #:lower16:1073762048
 171 0048 C4F20002 		movt	r2, #:upper16:1073762048
 172 004c 1278     		ldrb	r2, [r2, #0]
 173 004e D2B2     		uxtb	r2, r2
 174 0050 42F00102 		orr	r2, r2, #1
 175 0054 D2B2     		uxtb	r2, r2
 176 0056 1A70     		strb	r2, [r3, #0]
 156:.\Generated_Source\PSoC5/Counter_2.c ****     #endif /* (!Counter_2_ControlRegRemoved || Counter_2_UsingFixedFunction) */
 157:.\Generated_Source\PSoC5/Counter_2.c ****     
 158:.\Generated_Source\PSoC5/Counter_2.c **** }
 177              		.loc 1 158 0
 178 0058 BD46     		mov	sp, r7
 179 005a 80BC     		pop	{r7}
 180 005c 7047     		bx	lr
ARM GAS  C:\Users\hoangp\AppData\Local\Temp\cciuXLXh.s 			page 7


 181              		.cfi_endproc
 182              	.LFE1:
 183              		.size	Counter_2_Enable, .-Counter_2_Enable
 184 005e 00BF     		.section	.text.Counter_2_Start,"ax",%progbits
 185              		.align	2
 186              		.global	Counter_2_Start
 187              		.thumb
 188              		.thumb_func
 189              		.type	Counter_2_Start, %function
 190              	Counter_2_Start:
 191              	.LFB2:
 159:.\Generated_Source\PSoC5/Counter_2.c **** 
 160:.\Generated_Source\PSoC5/Counter_2.c **** 
 161:.\Generated_Source\PSoC5/Counter_2.c **** /*******************************************************************************
 162:.\Generated_Source\PSoC5/Counter_2.c **** * Function Name: Counter_2_Start
 163:.\Generated_Source\PSoC5/Counter_2.c **** ********************************************************************************
 164:.\Generated_Source\PSoC5/Counter_2.c **** * Summary:
 165:.\Generated_Source\PSoC5/Counter_2.c **** *  Enables the counter for operation 
 166:.\Generated_Source\PSoC5/Counter_2.c **** *
 167:.\Generated_Source\PSoC5/Counter_2.c **** * Parameters:  
 168:.\Generated_Source\PSoC5/Counter_2.c **** *  void  
 169:.\Generated_Source\PSoC5/Counter_2.c **** *
 170:.\Generated_Source\PSoC5/Counter_2.c **** * Return: 
 171:.\Generated_Source\PSoC5/Counter_2.c **** *  void
 172:.\Generated_Source\PSoC5/Counter_2.c **** *
 173:.\Generated_Source\PSoC5/Counter_2.c **** * Global variables:
 174:.\Generated_Source\PSoC5/Counter_2.c **** *  Counter_2_initVar: Is modified when this function is called for the  
 175:.\Generated_Source\PSoC5/Counter_2.c **** *   first time. Is used to ensure that initialization happens only once.
 176:.\Generated_Source\PSoC5/Counter_2.c **** *
 177:.\Generated_Source\PSoC5/Counter_2.c **** *******************************************************************************/
 178:.\Generated_Source\PSoC5/Counter_2.c **** void Counter_2_Start(void) 
 179:.\Generated_Source\PSoC5/Counter_2.c **** {
 192              		.loc 1 179 0
 193              		.cfi_startproc
 194              		@ args = 0, pretend = 0, frame = 0
 195              		@ frame_needed = 1, uses_anonymous_args = 0
 196 0000 80B5     		push	{r7, lr}
 197              	.LCFI4:
 198              		.cfi_def_cfa_offset 8
 199 0002 00AF     		add	r7, sp, #0
 200              		.cfi_offset 14, -4
 201              		.cfi_offset 7, -8
 202              	.LCFI5:
 203              		.cfi_def_cfa_register 7
 180:.\Generated_Source\PSoC5/Counter_2.c ****     if(Counter_2_initVar == 0u)
 204              		.loc 1 180 0
 205 0004 40F20003 		movw	r3, #:lower16:Counter_2_initVar
 206 0008 C0F20003 		movt	r3, #:upper16:Counter_2_initVar
 207 000c 1B78     		ldrb	r3, [r3, #0]	@ zero_extendqisi2
 208 000e 002B     		cmp	r3, #0
 209 0010 08D1     		bne	.L6
 181:.\Generated_Source\PSoC5/Counter_2.c ****     {
 182:.\Generated_Source\PSoC5/Counter_2.c ****         Counter_2_Init();
 210              		.loc 1 182 0
 211 0012 FFF7FEFF 		bl	Counter_2_Init
 183:.\Generated_Source\PSoC5/Counter_2.c ****         
 184:.\Generated_Source\PSoC5/Counter_2.c ****         Counter_2_initVar = 1u; /* Clear this bit for Initialization */        
ARM GAS  C:\Users\hoangp\AppData\Local\Temp\cciuXLXh.s 			page 8


 212              		.loc 1 184 0
 213 0016 40F20003 		movw	r3, #:lower16:Counter_2_initVar
 214 001a C0F20003 		movt	r3, #:upper16:Counter_2_initVar
 215 001e 4FF00102 		mov	r2, #1
 216 0022 1A70     		strb	r2, [r3, #0]
 217              	.L6:
 185:.\Generated_Source\PSoC5/Counter_2.c ****     }
 186:.\Generated_Source\PSoC5/Counter_2.c ****     
 187:.\Generated_Source\PSoC5/Counter_2.c ****     /* Enable the Counter */
 188:.\Generated_Source\PSoC5/Counter_2.c ****     Counter_2_Enable();        
 218              		.loc 1 188 0
 219 0024 FFF7FEFF 		bl	Counter_2_Enable
 189:.\Generated_Source\PSoC5/Counter_2.c **** }
 220              		.loc 1 189 0
 221 0028 80BD     		pop	{r7, pc}
 222              		.cfi_endproc
 223              	.LFE2:
 224              		.size	Counter_2_Start, .-Counter_2_Start
 225 002a 00BF     		.section	.text.Counter_2_Stop,"ax",%progbits
 226              		.align	2
 227              		.global	Counter_2_Stop
 228              		.thumb
 229              		.thumb_func
 230              		.type	Counter_2_Stop, %function
 231              	Counter_2_Stop:
 232              	.LFB3:
 190:.\Generated_Source\PSoC5/Counter_2.c **** 
 191:.\Generated_Source\PSoC5/Counter_2.c **** 
 192:.\Generated_Source\PSoC5/Counter_2.c **** /*******************************************************************************
 193:.\Generated_Source\PSoC5/Counter_2.c **** * Function Name: Counter_2_Stop
 194:.\Generated_Source\PSoC5/Counter_2.c **** ********************************************************************************
 195:.\Generated_Source\PSoC5/Counter_2.c **** * Summary:
 196:.\Generated_Source\PSoC5/Counter_2.c **** * Halts the counter, but does not change any modes or disable interrupts.
 197:.\Generated_Source\PSoC5/Counter_2.c **** *
 198:.\Generated_Source\PSoC5/Counter_2.c **** * Parameters:  
 199:.\Generated_Source\PSoC5/Counter_2.c **** *  void  
 200:.\Generated_Source\PSoC5/Counter_2.c **** *
 201:.\Generated_Source\PSoC5/Counter_2.c **** * Return: 
 202:.\Generated_Source\PSoC5/Counter_2.c **** *  void
 203:.\Generated_Source\PSoC5/Counter_2.c **** *
 204:.\Generated_Source\PSoC5/Counter_2.c **** * Side Effects: If the Enable mode is set to Hardware only then this function
 205:.\Generated_Source\PSoC5/Counter_2.c **** *               has no effect on the operation of the counter.
 206:.\Generated_Source\PSoC5/Counter_2.c **** *
 207:.\Generated_Source\PSoC5/Counter_2.c **** *******************************************************************************/
 208:.\Generated_Source\PSoC5/Counter_2.c **** void Counter_2_Stop(void) 
 209:.\Generated_Source\PSoC5/Counter_2.c **** {
 233              		.loc 1 209 0
 234              		.cfi_startproc
 235              		@ args = 0, pretend = 0, frame = 0
 236              		@ frame_needed = 1, uses_anonymous_args = 0
 237              		@ link register save eliminated.
 238 0000 80B4     		push	{r7}
 239              	.LCFI6:
 240              		.cfi_def_cfa_offset 4
 241 0002 00AF     		add	r7, sp, #0
 242              		.cfi_offset 7, -4
 243              	.LCFI7:
ARM GAS  C:\Users\hoangp\AppData\Local\Temp\cciuXLXh.s 			page 9


 244              		.cfi_def_cfa_register 7
 210:.\Generated_Source\PSoC5/Counter_2.c ****     /* Disable Counter */
 211:.\Generated_Source\PSoC5/Counter_2.c ****     #if(!Counter_2_ControlRegRemoved || Counter_2_UsingFixedFunction)
 212:.\Generated_Source\PSoC5/Counter_2.c ****         Counter_2_CONTROL &= ((uint8)(~Counter_2_CTRL_ENABLE));        
 245              		.loc 1 212 0
 246 0004 44F60073 		movw	r3, #:lower16:1073762048
 247 0008 C4F20003 		movt	r3, #:upper16:1073762048
 248 000c 44F60072 		movw	r2, #:lower16:1073762048
 249 0010 C4F20002 		movt	r2, #:upper16:1073762048
 250 0014 1278     		ldrb	r2, [r2, #0]
 251 0016 D2B2     		uxtb	r2, r2
 252 0018 02F0FE02 		and	r2, r2, #254
 253 001c 1A70     		strb	r2, [r3, #0]
 213:.\Generated_Source\PSoC5/Counter_2.c ****     #endif /* (!Counter_2_ControlRegRemoved || Counter_2_UsingFixedFunction) */
 214:.\Generated_Source\PSoC5/Counter_2.c ****     
 215:.\Generated_Source\PSoC5/Counter_2.c ****     /* Globally disable the Fixed Function Block chosen */
 216:.\Generated_Source\PSoC5/Counter_2.c ****     #if (Counter_2_UsingFixedFunction)
 217:.\Generated_Source\PSoC5/Counter_2.c ****         Counter_2_GLOBAL_ENABLE &= ((uint8)(~Counter_2_BLOCK_EN_MASK));
 254              		.loc 1 217 0
 255 001e 44F2A333 		movw	r3, #:lower16:1073759139
 256 0022 C4F20003 		movt	r3, #:upper16:1073759139
 257 0026 44F2A332 		movw	r2, #:lower16:1073759139
 258 002a C4F20002 		movt	r2, #:upper16:1073759139
 259 002e 1278     		ldrb	r2, [r2, #0]
 260 0030 D2B2     		uxtb	r2, r2
 261 0032 02F0FE02 		and	r2, r2, #254
 262 0036 1A70     		strb	r2, [r3, #0]
 218:.\Generated_Source\PSoC5/Counter_2.c ****         Counter_2_GLOBAL_STBY_ENABLE &= ((uint8)(~Counter_2_BLOCK_STBY_EN_MASK));
 263              		.loc 1 218 0
 264 0038 44F2B333 		movw	r3, #:lower16:1073759155
 265 003c C4F20003 		movt	r3, #:upper16:1073759155
 266 0040 44F2B332 		movw	r2, #:lower16:1073759155
 267 0044 C4F20002 		movt	r2, #:upper16:1073759155
 268 0048 1278     		ldrb	r2, [r2, #0]
 269 004a D2B2     		uxtb	r2, r2
 270 004c 02F0FE02 		and	r2, r2, #254
 271 0050 1A70     		strb	r2, [r3, #0]
 219:.\Generated_Source\PSoC5/Counter_2.c ****     #endif /* (Counter_2_UsingFixedFunction) */
 220:.\Generated_Source\PSoC5/Counter_2.c **** }
 272              		.loc 1 220 0
 273 0052 BD46     		mov	sp, r7
 274 0054 80BC     		pop	{r7}
 275 0056 7047     		bx	lr
 276              		.cfi_endproc
 277              	.LFE3:
 278              		.size	Counter_2_Stop, .-Counter_2_Stop
 279              		.section	.text.Counter_2_SetInterruptMode,"ax",%progbits
 280              		.align	2
 281              		.global	Counter_2_SetInterruptMode
 282              		.thumb
 283              		.thumb_func
 284              		.type	Counter_2_SetInterruptMode, %function
 285              	Counter_2_SetInterruptMode:
 286              	.LFB4:
 221:.\Generated_Source\PSoC5/Counter_2.c **** 
 222:.\Generated_Source\PSoC5/Counter_2.c **** 
 223:.\Generated_Source\PSoC5/Counter_2.c **** /*******************************************************************************
ARM GAS  C:\Users\hoangp\AppData\Local\Temp\cciuXLXh.s 			page 10


 224:.\Generated_Source\PSoC5/Counter_2.c **** * Function Name: Counter_2_SetInterruptMode
 225:.\Generated_Source\PSoC5/Counter_2.c **** ********************************************************************************
 226:.\Generated_Source\PSoC5/Counter_2.c **** * Summary:
 227:.\Generated_Source\PSoC5/Counter_2.c **** * Configures which interrupt sources are enabled to generate the final interrupt
 228:.\Generated_Source\PSoC5/Counter_2.c **** *
 229:.\Generated_Source\PSoC5/Counter_2.c **** * Parameters:  
 230:.\Generated_Source\PSoC5/Counter_2.c **** *  InterruptsMask: This parameter is an or'd collection of the status bits
 231:.\Generated_Source\PSoC5/Counter_2.c **** *                   which will be allowed to generate the counters interrupt.   
 232:.\Generated_Source\PSoC5/Counter_2.c **** *
 233:.\Generated_Source\PSoC5/Counter_2.c **** * Return: 
 234:.\Generated_Source\PSoC5/Counter_2.c **** *  void
 235:.\Generated_Source\PSoC5/Counter_2.c **** *
 236:.\Generated_Source\PSoC5/Counter_2.c **** *******************************************************************************/
 237:.\Generated_Source\PSoC5/Counter_2.c **** void Counter_2_SetInterruptMode(uint8 interruptsMask) 
 238:.\Generated_Source\PSoC5/Counter_2.c **** {
 287              		.loc 1 238 0
 288              		.cfi_startproc
 289              		@ args = 0, pretend = 0, frame = 8
 290              		@ frame_needed = 1, uses_anonymous_args = 0
 291              		@ link register save eliminated.
 292 0000 80B4     		push	{r7}
 293              	.LCFI8:
 294              		.cfi_def_cfa_offset 4
 295 0002 83B0     		sub	sp, sp, #12
 296              	.LCFI9:
 297              		.cfi_def_cfa_offset 16
 298 0004 00AF     		add	r7, sp, #0
 299              		.cfi_offset 7, -4
 300              	.LCFI10:
 301              		.cfi_def_cfa_register 7
 302 0006 0346     		mov	r3, r0
 303 0008 FB71     		strb	r3, [r7, #7]
 239:.\Generated_Source\PSoC5/Counter_2.c ****     Counter_2_STATUS_MASK = interruptsMask;
 304              		.loc 1 239 0
 305 000a 44F60873 		movw	r3, #:lower16:1073762056
 306 000e C4F20003 		movt	r3, #:upper16:1073762056
 307 0012 FA79     		ldrb	r2, [r7, #7]
 308 0014 1A70     		strb	r2, [r3, #0]
 240:.\Generated_Source\PSoC5/Counter_2.c **** }
 309              		.loc 1 240 0
 310 0016 07F10C07 		add	r7, r7, #12
 311 001a BD46     		mov	sp, r7
 312 001c 80BC     		pop	{r7}
 313 001e 7047     		bx	lr
 314              		.cfi_endproc
 315              	.LFE4:
 316              		.size	Counter_2_SetInterruptMode, .-Counter_2_SetInterruptMode
 317              		.section	.text.Counter_2_ReadStatusRegister,"ax",%progbits
 318              		.align	2
 319              		.global	Counter_2_ReadStatusRegister
 320              		.thumb
 321              		.thumb_func
 322              		.type	Counter_2_ReadStatusRegister, %function
 323              	Counter_2_ReadStatusRegister:
 324              	.LFB5:
 241:.\Generated_Source\PSoC5/Counter_2.c **** 
 242:.\Generated_Source\PSoC5/Counter_2.c **** 
ARM GAS  C:\Users\hoangp\AppData\Local\Temp\cciuXLXh.s 			page 11


 243:.\Generated_Source\PSoC5/Counter_2.c **** /*******************************************************************************
 244:.\Generated_Source\PSoC5/Counter_2.c **** * Function Name: Counter_2_ReadStatusRegister
 245:.\Generated_Source\PSoC5/Counter_2.c **** ********************************************************************************
 246:.\Generated_Source\PSoC5/Counter_2.c **** * Summary:
 247:.\Generated_Source\PSoC5/Counter_2.c **** *   Reads the status register and returns it's state. This function should use
 248:.\Generated_Source\PSoC5/Counter_2.c **** *       defined types for the bit-field information as the bits in this
 249:.\Generated_Source\PSoC5/Counter_2.c **** *       register may be permuteable.
 250:.\Generated_Source\PSoC5/Counter_2.c **** *
 251:.\Generated_Source\PSoC5/Counter_2.c **** * Parameters:  
 252:.\Generated_Source\PSoC5/Counter_2.c **** *  void
 253:.\Generated_Source\PSoC5/Counter_2.c **** *
 254:.\Generated_Source\PSoC5/Counter_2.c **** * Return: 
 255:.\Generated_Source\PSoC5/Counter_2.c **** *  (uint8) The contents of the status register
 256:.\Generated_Source\PSoC5/Counter_2.c **** *
 257:.\Generated_Source\PSoC5/Counter_2.c **** * Side Effects:
 258:.\Generated_Source\PSoC5/Counter_2.c **** *   Status register bits may be clear on read. 
 259:.\Generated_Source\PSoC5/Counter_2.c **** *
 260:.\Generated_Source\PSoC5/Counter_2.c **** *******************************************************************************/
 261:.\Generated_Source\PSoC5/Counter_2.c **** uint8   Counter_2_ReadStatusRegister(void) 
 262:.\Generated_Source\PSoC5/Counter_2.c **** {
 325              		.loc 1 262 0
 326              		.cfi_startproc
 327              		@ args = 0, pretend = 0, frame = 0
 328              		@ frame_needed = 1, uses_anonymous_args = 0
 329              		@ link register save eliminated.
 330 0000 80B4     		push	{r7}
 331              	.LCFI11:
 332              		.cfi_def_cfa_offset 4
 333 0002 00AF     		add	r7, sp, #0
 334              		.cfi_offset 7, -4
 335              	.LCFI12:
 336              		.cfi_def_cfa_register 7
 263:.\Generated_Source\PSoC5/Counter_2.c ****     return Counter_2_STATUS;
 337              		.loc 1 263 0
 338 0004 44F60873 		movw	r3, #:lower16:1073762056
 339 0008 C4F20003 		movt	r3, #:upper16:1073762056
 340 000c 1B78     		ldrb	r3, [r3, #0]
 341 000e DBB2     		uxtb	r3, r3
 264:.\Generated_Source\PSoC5/Counter_2.c **** }
 342              		.loc 1 264 0
 343 0010 1846     		mov	r0, r3
 344 0012 BD46     		mov	sp, r7
 345 0014 80BC     		pop	{r7}
 346 0016 7047     		bx	lr
 347              		.cfi_endproc
 348              	.LFE5:
 349              		.size	Counter_2_ReadStatusRegister, .-Counter_2_ReadStatusRegister
 350              		.section	.text.Counter_2_ReadControlRegister,"ax",%progbits
 351              		.align	2
 352              		.global	Counter_2_ReadControlRegister
 353              		.thumb
 354              		.thumb_func
 355              		.type	Counter_2_ReadControlRegister, %function
 356              	Counter_2_ReadControlRegister:
 357              	.LFB6:
 265:.\Generated_Source\PSoC5/Counter_2.c **** 
 266:.\Generated_Source\PSoC5/Counter_2.c **** 
ARM GAS  C:\Users\hoangp\AppData\Local\Temp\cciuXLXh.s 			page 12


 267:.\Generated_Source\PSoC5/Counter_2.c **** #if(!Counter_2_ControlRegRemoved)
 268:.\Generated_Source\PSoC5/Counter_2.c **** /*******************************************************************************
 269:.\Generated_Source\PSoC5/Counter_2.c **** * Function Name: Counter_2_ReadControlRegister
 270:.\Generated_Source\PSoC5/Counter_2.c **** ********************************************************************************
 271:.\Generated_Source\PSoC5/Counter_2.c **** * Summary:
 272:.\Generated_Source\PSoC5/Counter_2.c **** *   Reads the control register and returns it's state. This function should use
 273:.\Generated_Source\PSoC5/Counter_2.c **** *       defined types for the bit-field information as the bits in this
 274:.\Generated_Source\PSoC5/Counter_2.c **** *       register may be permuteable.
 275:.\Generated_Source\PSoC5/Counter_2.c **** *
 276:.\Generated_Source\PSoC5/Counter_2.c **** * Parameters:  
 277:.\Generated_Source\PSoC5/Counter_2.c **** *  void
 278:.\Generated_Source\PSoC5/Counter_2.c **** *
 279:.\Generated_Source\PSoC5/Counter_2.c **** * Return: 
 280:.\Generated_Source\PSoC5/Counter_2.c **** *  (uint8) The contents of the control register
 281:.\Generated_Source\PSoC5/Counter_2.c **** *
 282:.\Generated_Source\PSoC5/Counter_2.c **** *******************************************************************************/
 283:.\Generated_Source\PSoC5/Counter_2.c **** uint8   Counter_2_ReadControlRegister(void) 
 284:.\Generated_Source\PSoC5/Counter_2.c **** {
 358              		.loc 1 284 0
 359              		.cfi_startproc
 360              		@ args = 0, pretend = 0, frame = 0
 361              		@ frame_needed = 1, uses_anonymous_args = 0
 362              		@ link register save eliminated.
 363 0000 80B4     		push	{r7}
 364              	.LCFI13:
 365              		.cfi_def_cfa_offset 4
 366 0002 00AF     		add	r7, sp, #0
 367              		.cfi_offset 7, -4
 368              	.LCFI14:
 369              		.cfi_def_cfa_register 7
 285:.\Generated_Source\PSoC5/Counter_2.c ****     return Counter_2_CONTROL;
 370              		.loc 1 285 0
 371 0004 44F60073 		movw	r3, #:lower16:1073762048
 372 0008 C4F20003 		movt	r3, #:upper16:1073762048
 373 000c 1B78     		ldrb	r3, [r3, #0]
 374 000e DBB2     		uxtb	r3, r3
 286:.\Generated_Source\PSoC5/Counter_2.c **** }
 375              		.loc 1 286 0
 376 0010 1846     		mov	r0, r3
 377 0012 BD46     		mov	sp, r7
 378 0014 80BC     		pop	{r7}
 379 0016 7047     		bx	lr
 380              		.cfi_endproc
 381              	.LFE6:
 382              		.size	Counter_2_ReadControlRegister, .-Counter_2_ReadControlRegister
 383              		.section	.text.Counter_2_WriteControlRegister,"ax",%progbits
 384              		.align	2
 385              		.global	Counter_2_WriteControlRegister
 386              		.thumb
 387              		.thumb_func
 388              		.type	Counter_2_WriteControlRegister, %function
 389              	Counter_2_WriteControlRegister:
 390              	.LFB7:
 287:.\Generated_Source\PSoC5/Counter_2.c **** 
 288:.\Generated_Source\PSoC5/Counter_2.c **** 
 289:.\Generated_Source\PSoC5/Counter_2.c **** /*******************************************************************************
 290:.\Generated_Source\PSoC5/Counter_2.c **** * Function Name: Counter_2_WriteControlRegister
ARM GAS  C:\Users\hoangp\AppData\Local\Temp\cciuXLXh.s 			page 13


 291:.\Generated_Source\PSoC5/Counter_2.c **** ********************************************************************************
 292:.\Generated_Source\PSoC5/Counter_2.c **** * Summary:
 293:.\Generated_Source\PSoC5/Counter_2.c **** *   Sets the bit-field of the control register.  This function should use
 294:.\Generated_Source\PSoC5/Counter_2.c **** *       defined types for the bit-field information as the bits in this
 295:.\Generated_Source\PSoC5/Counter_2.c **** *       register may be permuteable.
 296:.\Generated_Source\PSoC5/Counter_2.c **** *
 297:.\Generated_Source\PSoC5/Counter_2.c **** * Parameters:  
 298:.\Generated_Source\PSoC5/Counter_2.c **** *  void
 299:.\Generated_Source\PSoC5/Counter_2.c **** *
 300:.\Generated_Source\PSoC5/Counter_2.c **** * Return: 
 301:.\Generated_Source\PSoC5/Counter_2.c **** *  (uint8) The contents of the control register
 302:.\Generated_Source\PSoC5/Counter_2.c **** *
 303:.\Generated_Source\PSoC5/Counter_2.c **** *******************************************************************************/
 304:.\Generated_Source\PSoC5/Counter_2.c **** void    Counter_2_WriteControlRegister(uint8 control) 
 305:.\Generated_Source\PSoC5/Counter_2.c **** {
 391              		.loc 1 305 0
 392              		.cfi_startproc
 393              		@ args = 0, pretend = 0, frame = 8
 394              		@ frame_needed = 1, uses_anonymous_args = 0
 395              		@ link register save eliminated.
 396 0000 80B4     		push	{r7}
 397              	.LCFI15:
 398              		.cfi_def_cfa_offset 4
 399 0002 83B0     		sub	sp, sp, #12
 400              	.LCFI16:
 401              		.cfi_def_cfa_offset 16
 402 0004 00AF     		add	r7, sp, #0
 403              		.cfi_offset 7, -4
 404              	.LCFI17:
 405              		.cfi_def_cfa_register 7
 406 0006 0346     		mov	r3, r0
 407 0008 FB71     		strb	r3, [r7, #7]
 306:.\Generated_Source\PSoC5/Counter_2.c ****     Counter_2_CONTROL = control;
 408              		.loc 1 306 0
 409 000a 44F60073 		movw	r3, #:lower16:1073762048
 410 000e C4F20003 		movt	r3, #:upper16:1073762048
 411 0012 FA79     		ldrb	r2, [r7, #7]
 412 0014 1A70     		strb	r2, [r3, #0]
 307:.\Generated_Source\PSoC5/Counter_2.c **** }
 413              		.loc 1 307 0
 414 0016 07F10C07 		add	r7, r7, #12
 415 001a BD46     		mov	sp, r7
 416 001c 80BC     		pop	{r7}
 417 001e 7047     		bx	lr
 418              		.cfi_endproc
 419              	.LFE7:
 420              		.size	Counter_2_WriteControlRegister, .-Counter_2_WriteControlRegister
 421              		.section	.text.Counter_2_ReadCounter,"ax",%progbits
 422              		.align	2
 423              		.global	Counter_2_ReadCounter
 424              		.thumb
 425              		.thumb_func
 426              		.type	Counter_2_ReadCounter, %function
 427              	Counter_2_ReadCounter:
 428              	.LFB8:
 308:.\Generated_Source\PSoC5/Counter_2.c **** 
 309:.\Generated_Source\PSoC5/Counter_2.c **** #endif  /* (!Counter_2_ControlRegRemoved) */
ARM GAS  C:\Users\hoangp\AppData\Local\Temp\cciuXLXh.s 			page 14


 310:.\Generated_Source\PSoC5/Counter_2.c **** 
 311:.\Generated_Source\PSoC5/Counter_2.c **** 
 312:.\Generated_Source\PSoC5/Counter_2.c **** #if (!(Counter_2_UsingFixedFunction && (CY_PSOC5A)))
 313:.\Generated_Source\PSoC5/Counter_2.c **** /*******************************************************************************
 314:.\Generated_Source\PSoC5/Counter_2.c **** * Function Name: Counter_2_WriteCounter
 315:.\Generated_Source\PSoC5/Counter_2.c **** ********************************************************************************
 316:.\Generated_Source\PSoC5/Counter_2.c **** * Summary:
 317:.\Generated_Source\PSoC5/Counter_2.c **** *   This funtion is used to set the counter to a specific value
 318:.\Generated_Source\PSoC5/Counter_2.c **** *
 319:.\Generated_Source\PSoC5/Counter_2.c **** * Parameters:  
 320:.\Generated_Source\PSoC5/Counter_2.c **** *  counter:  New counter value. 
 321:.\Generated_Source\PSoC5/Counter_2.c **** *
 322:.\Generated_Source\PSoC5/Counter_2.c **** * Return: 
 323:.\Generated_Source\PSoC5/Counter_2.c **** *  void 
 324:.\Generated_Source\PSoC5/Counter_2.c **** *
 325:.\Generated_Source\PSoC5/Counter_2.c **** *******************************************************************************/
 326:.\Generated_Source\PSoC5/Counter_2.c **** void Counter_2_WriteCounter(uint8 counter) \
 327:.\Generated_Source\PSoC5/Counter_2.c ****                                    
 328:.\Generated_Source\PSoC5/Counter_2.c **** {
 329:.\Generated_Source\PSoC5/Counter_2.c ****     #if(Counter_2_UsingFixedFunction)
 330:.\Generated_Source\PSoC5/Counter_2.c ****         /* assert if block is already enabled */
 331:.\Generated_Source\PSoC5/Counter_2.c ****         CYASSERT (0u == (Counter_2_GLOBAL_ENABLE & Counter_2_BLOCK_EN_MASK));
 332:.\Generated_Source\PSoC5/Counter_2.c ****         /* If block is disabled, enable it and then write the counter */
 333:.\Generated_Source\PSoC5/Counter_2.c ****         Counter_2_GLOBAL_ENABLE |= Counter_2_BLOCK_EN_MASK;
 334:.\Generated_Source\PSoC5/Counter_2.c ****         CY_SET_REG16(Counter_2_COUNTER_LSB_PTR, (uint16)counter);
 335:.\Generated_Source\PSoC5/Counter_2.c ****         Counter_2_GLOBAL_ENABLE &= ((uint8)(~Counter_2_BLOCK_EN_MASK));
 336:.\Generated_Source\PSoC5/Counter_2.c ****     #else
 337:.\Generated_Source\PSoC5/Counter_2.c ****         CY_SET_REG8(Counter_2_COUNTER_LSB_PTR, counter);
 338:.\Generated_Source\PSoC5/Counter_2.c ****     #endif /* (Counter_2_UsingFixedFunction) */
 339:.\Generated_Source\PSoC5/Counter_2.c **** }
 340:.\Generated_Source\PSoC5/Counter_2.c **** #endif /* (!(Counter_2_UsingFixedFunction && (CY_PSOC5A))) */
 341:.\Generated_Source\PSoC5/Counter_2.c **** 
 342:.\Generated_Source\PSoC5/Counter_2.c **** 
 343:.\Generated_Source\PSoC5/Counter_2.c **** /*******************************************************************************
 344:.\Generated_Source\PSoC5/Counter_2.c **** * Function Name: Counter_2_ReadCounter
 345:.\Generated_Source\PSoC5/Counter_2.c **** ********************************************************************************
 346:.\Generated_Source\PSoC5/Counter_2.c **** * Summary:
 347:.\Generated_Source\PSoC5/Counter_2.c **** * Returns the current value of the counter.  It doesn't matter
 348:.\Generated_Source\PSoC5/Counter_2.c **** * if the counter is enabled or running.
 349:.\Generated_Source\PSoC5/Counter_2.c **** *
 350:.\Generated_Source\PSoC5/Counter_2.c **** * Parameters:  
 351:.\Generated_Source\PSoC5/Counter_2.c **** *  void:  
 352:.\Generated_Source\PSoC5/Counter_2.c **** *
 353:.\Generated_Source\PSoC5/Counter_2.c **** * Return: 
 354:.\Generated_Source\PSoC5/Counter_2.c **** *  (uint8) The present value of the counter.
 355:.\Generated_Source\PSoC5/Counter_2.c **** *
 356:.\Generated_Source\PSoC5/Counter_2.c **** *******************************************************************************/
 357:.\Generated_Source\PSoC5/Counter_2.c **** uint8 Counter_2_ReadCounter(void) 
 358:.\Generated_Source\PSoC5/Counter_2.c **** {
 429              		.loc 1 358 0
 430              		.cfi_startproc
 431              		@ args = 0, pretend = 0, frame = 0
 432              		@ frame_needed = 1, uses_anonymous_args = 0
 433              		@ link register save eliminated.
 434 0000 80B4     		push	{r7}
 435              	.LCFI18:
 436              		.cfi_def_cfa_offset 4
ARM GAS  C:\Users\hoangp\AppData\Local\Temp\cciuXLXh.s 			page 15


 437 0002 00AF     		add	r7, sp, #0
 438              		.cfi_offset 7, -4
 439              	.LCFI19:
 440              		.cfi_def_cfa_register 7
 359:.\Generated_Source\PSoC5/Counter_2.c ****     /* Force capture by reading Accumulator */
 360:.\Generated_Source\PSoC5/Counter_2.c ****     /* Must first do a software capture to be able to read the counter */
 361:.\Generated_Source\PSoC5/Counter_2.c ****     /* It is up to the user code to make sure there isn't already captured data in the FIFO */
 362:.\Generated_Source\PSoC5/Counter_2.c ****     #if(Counter_2_UsingFixedFunction)
 363:.\Generated_Source\PSoC5/Counter_2.c **** 		(void)CY_GET_REG16(Counter_2_COUNTER_LSB_PTR);
 441              		.loc 1 363 0
 442 0004 44F60473 		movw	r3, #:lower16:1073762052
 443 0008 C4F20003 		movt	r3, #:upper16:1073762052
 444 000c 1B88     		ldrh	r3, [r3, #0]	@ movhi
 364:.\Generated_Source\PSoC5/Counter_2.c **** 	#else
 365:.\Generated_Source\PSoC5/Counter_2.c **** 		(void)CY_GET_REG8(Counter_2_COUNTER_LSB_PTR_8BIT);
 366:.\Generated_Source\PSoC5/Counter_2.c **** 	#endif/* (Counter_2_UsingFixedFunction) */
 367:.\Generated_Source\PSoC5/Counter_2.c ****     
 368:.\Generated_Source\PSoC5/Counter_2.c ****     /* Read the data from the FIFO (or capture register for Fixed Function)*/
 369:.\Generated_Source\PSoC5/Counter_2.c ****     #if(Counter_2_UsingFixedFunction)
 370:.\Generated_Source\PSoC5/Counter_2.c ****         return ((uint8)CY_GET_REG16(Counter_2_STATICCOUNT_LSB_PTR));
 445              		.loc 1 370 0
 446 000e 44F60673 		movw	r3, #:lower16:1073762054
 447 0012 C4F20003 		movt	r3, #:upper16:1073762054
 448 0016 1B88     		ldrh	r3, [r3, #0]	@ movhi
 449 0018 9BB2     		uxth	r3, r3
 450 001a DBB2     		uxtb	r3, r3
 371:.\Generated_Source\PSoC5/Counter_2.c ****     #else
 372:.\Generated_Source\PSoC5/Counter_2.c ****         return (CY_GET_REG8(Counter_2_STATICCOUNT_LSB_PTR));
 373:.\Generated_Source\PSoC5/Counter_2.c ****     #endif /* (Counter_2_UsingFixedFunction) */
 374:.\Generated_Source\PSoC5/Counter_2.c **** }
 451              		.loc 1 374 0
 452 001c 1846     		mov	r0, r3
 453 001e BD46     		mov	sp, r7
 454 0020 80BC     		pop	{r7}
 455 0022 7047     		bx	lr
 456              		.cfi_endproc
 457              	.LFE8:
 458              		.size	Counter_2_ReadCounter, .-Counter_2_ReadCounter
 459              		.section	.text.Counter_2_ReadCapture,"ax",%progbits
 460              		.align	2
 461              		.global	Counter_2_ReadCapture
 462              		.thumb
 463              		.thumb_func
 464              		.type	Counter_2_ReadCapture, %function
 465              	Counter_2_ReadCapture:
 466              	.LFB9:
 375:.\Generated_Source\PSoC5/Counter_2.c **** 
 376:.\Generated_Source\PSoC5/Counter_2.c **** 
 377:.\Generated_Source\PSoC5/Counter_2.c **** /*******************************************************************************
 378:.\Generated_Source\PSoC5/Counter_2.c **** * Function Name: Counter_2_ReadCapture
 379:.\Generated_Source\PSoC5/Counter_2.c **** ********************************************************************************
 380:.\Generated_Source\PSoC5/Counter_2.c **** * Summary:
 381:.\Generated_Source\PSoC5/Counter_2.c **** *   This function returns the last value captured.
 382:.\Generated_Source\PSoC5/Counter_2.c **** *
 383:.\Generated_Source\PSoC5/Counter_2.c **** * Parameters:  
 384:.\Generated_Source\PSoC5/Counter_2.c **** *  void
 385:.\Generated_Source\PSoC5/Counter_2.c **** *
ARM GAS  C:\Users\hoangp\AppData\Local\Temp\cciuXLXh.s 			page 16


 386:.\Generated_Source\PSoC5/Counter_2.c **** * Return: 
 387:.\Generated_Source\PSoC5/Counter_2.c **** *  (uint8) Present Capture value.
 388:.\Generated_Source\PSoC5/Counter_2.c **** *
 389:.\Generated_Source\PSoC5/Counter_2.c **** *******************************************************************************/
 390:.\Generated_Source\PSoC5/Counter_2.c **** uint8 Counter_2_ReadCapture(void) 
 391:.\Generated_Source\PSoC5/Counter_2.c **** {
 467              		.loc 1 391 0
 468              		.cfi_startproc
 469              		@ args = 0, pretend = 0, frame = 0
 470              		@ frame_needed = 1, uses_anonymous_args = 0
 471              		@ link register save eliminated.
 472 0000 80B4     		push	{r7}
 473              	.LCFI20:
 474              		.cfi_def_cfa_offset 4
 475 0002 00AF     		add	r7, sp, #0
 476              		.cfi_offset 7, -4
 477              	.LCFI21:
 478              		.cfi_def_cfa_register 7
 392:.\Generated_Source\PSoC5/Counter_2.c ****     #if(Counter_2_UsingFixedFunction)
 393:.\Generated_Source\PSoC5/Counter_2.c ****         return ((uint8)CY_GET_REG16(Counter_2_STATICCOUNT_LSB_PTR));
 479              		.loc 1 393 0
 480 0004 44F60673 		movw	r3, #:lower16:1073762054
 481 0008 C4F20003 		movt	r3, #:upper16:1073762054
 482 000c 1B88     		ldrh	r3, [r3, #0]	@ movhi
 483 000e 9BB2     		uxth	r3, r3
 484 0010 DBB2     		uxtb	r3, r3
 394:.\Generated_Source\PSoC5/Counter_2.c ****     #else
 395:.\Generated_Source\PSoC5/Counter_2.c ****         return (CY_GET_REG8(Counter_2_STATICCOUNT_LSB_PTR));
 396:.\Generated_Source\PSoC5/Counter_2.c ****     #endif /* (Counter_2_UsingFixedFunction) */
 397:.\Generated_Source\PSoC5/Counter_2.c **** }
 485              		.loc 1 397 0
 486 0012 1846     		mov	r0, r3
 487 0014 BD46     		mov	sp, r7
 488 0016 80BC     		pop	{r7}
 489 0018 7047     		bx	lr
 490              		.cfi_endproc
 491              	.LFE9:
 492              		.size	Counter_2_ReadCapture, .-Counter_2_ReadCapture
 493 001a 00BF     		.section	.text.Counter_2_WritePeriod,"ax",%progbits
 494              		.align	2
 495              		.global	Counter_2_WritePeriod
 496              		.thumb
 497              		.thumb_func
 498              		.type	Counter_2_WritePeriod, %function
 499              	Counter_2_WritePeriod:
 500              	.LFB10:
 398:.\Generated_Source\PSoC5/Counter_2.c **** 
 399:.\Generated_Source\PSoC5/Counter_2.c **** 
 400:.\Generated_Source\PSoC5/Counter_2.c **** /*******************************************************************************
 401:.\Generated_Source\PSoC5/Counter_2.c **** * Function Name: Counter_2_WritePeriod
 402:.\Generated_Source\PSoC5/Counter_2.c **** ********************************************************************************
 403:.\Generated_Source\PSoC5/Counter_2.c **** * Summary:
 404:.\Generated_Source\PSoC5/Counter_2.c **** * Changes the period of the counter.  The new period 
 405:.\Generated_Source\PSoC5/Counter_2.c **** * will be loaded the next time terminal count is detected.
 406:.\Generated_Source\PSoC5/Counter_2.c **** *
 407:.\Generated_Source\PSoC5/Counter_2.c **** * Parameters:  
 408:.\Generated_Source\PSoC5/Counter_2.c **** *  period: (uint8) A value of 0 will result in
ARM GAS  C:\Users\hoangp\AppData\Local\Temp\cciuXLXh.s 			page 17


 409:.\Generated_Source\PSoC5/Counter_2.c **** *         the counter remaining at zero.  
 410:.\Generated_Source\PSoC5/Counter_2.c **** *
 411:.\Generated_Source\PSoC5/Counter_2.c **** * Return: 
 412:.\Generated_Source\PSoC5/Counter_2.c **** *  void
 413:.\Generated_Source\PSoC5/Counter_2.c **** *
 414:.\Generated_Source\PSoC5/Counter_2.c **** *******************************************************************************/
 415:.\Generated_Source\PSoC5/Counter_2.c **** void Counter_2_WritePeriod(uint8 period) 
 416:.\Generated_Source\PSoC5/Counter_2.c **** {
 501              		.loc 1 416 0
 502              		.cfi_startproc
 503              		@ args = 0, pretend = 0, frame = 8
 504              		@ frame_needed = 1, uses_anonymous_args = 0
 505              		@ link register save eliminated.
 506 0000 80B4     		push	{r7}
 507              	.LCFI22:
 508              		.cfi_def_cfa_offset 4
 509 0002 83B0     		sub	sp, sp, #12
 510              	.LCFI23:
 511              		.cfi_def_cfa_offset 16
 512 0004 00AF     		add	r7, sp, #0
 513              		.cfi_offset 7, -4
 514              	.LCFI24:
 515              		.cfi_def_cfa_register 7
 516 0006 0346     		mov	r3, r0
 517 0008 FB71     		strb	r3, [r7, #7]
 417:.\Generated_Source\PSoC5/Counter_2.c ****     #if(Counter_2_UsingFixedFunction)
 418:.\Generated_Source\PSoC5/Counter_2.c ****         CY_SET_REG16(Counter_2_PERIOD_LSB_PTR,(uint16)period);
 518              		.loc 1 418 0
 519 000a 44F60273 		movw	r3, #:lower16:1073762050
 520 000e C4F20003 		movt	r3, #:upper16:1073762050
 521 0012 FA79     		ldrb	r2, [r7, #7]	@ zero_extendqisi2
 522 0014 1A80     		strh	r2, [r3, #0]	@ movhi
 419:.\Generated_Source\PSoC5/Counter_2.c ****     #else
 420:.\Generated_Source\PSoC5/Counter_2.c ****         CY_SET_REG8(Counter_2_PERIOD_LSB_PTR, period);
 421:.\Generated_Source\PSoC5/Counter_2.c ****     #endif /* (Counter_2_UsingFixedFunction) */
 422:.\Generated_Source\PSoC5/Counter_2.c **** }
 523              		.loc 1 422 0
 524 0016 07F10C07 		add	r7, r7, #12
 525 001a BD46     		mov	sp, r7
 526 001c 80BC     		pop	{r7}
 527 001e 7047     		bx	lr
 528              		.cfi_endproc
 529              	.LFE10:
 530              		.size	Counter_2_WritePeriod, .-Counter_2_WritePeriod
 531              		.section	.text.Counter_2_ReadPeriod,"ax",%progbits
 532              		.align	2
 533              		.global	Counter_2_ReadPeriod
 534              		.thumb
 535              		.thumb_func
 536              		.type	Counter_2_ReadPeriod, %function
 537              	Counter_2_ReadPeriod:
 538              	.LFB11:
 423:.\Generated_Source\PSoC5/Counter_2.c **** 
 424:.\Generated_Source\PSoC5/Counter_2.c **** 
 425:.\Generated_Source\PSoC5/Counter_2.c **** /*******************************************************************************
 426:.\Generated_Source\PSoC5/Counter_2.c **** * Function Name: Counter_2_ReadPeriod
 427:.\Generated_Source\PSoC5/Counter_2.c **** ********************************************************************************
ARM GAS  C:\Users\hoangp\AppData\Local\Temp\cciuXLXh.s 			page 18


 428:.\Generated_Source\PSoC5/Counter_2.c **** * Summary:
 429:.\Generated_Source\PSoC5/Counter_2.c **** * Reads the current period value without affecting counter operation.
 430:.\Generated_Source\PSoC5/Counter_2.c **** *
 431:.\Generated_Source\PSoC5/Counter_2.c **** * Parameters:  
 432:.\Generated_Source\PSoC5/Counter_2.c **** *  void:  
 433:.\Generated_Source\PSoC5/Counter_2.c **** *
 434:.\Generated_Source\PSoC5/Counter_2.c **** * Return: 
 435:.\Generated_Source\PSoC5/Counter_2.c **** *  (uint8) Present period value.
 436:.\Generated_Source\PSoC5/Counter_2.c **** *
 437:.\Generated_Source\PSoC5/Counter_2.c **** *******************************************************************************/
 438:.\Generated_Source\PSoC5/Counter_2.c **** uint8 Counter_2_ReadPeriod(void) 
 439:.\Generated_Source\PSoC5/Counter_2.c **** {
 539              		.loc 1 439 0
 540              		.cfi_startproc
 541              		@ args = 0, pretend = 0, frame = 0
 542              		@ frame_needed = 1, uses_anonymous_args = 0
 543              		@ link register save eliminated.
 544 0000 80B4     		push	{r7}
 545              	.LCFI25:
 546              		.cfi_def_cfa_offset 4
 547 0002 00AF     		add	r7, sp, #0
 548              		.cfi_offset 7, -4
 549              	.LCFI26:
 550              		.cfi_def_cfa_register 7
 440:.\Generated_Source\PSoC5/Counter_2.c ****     #if(Counter_2_UsingFixedFunction)
 441:.\Generated_Source\PSoC5/Counter_2.c ****         return ((uint8)CY_GET_REG16(Counter_2_PERIOD_LSB_PTR));
 551              		.loc 1 441 0
 552 0004 44F60273 		movw	r3, #:lower16:1073762050
 553 0008 C4F20003 		movt	r3, #:upper16:1073762050
 554 000c 1B88     		ldrh	r3, [r3, #0]	@ movhi
 555 000e 9BB2     		uxth	r3, r3
 556 0010 DBB2     		uxtb	r3, r3
 442:.\Generated_Source\PSoC5/Counter_2.c ****     #else
 443:.\Generated_Source\PSoC5/Counter_2.c ****         return (CY_GET_REG8(Counter_2_PERIOD_LSB_PTR));
 444:.\Generated_Source\PSoC5/Counter_2.c ****     #endif /* (Counter_2_UsingFixedFunction) */
 445:.\Generated_Source\PSoC5/Counter_2.c **** }
 557              		.loc 1 445 0
 558 0012 1846     		mov	r0, r3
 559 0014 BD46     		mov	sp, r7
 560 0016 80BC     		pop	{r7}
 561 0018 7047     		bx	lr
 562              		.cfi_endproc
 563              	.LFE11:
 564              		.size	Counter_2_ReadPeriod, .-Counter_2_ReadPeriod
 565 001a 00BF     		.text
 566              	.Letext0:
 567              		.section	.debug_loc,"",%progbits
 568              	.Ldebug_loc0:
 569              	.LLST0:
 570 0000 00000000 		.4byte	.LFB0
 571 0004 02000000 		.4byte	.LCFI0
 572 0008 0100     		.2byte	0x1
 573 000a 5D       		.byte	0x5d
 574 000b 02000000 		.4byte	.LCFI0
 575 000f 04000000 		.4byte	.LCFI1
 576 0013 0200     		.2byte	0x2
 577 0015 7D       		.byte	0x7d
ARM GAS  C:\Users\hoangp\AppData\Local\Temp\cciuXLXh.s 			page 19


 578 0016 08       		.sleb128 8
 579 0017 04000000 		.4byte	.LCFI1
 580 001b D2000000 		.4byte	.LFE0
 581 001f 0200     		.2byte	0x2
 582 0021 77       		.byte	0x77
 583 0022 08       		.sleb128 8
 584 0023 00000000 		.4byte	0x0
 585 0027 00000000 		.4byte	0x0
 586              	.LLST1:
 587 002b 00000000 		.4byte	.LFB1
 588 002f 02000000 		.4byte	.LCFI2
 589 0033 0100     		.2byte	0x1
 590 0035 5D       		.byte	0x5d
 591 0036 02000000 		.4byte	.LCFI2
 592 003a 04000000 		.4byte	.LCFI3
 593 003e 0200     		.2byte	0x2
 594 0040 7D       		.byte	0x7d
 595 0041 04       		.sleb128 4
 596 0042 04000000 		.4byte	.LCFI3
 597 0046 5E000000 		.4byte	.LFE1
 598 004a 0200     		.2byte	0x2
 599 004c 77       		.byte	0x77
 600 004d 04       		.sleb128 4
 601 004e 00000000 		.4byte	0x0
 602 0052 00000000 		.4byte	0x0
 603              	.LLST2:
 604 0056 00000000 		.4byte	.LFB2
 605 005a 02000000 		.4byte	.LCFI4
 606 005e 0100     		.2byte	0x1
 607 0060 5D       		.byte	0x5d
 608 0061 02000000 		.4byte	.LCFI4
 609 0065 04000000 		.4byte	.LCFI5
 610 0069 0200     		.2byte	0x2
 611 006b 7D       		.byte	0x7d
 612 006c 08       		.sleb128 8
 613 006d 04000000 		.4byte	.LCFI5
 614 0071 2A000000 		.4byte	.LFE2
 615 0075 0200     		.2byte	0x2
 616 0077 77       		.byte	0x77
 617 0078 08       		.sleb128 8
 618 0079 00000000 		.4byte	0x0
 619 007d 00000000 		.4byte	0x0
 620              	.LLST3:
 621 0081 00000000 		.4byte	.LFB3
 622 0085 02000000 		.4byte	.LCFI6
 623 0089 0100     		.2byte	0x1
 624 008b 5D       		.byte	0x5d
 625 008c 02000000 		.4byte	.LCFI6
 626 0090 04000000 		.4byte	.LCFI7
 627 0094 0200     		.2byte	0x2
 628 0096 7D       		.byte	0x7d
 629 0097 04       		.sleb128 4
 630 0098 04000000 		.4byte	.LCFI7
 631 009c 58000000 		.4byte	.LFE3
 632 00a0 0200     		.2byte	0x2
 633 00a2 77       		.byte	0x77
 634 00a3 04       		.sleb128 4
ARM GAS  C:\Users\hoangp\AppData\Local\Temp\cciuXLXh.s 			page 20


 635 00a4 00000000 		.4byte	0x0
 636 00a8 00000000 		.4byte	0x0
 637              	.LLST4:
 638 00ac 00000000 		.4byte	.LFB4
 639 00b0 02000000 		.4byte	.LCFI8
 640 00b4 0100     		.2byte	0x1
 641 00b6 5D       		.byte	0x5d
 642 00b7 02000000 		.4byte	.LCFI8
 643 00bb 04000000 		.4byte	.LCFI9
 644 00bf 0200     		.2byte	0x2
 645 00c1 7D       		.byte	0x7d
 646 00c2 04       		.sleb128 4
 647 00c3 04000000 		.4byte	.LCFI9
 648 00c7 06000000 		.4byte	.LCFI10
 649 00cb 0200     		.2byte	0x2
 650 00cd 7D       		.byte	0x7d
 651 00ce 10       		.sleb128 16
 652 00cf 06000000 		.4byte	.LCFI10
 653 00d3 20000000 		.4byte	.LFE4
 654 00d7 0200     		.2byte	0x2
 655 00d9 77       		.byte	0x77
 656 00da 10       		.sleb128 16
 657 00db 00000000 		.4byte	0x0
 658 00df 00000000 		.4byte	0x0
 659              	.LLST5:
 660 00e3 00000000 		.4byte	.LFB5
 661 00e7 02000000 		.4byte	.LCFI11
 662 00eb 0100     		.2byte	0x1
 663 00ed 5D       		.byte	0x5d
 664 00ee 02000000 		.4byte	.LCFI11
 665 00f2 04000000 		.4byte	.LCFI12
 666 00f6 0200     		.2byte	0x2
 667 00f8 7D       		.byte	0x7d
 668 00f9 04       		.sleb128 4
 669 00fa 04000000 		.4byte	.LCFI12
 670 00fe 18000000 		.4byte	.LFE5
 671 0102 0200     		.2byte	0x2
 672 0104 77       		.byte	0x77
 673 0105 04       		.sleb128 4
 674 0106 00000000 		.4byte	0x0
 675 010a 00000000 		.4byte	0x0
 676              	.LLST6:
 677 010e 00000000 		.4byte	.LFB6
 678 0112 02000000 		.4byte	.LCFI13
 679 0116 0100     		.2byte	0x1
 680 0118 5D       		.byte	0x5d
 681 0119 02000000 		.4byte	.LCFI13
 682 011d 04000000 		.4byte	.LCFI14
 683 0121 0200     		.2byte	0x2
 684 0123 7D       		.byte	0x7d
 685 0124 04       		.sleb128 4
 686 0125 04000000 		.4byte	.LCFI14
 687 0129 18000000 		.4byte	.LFE6
 688 012d 0200     		.2byte	0x2
 689 012f 77       		.byte	0x77
 690 0130 04       		.sleb128 4
 691 0131 00000000 		.4byte	0x0
ARM GAS  C:\Users\hoangp\AppData\Local\Temp\cciuXLXh.s 			page 21


 692 0135 00000000 		.4byte	0x0
 693              	.LLST7:
 694 0139 00000000 		.4byte	.LFB7
 695 013d 02000000 		.4byte	.LCFI15
 696 0141 0100     		.2byte	0x1
 697 0143 5D       		.byte	0x5d
 698 0144 02000000 		.4byte	.LCFI15
 699 0148 04000000 		.4byte	.LCFI16
 700 014c 0200     		.2byte	0x2
 701 014e 7D       		.byte	0x7d
 702 014f 04       		.sleb128 4
 703 0150 04000000 		.4byte	.LCFI16
 704 0154 06000000 		.4byte	.LCFI17
 705 0158 0200     		.2byte	0x2
 706 015a 7D       		.byte	0x7d
 707 015b 10       		.sleb128 16
 708 015c 06000000 		.4byte	.LCFI17
 709 0160 20000000 		.4byte	.LFE7
 710 0164 0200     		.2byte	0x2
 711 0166 77       		.byte	0x77
 712 0167 10       		.sleb128 16
 713 0168 00000000 		.4byte	0x0
 714 016c 00000000 		.4byte	0x0
 715              	.LLST8:
 716 0170 00000000 		.4byte	.LFB8
 717 0174 02000000 		.4byte	.LCFI18
 718 0178 0100     		.2byte	0x1
 719 017a 5D       		.byte	0x5d
 720 017b 02000000 		.4byte	.LCFI18
 721 017f 04000000 		.4byte	.LCFI19
 722 0183 0200     		.2byte	0x2
 723 0185 7D       		.byte	0x7d
 724 0186 04       		.sleb128 4
 725 0187 04000000 		.4byte	.LCFI19
 726 018b 24000000 		.4byte	.LFE8
 727 018f 0200     		.2byte	0x2
 728 0191 77       		.byte	0x77
 729 0192 04       		.sleb128 4
 730 0193 00000000 		.4byte	0x0
 731 0197 00000000 		.4byte	0x0
 732              	.LLST9:
 733 019b 00000000 		.4byte	.LFB9
 734 019f 02000000 		.4byte	.LCFI20
 735 01a3 0100     		.2byte	0x1
 736 01a5 5D       		.byte	0x5d
 737 01a6 02000000 		.4byte	.LCFI20
 738 01aa 04000000 		.4byte	.LCFI21
 739 01ae 0200     		.2byte	0x2
 740 01b0 7D       		.byte	0x7d
 741 01b1 04       		.sleb128 4
 742 01b2 04000000 		.4byte	.LCFI21
 743 01b6 1A000000 		.4byte	.LFE9
 744 01ba 0200     		.2byte	0x2
 745 01bc 77       		.byte	0x77
 746 01bd 04       		.sleb128 4
 747 01be 00000000 		.4byte	0x0
 748 01c2 00000000 		.4byte	0x0
ARM GAS  C:\Users\hoangp\AppData\Local\Temp\cciuXLXh.s 			page 22


 749              	.LLST10:
 750 01c6 00000000 		.4byte	.LFB10
 751 01ca 02000000 		.4byte	.LCFI22
 752 01ce 0100     		.2byte	0x1
 753 01d0 5D       		.byte	0x5d
 754 01d1 02000000 		.4byte	.LCFI22
 755 01d5 04000000 		.4byte	.LCFI23
 756 01d9 0200     		.2byte	0x2
 757 01db 7D       		.byte	0x7d
 758 01dc 04       		.sleb128 4
 759 01dd 04000000 		.4byte	.LCFI23
 760 01e1 06000000 		.4byte	.LCFI24
 761 01e5 0200     		.2byte	0x2
 762 01e7 7D       		.byte	0x7d
 763 01e8 10       		.sleb128 16
 764 01e9 06000000 		.4byte	.LCFI24
 765 01ed 20000000 		.4byte	.LFE10
 766 01f1 0200     		.2byte	0x2
 767 01f3 77       		.byte	0x77
 768 01f4 10       		.sleb128 16
 769 01f5 00000000 		.4byte	0x0
 770 01f9 00000000 		.4byte	0x0
 771              	.LLST11:
 772 01fd 00000000 		.4byte	.LFB11
 773 0201 02000000 		.4byte	.LCFI25
 774 0205 0100     		.2byte	0x1
 775 0207 5D       		.byte	0x5d
 776 0208 02000000 		.4byte	.LCFI25
 777 020c 04000000 		.4byte	.LCFI26
 778 0210 0200     		.2byte	0x2
 779 0212 7D       		.byte	0x7d
 780 0213 04       		.sleb128 4
 781 0214 04000000 		.4byte	.LCFI26
 782 0218 1A000000 		.4byte	.LFE11
 783 021c 0200     		.2byte	0x2
 784 021e 77       		.byte	0x77
 785 021f 04       		.sleb128 4
 786 0220 00000000 		.4byte	0x0
 787 0224 00000000 		.4byte	0x0
 788              		.file 2 ".\\Generated_Source\\PSoC5\\/cytypes.h"
 789              		.section	.debug_info
 790 0000 F3010000 		.4byte	0x1f3
 791 0004 0200     		.2byte	0x2
 792 0006 00000000 		.4byte	.Ldebug_abbrev0
 793 000a 04       		.byte	0x4
 794 000b 01       		.uleb128 0x1
 795 000c 9B010000 		.4byte	.LASF27
 796 0010 01       		.byte	0x1
 797 0011 C8010000 		.4byte	.LASF28
 798 0015 02010000 		.4byte	.LASF29
 799 0019 00000000 		.4byte	0x0
 800 001d 00000000 		.4byte	0x0
 801 0021 00000000 		.4byte	.Ldebug_ranges0+0x0
 802 0025 00000000 		.4byte	.Ldebug_line0
 803 0029 02       		.uleb128 0x2
 804 002a 01       		.byte	0x1
 805 002b 06       		.byte	0x6
ARM GAS  C:\Users\hoangp\AppData\Local\Temp\cciuXLXh.s 			page 23


 806 002c F6010000 		.4byte	.LASF0
 807 0030 02       		.uleb128 0x2
 808 0031 01       		.byte	0x1
 809 0032 08       		.byte	0x8
 810 0033 A1000000 		.4byte	.LASF1
 811 0037 02       		.uleb128 0x2
 812 0038 02       		.byte	0x2
 813 0039 05       		.byte	0x5
 814 003a AC010000 		.4byte	.LASF2
 815 003e 02       		.uleb128 0x2
 816 003f 02       		.byte	0x2
 817 0040 07       		.byte	0x7
 818 0041 68000000 		.4byte	.LASF3
 819 0045 02       		.uleb128 0x2
 820 0046 04       		.byte	0x4
 821 0047 05       		.byte	0x5
 822 0048 ED010000 		.4byte	.LASF4
 823 004c 02       		.uleb128 0x2
 824 004d 04       		.byte	0x4
 825 004e 07       		.byte	0x7
 826 004f CC000000 		.4byte	.LASF5
 827 0053 02       		.uleb128 0x2
 828 0054 08       		.byte	0x8
 829 0055 05       		.byte	0x5
 830 0056 00000000 		.4byte	.LASF6
 831 005a 02       		.uleb128 0x2
 832 005b 08       		.byte	0x8
 833 005c 07       		.byte	0x7
 834 005d 53010000 		.4byte	.LASF7
 835 0061 03       		.uleb128 0x3
 836 0062 04       		.byte	0x4
 837 0063 05       		.byte	0x5
 838 0064 696E7400 		.ascii	"int\000"
 839 0068 02       		.uleb128 0x2
 840 0069 04       		.byte	0x4
 841 006a 07       		.byte	0x7
 842 006b 46010000 		.4byte	.LASF8
 843 006f 04       		.uleb128 0x4
 844 0070 DE000000 		.4byte	.LASF30
 845 0074 02       		.byte	0x2
 846 0075 4C       		.byte	0x4c
 847 0076 30000000 		.4byte	0x30
 848 007a 02       		.uleb128 0x2
 849 007b 04       		.byte	0x4
 850 007c 04       		.byte	0x4
 851 007d 8C000000 		.4byte	.LASF9
 852 0081 02       		.uleb128 0x2
 853 0082 08       		.byte	0x8
 854 0083 04       		.byte	0x4
 855 0084 FB000000 		.4byte	.LASF10
 856 0088 02       		.uleb128 0x2
 857 0089 01       		.byte	0x1
 858 008a 08       		.byte	0x8
 859 008b A7010000 		.4byte	.LASF11
 860 008f 05       		.uleb128 0x5
 861 0090 04       		.byte	0x4
 862 0091 07       		.byte	0x7
ARM GAS  C:\Users\hoangp\AppData\Local\Temp\cciuXLXh.s 			page 24


 863 0092 06       		.uleb128 0x6
 864 0093 01       		.byte	0x1
 865 0094 18020000 		.4byte	.LASF12
 866 0098 01       		.byte	0x1
 867 0099 25       		.byte	0x25
 868 009a 01       		.byte	0x1
 869 009b 00000000 		.4byte	.LFB0
 870 009f D2000000 		.4byte	.LFE0
 871 00a3 00000000 		.4byte	.LLST0
 872 00a7 06       		.uleb128 0x6
 873 00a8 01       		.byte	0x1
 874 00a9 7B000000 		.4byte	.LASF13
 875 00ad 01       		.byte	0x1
 876 00ae 8F       		.byte	0x8f
 877 00af 01       		.byte	0x1
 878 00b0 00000000 		.4byte	.LFB1
 879 00b4 5E000000 		.4byte	.LFE1
 880 00b8 2B000000 		.4byte	.LLST1
 881 00bc 06       		.uleb128 0x6
 882 00bd 01       		.byte	0x1
 883 00be 27020000 		.4byte	.LASF14
 884 00c2 01       		.byte	0x1
 885 00c3 B2       		.byte	0xb2
 886 00c4 01       		.byte	0x1
 887 00c5 00000000 		.4byte	.LFB2
 888 00c9 2A000000 		.4byte	.LFE2
 889 00cd 56000000 		.4byte	.LLST2
 890 00d1 06       		.uleb128 0x6
 891 00d2 01       		.byte	0x1
 892 00d3 92000000 		.4byte	.LASF15
 893 00d7 01       		.byte	0x1
 894 00d8 D0       		.byte	0xd0
 895 00d9 01       		.byte	0x1
 896 00da 00000000 		.4byte	.LFB3
 897 00de 58000000 		.4byte	.LFE3
 898 00e2 81000000 		.4byte	.LLST3
 899 00e6 07       		.uleb128 0x7
 900 00e7 01       		.byte	0x1
 901 00e8 6A010000 		.4byte	.LASF18
 902 00ec 01       		.byte	0x1
 903 00ed ED       		.byte	0xed
 904 00ee 01       		.byte	0x1
 905 00ef 00000000 		.4byte	.LFB4
 906 00f3 20000000 		.4byte	.LFE4
 907 00f7 AC000000 		.4byte	.LLST4
 908 00fb 0E010000 		.4byte	0x10e
 909 00ff 08       		.uleb128 0x8
 910 0100 EC000000 		.4byte	.LASF20
 911 0104 01       		.byte	0x1
 912 0105 ED       		.byte	0xed
 913 0106 6F000000 		.4byte	0x6f
 914 010a 02       		.byte	0x2
 915 010b 91       		.byte	0x91
 916 010c 77       		.sleb128 -9
 917 010d 00       		.byte	0x0
 918 010e 09       		.uleb128 0x9
 919 010f 01       		.byte	0x1
ARM GAS  C:\Users\hoangp\AppData\Local\Temp\cciuXLXh.s 			page 25


 920 0110 AF000000 		.4byte	.LASF16
 921 0114 01       		.byte	0x1
 922 0115 0501     		.2byte	0x105
 923 0117 01       		.byte	0x1
 924 0118 6F000000 		.4byte	0x6f
 925 011c 00000000 		.4byte	.LFB5
 926 0120 18000000 		.4byte	.LFE5
 927 0124 E3000000 		.4byte	.LLST5
 928 0128 09       		.uleb128 0x9
 929 0129 01       		.byte	0x1
 930 012a 0E000000 		.4byte	.LASF17
 931 012e 01       		.byte	0x1
 932 012f 1B01     		.2byte	0x11b
 933 0131 01       		.byte	0x1
 934 0132 6F000000 		.4byte	0x6f
 935 0136 00000000 		.4byte	.LFB6
 936 013a 18000000 		.4byte	.LFE6
 937 013e 0E010000 		.4byte	.LLST6
 938 0142 0A       		.uleb128 0xa
 939 0143 01       		.byte	0x1
 940 0144 2C000000 		.4byte	.LASF19
 941 0148 01       		.byte	0x1
 942 0149 3001     		.2byte	0x130
 943 014b 01       		.byte	0x1
 944 014c 00000000 		.4byte	.LFB7
 945 0150 20000000 		.4byte	.LFE7
 946 0154 39010000 		.4byte	.LLST7
 947 0158 6C010000 		.4byte	0x16c
 948 015c 0B       		.uleb128 0xb
 949 015d E4000000 		.4byte	.LASF21
 950 0161 01       		.byte	0x1
 951 0162 3001     		.2byte	0x130
 952 0164 6F000000 		.4byte	0x6f
 953 0168 02       		.byte	0x2
 954 0169 91       		.byte	0x91
 955 016a 77       		.sleb128 -9
 956 016b 00       		.byte	0x0
 957 016c 09       		.uleb128 0x9
 958 016d 01       		.byte	0x1
 959 016e 02020000 		.4byte	.LASF22
 960 0172 01       		.byte	0x1
 961 0173 6501     		.2byte	0x165
 962 0175 01       		.byte	0x1
 963 0176 6F000000 		.4byte	0x6f
 964 017a 00000000 		.4byte	.LFB8
 965 017e 24000000 		.4byte	.LFE8
 966 0182 70010000 		.4byte	.LLST8
 967 0186 09       		.uleb128 0x9
 968 0187 01       		.byte	0x1
 969 0188 85010000 		.4byte	.LASF23
 970 018c 01       		.byte	0x1
 971 018d 8601     		.2byte	0x186
 972 018f 01       		.byte	0x1
 973 0190 6F000000 		.4byte	0x6f
 974 0194 00000000 		.4byte	.LFB9
 975 0198 1A000000 		.4byte	.LFE9
 976 019c 9B010000 		.4byte	.LLST9
ARM GAS  C:\Users\hoangp\AppData\Local\Temp\cciuXLXh.s 			page 26


 977 01a0 0A       		.uleb128 0xa
 978 01a1 01       		.byte	0x1
 979 01a2 52000000 		.4byte	.LASF24
 980 01a6 01       		.byte	0x1
 981 01a7 9F01     		.2byte	0x19f
 982 01a9 01       		.byte	0x1
 983 01aa 00000000 		.4byte	.LFB10
 984 01ae 20000000 		.4byte	.LFE10
 985 01b2 C6010000 		.4byte	.LLST10
 986 01b6 CA010000 		.4byte	0x1ca
 987 01ba 0B       		.uleb128 0xb
 988 01bb 4B000000 		.4byte	.LASF25
 989 01bf 01       		.byte	0x1
 990 01c0 9F01     		.2byte	0x19f
 991 01c2 6F000000 		.4byte	0x6f
 992 01c6 02       		.byte	0x2
 993 01c7 91       		.byte	0x91
 994 01c8 77       		.sleb128 -9
 995 01c9 00       		.byte	0x0
 996 01ca 09       		.uleb128 0x9
 997 01cb 01       		.byte	0x1
 998 01cc 37020000 		.4byte	.LASF26
 999 01d0 01       		.byte	0x1
 1000 01d1 B601     		.2byte	0x1b6
 1001 01d3 01       		.byte	0x1
 1002 01d4 6F000000 		.4byte	0x6f
 1003 01d8 00000000 		.4byte	.LFB11
 1004 01dc 1A000000 		.4byte	.LFE11
 1005 01e0 FD010000 		.4byte	.LLST11
 1006 01e4 0C       		.uleb128 0xc
 1007 01e5 B6010000 		.4byte	.LASF31
 1008 01e9 01       		.byte	0x1
 1009 01ea 15       		.byte	0x15
 1010 01eb 6F000000 		.4byte	0x6f
 1011 01ef 01       		.byte	0x1
 1012 01f0 05       		.byte	0x5
 1013 01f1 03       		.byte	0x3
 1014 01f2 00000000 		.4byte	Counter_2_initVar
 1015 01f6 00       		.byte	0x0
 1016              		.section	.debug_abbrev
 1017 0000 01       		.uleb128 0x1
 1018 0001 11       		.uleb128 0x11
 1019 0002 01       		.byte	0x1
 1020 0003 25       		.uleb128 0x25
 1021 0004 0E       		.uleb128 0xe
 1022 0005 13       		.uleb128 0x13
 1023 0006 0B       		.uleb128 0xb
 1024 0007 03       		.uleb128 0x3
 1025 0008 0E       		.uleb128 0xe
 1026 0009 1B       		.uleb128 0x1b
 1027 000a 0E       		.uleb128 0xe
 1028 000b 11       		.uleb128 0x11
 1029 000c 01       		.uleb128 0x1
 1030 000d 52       		.uleb128 0x52
 1031 000e 01       		.uleb128 0x1
 1032 000f 55       		.uleb128 0x55
 1033 0010 06       		.uleb128 0x6
ARM GAS  C:\Users\hoangp\AppData\Local\Temp\cciuXLXh.s 			page 27


 1034 0011 10       		.uleb128 0x10
 1035 0012 06       		.uleb128 0x6
 1036 0013 00       		.byte	0x0
 1037 0014 00       		.byte	0x0
 1038 0015 02       		.uleb128 0x2
 1039 0016 24       		.uleb128 0x24
 1040 0017 00       		.byte	0x0
 1041 0018 0B       		.uleb128 0xb
 1042 0019 0B       		.uleb128 0xb
 1043 001a 3E       		.uleb128 0x3e
 1044 001b 0B       		.uleb128 0xb
 1045 001c 03       		.uleb128 0x3
 1046 001d 0E       		.uleb128 0xe
 1047 001e 00       		.byte	0x0
 1048 001f 00       		.byte	0x0
 1049 0020 03       		.uleb128 0x3
 1050 0021 24       		.uleb128 0x24
 1051 0022 00       		.byte	0x0
 1052 0023 0B       		.uleb128 0xb
 1053 0024 0B       		.uleb128 0xb
 1054 0025 3E       		.uleb128 0x3e
 1055 0026 0B       		.uleb128 0xb
 1056 0027 03       		.uleb128 0x3
 1057 0028 08       		.uleb128 0x8
 1058 0029 00       		.byte	0x0
 1059 002a 00       		.byte	0x0
 1060 002b 04       		.uleb128 0x4
 1061 002c 16       		.uleb128 0x16
 1062 002d 00       		.byte	0x0
 1063 002e 03       		.uleb128 0x3
 1064 002f 0E       		.uleb128 0xe
 1065 0030 3A       		.uleb128 0x3a
 1066 0031 0B       		.uleb128 0xb
 1067 0032 3B       		.uleb128 0x3b
 1068 0033 0B       		.uleb128 0xb
 1069 0034 49       		.uleb128 0x49
 1070 0035 13       		.uleb128 0x13
 1071 0036 00       		.byte	0x0
 1072 0037 00       		.byte	0x0
 1073 0038 05       		.uleb128 0x5
 1074 0039 24       		.uleb128 0x24
 1075 003a 00       		.byte	0x0
 1076 003b 0B       		.uleb128 0xb
 1077 003c 0B       		.uleb128 0xb
 1078 003d 3E       		.uleb128 0x3e
 1079 003e 0B       		.uleb128 0xb
 1080 003f 00       		.byte	0x0
 1081 0040 00       		.byte	0x0
 1082 0041 06       		.uleb128 0x6
 1083 0042 2E       		.uleb128 0x2e
 1084 0043 00       		.byte	0x0
 1085 0044 3F       		.uleb128 0x3f
 1086 0045 0C       		.uleb128 0xc
 1087 0046 03       		.uleb128 0x3
 1088 0047 0E       		.uleb128 0xe
 1089 0048 3A       		.uleb128 0x3a
 1090 0049 0B       		.uleb128 0xb
ARM GAS  C:\Users\hoangp\AppData\Local\Temp\cciuXLXh.s 			page 28


 1091 004a 3B       		.uleb128 0x3b
 1092 004b 0B       		.uleb128 0xb
 1093 004c 27       		.uleb128 0x27
 1094 004d 0C       		.uleb128 0xc
 1095 004e 11       		.uleb128 0x11
 1096 004f 01       		.uleb128 0x1
 1097 0050 12       		.uleb128 0x12
 1098 0051 01       		.uleb128 0x1
 1099 0052 40       		.uleb128 0x40
 1100 0053 06       		.uleb128 0x6
 1101 0054 00       		.byte	0x0
 1102 0055 00       		.byte	0x0
 1103 0056 07       		.uleb128 0x7
 1104 0057 2E       		.uleb128 0x2e
 1105 0058 01       		.byte	0x1
 1106 0059 3F       		.uleb128 0x3f
 1107 005a 0C       		.uleb128 0xc
 1108 005b 03       		.uleb128 0x3
 1109 005c 0E       		.uleb128 0xe
 1110 005d 3A       		.uleb128 0x3a
 1111 005e 0B       		.uleb128 0xb
 1112 005f 3B       		.uleb128 0x3b
 1113 0060 0B       		.uleb128 0xb
 1114 0061 27       		.uleb128 0x27
 1115 0062 0C       		.uleb128 0xc
 1116 0063 11       		.uleb128 0x11
 1117 0064 01       		.uleb128 0x1
 1118 0065 12       		.uleb128 0x12
 1119 0066 01       		.uleb128 0x1
 1120 0067 40       		.uleb128 0x40
 1121 0068 06       		.uleb128 0x6
 1122 0069 01       		.uleb128 0x1
 1123 006a 13       		.uleb128 0x13
 1124 006b 00       		.byte	0x0
 1125 006c 00       		.byte	0x0
 1126 006d 08       		.uleb128 0x8
 1127 006e 05       		.uleb128 0x5
 1128 006f 00       		.byte	0x0
 1129 0070 03       		.uleb128 0x3
 1130 0071 0E       		.uleb128 0xe
 1131 0072 3A       		.uleb128 0x3a
 1132 0073 0B       		.uleb128 0xb
 1133 0074 3B       		.uleb128 0x3b
 1134 0075 0B       		.uleb128 0xb
 1135 0076 49       		.uleb128 0x49
 1136 0077 13       		.uleb128 0x13
 1137 0078 02       		.uleb128 0x2
 1138 0079 0A       		.uleb128 0xa
 1139 007a 00       		.byte	0x0
 1140 007b 00       		.byte	0x0
 1141 007c 09       		.uleb128 0x9
 1142 007d 2E       		.uleb128 0x2e
 1143 007e 00       		.byte	0x0
 1144 007f 3F       		.uleb128 0x3f
 1145 0080 0C       		.uleb128 0xc
 1146 0081 03       		.uleb128 0x3
 1147 0082 0E       		.uleb128 0xe
ARM GAS  C:\Users\hoangp\AppData\Local\Temp\cciuXLXh.s 			page 29


 1148 0083 3A       		.uleb128 0x3a
 1149 0084 0B       		.uleb128 0xb
 1150 0085 3B       		.uleb128 0x3b
 1151 0086 05       		.uleb128 0x5
 1152 0087 27       		.uleb128 0x27
 1153 0088 0C       		.uleb128 0xc
 1154 0089 49       		.uleb128 0x49
 1155 008a 13       		.uleb128 0x13
 1156 008b 11       		.uleb128 0x11
 1157 008c 01       		.uleb128 0x1
 1158 008d 12       		.uleb128 0x12
 1159 008e 01       		.uleb128 0x1
 1160 008f 40       		.uleb128 0x40
 1161 0090 06       		.uleb128 0x6
 1162 0091 00       		.byte	0x0
 1163 0092 00       		.byte	0x0
 1164 0093 0A       		.uleb128 0xa
 1165 0094 2E       		.uleb128 0x2e
 1166 0095 01       		.byte	0x1
 1167 0096 3F       		.uleb128 0x3f
 1168 0097 0C       		.uleb128 0xc
 1169 0098 03       		.uleb128 0x3
 1170 0099 0E       		.uleb128 0xe
 1171 009a 3A       		.uleb128 0x3a
 1172 009b 0B       		.uleb128 0xb
 1173 009c 3B       		.uleb128 0x3b
 1174 009d 05       		.uleb128 0x5
 1175 009e 27       		.uleb128 0x27
 1176 009f 0C       		.uleb128 0xc
 1177 00a0 11       		.uleb128 0x11
 1178 00a1 01       		.uleb128 0x1
 1179 00a2 12       		.uleb128 0x12
 1180 00a3 01       		.uleb128 0x1
 1181 00a4 40       		.uleb128 0x40
 1182 00a5 06       		.uleb128 0x6
 1183 00a6 01       		.uleb128 0x1
 1184 00a7 13       		.uleb128 0x13
 1185 00a8 00       		.byte	0x0
 1186 00a9 00       		.byte	0x0
 1187 00aa 0B       		.uleb128 0xb
 1188 00ab 05       		.uleb128 0x5
 1189 00ac 00       		.byte	0x0
 1190 00ad 03       		.uleb128 0x3
 1191 00ae 0E       		.uleb128 0xe
 1192 00af 3A       		.uleb128 0x3a
 1193 00b0 0B       		.uleb128 0xb
 1194 00b1 3B       		.uleb128 0x3b
 1195 00b2 05       		.uleb128 0x5
 1196 00b3 49       		.uleb128 0x49
 1197 00b4 13       		.uleb128 0x13
 1198 00b5 02       		.uleb128 0x2
 1199 00b6 0A       		.uleb128 0xa
 1200 00b7 00       		.byte	0x0
 1201 00b8 00       		.byte	0x0
 1202 00b9 0C       		.uleb128 0xc
 1203 00ba 34       		.uleb128 0x34
 1204 00bb 00       		.byte	0x0
ARM GAS  C:\Users\hoangp\AppData\Local\Temp\cciuXLXh.s 			page 30


 1205 00bc 03       		.uleb128 0x3
 1206 00bd 0E       		.uleb128 0xe
 1207 00be 3A       		.uleb128 0x3a
 1208 00bf 0B       		.uleb128 0xb
 1209 00c0 3B       		.uleb128 0x3b
 1210 00c1 0B       		.uleb128 0xb
 1211 00c2 49       		.uleb128 0x49
 1212 00c3 13       		.uleb128 0x13
 1213 00c4 3F       		.uleb128 0x3f
 1214 00c5 0C       		.uleb128 0xc
 1215 00c6 02       		.uleb128 0x2
 1216 00c7 0A       		.uleb128 0xa
 1217 00c8 00       		.byte	0x0
 1218 00c9 00       		.byte	0x0
 1219 00ca 00       		.byte	0x0
 1220              		.section	.debug_pubnames,"",%progbits
 1221 0000 5F010000 		.4byte	0x15f
 1222 0004 0200     		.2byte	0x2
 1223 0006 00000000 		.4byte	.Ldebug_info0
 1224 000a F7010000 		.4byte	0x1f7
 1225 000e 92000000 		.4byte	0x92
 1226 0012 436F756E 		.ascii	"Counter_2_Init\000"
 1226      7465725F 
 1226      325F496E 
 1226      697400
 1227 0021 A7000000 		.4byte	0xa7
 1228 0025 436F756E 		.ascii	"Counter_2_Enable\000"
 1228      7465725F 
 1228      325F456E 
 1228      61626C65 
 1228      00
 1229 0036 BC000000 		.4byte	0xbc
 1230 003a 436F756E 		.ascii	"Counter_2_Start\000"
 1230      7465725F 
 1230      325F5374 
 1230      61727400 
 1231 004a D1000000 		.4byte	0xd1
 1232 004e 436F756E 		.ascii	"Counter_2_Stop\000"
 1232      7465725F 
 1232      325F5374 
 1232      6F7000
 1233 005d E6000000 		.4byte	0xe6
 1234 0061 436F756E 		.ascii	"Counter_2_SetInterruptMode\000"
 1234      7465725F 
 1234      325F5365 
 1234      74496E74 
 1234      65727275 
 1235 007c 0E010000 		.4byte	0x10e
 1236 0080 436F756E 		.ascii	"Counter_2_ReadStatusRegister\000"
 1236      7465725F 
 1236      325F5265 
 1236      61645374 
 1236      61747573 
 1237 009d 28010000 		.4byte	0x128
 1238 00a1 436F756E 		.ascii	"Counter_2_ReadControlRegister\000"
 1238      7465725F 
 1238      325F5265 
ARM GAS  C:\Users\hoangp\AppData\Local\Temp\cciuXLXh.s 			page 31


 1238      6164436F 
 1238      6E74726F 
 1239 00bf 42010000 		.4byte	0x142
 1240 00c3 436F756E 		.ascii	"Counter_2_WriteControlRegister\000"
 1240      7465725F 
 1240      325F5772 
 1240      69746543 
 1240      6F6E7472 
 1241 00e2 6C010000 		.4byte	0x16c
 1242 00e6 436F756E 		.ascii	"Counter_2_ReadCounter\000"
 1242      7465725F 
 1242      325F5265 
 1242      6164436F 
 1242      756E7465 
 1243 00fc 86010000 		.4byte	0x186
 1244 0100 436F756E 		.ascii	"Counter_2_ReadCapture\000"
 1244      7465725F 
 1244      325F5265 
 1244      61644361 
 1244      70747572 
 1245 0116 A0010000 		.4byte	0x1a0
 1246 011a 436F756E 		.ascii	"Counter_2_WritePeriod\000"
 1246      7465725F 
 1246      325F5772 
 1246      69746550 
 1246      6572696F 
 1247 0130 CA010000 		.4byte	0x1ca
 1248 0134 436F756E 		.ascii	"Counter_2_ReadPeriod\000"
 1248      7465725F 
 1248      325F5265 
 1248      61645065 
 1248      72696F64 
 1249 0149 E4010000 		.4byte	0x1e4
 1250 014d 436F756E 		.ascii	"Counter_2_initVar\000"
 1250      7465725F 
 1250      325F696E 
 1250      69745661 
 1250      7200
 1251 015f 00000000 		.4byte	0x0
 1252              		.section	.debug_aranges,"",%progbits
 1253 0000 74000000 		.4byte	0x74
 1254 0004 0200     		.2byte	0x2
 1255 0006 00000000 		.4byte	.Ldebug_info0
 1256 000a 04       		.byte	0x4
 1257 000b 00       		.byte	0x0
 1258 000c 0000     		.2byte	0x0
 1259 000e 0000     		.2byte	0x0
 1260 0010 00000000 		.4byte	.LFB0
 1261 0014 D2000000 		.4byte	.LFE0-.LFB0
 1262 0018 00000000 		.4byte	.LFB1
 1263 001c 5E000000 		.4byte	.LFE1-.LFB1
 1264 0020 00000000 		.4byte	.LFB2
 1265 0024 2A000000 		.4byte	.LFE2-.LFB2
 1266 0028 00000000 		.4byte	.LFB3
 1267 002c 58000000 		.4byte	.LFE3-.LFB3
 1268 0030 00000000 		.4byte	.LFB4
 1269 0034 20000000 		.4byte	.LFE4-.LFB4
ARM GAS  C:\Users\hoangp\AppData\Local\Temp\cciuXLXh.s 			page 32


 1270 0038 00000000 		.4byte	.LFB5
 1271 003c 18000000 		.4byte	.LFE5-.LFB5
 1272 0040 00000000 		.4byte	.LFB6
 1273 0044 18000000 		.4byte	.LFE6-.LFB6
 1274 0048 00000000 		.4byte	.LFB7
 1275 004c 20000000 		.4byte	.LFE7-.LFB7
 1276 0050 00000000 		.4byte	.LFB8
 1277 0054 24000000 		.4byte	.LFE8-.LFB8
 1278 0058 00000000 		.4byte	.LFB9
 1279 005c 1A000000 		.4byte	.LFE9-.LFB9
 1280 0060 00000000 		.4byte	.LFB10
 1281 0064 20000000 		.4byte	.LFE10-.LFB10
 1282 0068 00000000 		.4byte	.LFB11
 1283 006c 1A000000 		.4byte	.LFE11-.LFB11
 1284 0070 00000000 		.4byte	0x0
 1285 0074 00000000 		.4byte	0x0
 1286              		.section	.debug_ranges,"",%progbits
 1287              	.Ldebug_ranges0:
 1288 0000 00000000 		.4byte	.Ltext0
 1289 0004 00000000 		.4byte	.Letext0
 1290 0008 00000000 		.4byte	.LFB0
 1291 000c D2000000 		.4byte	.LFE0
 1292 0010 00000000 		.4byte	.LFB1
 1293 0014 5E000000 		.4byte	.LFE1
 1294 0018 00000000 		.4byte	.LFB2
 1295 001c 2A000000 		.4byte	.LFE2
 1296 0020 00000000 		.4byte	.LFB3
 1297 0024 58000000 		.4byte	.LFE3
 1298 0028 00000000 		.4byte	.LFB4
 1299 002c 20000000 		.4byte	.LFE4
 1300 0030 00000000 		.4byte	.LFB5
 1301 0034 18000000 		.4byte	.LFE5
 1302 0038 00000000 		.4byte	.LFB6
 1303 003c 18000000 		.4byte	.LFE6
 1304 0040 00000000 		.4byte	.LFB7
 1305 0044 20000000 		.4byte	.LFE7
 1306 0048 00000000 		.4byte	.LFB8
 1307 004c 24000000 		.4byte	.LFE8
 1308 0050 00000000 		.4byte	.LFB9
 1309 0054 1A000000 		.4byte	.LFE9
 1310 0058 00000000 		.4byte	.LFB10
 1311 005c 20000000 		.4byte	.LFE10
 1312 0060 00000000 		.4byte	.LFB11
 1313 0064 1A000000 		.4byte	.LFE11
 1314 0068 00000000 		.4byte	0x0
 1315 006c 00000000 		.4byte	0x0
 1316              		.section	.debug_str,"MS",%progbits,1
 1317              	.LASF6:
 1318 0000 6C6F6E67 		.ascii	"long long int\000"
 1318      206C6F6E 
 1318      6720696E 
 1318      7400
 1319              	.LASF17:
 1320 000e 436F756E 		.ascii	"Counter_2_ReadControlRegister\000"
 1320      7465725F 
 1320      325F5265 
 1320      6164436F 
ARM GAS  C:\Users\hoangp\AppData\Local\Temp\cciuXLXh.s 			page 33


 1320      6E74726F 
 1321              	.LASF19:
 1322 002c 436F756E 		.ascii	"Counter_2_WriteControlRegister\000"
 1322      7465725F 
 1322      325F5772 
 1322      69746543 
 1322      6F6E7472 
 1323              	.LASF25:
 1324 004b 70657269 		.ascii	"period\000"
 1324      6F6400
 1325              	.LASF24:
 1326 0052 436F756E 		.ascii	"Counter_2_WritePeriod\000"
 1326      7465725F 
 1326      325F5772 
 1326      69746550 
 1326      6572696F 
 1327              	.LASF3:
 1328 0068 73686F72 		.ascii	"short unsigned int\000"
 1328      7420756E 
 1328      7369676E 
 1328      65642069 
 1328      6E7400
 1329              	.LASF13:
 1330 007b 436F756E 		.ascii	"Counter_2_Enable\000"
 1330      7465725F 
 1330      325F456E 
 1330      61626C65 
 1330      00
 1331              	.LASF9:
 1332 008c 666C6F61 		.ascii	"float\000"
 1332      7400
 1333              	.LASF15:
 1334 0092 436F756E 		.ascii	"Counter_2_Stop\000"
 1334      7465725F 
 1334      325F5374 
 1334      6F7000
 1335              	.LASF1:
 1336 00a1 756E7369 		.ascii	"unsigned char\000"
 1336      676E6564 
 1336      20636861 
 1336      7200
 1337              	.LASF16:
 1338 00af 436F756E 		.ascii	"Counter_2_ReadStatusRegister\000"
 1338      7465725F 
 1338      325F5265 
 1338      61645374 
 1338      61747573 
 1339              	.LASF5:
 1340 00cc 6C6F6E67 		.ascii	"long unsigned int\000"
 1340      20756E73 
 1340      69676E65 
 1340      6420696E 
 1340      7400
 1341              	.LASF30:
 1342 00de 75696E74 		.ascii	"uint8\000"
 1342      3800
 1343              	.LASF21:
ARM GAS  C:\Users\hoangp\AppData\Local\Temp\cciuXLXh.s 			page 34


 1344 00e4 636F6E74 		.ascii	"control\000"
 1344      726F6C00 
 1345              	.LASF20:
 1346 00ec 696E7465 		.ascii	"interruptsMask\000"
 1346      72727570 
 1346      74734D61 
 1346      736B00
 1347              	.LASF10:
 1348 00fb 646F7562 		.ascii	"double\000"
 1348      6C6500
 1349              	.LASF29:
 1350 0102 433A5C55 		.ascii	"C:\\Users\\hoangp\\Documents\\GitHub\\EE542\\firmwa"
 1350      73657273 
 1350      5C686F61 
 1350      6E67705C 
 1350      446F6375 
 1351 012f 72655C69 		.ascii	"re\\invert\\invert.cydsn\000"
 1351      6E766572 
 1351      745C696E 
 1351      76657274 
 1351      2E637964 
 1352              	.LASF8:
 1353 0146 756E7369 		.ascii	"unsigned int\000"
 1353      676E6564 
 1353      20696E74 
 1353      00
 1354              	.LASF7:
 1355 0153 6C6F6E67 		.ascii	"long long unsigned int\000"
 1355      206C6F6E 
 1355      6720756E 
 1355      7369676E 
 1355      65642069 
 1356              	.LASF18:
 1357 016a 436F756E 		.ascii	"Counter_2_SetInterruptMode\000"
 1357      7465725F 
 1357      325F5365 
 1357      74496E74 
 1357      65727275 
 1358              	.LASF23:
 1359 0185 436F756E 		.ascii	"Counter_2_ReadCapture\000"
 1359      7465725F 
 1359      325F5265 
 1359      61644361 
 1359      70747572 
 1360              	.LASF27:
 1361 019b 474E5520 		.ascii	"GNU C 4.4.1\000"
 1361      4320342E 
 1361      342E3100 
 1362              	.LASF11:
 1363 01a7 63686172 		.ascii	"char\000"
 1363      00
 1364              	.LASF2:
 1365 01ac 73686F72 		.ascii	"short int\000"
 1365      7420696E 
 1365      7400
 1366              	.LASF31:
 1367 01b6 436F756E 		.ascii	"Counter_2_initVar\000"
ARM GAS  C:\Users\hoangp\AppData\Local\Temp\cciuXLXh.s 			page 35


 1367      7465725F 
 1367      325F696E 
 1367      69745661 
 1367      7200
 1368              	.LASF28:
 1369 01c8 2E5C4765 		.ascii	".\\Generated_Source\\PSoC5\\Counter_2.c\000"
 1369      6E657261 
 1369      7465645F 
 1369      536F7572 
 1369      63655C50 
 1370              	.LASF4:
 1371 01ed 6C6F6E67 		.ascii	"long int\000"
 1371      20696E74 
 1371      00
 1372              	.LASF0:
 1373 01f6 7369676E 		.ascii	"signed char\000"
 1373      65642063 
 1373      68617200 
 1374              	.LASF22:
 1375 0202 436F756E 		.ascii	"Counter_2_ReadCounter\000"
 1375      7465725F 
 1375      325F5265 
 1375      6164436F 
 1375      756E7465 
 1376              	.LASF12:
 1377 0218 436F756E 		.ascii	"Counter_2_Init\000"
 1377      7465725F 
 1377      325F496E 
 1377      697400
 1378              	.LASF14:
 1379 0227 436F756E 		.ascii	"Counter_2_Start\000"
 1379      7465725F 
 1379      325F5374 
 1379      61727400 
 1380              	.LASF26:
 1381 0237 436F756E 		.ascii	"Counter_2_ReadPeriod\000"
 1381      7465725F 
 1381      325F5265 
 1381      61645065 
 1381      72696F64 
 1382              		.ident	"GCC: (Sourcery G++ Lite 2010q1-188) 4.4.1"
