ARM GAS  C:\Users\hoangp\AppData\Local\Temp\cc47c7Gg.s 			page 1


   1              		.syntax unified
   2              		.cpu cortex-m3
   3              		.fpu softvfp
   4              		.eabi_attribute 20, 1
   5              		.eabi_attribute 21, 1
   6              		.eabi_attribute 23, 3
   7              		.eabi_attribute 24, 1
   8              		.eabi_attribute 25, 1
   9              		.eabi_attribute 26, 1
  10              		.eabi_attribute 30, 6
  11              		.eabi_attribute 18, 4
  12              		.thumb
  13              		.file	"DFB_1_PM.c"
  14              		.section	.debug_abbrev,"",%progbits
  15              	.Ldebug_abbrev0:
  16              		.section	.debug_info,"",%progbits
  17              	.Ldebug_info0:
  18              		.section	.debug_line,"",%progbits
  19              	.Ldebug_line0:
  20 0000 BF000000 		.text
  20      02006C00 
  20      00000201 
  20      FB0E0D00 
  20      01010101 
  21              	.Ltext0:
  22              		.cfi_sections	.debug_frame
  23              		.bss
  24              		.align	2
  25              	DFB_1_backup:
  26 0000 00       		.space	1
  27 0001 000000   		.section	.text.DFB_1_SaveConfig,"ax",%progbits
  28              		.align	2
  29              		.global	DFB_1_SaveConfig
  30              		.thumb
  31              		.thumb_func
  32              		.type	DFB_1_SaveConfig, %function
  33              	DFB_1_SaveConfig:
  34              	.LFB0:
  35              		.file 1 ".\\Generated_Source\\PSoC5\\DFB_1_PM.c"
   1:.\Generated_Source\PSoC5/DFB_1_PM.c **** /*******************************************************************************
   2:.\Generated_Source\PSoC5/DFB_1_PM.c **** * File Name: DFB_1_PM.c
   3:.\Generated_Source\PSoC5/DFB_1_PM.c **** * Version 1.20
   4:.\Generated_Source\PSoC5/DFB_1_PM.c **** *
   5:.\Generated_Source\PSoC5/DFB_1_PM.c **** * Description:
   6:.\Generated_Source\PSoC5/DFB_1_PM.c **** *  This file contains the setup, control and status commands to support
   7:.\Generated_Source\PSoC5/DFB_1_PM.c **** *  component operations in low power mode.
   8:.\Generated_Source\PSoC5/DFB_1_PM.c **** *
   9:.\Generated_Source\PSoC5/DFB_1_PM.c **** * Note:
  10:.\Generated_Source\PSoC5/DFB_1_PM.c **** *
  11:.\Generated_Source\PSoC5/DFB_1_PM.c **** ********************************************************************************
  12:.\Generated_Source\PSoC5/DFB_1_PM.c **** * Copyright 2011-2012, Cypress Semiconductor Corporation.  All rights reserved.
  13:.\Generated_Source\PSoC5/DFB_1_PM.c **** * You may use this file only in accordance with the license, terms, conditions,
  14:.\Generated_Source\PSoC5/DFB_1_PM.c **** * disclaimers, and limitations in the end user license agreement accompanying
  15:.\Generated_Source\PSoC5/DFB_1_PM.c **** * the software package with which this file was provided.
  16:.\Generated_Source\PSoC5/DFB_1_PM.c **** *******************************************************************************/
  17:.\Generated_Source\PSoC5/DFB_1_PM.c **** 
  18:.\Generated_Source\PSoC5/DFB_1_PM.c **** #include "DFB_1.h"
ARM GAS  C:\Users\hoangp\AppData\Local\Temp\cc47c7Gg.s 			page 2


  19:.\Generated_Source\PSoC5/DFB_1_PM.c **** 
  20:.\Generated_Source\PSoC5/DFB_1_PM.c **** static DFB_1_BACKUP_STRUCT DFB_1_backup = { 0u };
  21:.\Generated_Source\PSoC5/DFB_1_PM.c **** 
  22:.\Generated_Source\PSoC5/DFB_1_PM.c **** 
  23:.\Generated_Source\PSoC5/DFB_1_PM.c **** /*******************************************************************************
  24:.\Generated_Source\PSoC5/DFB_1_PM.c **** * Function Name: DFB_1_SaveConfig
  25:.\Generated_Source\PSoC5/DFB_1_PM.c **** ********************************************************************************
  26:.\Generated_Source\PSoC5/DFB_1_PM.c **** *
  27:.\Generated_Source\PSoC5/DFB_1_PM.c **** * Summary:
  28:.\Generated_Source\PSoC5/DFB_1_PM.c **** *  Saves the user configuration of the DFB non-retention registers. This routine
  29:.\Generated_Source\PSoC5/DFB_1_PM.c **** *  is called by DFB_Sleep() to save the component configuration before entering
  30:.\Generated_Source\PSoC5/DFB_1_PM.c **** *  sleep.
  31:.\Generated_Source\PSoC5/DFB_1_PM.c **** *
  32:.\Generated_Source\PSoC5/DFB_1_PM.c **** * Parameters:
  33:.\Generated_Source\PSoC5/DFB_1_PM.c **** *  None.
  34:.\Generated_Source\PSoC5/DFB_1_PM.c **** *
  35:.\Generated_Source\PSoC5/DFB_1_PM.c **** * Return:
  36:.\Generated_Source\PSoC5/DFB_1_PM.c **** *  None.
  37:.\Generated_Source\PSoC5/DFB_1_PM.c **** *
  38:.\Generated_Source\PSoC5/DFB_1_PM.c **** *******************************************************************************/
  39:.\Generated_Source\PSoC5/DFB_1_PM.c **** void DFB_1_SaveConfig(void) 
  40:.\Generated_Source\PSoC5/DFB_1_PM.c **** {
  36              		.loc 1 40 0
  37              		.cfi_startproc
  38              		@ args = 0, pretend = 0, frame = 0
  39              		@ frame_needed = 1, uses_anonymous_args = 0
  40              		@ link register save eliminated.
  41 0000 80B4     		push	{r7}
  42              	.LCFI0:
  43              		.cfi_def_cfa_offset 4
  44 0002 00AF     		add	r7, sp, #0
  45              		.cfi_offset 7, -4
  46              	.LCFI1:
  47              		.cfi_def_cfa_register 7
  41:.\Generated_Source\PSoC5/DFB_1_PM.c ****     /* */
  42:.\Generated_Source\PSoC5/DFB_1_PM.c **** }
  48              		.loc 1 42 0
  49 0004 BD46     		mov	sp, r7
  50 0006 80BC     		pop	{r7}
  51 0008 7047     		bx	lr
  52              		.cfi_endproc
  53              	.LFE0:
  54              		.size	DFB_1_SaveConfig, .-DFB_1_SaveConfig
  55 000a 00BF     		.section	.text.DFB_1_RestoreConfig,"ax",%progbits
  56              		.align	2
  57              		.global	DFB_1_RestoreConfig
  58              		.thumb
  59              		.thumb_func
  60              		.type	DFB_1_RestoreConfig, %function
  61              	DFB_1_RestoreConfig:
  62              	.LFB1:
  43:.\Generated_Source\PSoC5/DFB_1_PM.c **** 
  44:.\Generated_Source\PSoC5/DFB_1_PM.c **** 
  45:.\Generated_Source\PSoC5/DFB_1_PM.c **** /*******************************************************************************
  46:.\Generated_Source\PSoC5/DFB_1_PM.c **** * Function Name: DFB_1_RestoreConfig
  47:.\Generated_Source\PSoC5/DFB_1_PM.c **** ********************************************************************************
  48:.\Generated_Source\PSoC5/DFB_1_PM.c **** *
ARM GAS  C:\Users\hoangp\AppData\Local\Temp\cc47c7Gg.s 			page 3


  49:.\Generated_Source\PSoC5/DFB_1_PM.c **** * Summary:
  50:.\Generated_Source\PSoC5/DFB_1_PM.c **** *  Restores the user configuration of the DFB non-retention registers. This
  51:.\Generated_Source\PSoC5/DFB_1_PM.c **** *  routine is called by DFB_Wakeup() to restore the component configuration when
  52:.\Generated_Source\PSoC5/DFB_1_PM.c **** *  exiting sleep.
  53:.\Generated_Source\PSoC5/DFB_1_PM.c **** *
  54:.\Generated_Source\PSoC5/DFB_1_PM.c **** * Parameters:
  55:.\Generated_Source\PSoC5/DFB_1_PM.c **** *  None.
  56:.\Generated_Source\PSoC5/DFB_1_PM.c **** *
  57:.\Generated_Source\PSoC5/DFB_1_PM.c **** * Return:
  58:.\Generated_Source\PSoC5/DFB_1_PM.c **** *  None.
  59:.\Generated_Source\PSoC5/DFB_1_PM.c **** *
  60:.\Generated_Source\PSoC5/DFB_1_PM.c **** *******************************************************************************/
  61:.\Generated_Source\PSoC5/DFB_1_PM.c **** void DFB_1_RestoreConfig(void) 
  62:.\Generated_Source\PSoC5/DFB_1_PM.c **** {
  63              		.loc 1 62 0
  64              		.cfi_startproc
  65              		@ args = 0, pretend = 0, frame = 0
  66              		@ frame_needed = 1, uses_anonymous_args = 0
  67              		@ link register save eliminated.
  68 0000 80B4     		push	{r7}
  69              	.LCFI2:
  70              		.cfi_def_cfa_offset 4
  71 0002 00AF     		add	r7, sp, #0
  72              		.cfi_offset 7, -4
  73              	.LCFI3:
  74              		.cfi_def_cfa_register 7
  63:.\Generated_Source\PSoC5/DFB_1_PM.c ****     /* */
  64:.\Generated_Source\PSoC5/DFB_1_PM.c **** }
  75              		.loc 1 64 0
  76 0004 BD46     		mov	sp, r7
  77 0006 80BC     		pop	{r7}
  78 0008 7047     		bx	lr
  79              		.cfi_endproc
  80              	.LFE1:
  81              		.size	DFB_1_RestoreConfig, .-DFB_1_RestoreConfig
  82 000a 00BF     		.section	.text.DFB_1_Sleep,"ax",%progbits
  83              		.align	2
  84              		.global	DFB_1_Sleep
  85              		.thumb
  86              		.thumb_func
  87              		.type	DFB_1_Sleep, %function
  88              	DFB_1_Sleep:
  89              	.LFB2:
  65:.\Generated_Source\PSoC5/DFB_1_PM.c **** 
  66:.\Generated_Source\PSoC5/DFB_1_PM.c **** 
  67:.\Generated_Source\PSoC5/DFB_1_PM.c **** /*******************************************************************************
  68:.\Generated_Source\PSoC5/DFB_1_PM.c **** * Function Name: DFB_1_Sleep
  69:.\Generated_Source\PSoC5/DFB_1_PM.c **** ********************************************************************************
  70:.\Generated_Source\PSoC5/DFB_1_PM.c **** *
  71:.\Generated_Source\PSoC5/DFB_1_PM.c **** * Summary:
  72:.\Generated_Source\PSoC5/DFB_1_PM.c **** *  This is the preferred routine to prepare the component for sleep. The
  73:.\Generated_Source\PSoC5/DFB_1_PM.c **** *  DFB_1_Sleep() routine saves the current component state. Then it
  74:.\Generated_Source\PSoC5/DFB_1_PM.c **** *  calls the DFB_Stop() function and calls DFB_1_SaveConfig() to save
  75:.\Generated_Source\PSoC5/DFB_1_PM.c **** *  the hardware configuration. Call the DFB_1_Sleep() function before
  76:.\Generated_Source\PSoC5/DFB_1_PM.c **** *  calling the CyPmSleep() or the CyPmHibernate() function. Refer to the PSoC
  77:.\Generated_Source\PSoC5/DFB_1_PM.c **** *  Creator System Reference Guide for more information about power management
  78:.\Generated_Source\PSoC5/DFB_1_PM.c **** *  functions.
ARM GAS  C:\Users\hoangp\AppData\Local\Temp\cc47c7Gg.s 			page 4


  79:.\Generated_Source\PSoC5/DFB_1_PM.c **** *
  80:.\Generated_Source\PSoC5/DFB_1_PM.c **** * Parameters:
  81:.\Generated_Source\PSoC5/DFB_1_PM.c **** *  None.
  82:.\Generated_Source\PSoC5/DFB_1_PM.c **** *
  83:.\Generated_Source\PSoC5/DFB_1_PM.c **** * Return:
  84:.\Generated_Source\PSoC5/DFB_1_PM.c **** *  None.
  85:.\Generated_Source\PSoC5/DFB_1_PM.c **** *
  86:.\Generated_Source\PSoC5/DFB_1_PM.c **** * Reentrant:
  87:.\Generated_Source\PSoC5/DFB_1_PM.c **** *  No.
  88:.\Generated_Source\PSoC5/DFB_1_PM.c **** *
  89:.\Generated_Source\PSoC5/DFB_1_PM.c **** *******************************************************************************/
  90:.\Generated_Source\PSoC5/DFB_1_PM.c **** void DFB_1_Sleep(void) 
  91:.\Generated_Source\PSoC5/DFB_1_PM.c **** {
  90              		.loc 1 91 0
  91              		.cfi_startproc
  92              		@ args = 0, pretend = 0, frame = 0
  93              		@ frame_needed = 1, uses_anonymous_args = 0
  94 0000 80B5     		push	{r7, lr}
  95              	.LCFI4:
  96              		.cfi_def_cfa_offset 8
  97 0002 00AF     		add	r7, sp, #0
  98              		.cfi_offset 14, -4
  99              		.cfi_offset 7, -8
 100              	.LCFI5:
 101              		.cfi_def_cfa_register 7
  92:.\Generated_Source\PSoC5/DFB_1_PM.c ****     if (0u != (DFB_1_CR_REG & DFB_1_RUN_MASK))
 102              		.loc 1 92 0
 103 0004 4CF28073 		movw	r3, #:lower16:1073792896
 104 0008 C4F20003 		movt	r3, #:upper16:1073792896
 105 000c 1B78     		ldrb	r3, [r3, #0]
 106 000e DBB2     		uxtb	r3, r3
 107 0010 03F00103 		and	r3, r3, #1
 108 0014 DBB2     		uxtb	r3, r3
 109 0016 002B     		cmp	r3, #0
 110 0018 07D0     		beq	.L6
  93:.\Generated_Source\PSoC5/DFB_1_PM.c ****     {
  94:.\Generated_Source\PSoC5/DFB_1_PM.c ****         DFB_1_backup.enableState = 1u;
 111              		.loc 1 94 0
 112 001a 40F20003 		movw	r3, #:lower16:DFB_1_backup
 113 001e C0F20003 		movt	r3, #:upper16:DFB_1_backup
 114 0022 4FF00102 		mov	r2, #1
 115 0026 1A70     		strb	r2, [r3, #0]
 116 0028 06E0     		b	.L7
 117              	.L6:
  95:.\Generated_Source\PSoC5/DFB_1_PM.c ****     }
  96:.\Generated_Source\PSoC5/DFB_1_PM.c ****     else /* The DFB block is disabled */
  97:.\Generated_Source\PSoC5/DFB_1_PM.c ****     {
  98:.\Generated_Source\PSoC5/DFB_1_PM.c ****         DFB_1_backup.enableState = 0u;
 118              		.loc 1 98 0
 119 002a 40F20003 		movw	r3, #:lower16:DFB_1_backup
 120 002e C0F20003 		movt	r3, #:upper16:DFB_1_backup
 121 0032 4FF00002 		mov	r2, #0
 122 0036 1A70     		strb	r2, [r3, #0]
 123              	.L7:
  99:.\Generated_Source\PSoC5/DFB_1_PM.c ****     }
 100:.\Generated_Source\PSoC5/DFB_1_PM.c **** 
 101:.\Generated_Source\PSoC5/DFB_1_PM.c ****     /* Disables the clock to the entire core of the block */
ARM GAS  C:\Users\hoangp\AppData\Local\Temp\cc47c7Gg.s 			page 5


 102:.\Generated_Source\PSoC5/DFB_1_PM.c ****     DFB_1_CR_REG |= DFB_1_CORECLK_DISABLE;
 124              		.loc 1 102 0
 125 0038 4CF28073 		movw	r3, #:lower16:1073792896
 126 003c C4F20003 		movt	r3, #:upper16:1073792896
 127 0040 4CF28072 		movw	r2, #:lower16:1073792896
 128 0044 C4F20002 		movt	r2, #:upper16:1073792896
 129 0048 1278     		ldrb	r2, [r2, #0]
 130 004a D2B2     		uxtb	r2, r2
 131 004c 42F00402 		orr	r2, r2, #4
 132 0050 D2B2     		uxtb	r2, r2
 133 0052 1A70     		strb	r2, [r3, #0]
 103:.\Generated_Source\PSoC5/DFB_1_PM.c **** 
 104:.\Generated_Source\PSoC5/DFB_1_PM.c ****     DFB_1_Pause();
 134              		.loc 1 104 0
 135 0054 FFF7FEFF 		bl	DFB_1_Pause
 105:.\Generated_Source\PSoC5/DFB_1_PM.c **** }
 136              		.loc 1 105 0
 137 0058 80BD     		pop	{r7, pc}
 138              		.cfi_endproc
 139              	.LFE2:
 140              		.size	DFB_1_Sleep, .-DFB_1_Sleep
 141 005a 00BF     		.section	.text.DFB_1_Wakeup,"ax",%progbits
 142              		.align	2
 143              		.global	DFB_1_Wakeup
 144              		.thumb
 145              		.thumb_func
 146              		.type	DFB_1_Wakeup, %function
 147              	DFB_1_Wakeup:
 148              	.LFB3:
 106:.\Generated_Source\PSoC5/DFB_1_PM.c **** 
 107:.\Generated_Source\PSoC5/DFB_1_PM.c **** 
 108:.\Generated_Source\PSoC5/DFB_1_PM.c **** /*******************************************************************************
 109:.\Generated_Source\PSoC5/DFB_1_PM.c **** * Function Name: DFB_1_Wakeup
 110:.\Generated_Source\PSoC5/DFB_1_PM.c **** ********************************************************************************
 111:.\Generated_Source\PSoC5/DFB_1_PM.c **** *
 112:.\Generated_Source\PSoC5/DFB_1_PM.c **** * Summary:
 113:.\Generated_Source\PSoC5/DFB_1_PM.c **** *  This is the preferred routine to restore the component to the state when
 114:.\Generated_Source\PSoC5/DFB_1_PM.c **** *  DFB_1_Sleep() was called. The DFB_1_Wakeup() function
 115:.\Generated_Source\PSoC5/DFB_1_PM.c **** *  calls the DFB_1_RestoreConfig() function to restore the
 116:.\Generated_Source\PSoC5/DFB_1_PM.c **** *  configuration. If the component was enabled before the
 117:.\Generated_Source\PSoC5/DFB_1_PM.c **** *  DFB_1_Sleep() function was called, the DFB_1_Wakeup()
 118:.\Generated_Source\PSoC5/DFB_1_PM.c **** *  function will also re-enable the component.
 119:.\Generated_Source\PSoC5/DFB_1_PM.c **** *
 120:.\Generated_Source\PSoC5/DFB_1_PM.c **** * Parameters:
 121:.\Generated_Source\PSoC5/DFB_1_PM.c **** *  None.
 122:.\Generated_Source\PSoC5/DFB_1_PM.c **** *
 123:.\Generated_Source\PSoC5/DFB_1_PM.c **** * Return:
 124:.\Generated_Source\PSoC5/DFB_1_PM.c **** *  None.
 125:.\Generated_Source\PSoC5/DFB_1_PM.c **** *
 126:.\Generated_Source\PSoC5/DFB_1_PM.c **** * Side Effects:
 127:.\Generated_Source\PSoC5/DFB_1_PM.c **** *  Calling the DFB_1_Wakeup() function without first calling the
 128:.\Generated_Source\PSoC5/DFB_1_PM.c **** *  DFB_1_Sleep() or DFB_1_SaveConfig() function may
 129:.\Generated_Source\PSoC5/DFB_1_PM.c **** *  produce unexpected behavior.
 130:.\Generated_Source\PSoC5/DFB_1_PM.c **** *
 131:.\Generated_Source\PSoC5/DFB_1_PM.c **** *******************************************************************************/
 132:.\Generated_Source\PSoC5/DFB_1_PM.c **** void DFB_1_Wakeup(void) 
 133:.\Generated_Source\PSoC5/DFB_1_PM.c **** {
ARM GAS  C:\Users\hoangp\AppData\Local\Temp\cc47c7Gg.s 			page 6


 149              		.loc 1 133 0
 150              		.cfi_startproc
 151              		@ args = 0, pretend = 0, frame = 0
 152              		@ frame_needed = 1, uses_anonymous_args = 0
 153 0000 80B5     		push	{r7, lr}
 154              	.LCFI6:
 155              		.cfi_def_cfa_offset 8
 156 0002 00AF     		add	r7, sp, #0
 157              		.cfi_offset 14, -4
 158              		.cfi_offset 7, -8
 159              	.LCFI7:
 160              		.cfi_def_cfa_register 7
 134:.\Generated_Source\PSoC5/DFB_1_PM.c ****    DFB_1_RestoreConfig();
 161              		.loc 1 134 0
 162 0004 FFF7FEFF 		bl	DFB_1_RestoreConfig
 135:.\Generated_Source\PSoC5/DFB_1_PM.c **** 
 136:.\Generated_Source\PSoC5/DFB_1_PM.c ****     /* Enables the clock to the entire core of the block */
 137:.\Generated_Source\PSoC5/DFB_1_PM.c ****     DFB_1_CR_REG &= (uint8) (~DFB_1_CORECLK_DISABLE);
 163              		.loc 1 137 0
 164 0008 4CF28073 		movw	r3, #:lower16:1073792896
 165 000c C4F20003 		movt	r3, #:upper16:1073792896
 166 0010 4CF28072 		movw	r2, #:lower16:1073792896
 167 0014 C4F20002 		movt	r2, #:upper16:1073792896
 168 0018 1278     		ldrb	r2, [r2, #0]
 169 001a D2B2     		uxtb	r2, r2
 170 001c 02F0FB02 		and	r2, r2, #251
 171 0020 1A70     		strb	r2, [r3, #0]
 138:.\Generated_Source\PSoC5/DFB_1_PM.c **** 
 139:.\Generated_Source\PSoC5/DFB_1_PM.c ****     if (DFB_1_backup.enableState != 0u)
 172              		.loc 1 139 0
 173 0022 40F20003 		movw	r3, #:lower16:DFB_1_backup
 174 0026 C0F20003 		movt	r3, #:upper16:DFB_1_backup
 175 002a 1B78     		ldrb	r3, [r3, #0]	@ zero_extendqisi2
 176 002c 002B     		cmp	r3, #0
 177 002e 02D0     		beq	.L10
 140:.\Generated_Source\PSoC5/DFB_1_PM.c ****     {
 141:.\Generated_Source\PSoC5/DFB_1_PM.c ****         /* Enables component's operation */
 142:.\Generated_Source\PSoC5/DFB_1_PM.c ****         DFB_1_Resume();
 178              		.loc 1 142 0
 179 0030 FFF7FEFF 		bl	DFB_1_Resume
 180 0034 0DE0     		b	.L12
 181              	.L10:
 143:.\Generated_Source\PSoC5/DFB_1_PM.c ****     } /* Left Run Bit in off state if component's block was disabled before */
 144:.\Generated_Source\PSoC5/DFB_1_PM.c ****     else
 145:.\Generated_Source\PSoC5/DFB_1_PM.c ****     {
 146:.\Generated_Source\PSoC5/DFB_1_PM.c ****         /* Takes DFB RAM off the bus */
 147:.\Generated_Source\PSoC5/DFB_1_PM.c ****         DFB_1_RAM_DIR_REG = DFB_1_RAM_DIR_DFB;
 182              		.loc 1 147 0
 183 0036 4CF28C73 		movw	r3, #:lower16:1073792908
 184 003a C4F20003 		movt	r3, #:upper16:1073792908
 185 003e 4FF00002 		mov	r2, #0
 186 0042 1A70     		strb	r2, [r3, #0]
 148:.\Generated_Source\PSoC5/DFB_1_PM.c ****         /* Clears any pending interrupts */
 149:.\Generated_Source\PSoC5/DFB_1_PM.c ****         DFB_1_SR_REG = 0xFFu;
 187              		.loc 1 149 0
 188 0044 4CF28473 		movw	r3, #:lower16:1073792900
 189 0048 C4F20003 		movt	r3, #:upper16:1073792900
ARM GAS  C:\Users\hoangp\AppData\Local\Temp\cc47c7Gg.s 			page 7


 190 004c 4FF0FF32 		mov	r2, #-1
 191 0050 1A70     		strb	r2, [r3, #0]
 192              	.L12:
 150:.\Generated_Source\PSoC5/DFB_1_PM.c ****     }
 151:.\Generated_Source\PSoC5/DFB_1_PM.c **** }
 193              		.loc 1 151 0
 194 0052 80BD     		pop	{r7, pc}
 195              		.cfi_endproc
 196              	.LFE3:
 197              		.size	DFB_1_Wakeup, .-DFB_1_Wakeup
 198              		.text
 199              	.Letext0:
 200              		.section	.debug_loc,"",%progbits
 201              	.Ldebug_loc0:
 202              	.LLST0:
 203 0000 00000000 		.4byte	.LFB0
 204 0004 02000000 		.4byte	.LCFI0
 205 0008 0100     		.2byte	0x1
 206 000a 5D       		.byte	0x5d
 207 000b 02000000 		.4byte	.LCFI0
 208 000f 04000000 		.4byte	.LCFI1
 209 0013 0200     		.2byte	0x2
 210 0015 7D       		.byte	0x7d
 211 0016 04       		.sleb128 4
 212 0017 04000000 		.4byte	.LCFI1
 213 001b 0A000000 		.4byte	.LFE0
 214 001f 0200     		.2byte	0x2
 215 0021 77       		.byte	0x77
 216 0022 04       		.sleb128 4
 217 0023 00000000 		.4byte	0x0
 218 0027 00000000 		.4byte	0x0
 219              	.LLST1:
 220 002b 00000000 		.4byte	.LFB1
 221 002f 02000000 		.4byte	.LCFI2
 222 0033 0100     		.2byte	0x1
 223 0035 5D       		.byte	0x5d
 224 0036 02000000 		.4byte	.LCFI2
 225 003a 04000000 		.4byte	.LCFI3
 226 003e 0200     		.2byte	0x2
 227 0040 7D       		.byte	0x7d
 228 0041 04       		.sleb128 4
 229 0042 04000000 		.4byte	.LCFI3
 230 0046 0A000000 		.4byte	.LFE1
 231 004a 0200     		.2byte	0x2
 232 004c 77       		.byte	0x77
 233 004d 04       		.sleb128 4
 234 004e 00000000 		.4byte	0x0
 235 0052 00000000 		.4byte	0x0
 236              	.LLST2:
 237 0056 00000000 		.4byte	.LFB2
 238 005a 02000000 		.4byte	.LCFI4
 239 005e 0100     		.2byte	0x1
 240 0060 5D       		.byte	0x5d
 241 0061 02000000 		.4byte	.LCFI4
 242 0065 04000000 		.4byte	.LCFI5
 243 0069 0200     		.2byte	0x2
 244 006b 7D       		.byte	0x7d
ARM GAS  C:\Users\hoangp\AppData\Local\Temp\cc47c7Gg.s 			page 8


 245 006c 08       		.sleb128 8
 246 006d 04000000 		.4byte	.LCFI5
 247 0071 5A000000 		.4byte	.LFE2
 248 0075 0200     		.2byte	0x2
 249 0077 77       		.byte	0x77
 250 0078 08       		.sleb128 8
 251 0079 00000000 		.4byte	0x0
 252 007d 00000000 		.4byte	0x0
 253              	.LLST3:
 254 0081 00000000 		.4byte	.LFB3
 255 0085 02000000 		.4byte	.LCFI6
 256 0089 0100     		.2byte	0x1
 257 008b 5D       		.byte	0x5d
 258 008c 02000000 		.4byte	.LCFI6
 259 0090 04000000 		.4byte	.LCFI7
 260 0094 0200     		.2byte	0x2
 261 0096 7D       		.byte	0x7d
 262 0097 08       		.sleb128 8
 263 0098 04000000 		.4byte	.LCFI7
 264 009c 54000000 		.4byte	.LFE3
 265 00a0 0200     		.2byte	0x2
 266 00a2 77       		.byte	0x77
 267 00a3 08       		.sleb128 8
 268 00a4 00000000 		.4byte	0x0
 269 00a8 00000000 		.4byte	0x0
 270              		.file 2 ".\\Generated_Source\\PSoC5\\/cytypes.h"
 271              		.file 3 ".\\Generated_Source\\PSoC5\\/DFB_1.h"
 272              		.section	.debug_info
 273 0000 16010000 		.4byte	0x116
 274 0004 0200     		.2byte	0x2
 275 0006 00000000 		.4byte	.Ldebug_abbrev0
 276 000a 04       		.byte	0x4
 277 000b 01       		.uleb128 0x1
 278 000c 9B000000 		.4byte	.LASF18
 279 0010 01       		.byte	0x1
 280 0011 3B000000 		.4byte	.LASF19
 281 0015 23010000 		.4byte	.LASF20
 282 0019 00000000 		.4byte	0x0
 283 001d 00000000 		.4byte	0x0
 284 0021 00000000 		.4byte	.Ldebug_ranges0+0x0
 285 0025 00000000 		.4byte	.Ldebug_line0
 286 0029 02       		.uleb128 0x2
 287 002a 01       		.byte	0x1
 288 002b 06       		.byte	0x6
 289 002c 05010000 		.4byte	.LASF0
 290 0030 02       		.uleb128 0x2
 291 0031 01       		.byte	0x1
 292 0032 08       		.byte	0x8
 293 0033 A7000000 		.4byte	.LASF1
 294 0037 02       		.uleb128 0x2
 295 0038 02       		.byte	0x2
 296 0039 05       		.byte	0x5
 297 003a D4000000 		.4byte	.LASF2
 298 003e 02       		.uleb128 0x2
 299 003f 02       		.byte	0x2
 300 0040 07       		.byte	0x7
 301 0041 F2000000 		.4byte	.LASF3
ARM GAS  C:\Users\hoangp\AppData\Local\Temp\cc47c7Gg.s 			page 9


 302 0045 02       		.uleb128 0x2
 303 0046 04       		.byte	0x4
 304 0047 05       		.byte	0x5
 305 0048 CB000000 		.4byte	.LASF4
 306 004c 02       		.uleb128 0x2
 307 004d 04       		.byte	0x4
 308 004e 07       		.byte	0x7
 309 004f 65000000 		.4byte	.LASF5
 310 0053 02       		.uleb128 0x2
 311 0054 08       		.byte	0x8
 312 0055 05       		.byte	0x5
 313 0056 00000000 		.4byte	.LASF6
 314 005a 02       		.uleb128 0x2
 315 005b 08       		.byte	0x8
 316 005c 07       		.byte	0x7
 317 005d 77000000 		.4byte	.LASF7
 318 0061 03       		.uleb128 0x3
 319 0062 04       		.byte	0x4
 320 0063 05       		.byte	0x5
 321 0064 696E7400 		.ascii	"int\000"
 322 0068 02       		.uleb128 0x2
 323 0069 04       		.byte	0x4
 324 006a 07       		.byte	0x7
 325 006b 1A000000 		.4byte	.LASF8
 326 006f 04       		.uleb128 0x4
 327 0070 5F000000 		.4byte	.LASF12
 328 0074 02       		.byte	0x2
 329 0075 4C       		.byte	0x4c
 330 0076 30000000 		.4byte	0x30
 331 007a 02       		.uleb128 0x2
 332 007b 04       		.byte	0x4
 333 007c 04       		.byte	0x4
 334 007d 1D010000 		.4byte	.LASF9
 335 0081 02       		.uleb128 0x2
 336 0082 08       		.byte	0x8
 337 0083 04       		.byte	0x4
 338 0084 DE000000 		.4byte	.LASF10
 339 0088 02       		.uleb128 0x2
 340 0089 01       		.byte	0x1
 341 008a 08       		.byte	0x8
 342 008b C6000000 		.4byte	.LASF11
 343 008f 05       		.uleb128 0x5
 344 0090 04       		.byte	0x4
 345 0091 07       		.byte	0x7
 346 0092 06       		.uleb128 0x6
 347 0093 01       		.byte	0x1
 348 0094 03       		.byte	0x3
 349 0095 48       		.byte	0x48
 350 0096 A9000000 		.4byte	0xa9
 351 009a 07       		.uleb128 0x7
 352 009b 0E000000 		.4byte	.LASF21
 353 009f 03       		.byte	0x3
 354 00a0 49       		.byte	0x49
 355 00a1 6F000000 		.4byte	0x6f
 356 00a5 02       		.byte	0x2
 357 00a6 23       		.byte	0x23
 358 00a7 00       		.uleb128 0x0
ARM GAS  C:\Users\hoangp\AppData\Local\Temp\cc47c7Gg.s 			page 10


 359 00a8 00       		.byte	0x0
 360 00a9 04       		.uleb128 0x4
 361 00aa 27000000 		.4byte	.LASF13
 362 00ae 03       		.byte	0x3
 363 00af 4A       		.byte	0x4a
 364 00b0 92000000 		.4byte	0x92
 365 00b4 08       		.uleb128 0x8
 366 00b5 01       		.byte	0x1
 367 00b6 B5000000 		.4byte	.LASF14
 368 00ba 01       		.byte	0x1
 369 00bb 27       		.byte	0x27
 370 00bc 01       		.byte	0x1
 371 00bd 00000000 		.4byte	.LFB0
 372 00c1 0A000000 		.4byte	.LFE0
 373 00c5 00000000 		.4byte	.LLST0
 374 00c9 08       		.uleb128 0x8
 375 00ca 01       		.byte	0x1
 376 00cb 67010000 		.4byte	.LASF15
 377 00cf 01       		.byte	0x1
 378 00d0 3D       		.byte	0x3d
 379 00d1 01       		.byte	0x1
 380 00d2 00000000 		.4byte	.LFB1
 381 00d6 0A000000 		.4byte	.LFE1
 382 00da 2B000000 		.4byte	.LLST1
 383 00de 08       		.uleb128 0x8
 384 00df 01       		.byte	0x1
 385 00e0 11010000 		.4byte	.LASF16
 386 00e4 01       		.byte	0x1
 387 00e5 5A       		.byte	0x5a
 388 00e6 01       		.byte	0x1
 389 00e7 00000000 		.4byte	.LFB2
 390 00eb 5A000000 		.4byte	.LFE2
 391 00ef 56000000 		.4byte	.LLST2
 392 00f3 08       		.uleb128 0x8
 393 00f4 01       		.byte	0x1
 394 00f5 E5000000 		.4byte	.LASF17
 395 00f9 01       		.byte	0x1
 396 00fa 84       		.byte	0x84
 397 00fb 01       		.byte	0x1
 398 00fc 00000000 		.4byte	.LFB3
 399 0100 54000000 		.4byte	.LFE3
 400 0104 81000000 		.4byte	.LLST3
 401 0108 09       		.uleb128 0x9
 402 0109 8E000000 		.4byte	.LASF22
 403 010d 01       		.byte	0x1
 404 010e 14       		.byte	0x14
 405 010f A9000000 		.4byte	0xa9
 406 0113 05       		.byte	0x5
 407 0114 03       		.byte	0x3
 408 0115 00000000 		.4byte	DFB_1_backup
 409 0119 00       		.byte	0x0
 410              		.section	.debug_abbrev
 411 0000 01       		.uleb128 0x1
 412 0001 11       		.uleb128 0x11
 413 0002 01       		.byte	0x1
 414 0003 25       		.uleb128 0x25
 415 0004 0E       		.uleb128 0xe
ARM GAS  C:\Users\hoangp\AppData\Local\Temp\cc47c7Gg.s 			page 11


 416 0005 13       		.uleb128 0x13
 417 0006 0B       		.uleb128 0xb
 418 0007 03       		.uleb128 0x3
 419 0008 0E       		.uleb128 0xe
 420 0009 1B       		.uleb128 0x1b
 421 000a 0E       		.uleb128 0xe
 422 000b 11       		.uleb128 0x11
 423 000c 01       		.uleb128 0x1
 424 000d 52       		.uleb128 0x52
 425 000e 01       		.uleb128 0x1
 426 000f 55       		.uleb128 0x55
 427 0010 06       		.uleb128 0x6
 428 0011 10       		.uleb128 0x10
 429 0012 06       		.uleb128 0x6
 430 0013 00       		.byte	0x0
 431 0014 00       		.byte	0x0
 432 0015 02       		.uleb128 0x2
 433 0016 24       		.uleb128 0x24
 434 0017 00       		.byte	0x0
 435 0018 0B       		.uleb128 0xb
 436 0019 0B       		.uleb128 0xb
 437 001a 3E       		.uleb128 0x3e
 438 001b 0B       		.uleb128 0xb
 439 001c 03       		.uleb128 0x3
 440 001d 0E       		.uleb128 0xe
 441 001e 00       		.byte	0x0
 442 001f 00       		.byte	0x0
 443 0020 03       		.uleb128 0x3
 444 0021 24       		.uleb128 0x24
 445 0022 00       		.byte	0x0
 446 0023 0B       		.uleb128 0xb
 447 0024 0B       		.uleb128 0xb
 448 0025 3E       		.uleb128 0x3e
 449 0026 0B       		.uleb128 0xb
 450 0027 03       		.uleb128 0x3
 451 0028 08       		.uleb128 0x8
 452 0029 00       		.byte	0x0
 453 002a 00       		.byte	0x0
 454 002b 04       		.uleb128 0x4
 455 002c 16       		.uleb128 0x16
 456 002d 00       		.byte	0x0
 457 002e 03       		.uleb128 0x3
 458 002f 0E       		.uleb128 0xe
 459 0030 3A       		.uleb128 0x3a
 460 0031 0B       		.uleb128 0xb
 461 0032 3B       		.uleb128 0x3b
 462 0033 0B       		.uleb128 0xb
 463 0034 49       		.uleb128 0x49
 464 0035 13       		.uleb128 0x13
 465 0036 00       		.byte	0x0
 466 0037 00       		.byte	0x0
 467 0038 05       		.uleb128 0x5
 468 0039 24       		.uleb128 0x24
 469 003a 00       		.byte	0x0
 470 003b 0B       		.uleb128 0xb
 471 003c 0B       		.uleb128 0xb
 472 003d 3E       		.uleb128 0x3e
ARM GAS  C:\Users\hoangp\AppData\Local\Temp\cc47c7Gg.s 			page 12


 473 003e 0B       		.uleb128 0xb
 474 003f 00       		.byte	0x0
 475 0040 00       		.byte	0x0
 476 0041 06       		.uleb128 0x6
 477 0042 13       		.uleb128 0x13
 478 0043 01       		.byte	0x1
 479 0044 0B       		.uleb128 0xb
 480 0045 0B       		.uleb128 0xb
 481 0046 3A       		.uleb128 0x3a
 482 0047 0B       		.uleb128 0xb
 483 0048 3B       		.uleb128 0x3b
 484 0049 0B       		.uleb128 0xb
 485 004a 01       		.uleb128 0x1
 486 004b 13       		.uleb128 0x13
 487 004c 00       		.byte	0x0
 488 004d 00       		.byte	0x0
 489 004e 07       		.uleb128 0x7
 490 004f 0D       		.uleb128 0xd
 491 0050 00       		.byte	0x0
 492 0051 03       		.uleb128 0x3
 493 0052 0E       		.uleb128 0xe
 494 0053 3A       		.uleb128 0x3a
 495 0054 0B       		.uleb128 0xb
 496 0055 3B       		.uleb128 0x3b
 497 0056 0B       		.uleb128 0xb
 498 0057 49       		.uleb128 0x49
 499 0058 13       		.uleb128 0x13
 500 0059 38       		.uleb128 0x38
 501 005a 0A       		.uleb128 0xa
 502 005b 00       		.byte	0x0
 503 005c 00       		.byte	0x0
 504 005d 08       		.uleb128 0x8
 505 005e 2E       		.uleb128 0x2e
 506 005f 00       		.byte	0x0
 507 0060 3F       		.uleb128 0x3f
 508 0061 0C       		.uleb128 0xc
 509 0062 03       		.uleb128 0x3
 510 0063 0E       		.uleb128 0xe
 511 0064 3A       		.uleb128 0x3a
 512 0065 0B       		.uleb128 0xb
 513 0066 3B       		.uleb128 0x3b
 514 0067 0B       		.uleb128 0xb
 515 0068 27       		.uleb128 0x27
 516 0069 0C       		.uleb128 0xc
 517 006a 11       		.uleb128 0x11
 518 006b 01       		.uleb128 0x1
 519 006c 12       		.uleb128 0x12
 520 006d 01       		.uleb128 0x1
 521 006e 40       		.uleb128 0x40
 522 006f 06       		.uleb128 0x6
 523 0070 00       		.byte	0x0
 524 0071 00       		.byte	0x0
 525 0072 09       		.uleb128 0x9
 526 0073 34       		.uleb128 0x34
 527 0074 00       		.byte	0x0
 528 0075 03       		.uleb128 0x3
 529 0076 0E       		.uleb128 0xe
ARM GAS  C:\Users\hoangp\AppData\Local\Temp\cc47c7Gg.s 			page 13


 530 0077 3A       		.uleb128 0x3a
 531 0078 0B       		.uleb128 0xb
 532 0079 3B       		.uleb128 0x3b
 533 007a 0B       		.uleb128 0xb
 534 007b 49       		.uleb128 0x49
 535 007c 13       		.uleb128 0x13
 536 007d 02       		.uleb128 0x2
 537 007e 0A       		.uleb128 0xa
 538 007f 00       		.byte	0x0
 539 0080 00       		.byte	0x0
 540 0081 00       		.byte	0x0
 541              		.section	.debug_pubnames,"",%progbits
 542 0000 5C000000 		.4byte	0x5c
 543 0004 0200     		.2byte	0x2
 544 0006 00000000 		.4byte	.Ldebug_info0
 545 000a 1A010000 		.4byte	0x11a
 546 000e B4000000 		.4byte	0xb4
 547 0012 4446425F 		.ascii	"DFB_1_SaveConfig\000"
 547      315F5361 
 547      7665436F 
 547      6E666967 
 547      00
 548 0023 C9000000 		.4byte	0xc9
 549 0027 4446425F 		.ascii	"DFB_1_RestoreConfig\000"
 549      315F5265 
 549      73746F72 
 549      65436F6E 
 549      66696700 
 550 003b DE000000 		.4byte	0xde
 551 003f 4446425F 		.ascii	"DFB_1_Sleep\000"
 551      315F536C 
 551      65657000 
 552 004b F3000000 		.4byte	0xf3
 553 004f 4446425F 		.ascii	"DFB_1_Wakeup\000"
 553      315F5761 
 553      6B657570 
 553      00
 554 005c 00000000 		.4byte	0x0
 555              		.section	.debug_aranges,"",%progbits
 556 0000 34000000 		.4byte	0x34
 557 0004 0200     		.2byte	0x2
 558 0006 00000000 		.4byte	.Ldebug_info0
 559 000a 04       		.byte	0x4
 560 000b 00       		.byte	0x0
 561 000c 0000     		.2byte	0x0
 562 000e 0000     		.2byte	0x0
 563 0010 00000000 		.4byte	.LFB0
 564 0014 0A000000 		.4byte	.LFE0-.LFB0
 565 0018 00000000 		.4byte	.LFB1
 566 001c 0A000000 		.4byte	.LFE1-.LFB1
 567 0020 00000000 		.4byte	.LFB2
 568 0024 5A000000 		.4byte	.LFE2-.LFB2
 569 0028 00000000 		.4byte	.LFB3
 570 002c 54000000 		.4byte	.LFE3-.LFB3
 571 0030 00000000 		.4byte	0x0
 572 0034 00000000 		.4byte	0x0
 573              		.section	.debug_ranges,"",%progbits
ARM GAS  C:\Users\hoangp\AppData\Local\Temp\cc47c7Gg.s 			page 14


 574              	.Ldebug_ranges0:
 575 0000 00000000 		.4byte	.Ltext0
 576 0004 00000000 		.4byte	.Letext0
 577 0008 00000000 		.4byte	.LFB0
 578 000c 0A000000 		.4byte	.LFE0
 579 0010 00000000 		.4byte	.LFB1
 580 0014 0A000000 		.4byte	.LFE1
 581 0018 00000000 		.4byte	.LFB2
 582 001c 5A000000 		.4byte	.LFE2
 583 0020 00000000 		.4byte	.LFB3
 584 0024 54000000 		.4byte	.LFE3
 585 0028 00000000 		.4byte	0x0
 586 002c 00000000 		.4byte	0x0
 587              		.section	.debug_str,"MS",%progbits,1
 588              	.LASF6:
 589 0000 6C6F6E67 		.ascii	"long long int\000"
 589      206C6F6E 
 589      6720696E 
 589      7400
 590              	.LASF21:
 591 000e 656E6162 		.ascii	"enableState\000"
 591      6C655374 
 591      61746500 
 592              	.LASF8:
 593 001a 756E7369 		.ascii	"unsigned int\000"
 593      676E6564 
 593      20696E74 
 593      00
 594              	.LASF13:
 595 0027 4446425F 		.ascii	"DFB_1_BACKUP_STRUCT\000"
 595      315F4241 
 595      434B5550 
 595      5F535452 
 595      55435400 
 596              	.LASF19:
 597 003b 2E5C4765 		.ascii	".\\Generated_Source\\PSoC5\\DFB_1_PM.c\000"
 597      6E657261 
 597      7465645F 
 597      536F7572 
 597      63655C50 
 598              	.LASF12:
 599 005f 75696E74 		.ascii	"uint8\000"
 599      3800
 600              	.LASF5:
 601 0065 6C6F6E67 		.ascii	"long unsigned int\000"
 601      20756E73 
 601      69676E65 
 601      6420696E 
 601      7400
 602              	.LASF7:
 603 0077 6C6F6E67 		.ascii	"long long unsigned int\000"
 603      206C6F6E 
 603      6720756E 
 603      7369676E 
 603      65642069 
 604              	.LASF22:
 605 008e 4446425F 		.ascii	"DFB_1_backup\000"
ARM GAS  C:\Users\hoangp\AppData\Local\Temp\cc47c7Gg.s 			page 15


 605      315F6261 
 605      636B7570 
 605      00
 606              	.LASF18:
 607 009b 474E5520 		.ascii	"GNU C 4.4.1\000"
 607      4320342E 
 607      342E3100 
 608              	.LASF1:
 609 00a7 756E7369 		.ascii	"unsigned char\000"
 609      676E6564 
 609      20636861 
 609      7200
 610              	.LASF14:
 611 00b5 4446425F 		.ascii	"DFB_1_SaveConfig\000"
 611      315F5361 
 611      7665436F 
 611      6E666967 
 611      00
 612              	.LASF11:
 613 00c6 63686172 		.ascii	"char\000"
 613      00
 614              	.LASF4:
 615 00cb 6C6F6E67 		.ascii	"long int\000"
 615      20696E74 
 615      00
 616              	.LASF2:
 617 00d4 73686F72 		.ascii	"short int\000"
 617      7420696E 
 617      7400
 618              	.LASF10:
 619 00de 646F7562 		.ascii	"double\000"
 619      6C6500
 620              	.LASF17:
 621 00e5 4446425F 		.ascii	"DFB_1_Wakeup\000"
 621      315F5761 
 621      6B657570 
 621      00
 622              	.LASF3:
 623 00f2 73686F72 		.ascii	"short unsigned int\000"
 623      7420756E 
 623      7369676E 
 623      65642069 
 623      6E7400
 624              	.LASF0:
 625 0105 7369676E 		.ascii	"signed char\000"
 625      65642063 
 625      68617200 
 626              	.LASF16:
 627 0111 4446425F 		.ascii	"DFB_1_Sleep\000"
 627      315F536C 
 627      65657000 
 628              	.LASF9:
 629 011d 666C6F61 		.ascii	"float\000"
 629      7400
 630              	.LASF20:
 631 0123 433A5C55 		.ascii	"C:\\Users\\hoangp\\Documents\\GitHub\\EE542\\firmwa"
 631      73657273 
ARM GAS  C:\Users\hoangp\AppData\Local\Temp\cc47c7Gg.s 			page 16


 631      5C686F61 
 631      6E67705C 
 631      446F6375 
 632 0150 72655C69 		.ascii	"re\\invert\\invert.cydsn\000"
 632      6E766572 
 632      745C696E 
 632      76657274 
 632      2E637964 
 633              	.LASF15:
 634 0167 4446425F 		.ascii	"DFB_1_RestoreConfig\000"
 634      315F5265 
 634      73746F72 
 634      65436F6E 
 634      66696700 
 635              		.ident	"GCC: (Sourcery G++ Lite 2010q1-188) 4.4.1"
