ARM GAS  C:\Users\hoangp\AppData\Local\Temp\cckXmKWY.s 			page 1


   1              		.syntax unified
   2              		.cpu cortex-m3
   3              		.fpu softvfp
   4              		.eabi_attribute 20, 1
   5              		.eabi_attribute 21, 1
   6              		.eabi_attribute 23, 3
   7              		.eabi_attribute 24, 1
   8              		.eabi_attribute 25, 1
   9              		.eabi_attribute 26, 1
  10              		.eabi_attribute 30, 6
  11              		.eabi_attribute 18, 4
  12              		.thumb
  13              		.file	"DFB_1_RAM_Data.c"
  14              		.section	.debug_abbrev,"",%progbits
  15              	.Ldebug_abbrev0:
  16              		.section	.debug_info,"",%progbits
  17              	.Ldebug_info0:
  18              		.section	.debug_line,"",%progbits
  19              	.Ldebug_line0:
  20 0000 6D000000 		.text
  20      02006700 
  20      00000201 
  20      FB0E0D00 
  20      01010101 
  21              	.Ltext0:
  22              		.cfi_sections	.debug_frame
  23              		.global	DFB_1_control
  24              		.section	.rodata
  25              		.align	2
  26              		.type	DFB_1_control, %object
  27              		.size	DFB_1_control, 28
  28              	DFB_1_control:
  29 0000 60170026 		.word	637540192
  30 0004 21138025 		.word	629150497
  31 0008 01008026 		.word	645922817
  32 000c 02001003 		.word	51380226
  33 0010 000010A6 		.word	-1508900864
  34 0014 00008126 		.word	645988352
  35 0018 03208026 		.word	645931011
  36              		.global	DFB_1_data_a
  37              		.align	2
  38              		.type	DFB_1_data_a, %object
  39              		.size	DFB_1_data_a, 4
  40              	DFB_1_data_a:
  41 001c 00000000 		.space	4
  42              		.global	DFB_1_data_b
  43              		.align	2
  44              		.type	DFB_1_data_b, %object
  45              		.size	DFB_1_data_b, 4
  46              	DFB_1_data_b:
  47 0020 00000000 		.space	4
  48              		.global	DFB_1_acu
  49              		.align	2
  50              		.type	DFB_1_acu, %object
  51              		.size	DFB_1_acu, 4
  52              	DFB_1_acu:
  53 0024 00000000 		.space	4
ARM GAS  C:\Users\hoangp\AppData\Local\Temp\cckXmKWY.s 			page 2


  54              		.global	DFB_1_cfsm
  55              		.align	2
  56              		.type	DFB_1_cfsm, %object
  57              		.size	DFB_1_cfsm, 16
  58              	DFB_1_cfsm:
  59 0028 21F80501 		.word	17168417
  60 002c 42108640 		.word	1082527810
  61 0030 01F80501 		.word	17168385
  62 0034 00000000 		.word	0
  63              		.text
  64              	.Letext0:
  65              		.file 1 ".\\Generated_Source\\PSoC5\\DFB_1_RAM_Data.c"
  66              		.file 2 ".\\Generated_Source\\PSoC5\\/cytypes.h"
  67              		.section	.debug_info
  68 0000 2E010000 		.4byte	0x12e
  69 0004 0200     		.2byte	0x2
  70 0006 00000000 		.4byte	.Ldebug_abbrev0
  71 000a 04       		.byte	0x4
  72 000b 01       		.uleb128 0x1
  73 000c 73000000 		.4byte	.LASF17
  74 0010 01       		.byte	0x1
  75 0011 AD000000 		.4byte	.LASF18
  76 0015 10010000 		.4byte	.LASF19
  77 0019 00000000 		.4byte	.Ltext0
  78 001d 00000000 		.4byte	.Letext0
  79 0021 00000000 		.4byte	.Ldebug_line0
  80 0025 02       		.uleb128 0x2
  81 0026 01       		.byte	0x1
  82 0027 06       		.byte	0x6
  83 0028 EA000000 		.4byte	.LASF0
  84 002c 02       		.uleb128 0x2
  85 002d 01       		.byte	0x1
  86 002e 08       		.byte	0x8
  87 002f 7F000000 		.4byte	.LASF1
  88 0033 02       		.uleb128 0x2
  89 0034 02       		.byte	0x2
  90 0035 05       		.byte	0x5
  91 0036 06010000 		.4byte	.LASF2
  92 003a 02       		.uleb128 0x2
  93 003b 02       		.byte	0x2
  94 003c 07       		.byte	0x7
  95 003d D7000000 		.4byte	.LASF3
  96 0041 02       		.uleb128 0x2
  97 0042 04       		.byte	0x4
  98 0043 05       		.byte	0x5
  99 0044 92000000 		.4byte	.LASF4
 100 0048 02       		.uleb128 0x2
 101 0049 04       		.byte	0x4
 102 004a 07       		.byte	0x7
 103 004b 4A000000 		.4byte	.LASF5
 104 004f 02       		.uleb128 0x2
 105 0050 08       		.byte	0x8
 106 0051 05       		.byte	0x5
 107 0052 00000000 		.4byte	.LASF6
 108 0056 02       		.uleb128 0x2
 109 0057 08       		.byte	0x8
 110 0058 07       		.byte	0x7
ARM GAS  C:\Users\hoangp\AppData\Local\Temp\cckXmKWY.s 			page 3


 111 0059 5C000000 		.4byte	.LASF7
 112 005d 03       		.uleb128 0x3
 113 005e 04       		.byte	0x4
 114 005f 05       		.byte	0x5
 115 0060 696E7400 		.ascii	"int\000"
 116 0064 02       		.uleb128 0x2
 117 0065 04       		.byte	0x4
 118 0066 07       		.byte	0x7
 119 0067 15000000 		.4byte	.LASF8
 120 006b 04       		.uleb128 0x4
 121 006c 0E000000 		.4byte	.LASF20
 122 0070 02       		.byte	0x2
 123 0071 4E       		.byte	0x4e
 124 0072 48000000 		.4byte	0x48
 125 0076 02       		.uleb128 0x2
 126 0077 04       		.byte	0x4
 127 0078 04       		.byte	0x4
 128 0079 00010000 		.4byte	.LASF9
 129 007d 02       		.uleb128 0x2
 130 007e 08       		.byte	0x8
 131 007f 04       		.byte	0x4
 132 0080 A6000000 		.4byte	.LASF10
 133 0084 02       		.uleb128 0x2
 134 0085 01       		.byte	0x1
 135 0086 08       		.byte	0x8
 136 0087 8D000000 		.4byte	.LASF11
 137 008b 05       		.uleb128 0x5
 138 008c 04       		.byte	0x4
 139 008d 07       		.byte	0x7
 140 008e 06       		.uleb128 0x6
 141 008f 6B000000 		.4byte	0x6b
 142 0093 9E000000 		.4byte	0x9e
 143 0097 07       		.uleb128 0x7
 144 0098 8B000000 		.4byte	0x8b
 145 009c 06       		.byte	0x6
 146 009d 00       		.byte	0x0
 147 009e 08       		.uleb128 0x8
 148 009f 22000000 		.4byte	.LASF12
 149 00a3 01       		.byte	0x1
 150 00a4 04       		.byte	0x4
 151 00a5 B0000000 		.4byte	0xb0
 152 00a9 01       		.byte	0x1
 153 00aa 05       		.byte	0x5
 154 00ab 03       		.byte	0x3
 155 00ac 00000000 		.4byte	DFB_1_control
 156 00b0 09       		.uleb128 0x9
 157 00b1 8E000000 		.4byte	0x8e
 158 00b5 06       		.uleb128 0x6
 159 00b6 6B000000 		.4byte	0x6b
 160 00ba C5000000 		.4byte	0xc5
 161 00be 07       		.uleb128 0x7
 162 00bf 8B000000 		.4byte	0x8b
 163 00c3 00       		.byte	0x0
 164 00c4 00       		.byte	0x0
 165 00c5 08       		.uleb128 0x8
 166 00c6 30000000 		.4byte	.LASF13
 167 00ca 01       		.byte	0x1
ARM GAS  C:\Users\hoangp\AppData\Local\Temp\cckXmKWY.s 			page 4


 168 00cb 0A       		.byte	0xa
 169 00cc D7000000 		.4byte	0xd7
 170 00d0 01       		.byte	0x1
 171 00d1 05       		.byte	0x5
 172 00d2 03       		.byte	0x3
 173 00d3 00000000 		.4byte	DFB_1_data_a
 174 00d7 09       		.uleb128 0x9
 175 00d8 B5000000 		.4byte	0xb5
 176 00dc 08       		.uleb128 0x8
 177 00dd 3D000000 		.4byte	.LASF14
 178 00e1 01       		.byte	0x1
 179 00e2 0F       		.byte	0xf
 180 00e3 EE000000 		.4byte	0xee
 181 00e7 01       		.byte	0x1
 182 00e8 05       		.byte	0x5
 183 00e9 03       		.byte	0x3
 184 00ea 00000000 		.4byte	DFB_1_data_b
 185 00ee 09       		.uleb128 0x9
 186 00ef B5000000 		.4byte	0xb5
 187 00f3 06       		.uleb128 0x6
 188 00f4 6B000000 		.4byte	0x6b
 189 00f8 03010000 		.4byte	0x103
 190 00fc 07       		.uleb128 0x7
 191 00fd 8B000000 		.4byte	0x8b
 192 0101 03       		.byte	0x3
 193 0102 00       		.byte	0x0
 194 0103 08       		.uleb128 0x8
 195 0104 9B000000 		.4byte	.LASF15
 196 0108 01       		.byte	0x1
 197 0109 19       		.byte	0x19
 198 010a 15010000 		.4byte	0x115
 199 010e 01       		.byte	0x1
 200 010f 05       		.byte	0x5
 201 0110 03       		.byte	0x3
 202 0111 00000000 		.4byte	DFB_1_cfsm
 203 0115 09       		.uleb128 0x9
 204 0116 F3000000 		.4byte	0xf3
 205 011a 08       		.uleb128 0x8
 206 011b F6000000 		.4byte	.LASF16
 207 011f 01       		.byte	0x1
 208 0120 14       		.byte	0x14
 209 0121 2C010000 		.4byte	0x12c
 210 0125 01       		.byte	0x1
 211 0126 05       		.byte	0x5
 212 0127 03       		.byte	0x3
 213 0128 00000000 		.4byte	DFB_1_acu
 214 012c 09       		.uleb128 0x9
 215 012d B5000000 		.4byte	0xb5
 216 0131 00       		.byte	0x0
 217              		.section	.debug_abbrev
 218 0000 01       		.uleb128 0x1
 219 0001 11       		.uleb128 0x11
 220 0002 01       		.byte	0x1
 221 0003 25       		.uleb128 0x25
 222 0004 0E       		.uleb128 0xe
 223 0005 13       		.uleb128 0x13
 224 0006 0B       		.uleb128 0xb
ARM GAS  C:\Users\hoangp\AppData\Local\Temp\cckXmKWY.s 			page 5


 225 0007 03       		.uleb128 0x3
 226 0008 0E       		.uleb128 0xe
 227 0009 1B       		.uleb128 0x1b
 228 000a 0E       		.uleb128 0xe
 229 000b 11       		.uleb128 0x11
 230 000c 01       		.uleb128 0x1
 231 000d 12       		.uleb128 0x12
 232 000e 01       		.uleb128 0x1
 233 000f 10       		.uleb128 0x10
 234 0010 06       		.uleb128 0x6
 235 0011 00       		.byte	0x0
 236 0012 00       		.byte	0x0
 237 0013 02       		.uleb128 0x2
 238 0014 24       		.uleb128 0x24
 239 0015 00       		.byte	0x0
 240 0016 0B       		.uleb128 0xb
 241 0017 0B       		.uleb128 0xb
 242 0018 3E       		.uleb128 0x3e
 243 0019 0B       		.uleb128 0xb
 244 001a 03       		.uleb128 0x3
 245 001b 0E       		.uleb128 0xe
 246 001c 00       		.byte	0x0
 247 001d 00       		.byte	0x0
 248 001e 03       		.uleb128 0x3
 249 001f 24       		.uleb128 0x24
 250 0020 00       		.byte	0x0
 251 0021 0B       		.uleb128 0xb
 252 0022 0B       		.uleb128 0xb
 253 0023 3E       		.uleb128 0x3e
 254 0024 0B       		.uleb128 0xb
 255 0025 03       		.uleb128 0x3
 256 0026 08       		.uleb128 0x8
 257 0027 00       		.byte	0x0
 258 0028 00       		.byte	0x0
 259 0029 04       		.uleb128 0x4
 260 002a 16       		.uleb128 0x16
 261 002b 00       		.byte	0x0
 262 002c 03       		.uleb128 0x3
 263 002d 0E       		.uleb128 0xe
 264 002e 3A       		.uleb128 0x3a
 265 002f 0B       		.uleb128 0xb
 266 0030 3B       		.uleb128 0x3b
 267 0031 0B       		.uleb128 0xb
 268 0032 49       		.uleb128 0x49
 269 0033 13       		.uleb128 0x13
 270 0034 00       		.byte	0x0
 271 0035 00       		.byte	0x0
 272 0036 05       		.uleb128 0x5
 273 0037 24       		.uleb128 0x24
 274 0038 00       		.byte	0x0
 275 0039 0B       		.uleb128 0xb
 276 003a 0B       		.uleb128 0xb
 277 003b 3E       		.uleb128 0x3e
 278 003c 0B       		.uleb128 0xb
 279 003d 00       		.byte	0x0
 280 003e 00       		.byte	0x0
 281 003f 06       		.uleb128 0x6
ARM GAS  C:\Users\hoangp\AppData\Local\Temp\cckXmKWY.s 			page 6


 282 0040 01       		.uleb128 0x1
 283 0041 01       		.byte	0x1
 284 0042 49       		.uleb128 0x49
 285 0043 13       		.uleb128 0x13
 286 0044 01       		.uleb128 0x1
 287 0045 13       		.uleb128 0x13
 288 0046 00       		.byte	0x0
 289 0047 00       		.byte	0x0
 290 0048 07       		.uleb128 0x7
 291 0049 21       		.uleb128 0x21
 292 004a 00       		.byte	0x0
 293 004b 49       		.uleb128 0x49
 294 004c 13       		.uleb128 0x13
 295 004d 2F       		.uleb128 0x2f
 296 004e 0B       		.uleb128 0xb
 297 004f 00       		.byte	0x0
 298 0050 00       		.byte	0x0
 299 0051 08       		.uleb128 0x8
 300 0052 34       		.uleb128 0x34
 301 0053 00       		.byte	0x0
 302 0054 03       		.uleb128 0x3
 303 0055 0E       		.uleb128 0xe
 304 0056 3A       		.uleb128 0x3a
 305 0057 0B       		.uleb128 0xb
 306 0058 3B       		.uleb128 0x3b
 307 0059 0B       		.uleb128 0xb
 308 005a 49       		.uleb128 0x49
 309 005b 13       		.uleb128 0x13
 310 005c 3F       		.uleb128 0x3f
 311 005d 0C       		.uleb128 0xc
 312 005e 02       		.uleb128 0x2
 313 005f 0A       		.uleb128 0xa
 314 0060 00       		.byte	0x0
 315 0061 00       		.byte	0x0
 316 0062 09       		.uleb128 0x9
 317 0063 26       		.uleb128 0x26
 318 0064 00       		.byte	0x0
 319 0065 49       		.uleb128 0x49
 320 0066 13       		.uleb128 0x13
 321 0067 00       		.byte	0x0
 322 0068 00       		.byte	0x0
 323 0069 00       		.byte	0x0
 324              		.section	.debug_pubnames,"",%progbits
 325 0000 5F000000 		.4byte	0x5f
 326 0004 0200     		.2byte	0x2
 327 0006 00000000 		.4byte	.Ldebug_info0
 328 000a 32010000 		.4byte	0x132
 329 000e 9E000000 		.4byte	0x9e
 330 0012 4446425F 		.ascii	"DFB_1_control\000"
 330      315F636F 
 330      6E74726F 
 330      6C00
 331 0020 C5000000 		.4byte	0xc5
 332 0024 4446425F 		.ascii	"DFB_1_data_a\000"
 332      315F6461 
 332      74615F61 
 332      00
ARM GAS  C:\Users\hoangp\AppData\Local\Temp\cckXmKWY.s 			page 7


 333 0031 DC000000 		.4byte	0xdc
 334 0035 4446425F 		.ascii	"DFB_1_data_b\000"
 334      315F6461 
 334      74615F62 
 334      00
 335 0042 03010000 		.4byte	0x103
 336 0046 4446425F 		.ascii	"DFB_1_cfsm\000"
 336      315F6366 
 336      736D00
 337 0051 1A010000 		.4byte	0x11a
 338 0055 4446425F 		.ascii	"DFB_1_acu\000"
 338      315F6163 
 338      7500
 339 005f 00000000 		.4byte	0x0
 340              		.section	.debug_str,"MS",%progbits,1
 341              	.LASF6:
 342 0000 6C6F6E67 		.ascii	"long long int\000"
 342      206C6F6E 
 342      6720696E 
 342      7400
 343              	.LASF20:
 344 000e 75696E74 		.ascii	"uint32\000"
 344      333200
 345              	.LASF8:
 346 0015 756E7369 		.ascii	"unsigned int\000"
 346      676E6564 
 346      20696E74 
 346      00
 347              	.LASF12:
 348 0022 4446425F 		.ascii	"DFB_1_control\000"
 348      315F636F 
 348      6E74726F 
 348      6C00
 349              	.LASF13:
 350 0030 4446425F 		.ascii	"DFB_1_data_a\000"
 350      315F6461 
 350      74615F61 
 350      00
 351              	.LASF14:
 352 003d 4446425F 		.ascii	"DFB_1_data_b\000"
 352      315F6461 
 352      74615F62 
 352      00
 353              	.LASF5:
 354 004a 6C6F6E67 		.ascii	"long unsigned int\000"
 354      20756E73 
 354      69676E65 
 354      6420696E 
 354      7400
 355              	.LASF7:
 356 005c 6C6F6E67 		.ascii	"long long unsigned int\000"
 356      206C6F6E 
 356      6720756E 
 356      7369676E 
 356      65642069 
 357              	.LASF17:
 358 0073 474E5520 		.ascii	"GNU C 4.4.1\000"
ARM GAS  C:\Users\hoangp\AppData\Local\Temp\cckXmKWY.s 			page 8


 358      4320342E 
 358      342E3100 
 359              	.LASF1:
 360 007f 756E7369 		.ascii	"unsigned char\000"
 360      676E6564 
 360      20636861 
 360      7200
 361              	.LASF11:
 362 008d 63686172 		.ascii	"char\000"
 362      00
 363              	.LASF4:
 364 0092 6C6F6E67 		.ascii	"long int\000"
 364      20696E74 
 364      00
 365              	.LASF15:
 366 009b 4446425F 		.ascii	"DFB_1_cfsm\000"
 366      315F6366 
 366      736D00
 367              	.LASF10:
 368 00a6 646F7562 		.ascii	"double\000"
 368      6C6500
 369              	.LASF18:
 370 00ad 2E5C4765 		.ascii	".\\Generated_Source\\PSoC5\\DFB_1_RAM_Data.c\000"
 370      6E657261 
 370      7465645F 
 370      536F7572 
 370      63655C50 
 371              	.LASF3:
 372 00d7 73686F72 		.ascii	"short unsigned int\000"
 372      7420756E 
 372      7369676E 
 372      65642069 
 372      6E7400
 373              	.LASF0:
 374 00ea 7369676E 		.ascii	"signed char\000"
 374      65642063 
 374      68617200 
 375              	.LASF16:
 376 00f6 4446425F 		.ascii	"DFB_1_acu\000"
 376      315F6163 
 376      7500
 377              	.LASF9:
 378 0100 666C6F61 		.ascii	"float\000"
 378      7400
 379              	.LASF2:
 380 0106 73686F72 		.ascii	"short int\000"
 380      7420696E 
 380      7400
 381              	.LASF19:
 382 0110 433A5C55 		.ascii	"C:\\Users\\hoangp\\Documents\\GitHub\\EE542\\firmwa"
 382      73657273 
 382      5C686F61 
 382      6E67705C 
 382      446F6375 
 383 013d 72655C69 		.ascii	"re\\invert\\invert.cydsn\000"
 383      6E766572 
 383      745C696E 
ARM GAS  C:\Users\hoangp\AppData\Local\Temp\cckXmKWY.s 			page 9


 383      76657274 
 383      2E637964 
 384              		.ident	"GCC: (Sourcery G++ Lite 2010q1-188) 4.4.1"
