--------------- Rebuild Started: 11/27/2014 15:22:18 Project: invert, Configuration: ARM GCC 4.4.1 Debug ---------------
Deleting file ".\CortexM3\ARM_GCC_441\Debug\main.o"
Deleting file ".\CortexM3\ARM_GCC_441\Debug\PWM_BUCK.o"
Deleting file ".\CortexM3\ARM_GCC_441\Debug\PWM_BUCK_PM.o"
Deleting file ".\CortexM3\ARM_GCC_441\Debug\Cm3Start.o"
Deleting file ".\CortexM3\ARM_GCC_441\Debug\core_cm3.o"
Deleting file ".\CortexM3\ARM_GCC_441\Debug\CyBootAsmGnu.o"
Deleting file ".\CortexM3\ARM_GCC_441\Debug\CyDmac.o"
Deleting file ".\CortexM3\ARM_GCC_441\Debug\CyFlash.o"
Deleting file ".\CortexM3\ARM_GCC_441\Debug\CyLib.o"
Deleting file ".\CortexM3\ARM_GCC_441\Debug\cyPm.o"
Deleting file ".\CortexM3\ARM_GCC_441\Debug\CySpc.o"
Deleting file ".\CortexM3\ARM_GCC_441\Debug\cyutils.o"
Deleting file ".\CortexM3\ARM_GCC_441\Debug\LCD_Char_1.o"
Deleting file ".\CortexM3\ARM_GCC_441\Debug\LCD_Char_1_PM.o"
Deleting file ".\CortexM3\ARM_GCC_441\Debug\LCD_Char_1_LCDPort.o"
Deleting file ".\CortexM3\ARM_GCC_441\Debug\Clock_2.o"
Deleting file ".\CortexM3\ARM_GCC_441\Debug\ADC_DelSig_V.o"
Deleting file ".\CortexM3\ARM_GCC_441\Debug\ADC_DelSig_V_PM.o"
Deleting file ".\CortexM3\ARM_GCC_441\Debug\ADC_DelSig_V_INT.o"
Deleting file ".\CortexM3\ARM_GCC_441\Debug\ADC_DelSig_V_theACLK.o"
Deleting file ".\CortexM3\ARM_GCC_441\Debug\ADC_DelSig_V_Ext_CP_Clk.o"
Deleting file ".\CortexM3\ARM_GCC_441\Debug\ADC_DelSig_V_AMux.o"
Deleting file ".\CortexM3\ARM_GCC_441\Debug\UART_1.o"
Deleting file ".\CortexM3\ARM_GCC_441\Debug\UART_1_PM.o"
Deleting file ".\CortexM3\ARM_GCC_441\Debug\UART_1_INT.o"
Deleting file ".\CortexM3\ARM_GCC_441\Debug\UART_1_BOOT.o"
Deleting file ".\CortexM3\ARM_GCC_441\Debug\BUCK_LS.o"
Deleting file ".\CortexM3\ARM_GCC_441\Debug\A_HS.o"
Deleting file ".\CortexM3\ARM_GCC_441\Debug\A_LS.o"
Deleting file ".\CortexM3\ARM_GCC_441\Debug\B_HS.o"
Deleting file ".\CortexM3\ARM_GCC_441\Debug\B_LS.o"
Deleting file ".\CortexM3\ARM_GCC_441\Debug\V_SENSE.o"
Deleting file ".\CortexM3\ARM_GCC_441\Debug\BUCK_HS.o"
Deleting file ".\CortexM3\ARM_GCC_441\Debug\Control_Reg_1.o"
Deleting file ".\CortexM3\ARM_GCC_441\Debug\Counter_1.o"
Deleting file ".\CortexM3\ARM_GCC_441\Debug\Counter_1_PM.o"
Deleting file ".\CortexM3\ARM_GCC_441\Debug\isr_LOOP.o"
Deleting file ".\CortexM3\ARM_GCC_441\Debug\isr_LUT.o"
Deleting file ".\CortexM3\ARM_GCC_441\Debug\cyfitter_cfg.o"
Deleting file ".\CortexM3\ARM_GCC_441\Debug\invert.hex"
Deleting file ".\CortexM3\ARM_GCC_441\Debug\invert.elf"
Deleting file ".\CortexM3\ARM_GCC_441\Debug\invert.map"
Deleting file ".\invert.cycdx"
Deleting file ".\invert.svd"
Deleting file ".\invert.rpt"
Deleting file ".\invert_timing.html"
Deleting file ".\CortexM3\ARM_GCC_441\Debug\.deps\C_FILE.P"
Deleting file ".\CortexM3\ARM_GCC_441\Debug\.deps\ARM_C_FILE.P"
Deleting file ".\CortexM3\ARM_GCC_441\Debug\.deps\GNU_ARM_ASM_FILE.P"
cydsfit.exe "-.appdatapath" "C:\Users\hoangp\AppData\Local\Cypress Semiconductor\PSoC Creator\2.2" "-.fdsnotice" "-.fdswarpdepfile=warp_dependencies.txt" "-.fdselabdepfile=elab_dependencies.txt" "-.fdsbldfile=generated_files.txt" "-p" "C:\Users\hoangp\Documents\GitHub\EE542\firmware\invert\invert.cydsn\invert.cyprj" "-d" "CY8C5568AXI-060" "-s" "C:\Users\hoangp\Documents\GitHub\EE542\firmware\invert\invert.cydsn\Generated_Source\PSoC5" "--" "-yv2" "-v3" "-ygs" "-q10" "-o2" "-.fftcfgtype=LE"
Elaborating Design...
ADD: prj.M0246: information: PSoC 5LP provides many improvements over PSoC 5. Learn more about migrating to PSoC 5LP at www.cypress.com/go/PSoC5LP
 * invert ()
ADD: pft.M0028: warning: Clock Warning: (UART_1_IntClock's accuracy range '923.077 kHz ñ 5.000%, (876.923 kHz - 969.231 kHz)' is not within the specified tolerance range '921.600 kHz ñ 2.000%, (903.168 kHz - 940.032 kHz)'.).
 * C:\Program Files (x86)\Cypress\PSoC Creator\2.2\PSoC Creator\psoc\content\cycomponentlibrary\CyComponentLibrary.cylib\UART_v2_30\UART_v2_30.cysch (Instance: IntClock)
 * C:\Users\hoangp\Documents\GitHub\EE542\firmware\invert\invert.cydsn\invert.cydwr (UART_1_IntClock)
HDL Generation ...
Synthesis ...
Place and Route ...
Tech mapping ...
Info: mpr.M0037: Unused pieces of the design have been optimized out. See the Tech mapping section of the report file for details. (App=cydsfit)
Analog Placement ...
Analog Routing ...
Analog Code Generation ...
Digital Placement ...
Digital Routing ...
Bitstream Generation ...
Static timing analysis ...
API Generation ...
Dependency Generation ...
Clean Temporary Files ...
arm-none-eabi-gcc.exe -I. -Wno-main -I./Generated_Source/PSoC5 -mcpu=cortex-m3 -mthumb -Wall -g -D DEBUG -Wa,-alh=.\CortexM3\ARM_GCC_441\Debug\main.lst -ffunction-sections -c .\main.c -o .\CortexM3\ARM_GCC_441\Debug\main.o
arm-none-eabi-gcc.exe -I. -Wno-main -I./Generated_Source/PSoC5 -mcpu=cortex-m3 -mthumb -Wall -g -D DEBUG -Wa,-alh=.\CortexM3\ARM_GCC_441\Debug\PWM_BUCK.lst -ffunction-sections -c .\Generated_Source\PSoC5\PWM_BUCK.c -o .\CortexM3\ARM_GCC_441\Debug\PWM_BUCK.o
arm-none-eabi-gcc.exe -I. -Wno-main -I./Generated_Source/PSoC5 -mcpu=cortex-m3 -mthumb -Wall -g -D DEBUG -Wa,-alh=.\CortexM3\ARM_GCC_441\Debug\PWM_BUCK_PM.lst -ffunction-sections -c .\Generated_Source\PSoC5\PWM_BUCK_PM.c -o .\CortexM3\ARM_GCC_441\Debug\PWM_BUCK_PM.o
arm-none-eabi-gcc.exe -I. -Wno-main -I./Generated_Source/PSoC5 -mcpu=cortex-m3 -mthumb -Wall -g -D DEBUG -Wa,-alh=.\CortexM3\ARM_GCC_441\Debug\Cm3Start.lst -ffunction-sections -c .\Generated_Source\PSoC5\Cm3Start.c -o .\CortexM3\ARM_GCC_441\Debug\Cm3Start.o
arm-none-eabi-gcc.exe -I. -Wno-main -I./Generated_Source/PSoC5 -mcpu=cortex-m3 -mthumb -Wall -g -D DEBUG -Wa,-alh=.\CortexM3\ARM_GCC_441\Debug\core_cm3.lst -ffunction-sections -c .\Generated_Source\PSoC5\core_cm3.c -o .\CortexM3\ARM_GCC_441\Debug\core_cm3.o
arm-none-eabi-as.exe -I. -I./Generated_Source/PSoC5 -mcpu=cortex-m3 -mthumb -g -alh=.\CortexM3\ARM_GCC_441\Debug/CyBootAsmGnu.lst -o .\CortexM3\ARM_GCC_441\Debug\CyBootAsmGnu.o .\Generated_Source\PSoC5\CyBootAsmGnu.s
arm-none-eabi-gcc.exe -I. -Wno-main -I./Generated_Source/PSoC5 -mcpu=cortex-m3 -mthumb -Wall -g -D DEBUG -Wa,-alh=.\CortexM3\ARM_GCC_441\Debug\CyDmac.lst -ffunction-sections -c .\Generated_Source\PSoC5\CyDmac.c -o .\CortexM3\ARM_GCC_441\Debug\CyDmac.o
arm-none-eabi-gcc.exe -I. -Wno-main -I./Generated_Source/PSoC5 -mcpu=cortex-m3 -mthumb -Wall -g -D DEBUG -Wa,-alh=.\CortexM3\ARM_GCC_441\Debug\CyFlash.lst -ffunction-sections -c .\Generated_Source\PSoC5\CyFlash.c -o .\CortexM3\ARM_GCC_441\Debug\CyFlash.o
arm-none-eabi-gcc.exe -I. -Wno-main -I./Generated_Source/PSoC5 -mcpu=cortex-m3 -mthumb -Wall -g -D DEBUG -Wa,-alh=.\CortexM3\ARM_GCC_441\Debug\CyLib.lst -ffunction-sections -c .\Generated_Source\PSoC5\CyLib.c -o .\CortexM3\ARM_GCC_441\Debug\CyLib.o
arm-none-eabi-gcc.exe -I. -Wno-main -I./Generated_Source/PSoC5 -mcpu=cortex-m3 -mthumb -Wall -g -D DEBUG -Wa,-alh=.\CortexM3\ARM_GCC_441\Debug\cyPm.lst -ffunction-sections -c .\Generated_Source\PSoC5\cyPm.c -o .\CortexM3\ARM_GCC_441\Debug\cyPm.o
arm-none-eabi-gcc.exe -I. -Wno-main -I./Generated_Source/PSoC5 -mcpu=cortex-m3 -mthumb -Wall -g -D DEBUG -Wa,-alh=.\CortexM3\ARM_GCC_441\Debug\CySpc.lst -ffunction-sections -c .\Generated_Source\PSoC5\CySpc.c -o .\CortexM3\ARM_GCC_441\Debug\CySpc.o
arm-none-eabi-gcc.exe -I. -Wno-main -I./Generated_Source/PSoC5 -mcpu=cortex-m3 -mthumb -Wall -g -D DEBUG -Wa,-alh=.\CortexM3\ARM_GCC_441\Debug\cyutils.lst -ffunction-sections -c .\Generated_Source\PSoC5\cyutils.c -o .\CortexM3\ARM_GCC_441\Debug\cyutils.o
arm-none-eabi-gcc.exe -I. -Wno-main -I./Generated_Source/PSoC5 -mcpu=cortex-m3 -mthumb -Wall -g -D DEBUG -Wa,-alh=.\CortexM3\ARM_GCC_441\Debug\LCD_Char_1.lst -ffunction-sections -c .\Generated_Source\PSoC5\LCD_Char_1.c -o .\CortexM3\ARM_GCC_441\Debug\LCD_Char_1.o
arm-none-eabi-gcc.exe -I. -Wno-main -I./Generated_Source/PSoC5 -mcpu=cortex-m3 -mthumb -Wall -g -D DEBUG -Wa,-alh=.\CortexM3\ARM_GCC_441\Debug\LCD_Char_1_PM.lst -ffunction-sections -c .\Generated_Source\PSoC5\LCD_Char_1_PM.c -o .\CortexM3\ARM_GCC_441\Debug\LCD_Char_1_PM.o
arm-none-eabi-gcc.exe -I. -Wno-main -I./Generated_Source/PSoC5 -mcpu=cortex-m3 -mthumb -Wall -g -D DEBUG -Wa,-alh=.\CortexM3\ARM_GCC_441\Debug\LCD_Char_1_LCDPort.lst -ffunction-sections -c .\Generated_Source\PSoC5\LCD_Char_1_LCDPort.c -o .\CortexM3\ARM_GCC_441\Debug\LCD_Char_1_LCDPort.o
arm-none-eabi-gcc.exe -I. -Wno-main -I./Generated_Source/PSoC5 -mcpu=cortex-m3 -mthumb -Wall -g -D DEBUG -Wa,-alh=.\CortexM3\ARM_GCC_441\Debug\Clock_2.lst -ffunction-sections -c .\Generated_Source\PSoC5\Clock_2.c -o .\CortexM3\ARM_GCC_441\Debug\Clock_2.o
arm-none-eabi-gcc.exe -I. -Wno-main -I./Generated_Source/PSoC5 -mcpu=cortex-m3 -mthumb -Wall -g -D DEBUG -Wa,-alh=.\CortexM3\ARM_GCC_441\Debug\ADC_DelSig_V.lst -ffunction-sections -c .\Generated_Source\PSoC5\ADC_DelSig_V.c -o .\CortexM3\ARM_GCC_441\Debug\ADC_DelSig_V.o
arm-none-eabi-gcc.exe -I. -Wno-main -I./Generated_Source/PSoC5 -mcpu=cortex-m3 -mthumb -Wall -g -D DEBUG -Wa,-alh=.\CortexM3\ARM_GCC_441\Debug\ADC_DelSig_V_PM.lst -ffunction-sections -c .\Generated_Source\PSoC5\ADC_DelSig_V_PM.c -o .\CortexM3\ARM_GCC_441\Debug\ADC_DelSig_V_PM.o
arm-none-eabi-gcc.exe -I. -Wno-main -I./Generated_Source/PSoC5 -mcpu=cortex-m3 -mthumb -Wall -g -D DEBUG -Wa,-alh=.\CortexM3\ARM_GCC_441\Debug\ADC_DelSig_V_INT.lst -ffunction-sections -c .\Generated_Source\PSoC5\ADC_DelSig_V_INT.c -o .\CortexM3\ARM_GCC_441\Debug\ADC_DelSig_V_INT.o
arm-none-eabi-gcc.exe -I. -Wno-main -I./Generated_Source/PSoC5 -mcpu=cortex-m3 -mthumb -Wall -g -D DEBUG -Wa,-alh=.\CortexM3\ARM_GCC_441\Debug\ADC_DelSig_V_theACLK.lst -ffunction-sections -c .\Generated_Source\PSoC5\ADC_DelSig_V_theACLK.c -o .\CortexM3\ARM_GCC_441\Debug\ADC_DelSig_V_theACLK.o
arm-none-eabi-gcc.exe -I. -Wno-main -I./Generated_Source/PSoC5 -mcpu=cortex-m3 -mthumb -Wall -g -D DEBUG -Wa,-alh=.\CortexM3\ARM_GCC_441\Debug\ADC_DelSig_V_Ext_CP_Clk.lst -ffunction-sections -c .\Generated_Source\PSoC5\ADC_DelSig_V_Ext_CP_Clk.c -o .\CortexM3\ARM_GCC_441\Debug\ADC_DelSig_V_Ext_CP_Clk.o
arm-none-eabi-gcc.exe -I. -Wno-main -I./Generated_Source/PSoC5 -mcpu=cortex-m3 -mthumb -Wall -g -D DEBUG -Wa,-alh=.\CortexM3\ARM_GCC_441\Debug\ADC_DelSig_V_AMux.lst -ffunction-sections -c .\Generated_Source\PSoC5\ADC_DelSig_V_AMux.c -o .\CortexM3\ARM_GCC_441\Debug\ADC_DelSig_V_AMux.o
arm-none-eabi-gcc.exe -I. -Wno-main -I./Generated_Source/PSoC5 -mcpu=cortex-m3 -mthumb -Wall -g -D DEBUG -Wa,-alh=.\CortexM3\ARM_GCC_441\Debug\UART_1.lst -ffunction-sections -c .\Generated_Source\PSoC5\UART_1.c -o .\CortexM3\ARM_GCC_441\Debug\UART_1.o
arm-none-eabi-gcc.exe -I. -Wno-main -I./Generated_Source/PSoC5 -mcpu=cortex-m3 -mthumb -Wall -g -D DEBUG -Wa,-alh=.\CortexM3\ARM_GCC_441\Debug\UART_1_PM.lst -ffunction-sections -c .\Generated_Source\PSoC5\UART_1_PM.c -o .\CortexM3\ARM_GCC_441\Debug\UART_1_PM.o
arm-none-eabi-gcc.exe -I. -Wno-main -I./Generated_Source/PSoC5 -mcpu=cortex-m3 -mthumb -Wall -g -D DEBUG -Wa,-alh=.\CortexM3\ARM_GCC_441\Debug\UART_1_INT.lst -ffunction-sections -c .\Generated_Source\PSoC5\UART_1_INT.c -o .\CortexM3\ARM_GCC_441\Debug\UART_1_INT.o
arm-none-eabi-gcc.exe -I. -Wno-main -I./Generated_Source/PSoC5 -mcpu=cortex-m3 -mthumb -Wall -g -D DEBUG -Wa,-alh=.\CortexM3\ARM_GCC_441\Debug\UART_1_BOOT.lst -ffunction-sections -c .\Generated_Source\PSoC5\UART_1_BOOT.c -o .\CortexM3\ARM_GCC_441\Debug\UART_1_BOOT.o
arm-none-eabi-gcc.exe -I. -Wno-main -I./Generated_Source/PSoC5 -mcpu=cortex-m3 -mthumb -Wall -g -D DEBUG -Wa,-alh=.\CortexM3\ARM_GCC_441\Debug\UART_1_IntClock.lst -ffunction-sections -c .\Generated_Source\PSoC5\UART_1_IntClock.c -o .\CortexM3\ARM_GCC_441\Debug\UART_1_IntClock.o
arm-none-eabi-gcc.exe -I. -Wno-main -I./Generated_Source/PSoC5 -mcpu=cortex-m3 -mthumb -Wall -g -D DEBUG -Wa,-alh=.\CortexM3\ARM_GCC_441\Debug\BUCK_LS.lst -ffunction-sections -c .\Generated_Source\PSoC5\BUCK_LS.c -o .\CortexM3\ARM_GCC_441\Debug\BUCK_LS.o
arm-none-eabi-gcc.exe -I. -Wno-main -I./Generated_Source/PSoC5 -mcpu=cortex-m3 -mthumb -Wall -g -D DEBUG -Wa,-alh=.\CortexM3\ARM_GCC_441\Debug\A_HS.lst -ffunction-sections -c .\Generated_Source\PSoC5\A_HS.c -o .\CortexM3\ARM_GCC_441\Debug\A_HS.o
arm-none-eabi-gcc.exe -I. -Wno-main -I./Generated_Source/PSoC5 -mcpu=cortex-m3 -mthumb -Wall -g -D DEBUG -Wa,-alh=.\CortexM3\ARM_GCC_441\Debug\A_LS.lst -ffunction-sections -c .\Generated_Source\PSoC5\A_LS.c -o .\CortexM3\ARM_GCC_441\Debug\A_LS.o
arm-none-eabi-gcc.exe -I. -Wno-main -I./Generated_Source/PSoC5 -mcpu=cortex-m3 -mthumb -Wall -g -D DEBUG -Wa,-alh=.\CortexM3\ARM_GCC_441\Debug\B_HS.lst -ffunction-sections -c .\Generated_Source\PSoC5\B_HS.c -o .\CortexM3\ARM_GCC_441\Debug\B_HS.o
arm-none-eabi-gcc.exe -I. -Wno-main -I./Generated_Source/PSoC5 -mcpu=cortex-m3 -mthumb -Wall -g -D DEBUG -Wa,-alh=.\CortexM3\ARM_GCC_441\Debug\B_LS.lst -ffunction-sections -c .\Generated_Source\PSoC5\B_LS.c -o .\CortexM3\ARM_GCC_441\Debug\B_LS.o
arm-none-eabi-gcc.exe -I. -Wno-main -I./Generated_Source/PSoC5 -mcpu=cortex-m3 -mthumb -Wall -g -D DEBUG -Wa,-alh=.\CortexM3\ARM_GCC_441\Debug\V_SENSE.lst -ffunction-sections -c .\Generated_Source\PSoC5\V_SENSE.c -o .\CortexM3\ARM_GCC_441\Debug\V_SENSE.o
arm-none-eabi-gcc.exe -I. -Wno-main -I./Generated_Source/PSoC5 -mcpu=cortex-m3 -mthumb -Wall -g -D DEBUG -Wa,-alh=.\CortexM3\ARM_GCC_441\Debug\BUCK_HS.lst -ffunction-sections -c .\Generated_Source\PSoC5\BUCK_HS.c -o .\CortexM3\ARM_GCC_441\Debug\BUCK_HS.o
arm-none-eabi-gcc.exe -I. -Wno-main -I./Generated_Source/PSoC5 -mcpu=cortex-m3 -mthumb -Wall -g -D DEBUG -Wa,-alh=.\CortexM3\ARM_GCC_441\Debug\Control_Reg_1.lst -ffunction-sections -c .\Generated_Source\PSoC5\Control_Reg_1.c -o .\CortexM3\ARM_GCC_441\Debug\Control_Reg_1.o
arm-none-eabi-gcc.exe -I. -Wno-main -I./Generated_Source/PSoC5 -mcpu=cortex-m3 -mthumb -Wall -g -D DEBUG -Wa,-alh=.\CortexM3\ARM_GCC_441\Debug\Counter_1.lst -ffunction-sections -c .\Generated_Source\PSoC5\Counter_1.c -o .\CortexM3\ARM_GCC_441\Debug\Counter_1.o
arm-none-eabi-gcc.exe -I. -Wno-main -I./Generated_Source/PSoC5 -mcpu=cortex-m3 -mthumb -Wall -g -D DEBUG -Wa,-alh=.\CortexM3\ARM_GCC_441\Debug\Counter_1_PM.lst -ffunction-sections -c .\Generated_Source\PSoC5\Counter_1_PM.c -o .\CortexM3\ARM_GCC_441\Debug\Counter_1_PM.o
arm-none-eabi-gcc.exe -I. -Wno-main -I./Generated_Source/PSoC5 -mcpu=cortex-m3 -mthumb -Wall -g -D DEBUG -Wa,-alh=.\CortexM3\ARM_GCC_441\Debug\isr_LOOP.lst -ffunction-sections -c .\Generated_Source\PSoC5\isr_LOOP.c -o .\CortexM3\ARM_GCC_441\Debug\isr_LOOP.o
.\Generated_Source\PSoC5\isr_LOOP.c: In function 'isr_LOOP_Interrupt':
.\Generated_Source\PSoC5\isr_LOOP.c:147: warning: implicit declaration of function 'PWM_BUCK_WriteCompare'
arm-none-eabi-gcc.exe -I. -Wno-main -I./Generated_Source/PSoC5 -mcpu=cortex-m3 -mthumb -Wall -g -D DEBUG -Wa,-alh=.\CortexM3\ARM_GCC_441\Debug\isr_LUT.lst -ffunction-sections -c .\Generated_Source\PSoC5\isr_LUT.c -o .\CortexM3\ARM_GCC_441\Debug\isr_LUT.o
.\Generated_Source\PSoC5\isr_LUT.c: In function 'isr_LUT_Interrupt':
.\Generated_Source\PSoC5\isr_LUT.c:155: warning: implicit declaration of function 'Control_Reg_1_Write'
.\Generated_Source\PSoC5\isr_LUT.c:155: warning: implicit declaration of function 'Control_Reg_1_Read'
arm-none-eabi-gcc.exe -I. -Wno-main -I./Generated_Source/PSoC5 -mcpu=cortex-m3 -mthumb -Wall -g -D DEBUG -Wa,-alh=.\CortexM3\ARM_GCC_441\Debug\cyfitter_cfg.lst -ffunction-sections -c .\Generated_Source\PSoC5\cyfitter_cfg.c -o .\CortexM3\ARM_GCC_441\Debug\cyfitter_cfg.o
arm-none-eabi-ar.exe -rs .\CortexM3\ARM_GCC_441\Debug\invert.a .\CortexM3\ARM_GCC_441\Debug\PWM_BUCK.o .\CortexM3\ARM_GCC_441\Debug\PWM_BUCK_PM.o .\CortexM3\ARM_GCC_441\Debug\core_cm3.o .\CortexM3\ARM_GCC_441\Debug\CyBootAsmGnu.o .\CortexM3\ARM_GCC_441\Debug\CyDmac.o .\CortexM3\ARM_GCC_441\Debug\CyFlash.o .\CortexM3\ARM_GCC_441\Debug\CyLib.o .\CortexM3\ARM_GCC_441\Debug\cyPm.o .\CortexM3\ARM_GCC_441\Debug\CySpc.o .\CortexM3\ARM_GCC_441\Debug\cyutils.o .\CortexM3\ARM_GCC_441\Debug\LCD_Char_1.o .\CortexM3\ARM_GCC_441\Debug\LCD_Char_1_PM.o .\CortexM3\ARM_GCC_441\Debug\LCD_Char_1_LCDPort.o .\CortexM3\ARM_GCC_441\Debug\Clock_2.o .\CortexM3\ARM_GCC_441\Debug\ADC_DelSig_V.o .\CortexM3\ARM_GCC_441\Debug\ADC_DelSig_V_PM.o .\CortexM3\ARM_GCC_441\Debug\ADC_DelSig_V_INT.o .\CortexM3\ARM_GCC_441\Debug\ADC_DelSig_V_theACLK.o .\CortexM3\ARM_GCC_441\Debug\ADC_DelSig_V_Ext_CP_Clk.o .\CortexM3\ARM_GCC_441\Debug\ADC_DelSig_V_AMux.o .\CortexM3\ARM_GCC_441\Debug\UART_1.o .\CortexM3\ARM_GCC_441\Debug\UART_1_PM.o .\CortexM3\ARM_GCC_441\Debug\UART_1_INT.o .\CortexM3\ARM_GCC_441\Debug\UART_1_BOOT.o .\CortexM3\ARM_GCC_441\Debug\UART_1_IntClock.o .\CortexM3\ARM_GCC_441\Debug\BUCK_LS.o .\CortexM3\ARM_GCC_441\Debug\A_HS.o .\CortexM3\ARM_GCC_441\Debug\A_LS.o .\CortexM3\ARM_GCC_441\Debug\B_HS.o .\CortexM3\ARM_GCC_441\Debug\B_LS.o .\CortexM3\ARM_GCC_441\Debug\V_SENSE.o .\CortexM3\ARM_GCC_441\Debug\BUCK_HS.o .\CortexM3\ARM_GCC_441\Debug\Control_Reg_1.o .\CortexM3\ARM_GCC_441\Debug\Counter_1.o .\CortexM3\ARM_GCC_441\Debug\Counter_1_PM.o .\CortexM3\ARM_GCC_441\Debug\isr_LOOP.o .\CortexM3\ARM_GCC_441\Debug\isr_LUT.o .\CortexM3\ARM_GCC_441\Debug\cyfitter_cfg.o
arm-none-eabi-ar.exe: creating .\CortexM3\ARM_GCC_441\Debug\invert.a
arm-none-eabi-gcc.exe -mthumb -march=armv7-m -mfix-cortex-m3-ldrd -T .\Generated_Source\PSoC5\cm3gcc.ld -g -Wl,-Map,.\CortexM3\ARM_GCC_441\Debug\invert.map -Wl,--gc-sections -Wl,--start-group -o .\CortexM3\ARM_GCC_441\Debug\invert.elf .\CortexM3\ARM_GCC_441\Debug\main.o .\CortexM3\ARM_GCC_441\Debug\Cm3Start.o .\CortexM3\ARM_GCC_441\Debug\invert.a "C:\Program Files (x86)\Cypress\PSoC Creator\2.2\PSoC Creator\psoc\content\cycomponentlibrary\CyComponentLibrary.cylib\CortexM3\ARM_GCC_441\Debug\CyComponentLibrary.a" -Wl,--end-group
arm-none-eabi-objcopy.exe -O ihex .\CortexM3\ARM_GCC_441\Debug\invert.elf .\CortexM3\ARM_GCC_441\Debug\invert.ihx
cyhextool -o .\CortexM3\ARM_GCC_441\Debug\invert.hex -f .\CortexM3\ARM_GCC_441\Debug\invert.ihx -prot .\Generated_Source\PSoC5\protect.hex -id E13C069 -a EEPROM=90200000:800,PROGRAM=00000000:40000,CONFIG=80000000:8000,PROTECT=90400000:100 -meta 0101 -cunv 00000006 -wonv BC90ACAF -ecc .\Generated_Source\PSoC5\config.hex
Flash used: 10824 of 262144 bytes (4.1 %).
SRAM used: 924 of 65536 bytes (1.4 %).
--------------- Rebuild Succeeded: 11/27/2014 15:22:50 ---------------
