--------------- Build Started: 11/15/2014 13:07:03 Project: invert, Configuration: ARM GCC 4.4.1 Debug ---------------
cydsfit.exe "-.appdatapath" "C:\Users\hoangp\AppData\Local\Cypress Semiconductor\PSoC Creator\2.2" "-.fdsnotice" "-.fdswarpdepfile=warp_dependencies.txt" "-.fdselabdepfile=elab_dependencies.txt" "-.fdsbldfile=generated_files.txt" "-p" "C:\Users\hoangp\Documents\GitHub\EE542\firmware\invert\invert.cydsn\invert.cyprj" "-d" "CY8C5568AXI-060" "-s" "C:\Users\hoangp\Documents\GitHub\EE542\firmware\invert\invert.cydsn\Generated_Source\PSoC5" "--" "-yv2" "-v3" "-ygs" "-q10" "-o2" "-.fftcfgtype=LE"
Elaborating Design...
ADD: prj.M0246: information: PSoC 5LP provides many improvements over PSoC 5. Learn more about migrating to PSoC 5LP at www.cypress.com/go/PSoC5LP
 * invert ()
ADD: pft.M0028: warning: Clock Warning: (UART_1_IntClock's accuracy range '76.677 kHz ñ 5.000%, (72.843 kHz - 80.511 kHz)' is not within the specified tolerance range '76.800 kHz ñ 2.000%, (75.264 kHz - 78.336 kHz)'.).
 * C:\Program Files (x86)\Cypress\PSoC Creator\2.2\PSoC Creator\psoc\content\cycomponentlibrary\CyComponentLibrary.cylib\UART_v2_30\UART_v2_30.cysch (Instance: IntClock)
 * C:\Users\hoangp\Documents\GitHub\EE542\firmware\invert\invert.cydsn\invert.cydwr (UART_1_IntClock)
HDL Generation ...
Synthesis ...
Place and Route ...
Tech mapping ...
ADD: pft.M0040: information: The following 4 pin(s) will be assigned a location by the fitter: MISO(0), MOSI(0), SCLK(0), SS(0)
Info: mpr.M0037: Unused pieces of the design have been optimized out. See the Tech mapping section of the report file for details. (App=cydsfit)
Analog Placement ...
Analog Routing ...
Analog Code Generation ...
Digital Placement ...
Info: plm.M0038: The pin named SS(0) at location P0[3] prevents usage of special purposes: DSM:ExtVref. (App=cydsfit)
Digital Routing ...
Bitstream Generation ...
Static timing analysis ...
Warning: sta.M0019: invert_timing.html: Warning-1367: Hold time violation found in a path from clock ( CyBUS_CLK ) to clock ( SCLK(0)/fb ). (File=C:\Users\hoangp\Documents\GitHub\EE542\firmware\invert\invert.cydsn\codegentemp\invert_timing.html)
API Generation ...
Dependency Generation ...
Clean Temporary Files ...
arm-none-eabi-gcc.exe -I. -Wno-main -I./Generated_Source/PSoC5 -mcpu=cortex-m3 -mthumb -Wall -g -D DEBUG -Wa,-alh=.\CortexM3\ARM_GCC_441\Debug\cyfitter_cfg.lst -ffunction-sections -c .\Generated_Source\PSoC5\cyfitter_cfg.c -o .\CortexM3\ARM_GCC_441\Debug\cyfitter_cfg.o
arm-none-eabi-ar.exe -rs .\CortexM3\ARM_GCC_441\Debug\invert.a .\CortexM3\ARM_GCC_441\Debug\PWM_BUCK.o .\CortexM3\ARM_GCC_441\Debug\PWM_BUCK_PM.o .\CortexM3\ARM_GCC_441\Debug\Clock_1.o .\CortexM3\ARM_GCC_441\Debug\core_cm3.o .\CortexM3\ARM_GCC_441\Debug\CyBootAsmGnu.o .\CortexM3\ARM_GCC_441\Debug\CyDmac.o .\CortexM3\ARM_GCC_441\Debug\CyFlash.o .\CortexM3\ARM_GCC_441\Debug\CyLib.o .\CortexM3\ARM_GCC_441\Debug\cyPm.o .\CortexM3\ARM_GCC_441\Debug\CySpc.o .\CortexM3\ARM_GCC_441\Debug\cyutils.o .\CortexM3\ARM_GCC_441\Debug\LCD_Char_1.o .\CortexM3\ARM_GCC_441\Debug\LCD_Char_1_PM.o .\CortexM3\ARM_GCC_441\Debug\LCD_Char_1_LCDPort.o .\CortexM3\ARM_GCC_441\Debug\Clock_2.o .\CortexM3\ARM_GCC_441\Debug\ADC_DelSig_V.o .\CortexM3\ARM_GCC_441\Debug\ADC_DelSig_V_PM.o .\CortexM3\ARM_GCC_441\Debug\ADC_DelSig_V_INT.o .\CortexM3\ARM_GCC_441\Debug\ADC_DelSig_V_theACLK.o .\CortexM3\ARM_GCC_441\Debug\ADC_DelSig_V_Ext_CP_Clk.o .\CortexM3\ARM_GCC_441\Debug\ADC_DelSig_V_AMux.o .\CortexM3\ARM_GCC_441\Debug\UART_1.o .\CortexM3\ARM_GCC_441\Debug\UART_1_PM.o .\CortexM3\ARM_GCC_441\Debug\UART_1_INT.o .\CortexM3\ARM_GCC_441\Debug\UART_1_BOOT.o .\CortexM3\ARM_GCC_441\Debug\UART_1_IntClock.o .\CortexM3\ARM_GCC_441\Debug\SPIS_1.o .\CortexM3\ARM_GCC_441\Debug\SPIS_1_PM.o .\CortexM3\ARM_GCC_441\Debug\SPIS_1_INT.o .\CortexM3\ARM_GCC_441\Debug\SPIS_1_BOOT.o .\CortexM3\ARM_GCC_441\Debug\Clock_3.o .\CortexM3\ARM_GCC_441\Debug\BUCK_LS.o .\CortexM3\ARM_GCC_441\Debug\A_HS.o .\CortexM3\ARM_GCC_441\Debug\A_LS.o .\CortexM3\ARM_GCC_441\Debug\B_HS.o .\CortexM3\ARM_GCC_441\Debug\B_LS.o .\CortexM3\ARM_GCC_441\Debug\V_SENSE.o .\CortexM3\ARM_GCC_441\Debug\SS.o .\CortexM3\ARM_GCC_441\Debug\SCLK.o .\CortexM3\ARM_GCC_441\Debug\MOSI.o .\CortexM3\ARM_GCC_441\Debug\MISO.o .\CortexM3\ARM_GCC_441\Debug\BUCK_HS.o .\CortexM3\ARM_GCC_441\Debug\Control_Reg_1.o .\CortexM3\ARM_GCC_441\Debug\cyfitter_cfg.o
arm-none-eabi-ar.exe: creating .\CortexM3\ARM_GCC_441\Debug\invert.a
arm-none-eabi-gcc.exe -mthumb -march=armv7-m -mfix-cortex-m3-ldrd -T .\Generated_Source\PSoC5\cm3gcc.ld -g -Wl,-Map,.\CortexM3\ARM_GCC_441\Debug\invert.map -Wl,--gc-sections -Wl,--start-group -o .\CortexM3\ARM_GCC_441\Debug\invert.elf .\CortexM3\ARM_GCC_441\Debug\main.o .\CortexM3\ARM_GCC_441\Debug\Cm3Start.o .\CortexM3\ARM_GCC_441\Debug\invert.a "C:\Program Files (x86)\Cypress\PSoC Creator\2.2\PSoC Creator\psoc\content\cycomponentlibrary\CyComponentLibrary.cylib\CortexM3\ARM_GCC_441\Debug\CyComponentLibrary.a" -Wl,--end-group
arm-none-eabi-objcopy.exe -O ihex .\CortexM3\ARM_GCC_441\Debug\invert.elf .\CortexM3\ARM_GCC_441\Debug\invert.ihx
cyhextool -o .\CortexM3\ARM_GCC_441\Debug\invert.hex -f .\CortexM3\ARM_GCC_441\Debug\invert.ihx -prot .\Generated_Source\PSoC5\protect.hex -id E13C069 -a EEPROM=90200000:800,PROGRAM=00000000:40000,CONFIG=80000000:8000,PROTECT=90400000:100 -meta 0101 -cunv 00000006 -wonv BC90ACAF -ecc .\Generated_Source\PSoC5\config.hex
Flash used: 10536 of 262144 bytes (4.0 %).
SRAM used: 884 of 65536 bytes (1.3 %).
--------------- Build Succeeded: 11/15/2014 13:08:05 ---------------
