ARM GAS  C:\Users\hoangp\AppData\Local\Temp\ccrUBbEh.s 			page 1


   1              		.syntax unified
   2              		.cpu cortex-m3
   3              		.fpu softvfp
   4              		.eabi_attribute 20, 1
   5              		.eabi_attribute 21, 1
   6              		.eabi_attribute 23, 3
   7              		.eabi_attribute 24, 1
   8              		.eabi_attribute 25, 1
   9              		.eabi_attribute 26, 1
  10              		.eabi_attribute 30, 6
  11              		.eabi_attribute 18, 4
  12              		.thumb
  13              		.file	"isr_DFB.c"
  14              		.section	.debug_abbrev,"",%progbits
  15              	.Ldebug_abbrev0:
  16              		.section	.debug_info,"",%progbits
  17              	.Ldebug_info0:
  18              		.section	.debug_line,"",%progbits
  19              	.Ldebug_line0:
  20 0000 46010000 		.text
  20      02005F00 
  20      00000201 
  20      FB0E0D00 
  20      01010101 
  21              	.Ltext0:
  22              		.cfi_sections	.debug_frame
  23              		.section	.text.isr_DFB_Start,"ax",%progbits
  24              		.align	2
  25              		.global	isr_DFB_Start
  26              		.thumb
  27              		.thumb_func
  28              		.type	isr_DFB_Start, %function
  29              	isr_DFB_Start:
  30              	.LFB0:
  31              		.file 1 ".\\Generated_Source\\PSoC5\\isr_DFB.c"
   1:.\Generated_Source\PSoC5/isr_DFB.c **** /*******************************************************************************
   2:.\Generated_Source\PSoC5/isr_DFB.c **** * File Name: isr_DFB.c  
   3:.\Generated_Source\PSoC5/isr_DFB.c **** * Version 1.70
   4:.\Generated_Source\PSoC5/isr_DFB.c **** *
   5:.\Generated_Source\PSoC5/isr_DFB.c **** *  Description:
   6:.\Generated_Source\PSoC5/isr_DFB.c **** *   API for controlling the state of an interrupt.
   7:.\Generated_Source\PSoC5/isr_DFB.c **** *
   8:.\Generated_Source\PSoC5/isr_DFB.c **** *
   9:.\Generated_Source\PSoC5/isr_DFB.c **** *  Note:
  10:.\Generated_Source\PSoC5/isr_DFB.c **** *
  11:.\Generated_Source\PSoC5/isr_DFB.c **** ********************************************************************************
  12:.\Generated_Source\PSoC5/isr_DFB.c **** * Copyright 2008-2012, Cypress Semiconductor Corporation.  All rights reserved.
  13:.\Generated_Source\PSoC5/isr_DFB.c **** * You may use this file only in accordance with the license, terms, conditions, 
  14:.\Generated_Source\PSoC5/isr_DFB.c **** * disclaimers, and limitations in the end user license agreement accompanying 
  15:.\Generated_Source\PSoC5/isr_DFB.c **** * the software package with which this file was provided.
  16:.\Generated_Source\PSoC5/isr_DFB.c **** *******************************************************************************/
  17:.\Generated_Source\PSoC5/isr_DFB.c **** 
  18:.\Generated_Source\PSoC5/isr_DFB.c **** 
  19:.\Generated_Source\PSoC5/isr_DFB.c **** #include <CYDEVICE_TRM.H>
  20:.\Generated_Source\PSoC5/isr_DFB.c **** #include <CYLIB.H>
  21:.\Generated_Source\PSoC5/isr_DFB.c **** #include <isr_DFB.H>
  22:.\Generated_Source\PSoC5/isr_DFB.c **** 
ARM GAS  C:\Users\hoangp\AppData\Local\Temp\ccrUBbEh.s 			page 2


  23:.\Generated_Source\PSoC5/isr_DFB.c **** #if !defined(isr_DFB__REMOVED) /* Check for removal by optimization */
  24:.\Generated_Source\PSoC5/isr_DFB.c **** 
  25:.\Generated_Source\PSoC5/isr_DFB.c **** /*******************************************************************************
  26:.\Generated_Source\PSoC5/isr_DFB.c **** *  Place your includes, defines and code here 
  27:.\Generated_Source\PSoC5/isr_DFB.c **** ********************************************************************************/
  28:.\Generated_Source\PSoC5/isr_DFB.c **** /* `#START isr_DFB_intc` */
  29:.\Generated_Source\PSoC5/isr_DFB.c **** 
  30:.\Generated_Source\PSoC5/isr_DFB.c **** /* `#END` */
  31:.\Generated_Source\PSoC5/isr_DFB.c **** 
  32:.\Generated_Source\PSoC5/isr_DFB.c **** #ifndef CYINT_IRQ_BASE
  33:.\Generated_Source\PSoC5/isr_DFB.c **** #define CYINT_IRQ_BASE      16
  34:.\Generated_Source\PSoC5/isr_DFB.c **** #endif /* CYINT_IRQ_BASE */
  35:.\Generated_Source\PSoC5/isr_DFB.c **** #ifndef CYINT_VECT_TABLE
  36:.\Generated_Source\PSoC5/isr_DFB.c **** #define CYINT_VECT_TABLE    ((cyisraddress **) CYREG_NVIC_VECT_OFFSET)
  37:.\Generated_Source\PSoC5/isr_DFB.c **** #endif /* CYINT_VECT_TABLE */
  38:.\Generated_Source\PSoC5/isr_DFB.c **** 
  39:.\Generated_Source\PSoC5/isr_DFB.c **** /* Declared in startup, used to set unused interrupts to. */
  40:.\Generated_Source\PSoC5/isr_DFB.c **** CY_ISR_PROTO(IntDefaultHandler);
  41:.\Generated_Source\PSoC5/isr_DFB.c **** 
  42:.\Generated_Source\PSoC5/isr_DFB.c **** 
  43:.\Generated_Source\PSoC5/isr_DFB.c **** /*******************************************************************************
  44:.\Generated_Source\PSoC5/isr_DFB.c **** * Function Name: isr_DFB_Start
  45:.\Generated_Source\PSoC5/isr_DFB.c **** ********************************************************************************
  46:.\Generated_Source\PSoC5/isr_DFB.c **** *
  47:.\Generated_Source\PSoC5/isr_DFB.c **** * Summary:
  48:.\Generated_Source\PSoC5/isr_DFB.c **** *  Set up the interrupt and enable it.
  49:.\Generated_Source\PSoC5/isr_DFB.c **** *
  50:.\Generated_Source\PSoC5/isr_DFB.c **** * Parameters:  
  51:.\Generated_Source\PSoC5/isr_DFB.c **** *   None
  52:.\Generated_Source\PSoC5/isr_DFB.c **** *
  53:.\Generated_Source\PSoC5/isr_DFB.c **** * Return:
  54:.\Generated_Source\PSoC5/isr_DFB.c **** *   None
  55:.\Generated_Source\PSoC5/isr_DFB.c **** *
  56:.\Generated_Source\PSoC5/isr_DFB.c **** *******************************************************************************/
  57:.\Generated_Source\PSoC5/isr_DFB.c **** void isr_DFB_Start(void)
  58:.\Generated_Source\PSoC5/isr_DFB.c **** {
  32              		.loc 1 58 0
  33              		.cfi_startproc
  34              		@ args = 0, pretend = 0, frame = 0
  35              		@ frame_needed = 1, uses_anonymous_args = 0
  36 0000 80B5     		push	{r7, lr}
  37              	.LCFI0:
  38              		.cfi_def_cfa_offset 8
  39 0002 00AF     		add	r7, sp, #0
  40              		.cfi_offset 14, -4
  41              		.cfi_offset 7, -8
  42              	.LCFI1:
  43              		.cfi_def_cfa_register 7
  59:.\Generated_Source\PSoC5/isr_DFB.c ****     /* For all we know the interrupt is active. */
  60:.\Generated_Source\PSoC5/isr_DFB.c ****     isr_DFB_Disable();
  44              		.loc 1 60 0
  45 0004 FFF7FEFF 		bl	isr_DFB_Disable
  61:.\Generated_Source\PSoC5/isr_DFB.c **** 
  62:.\Generated_Source\PSoC5/isr_DFB.c ****     /* Set the ISR to point to the isr_DFB Interrupt. */
  63:.\Generated_Source\PSoC5/isr_DFB.c ****     isr_DFB_SetVector(&isr_DFB_Interrupt);
  46              		.loc 1 63 0
  47 0008 40F20000 		movw	r0, #:lower16:isr_DFB_Interrupt
ARM GAS  C:\Users\hoangp\AppData\Local\Temp\ccrUBbEh.s 			page 3


  48 000c C0F20000 		movt	r0, #:upper16:isr_DFB_Interrupt
  49 0010 FFF7FEFF 		bl	isr_DFB_SetVector
  64:.\Generated_Source\PSoC5/isr_DFB.c **** 
  65:.\Generated_Source\PSoC5/isr_DFB.c ****     /* Set the priority. */
  66:.\Generated_Source\PSoC5/isr_DFB.c ****     isr_DFB_SetPriority((uint8)isr_DFB_INTC_PRIOR_NUMBER);
  50              		.loc 1 66 0
  51 0014 4FF00200 		mov	r0, #2
  52 0018 FFF7FEFF 		bl	isr_DFB_SetPriority
  67:.\Generated_Source\PSoC5/isr_DFB.c **** 
  68:.\Generated_Source\PSoC5/isr_DFB.c ****     /* Enable it. */
  69:.\Generated_Source\PSoC5/isr_DFB.c ****     isr_DFB_Enable();
  53              		.loc 1 69 0
  54 001c FFF7FEFF 		bl	isr_DFB_Enable
  70:.\Generated_Source\PSoC5/isr_DFB.c **** }
  55              		.loc 1 70 0
  56 0020 80BD     		pop	{r7, pc}
  57              		.cfi_endproc
  58              	.LFE0:
  59              		.size	isr_DFB_Start, .-isr_DFB_Start
  60 0022 00BF     		.section	.text.isr_DFB_StartEx,"ax",%progbits
  61              		.align	2
  62              		.global	isr_DFB_StartEx
  63              		.thumb
  64              		.thumb_func
  65              		.type	isr_DFB_StartEx, %function
  66              	isr_DFB_StartEx:
  67              	.LFB1:
  71:.\Generated_Source\PSoC5/isr_DFB.c **** 
  72:.\Generated_Source\PSoC5/isr_DFB.c **** 
  73:.\Generated_Source\PSoC5/isr_DFB.c **** /*******************************************************************************
  74:.\Generated_Source\PSoC5/isr_DFB.c **** * Function Name: isr_DFB_StartEx
  75:.\Generated_Source\PSoC5/isr_DFB.c **** ********************************************************************************
  76:.\Generated_Source\PSoC5/isr_DFB.c **** *
  77:.\Generated_Source\PSoC5/isr_DFB.c **** * Summary:
  78:.\Generated_Source\PSoC5/isr_DFB.c **** *  Set up the interrupt and enable it.
  79:.\Generated_Source\PSoC5/isr_DFB.c **** *
  80:.\Generated_Source\PSoC5/isr_DFB.c **** * Parameters:  
  81:.\Generated_Source\PSoC5/isr_DFB.c **** *   address: Address of the ISR to set in the interrupt vector table.
  82:.\Generated_Source\PSoC5/isr_DFB.c **** *
  83:.\Generated_Source\PSoC5/isr_DFB.c **** * Return:
  84:.\Generated_Source\PSoC5/isr_DFB.c **** *   None
  85:.\Generated_Source\PSoC5/isr_DFB.c **** *
  86:.\Generated_Source\PSoC5/isr_DFB.c **** *******************************************************************************/
  87:.\Generated_Source\PSoC5/isr_DFB.c **** void isr_DFB_StartEx(cyisraddress address)
  88:.\Generated_Source\PSoC5/isr_DFB.c **** {
  68              		.loc 1 88 0
  69              		.cfi_startproc
  70              		@ args = 0, pretend = 0, frame = 8
  71              		@ frame_needed = 1, uses_anonymous_args = 0
  72 0000 80B5     		push	{r7, lr}
  73              	.LCFI2:
  74              		.cfi_def_cfa_offset 8
  75 0002 82B0     		sub	sp, sp, #8
  76              	.LCFI3:
  77              		.cfi_def_cfa_offset 16
  78 0004 00AF     		add	r7, sp, #0
  79              		.cfi_offset 14, -4
ARM GAS  C:\Users\hoangp\AppData\Local\Temp\ccrUBbEh.s 			page 4


  80              		.cfi_offset 7, -8
  81              	.LCFI4:
  82              		.cfi_def_cfa_register 7
  83 0006 7860     		str	r0, [r7, #4]
  89:.\Generated_Source\PSoC5/isr_DFB.c ****     /* For all we know the interrupt is active. */
  90:.\Generated_Source\PSoC5/isr_DFB.c ****     isr_DFB_Disable();
  84              		.loc 1 90 0
  85 0008 FFF7FEFF 		bl	isr_DFB_Disable
  91:.\Generated_Source\PSoC5/isr_DFB.c **** 
  92:.\Generated_Source\PSoC5/isr_DFB.c ****     /* Set the ISR to point to the isr_DFB Interrupt. */
  93:.\Generated_Source\PSoC5/isr_DFB.c ****     isr_DFB_SetVector(address);
  86              		.loc 1 93 0
  87 000c 7868     		ldr	r0, [r7, #4]
  88 000e FFF7FEFF 		bl	isr_DFB_SetVector
  94:.\Generated_Source\PSoC5/isr_DFB.c **** 
  95:.\Generated_Source\PSoC5/isr_DFB.c ****     /* Set the priority. */
  96:.\Generated_Source\PSoC5/isr_DFB.c ****     isr_DFB_SetPriority((uint8)isr_DFB_INTC_PRIOR_NUMBER);
  89              		.loc 1 96 0
  90 0012 4FF00200 		mov	r0, #2
  91 0016 FFF7FEFF 		bl	isr_DFB_SetPriority
  97:.\Generated_Source\PSoC5/isr_DFB.c **** 
  98:.\Generated_Source\PSoC5/isr_DFB.c ****     /* Enable it. */
  99:.\Generated_Source\PSoC5/isr_DFB.c ****     isr_DFB_Enable();
  92              		.loc 1 99 0
  93 001a FFF7FEFF 		bl	isr_DFB_Enable
 100:.\Generated_Source\PSoC5/isr_DFB.c **** }
  94              		.loc 1 100 0
  95 001e 07F10807 		add	r7, r7, #8
  96 0022 BD46     		mov	sp, r7
  97 0024 80BD     		pop	{r7, pc}
  98              		.cfi_endproc
  99              	.LFE1:
 100              		.size	isr_DFB_StartEx, .-isr_DFB_StartEx
 101 0026 00BF     		.section	.text.isr_DFB_Stop,"ax",%progbits
 102              		.align	2
 103              		.global	isr_DFB_Stop
 104              		.thumb
 105              		.thumb_func
 106              		.type	isr_DFB_Stop, %function
 107              	isr_DFB_Stop:
 108              	.LFB2:
 101:.\Generated_Source\PSoC5/isr_DFB.c **** 
 102:.\Generated_Source\PSoC5/isr_DFB.c **** 
 103:.\Generated_Source\PSoC5/isr_DFB.c **** /*******************************************************************************
 104:.\Generated_Source\PSoC5/isr_DFB.c **** * Function Name: isr_DFB_Stop
 105:.\Generated_Source\PSoC5/isr_DFB.c **** ********************************************************************************
 106:.\Generated_Source\PSoC5/isr_DFB.c **** *
 107:.\Generated_Source\PSoC5/isr_DFB.c **** * Summary:
 108:.\Generated_Source\PSoC5/isr_DFB.c **** *   Disables and removes the interrupt.
 109:.\Generated_Source\PSoC5/isr_DFB.c **** *
 110:.\Generated_Source\PSoC5/isr_DFB.c **** * Parameters:  
 111:.\Generated_Source\PSoC5/isr_DFB.c **** *
 112:.\Generated_Source\PSoC5/isr_DFB.c **** * Return:
 113:.\Generated_Source\PSoC5/isr_DFB.c **** *   None
 114:.\Generated_Source\PSoC5/isr_DFB.c **** *
 115:.\Generated_Source\PSoC5/isr_DFB.c **** *******************************************************************************/
 116:.\Generated_Source\PSoC5/isr_DFB.c **** void isr_DFB_Stop(void)
ARM GAS  C:\Users\hoangp\AppData\Local\Temp\ccrUBbEh.s 			page 5


 117:.\Generated_Source\PSoC5/isr_DFB.c **** {
 109              		.loc 1 117 0
 110              		.cfi_startproc
 111              		@ args = 0, pretend = 0, frame = 0
 112              		@ frame_needed = 1, uses_anonymous_args = 0
 113 0000 80B5     		push	{r7, lr}
 114              	.LCFI5:
 115              		.cfi_def_cfa_offset 8
 116 0002 00AF     		add	r7, sp, #0
 117              		.cfi_offset 14, -4
 118              		.cfi_offset 7, -8
 119              	.LCFI6:
 120              		.cfi_def_cfa_register 7
 118:.\Generated_Source\PSoC5/isr_DFB.c ****     /* Disable this interrupt. */
 119:.\Generated_Source\PSoC5/isr_DFB.c ****     isr_DFB_Disable();
 121              		.loc 1 119 0
 122 0004 FFF7FEFF 		bl	isr_DFB_Disable
 120:.\Generated_Source\PSoC5/isr_DFB.c **** 
 121:.\Generated_Source\PSoC5/isr_DFB.c ****     /* Set the ISR to point to the passive one. */
 122:.\Generated_Source\PSoC5/isr_DFB.c ****     isr_DFB_SetVector(&IntDefaultHandler);
 123              		.loc 1 122 0
 124 0008 40F20000 		movw	r0, #:lower16:IntDefaultHandler
 125 000c C0F20000 		movt	r0, #:upper16:IntDefaultHandler
 126 0010 FFF7FEFF 		bl	isr_DFB_SetVector
 123:.\Generated_Source\PSoC5/isr_DFB.c **** }
 127              		.loc 1 123 0
 128 0014 80BD     		pop	{r7, pc}
 129              		.cfi_endproc
 130              	.LFE2:
 131              		.size	isr_DFB_Stop, .-isr_DFB_Stop
 132 0016 00BF     		.section	.text.isr_DFB_SetVector,"ax",%progbits
 133              		.align	2
 134              		.global	isr_DFB_SetVector
 135              		.thumb
 136              		.thumb_func
 137              		.type	isr_DFB_SetVector, %function
 138              	isr_DFB_SetVector:
 139              	.LFB3:
 124:.\Generated_Source\PSoC5/isr_DFB.c **** 
 125:.\Generated_Source\PSoC5/isr_DFB.c **** 
 126:.\Generated_Source\PSoC5/isr_DFB.c **** /*******************************************************************************
 127:.\Generated_Source\PSoC5/isr_DFB.c **** * Function Name: isr_DFB_Interrupt
 128:.\Generated_Source\PSoC5/isr_DFB.c **** ********************************************************************************
 129:.\Generated_Source\PSoC5/isr_DFB.c **** *
 130:.\Generated_Source\PSoC5/isr_DFB.c **** * Summary:
 131:.\Generated_Source\PSoC5/isr_DFB.c **** *   The default Interrupt Service Routine for isr_DFB.
 132:.\Generated_Source\PSoC5/isr_DFB.c **** *
 133:.\Generated_Source\PSoC5/isr_DFB.c **** *   Add custom code between the coments to keep the next version of this file
 134:.\Generated_Source\PSoC5/isr_DFB.c **** *   from over writting your code.
 135:.\Generated_Source\PSoC5/isr_DFB.c **** *
 136:.\Generated_Source\PSoC5/isr_DFB.c **** * Parameters:  
 137:.\Generated_Source\PSoC5/isr_DFB.c **** *
 138:.\Generated_Source\PSoC5/isr_DFB.c **** * Return:
 139:.\Generated_Source\PSoC5/isr_DFB.c **** *   None
 140:.\Generated_Source\PSoC5/isr_DFB.c **** *
 141:.\Generated_Source\PSoC5/isr_DFB.c **** *******************************************************************************/
 142:.\Generated_Source\PSoC5/isr_DFB.c **** 
ARM GAS  C:\Users\hoangp\AppData\Local\Temp\ccrUBbEh.s 			page 6


 143:.\Generated_Source\PSoC5/isr_DFB.c **** /*******************************************************************************
 144:.\Generated_Source\PSoC5/isr_DFB.c **** * Function Name: isr_DFB_SetVector
 145:.\Generated_Source\PSoC5/isr_DFB.c **** ********************************************************************************
 146:.\Generated_Source\PSoC5/isr_DFB.c **** *
 147:.\Generated_Source\PSoC5/isr_DFB.c **** * Summary:
 148:.\Generated_Source\PSoC5/isr_DFB.c **** *   Change the ISR vector for the Interrupt. Note calling isr_DFB_Start
 149:.\Generated_Source\PSoC5/isr_DFB.c **** *   will override any effect this method would have had. To set the vector 
 150:.\Generated_Source\PSoC5/isr_DFB.c **** *   before the component has been started use isr_DFB_StartEx instead.
 151:.\Generated_Source\PSoC5/isr_DFB.c **** *
 152:.\Generated_Source\PSoC5/isr_DFB.c **** * Parameters:
 153:.\Generated_Source\PSoC5/isr_DFB.c **** *   address: Address of the ISR to set in the interrupt vector table.
 154:.\Generated_Source\PSoC5/isr_DFB.c **** *
 155:.\Generated_Source\PSoC5/isr_DFB.c **** * Return:
 156:.\Generated_Source\PSoC5/isr_DFB.c **** *   None
 157:.\Generated_Source\PSoC5/isr_DFB.c **** *
 158:.\Generated_Source\PSoC5/isr_DFB.c **** *******************************************************************************/
 159:.\Generated_Source\PSoC5/isr_DFB.c **** void isr_DFB_SetVector(cyisraddress address)
 160:.\Generated_Source\PSoC5/isr_DFB.c **** {
 140              		.loc 1 160 0
 141              		.cfi_startproc
 142              		@ args = 0, pretend = 0, frame = 16
 143              		@ frame_needed = 1, uses_anonymous_args = 0
 144              		@ link register save eliminated.
 145 0000 80B4     		push	{r7}
 146              	.LCFI7:
 147              		.cfi_def_cfa_offset 4
 148 0002 85B0     		sub	sp, sp, #20
 149              	.LCFI8:
 150              		.cfi_def_cfa_offset 24
 151 0004 00AF     		add	r7, sp, #0
 152              		.cfi_offset 7, -4
 153              	.LCFI9:
 154              		.cfi_def_cfa_register 7
 155 0006 7860     		str	r0, [r7, #4]
 161:.\Generated_Source\PSoC5/isr_DFB.c ****     cyisraddress * ramVectorTable;
 162:.\Generated_Source\PSoC5/isr_DFB.c **** 
 163:.\Generated_Source\PSoC5/isr_DFB.c ****     ramVectorTable = (cyisraddress *) *CYINT_VECT_TABLE;
 156              		.loc 1 163 0
 157 0008 4EF60853 		movw	r3, #:lower16:-536810232
 158 000c CEF20003 		movt	r3, #:upper16:-536810232
 159 0010 1B68     		ldr	r3, [r3, #0]
 160 0012 FB60     		str	r3, [r7, #12]
 164:.\Generated_Source\PSoC5/isr_DFB.c **** 
 165:.\Generated_Source\PSoC5/isr_DFB.c ****     ramVectorTable[CYINT_IRQ_BASE + (uint32)isr_DFB__INTC_NUMBER] = address;
 161              		.loc 1 165 0
 162 0014 FB68     		ldr	r3, [r7, #12]
 163 0016 03F1B003 		add	r3, r3, #176
 164 001a 7A68     		ldr	r2, [r7, #4]
 165 001c 1A60     		str	r2, [r3, #0]
 166:.\Generated_Source\PSoC5/isr_DFB.c **** }
 166              		.loc 1 166 0
 167 001e 07F11407 		add	r7, r7, #20
 168 0022 BD46     		mov	sp, r7
 169 0024 80BC     		pop	{r7}
 170 0026 7047     		bx	lr
 171              		.cfi_endproc
 172              	.LFE3:
ARM GAS  C:\Users\hoangp\AppData\Local\Temp\ccrUBbEh.s 			page 7


 173              		.size	isr_DFB_SetVector, .-isr_DFB_SetVector
 174              		.section	.text.isr_DFB_GetVector,"ax",%progbits
 175              		.align	2
 176              		.global	isr_DFB_GetVector
 177              		.thumb
 178              		.thumb_func
 179              		.type	isr_DFB_GetVector, %function
 180              	isr_DFB_GetVector:
 181              	.LFB4:
 167:.\Generated_Source\PSoC5/isr_DFB.c **** 
 168:.\Generated_Source\PSoC5/isr_DFB.c **** 
 169:.\Generated_Source\PSoC5/isr_DFB.c **** /*******************************************************************************
 170:.\Generated_Source\PSoC5/isr_DFB.c **** * Function Name: isr_DFB_GetVector
 171:.\Generated_Source\PSoC5/isr_DFB.c **** ********************************************************************************
 172:.\Generated_Source\PSoC5/isr_DFB.c **** *
 173:.\Generated_Source\PSoC5/isr_DFB.c **** * Summary:
 174:.\Generated_Source\PSoC5/isr_DFB.c **** *   Gets the "address" of the current ISR vector for the Interrupt.
 175:.\Generated_Source\PSoC5/isr_DFB.c **** *
 176:.\Generated_Source\PSoC5/isr_DFB.c **** * Parameters:
 177:.\Generated_Source\PSoC5/isr_DFB.c **** *   None
 178:.\Generated_Source\PSoC5/isr_DFB.c **** *
 179:.\Generated_Source\PSoC5/isr_DFB.c **** * Return:
 180:.\Generated_Source\PSoC5/isr_DFB.c **** *   Address of the ISR in the interrupt vector table.
 181:.\Generated_Source\PSoC5/isr_DFB.c **** *
 182:.\Generated_Source\PSoC5/isr_DFB.c **** *******************************************************************************/
 183:.\Generated_Source\PSoC5/isr_DFB.c **** cyisraddress isr_DFB_GetVector(void)
 184:.\Generated_Source\PSoC5/isr_DFB.c **** {
 182              		.loc 1 184 0
 183              		.cfi_startproc
 184              		@ args = 0, pretend = 0, frame = 8
 185              		@ frame_needed = 1, uses_anonymous_args = 0
 186              		@ link register save eliminated.
 187 0000 80B4     		push	{r7}
 188              	.LCFI10:
 189              		.cfi_def_cfa_offset 4
 190 0002 83B0     		sub	sp, sp, #12
 191              	.LCFI11:
 192              		.cfi_def_cfa_offset 16
 193 0004 00AF     		add	r7, sp, #0
 194              		.cfi_offset 7, -4
 195              	.LCFI12:
 196              		.cfi_def_cfa_register 7
 185:.\Generated_Source\PSoC5/isr_DFB.c ****     cyisraddress * ramVectorTable;
 186:.\Generated_Source\PSoC5/isr_DFB.c **** 
 187:.\Generated_Source\PSoC5/isr_DFB.c ****     ramVectorTable = (cyisraddress *) *CYINT_VECT_TABLE;
 197              		.loc 1 187 0
 198 0006 4EF60853 		movw	r3, #:lower16:-536810232
 199 000a CEF20003 		movt	r3, #:upper16:-536810232
 200 000e 1B68     		ldr	r3, [r3, #0]
 201 0010 7B60     		str	r3, [r7, #4]
 188:.\Generated_Source\PSoC5/isr_DFB.c **** 
 189:.\Generated_Source\PSoC5/isr_DFB.c ****     return ramVectorTable[CYINT_IRQ_BASE + (uint32)isr_DFB__INTC_NUMBER];
 202              		.loc 1 189 0
 203 0012 7B68     		ldr	r3, [r7, #4]
 204 0014 03F1B003 		add	r3, r3, #176
 205 0018 1B68     		ldr	r3, [r3, #0]
 190:.\Generated_Source\PSoC5/isr_DFB.c **** }
ARM GAS  C:\Users\hoangp\AppData\Local\Temp\ccrUBbEh.s 			page 8


 206              		.loc 1 190 0
 207 001a 1846     		mov	r0, r3
 208 001c 07F10C07 		add	r7, r7, #12
 209 0020 BD46     		mov	sp, r7
 210 0022 80BC     		pop	{r7}
 211 0024 7047     		bx	lr
 212              		.cfi_endproc
 213              	.LFE4:
 214              		.size	isr_DFB_GetVector, .-isr_DFB_GetVector
 215 0026 00BF     		.section	.text.isr_DFB_SetPriority,"ax",%progbits
 216              		.align	2
 217              		.global	isr_DFB_SetPriority
 218              		.thumb
 219              		.thumb_func
 220              		.type	isr_DFB_SetPriority, %function
 221              	isr_DFB_SetPriority:
 222              	.LFB5:
 191:.\Generated_Source\PSoC5/isr_DFB.c **** 
 192:.\Generated_Source\PSoC5/isr_DFB.c **** 
 193:.\Generated_Source\PSoC5/isr_DFB.c **** /*******************************************************************************
 194:.\Generated_Source\PSoC5/isr_DFB.c **** * Function Name: isr_DFB_SetPriority
 195:.\Generated_Source\PSoC5/isr_DFB.c **** ********************************************************************************
 196:.\Generated_Source\PSoC5/isr_DFB.c **** *
 197:.\Generated_Source\PSoC5/isr_DFB.c **** * Summary:
 198:.\Generated_Source\PSoC5/isr_DFB.c **** *   Sets the Priority of the Interrupt. Note calling isr_DFB_Start
 199:.\Generated_Source\PSoC5/isr_DFB.c **** *   or isr_DFB_StartEx will override any effect this method 
 200:.\Generated_Source\PSoC5/isr_DFB.c **** *   would have had. This method should only be called after 
 201:.\Generated_Source\PSoC5/isr_DFB.c **** *   isr_DFB_Start or isr_DFB_StartEx has been called. To set 
 202:.\Generated_Source\PSoC5/isr_DFB.c **** *   the initial priority for the component use the cydwr file in the tool.
 203:.\Generated_Source\PSoC5/isr_DFB.c **** *
 204:.\Generated_Source\PSoC5/isr_DFB.c **** * Parameters:
 205:.\Generated_Source\PSoC5/isr_DFB.c **** *   priority: Priority of the interrupt. 0 - 7, 0 being the highest.
 206:.\Generated_Source\PSoC5/isr_DFB.c **** *
 207:.\Generated_Source\PSoC5/isr_DFB.c **** * Return:
 208:.\Generated_Source\PSoC5/isr_DFB.c **** *   None
 209:.\Generated_Source\PSoC5/isr_DFB.c **** *
 210:.\Generated_Source\PSoC5/isr_DFB.c **** *******************************************************************************/
 211:.\Generated_Source\PSoC5/isr_DFB.c **** void isr_DFB_SetPriority(uint8 priority)
 212:.\Generated_Source\PSoC5/isr_DFB.c **** {
 223              		.loc 1 212 0
 224              		.cfi_startproc
 225              		@ args = 0, pretend = 0, frame = 8
 226              		@ frame_needed = 1, uses_anonymous_args = 0
 227              		@ link register save eliminated.
 228 0000 80B4     		push	{r7}
 229              	.LCFI13:
 230              		.cfi_def_cfa_offset 4
 231 0002 83B0     		sub	sp, sp, #12
 232              	.LCFI14:
 233              		.cfi_def_cfa_offset 16
 234 0004 00AF     		add	r7, sp, #0
 235              		.cfi_offset 7, -4
 236              	.LCFI15:
 237              		.cfi_def_cfa_register 7
 238 0006 0346     		mov	r3, r0
 239 0008 FB71     		strb	r3, [r7, #7]
 213:.\Generated_Source\PSoC5/isr_DFB.c ****     *isr_DFB_INTC_PRIOR = priority << 5;
ARM GAS  C:\Users\hoangp\AppData\Local\Temp\ccrUBbEh.s 			page 9


 240              		.loc 1 213 0
 241 000a 4EF21C43 		movw	r3, #:lower16:-536812516
 242 000e CEF20003 		movt	r3, #:upper16:-536812516
 243 0012 FA79     		ldrb	r2, [r7, #7]
 244 0014 4FEA4212 		lsl	r2, r2, #5
 245 0018 D2B2     		uxtb	r2, r2
 246 001a 1A70     		strb	r2, [r3, #0]
 214:.\Generated_Source\PSoC5/isr_DFB.c **** }
 247              		.loc 1 214 0
 248 001c 07F10C07 		add	r7, r7, #12
 249 0020 BD46     		mov	sp, r7
 250 0022 80BC     		pop	{r7}
 251 0024 7047     		bx	lr
 252              		.cfi_endproc
 253              	.LFE5:
 254              		.size	isr_DFB_SetPriority, .-isr_DFB_SetPriority
 255 0026 00BF     		.section	.text.isr_DFB_GetPriority,"ax",%progbits
 256              		.align	2
 257              		.global	isr_DFB_GetPriority
 258              		.thumb
 259              		.thumb_func
 260              		.type	isr_DFB_GetPriority, %function
 261              	isr_DFB_GetPriority:
 262              	.LFB6:
 215:.\Generated_Source\PSoC5/isr_DFB.c **** 
 216:.\Generated_Source\PSoC5/isr_DFB.c **** 
 217:.\Generated_Source\PSoC5/isr_DFB.c **** /*******************************************************************************
 218:.\Generated_Source\PSoC5/isr_DFB.c **** * Function Name: isr_DFB_GetPriority
 219:.\Generated_Source\PSoC5/isr_DFB.c **** ********************************************************************************
 220:.\Generated_Source\PSoC5/isr_DFB.c **** *
 221:.\Generated_Source\PSoC5/isr_DFB.c **** * Summary:
 222:.\Generated_Source\PSoC5/isr_DFB.c **** *   Gets the Priority of the Interrupt.
 223:.\Generated_Source\PSoC5/isr_DFB.c **** *
 224:.\Generated_Source\PSoC5/isr_DFB.c **** * Parameters:
 225:.\Generated_Source\PSoC5/isr_DFB.c **** *   None
 226:.\Generated_Source\PSoC5/isr_DFB.c **** *
 227:.\Generated_Source\PSoC5/isr_DFB.c **** * Return:
 228:.\Generated_Source\PSoC5/isr_DFB.c **** *   Priority of the interrupt. 0 - 7, 0 being the highest.
 229:.\Generated_Source\PSoC5/isr_DFB.c **** *
 230:.\Generated_Source\PSoC5/isr_DFB.c **** *******************************************************************************/
 231:.\Generated_Source\PSoC5/isr_DFB.c **** uint8 isr_DFB_GetPriority(void)
 232:.\Generated_Source\PSoC5/isr_DFB.c **** {
 263              		.loc 1 232 0
 264              		.cfi_startproc
 265              		@ args = 0, pretend = 0, frame = 8
 266              		@ frame_needed = 1, uses_anonymous_args = 0
 267              		@ link register save eliminated.
 268 0000 80B4     		push	{r7}
 269              	.LCFI16:
 270              		.cfi_def_cfa_offset 4
 271 0002 83B0     		sub	sp, sp, #12
 272              	.LCFI17:
 273              		.cfi_def_cfa_offset 16
 274 0004 00AF     		add	r7, sp, #0
 275              		.cfi_offset 7, -4
 276              	.LCFI18:
 277              		.cfi_def_cfa_register 7
ARM GAS  C:\Users\hoangp\AppData\Local\Temp\ccrUBbEh.s 			page 10


 233:.\Generated_Source\PSoC5/isr_DFB.c ****     uint8 priority;
 234:.\Generated_Source\PSoC5/isr_DFB.c **** 
 235:.\Generated_Source\PSoC5/isr_DFB.c **** 
 236:.\Generated_Source\PSoC5/isr_DFB.c ****     priority = *isr_DFB_INTC_PRIOR >> 5;
 278              		.loc 1 236 0
 279 0006 4EF21C43 		movw	r3, #:lower16:-536812516
 280 000a CEF20003 		movt	r3, #:upper16:-536812516
 281 000e 1B78     		ldrb	r3, [r3, #0]
 282 0010 DBB2     		uxtb	r3, r3
 283 0012 4FEA5313 		lsr	r3, r3, #5
 284 0016 FB71     		strb	r3, [r7, #7]
 237:.\Generated_Source\PSoC5/isr_DFB.c **** 
 238:.\Generated_Source\PSoC5/isr_DFB.c ****     return priority;
 285              		.loc 1 238 0
 286 0018 FB79     		ldrb	r3, [r7, #7]	@ zero_extendqisi2
 239:.\Generated_Source\PSoC5/isr_DFB.c **** }
 287              		.loc 1 239 0
 288 001a 1846     		mov	r0, r3
 289 001c 07F10C07 		add	r7, r7, #12
 290 0020 BD46     		mov	sp, r7
 291 0022 80BC     		pop	{r7}
 292 0024 7047     		bx	lr
 293              		.cfi_endproc
 294              	.LFE6:
 295              		.size	isr_DFB_GetPriority, .-isr_DFB_GetPriority
 296 0026 00BF     		.section	.text.isr_DFB_Enable,"ax",%progbits
 297              		.align	2
 298              		.global	isr_DFB_Enable
 299              		.thumb
 300              		.thumb_func
 301              		.type	isr_DFB_Enable, %function
 302              	isr_DFB_Enable:
 303              	.LFB7:
 240:.\Generated_Source\PSoC5/isr_DFB.c **** 
 241:.\Generated_Source\PSoC5/isr_DFB.c **** 
 242:.\Generated_Source\PSoC5/isr_DFB.c **** /*******************************************************************************
 243:.\Generated_Source\PSoC5/isr_DFB.c **** * Function Name: isr_DFB_Enable
 244:.\Generated_Source\PSoC5/isr_DFB.c **** ********************************************************************************
 245:.\Generated_Source\PSoC5/isr_DFB.c **** *
 246:.\Generated_Source\PSoC5/isr_DFB.c **** * Summary:
 247:.\Generated_Source\PSoC5/isr_DFB.c **** *   Enables the interrupt.
 248:.\Generated_Source\PSoC5/isr_DFB.c **** *
 249:.\Generated_Source\PSoC5/isr_DFB.c **** * Parameters:
 250:.\Generated_Source\PSoC5/isr_DFB.c **** *   None
 251:.\Generated_Source\PSoC5/isr_DFB.c **** *
 252:.\Generated_Source\PSoC5/isr_DFB.c **** * Return:
 253:.\Generated_Source\PSoC5/isr_DFB.c **** *   None
 254:.\Generated_Source\PSoC5/isr_DFB.c **** *
 255:.\Generated_Source\PSoC5/isr_DFB.c **** *******************************************************************************/
 256:.\Generated_Source\PSoC5/isr_DFB.c **** void isr_DFB_Enable(void)
 257:.\Generated_Source\PSoC5/isr_DFB.c **** {
 304              		.loc 1 257 0
 305              		.cfi_startproc
 306              		@ args = 0, pretend = 0, frame = 0
 307              		@ frame_needed = 1, uses_anonymous_args = 0
 308              		@ link register save eliminated.
 309 0000 80B4     		push	{r7}
ARM GAS  C:\Users\hoangp\AppData\Local\Temp\ccrUBbEh.s 			page 11


 310              	.LCFI19:
 311              		.cfi_def_cfa_offset 4
 312 0002 00AF     		add	r7, sp, #0
 313              		.cfi_offset 7, -4
 314              	.LCFI20:
 315              		.cfi_def_cfa_register 7
 258:.\Generated_Source\PSoC5/isr_DFB.c ****     /* Enable the general interrupt. */
 259:.\Generated_Source\PSoC5/isr_DFB.c ****     *isr_DFB_INTC_SET_EN = isr_DFB__INTC_MASK;
 316              		.loc 1 259 0
 317 0004 4EF20013 		movw	r3, #:lower16:-536813312
 318 0008 CEF20003 		movt	r3, #:upper16:-536813312
 319 000c 4FF08052 		mov	r2, #268435456
 320 0010 1A60     		str	r2, [r3, #0]
 260:.\Generated_Source\PSoC5/isr_DFB.c **** }
 321              		.loc 1 260 0
 322 0012 BD46     		mov	sp, r7
 323 0014 80BC     		pop	{r7}
 324 0016 7047     		bx	lr
 325              		.cfi_endproc
 326              	.LFE7:
 327              		.size	isr_DFB_Enable, .-isr_DFB_Enable
 328              		.section	.text.isr_DFB_GetState,"ax",%progbits
 329              		.align	2
 330              		.global	isr_DFB_GetState
 331              		.thumb
 332              		.thumb_func
 333              		.type	isr_DFB_GetState, %function
 334              	isr_DFB_GetState:
 335              	.LFB8:
 261:.\Generated_Source\PSoC5/isr_DFB.c **** 
 262:.\Generated_Source\PSoC5/isr_DFB.c **** 
 263:.\Generated_Source\PSoC5/isr_DFB.c **** /*******************************************************************************
 264:.\Generated_Source\PSoC5/isr_DFB.c **** * Function Name: isr_DFB_GetState
 265:.\Generated_Source\PSoC5/isr_DFB.c **** ********************************************************************************
 266:.\Generated_Source\PSoC5/isr_DFB.c **** *
 267:.\Generated_Source\PSoC5/isr_DFB.c **** * Summary:
 268:.\Generated_Source\PSoC5/isr_DFB.c **** *   Gets the state (enabled, disabled) of the Interrupt.
 269:.\Generated_Source\PSoC5/isr_DFB.c **** *
 270:.\Generated_Source\PSoC5/isr_DFB.c **** * Parameters:
 271:.\Generated_Source\PSoC5/isr_DFB.c **** *   None
 272:.\Generated_Source\PSoC5/isr_DFB.c **** *
 273:.\Generated_Source\PSoC5/isr_DFB.c **** * Return:
 274:.\Generated_Source\PSoC5/isr_DFB.c **** *   1 if enabled, 0 if disabled.
 275:.\Generated_Source\PSoC5/isr_DFB.c **** *
 276:.\Generated_Source\PSoC5/isr_DFB.c **** *******************************************************************************/
 277:.\Generated_Source\PSoC5/isr_DFB.c **** uint8 isr_DFB_GetState(void)
 278:.\Generated_Source\PSoC5/isr_DFB.c **** {
 336              		.loc 1 278 0
 337              		.cfi_startproc
 338              		@ args = 0, pretend = 0, frame = 0
 339              		@ frame_needed = 1, uses_anonymous_args = 0
 340              		@ link register save eliminated.
 341 0000 80B4     		push	{r7}
 342              	.LCFI21:
 343              		.cfi_def_cfa_offset 4
 344 0002 00AF     		add	r7, sp, #0
 345              		.cfi_offset 7, -4
ARM GAS  C:\Users\hoangp\AppData\Local\Temp\ccrUBbEh.s 			page 12


 346              	.LCFI22:
 347              		.cfi_def_cfa_register 7
 279:.\Generated_Source\PSoC5/isr_DFB.c ****     /* Get the state of the general interrupt. */
 280:.\Generated_Source\PSoC5/isr_DFB.c ****     return ((*isr_DFB_INTC_SET_EN & (uint32)isr_DFB__INTC_MASK) != 0u) ? 1u:0u;
 348              		.loc 1 280 0
 349 0004 4EF20013 		movw	r3, #:lower16:-536813312
 350 0008 CEF20003 		movt	r3, #:upper16:-536813312
 351 000c 1B68     		ldr	r3, [r3, #0]
 352 000e 03F08053 		and	r3, r3, #268435456
 353 0012 002B     		cmp	r3, #0
 354 0014 02D0     		beq	.L18
 355 0016 4FF00103 		mov	r3, #1
 356 001a 01E0     		b	.L19
 357              	.L18:
 358 001c 4FF00003 		mov	r3, #0
 359              	.L19:
 281:.\Generated_Source\PSoC5/isr_DFB.c **** }
 360              		.loc 1 281 0
 361 0020 1846     		mov	r0, r3
 362 0022 BD46     		mov	sp, r7
 363 0024 80BC     		pop	{r7}
 364 0026 7047     		bx	lr
 365              		.cfi_endproc
 366              	.LFE8:
 367              		.size	isr_DFB_GetState, .-isr_DFB_GetState
 368              		.section	.text.isr_DFB_Disable,"ax",%progbits
 369              		.align	2
 370              		.global	isr_DFB_Disable
 371              		.thumb
 372              		.thumb_func
 373              		.type	isr_DFB_Disable, %function
 374              	isr_DFB_Disable:
 375              	.LFB9:
 282:.\Generated_Source\PSoC5/isr_DFB.c **** 
 283:.\Generated_Source\PSoC5/isr_DFB.c **** 
 284:.\Generated_Source\PSoC5/isr_DFB.c **** /*******************************************************************************
 285:.\Generated_Source\PSoC5/isr_DFB.c **** * Function Name: isr_DFB_Disable
 286:.\Generated_Source\PSoC5/isr_DFB.c **** ********************************************************************************
 287:.\Generated_Source\PSoC5/isr_DFB.c **** *
 288:.\Generated_Source\PSoC5/isr_DFB.c **** * Summary:
 289:.\Generated_Source\PSoC5/isr_DFB.c **** *   Disables the Interrupt.
 290:.\Generated_Source\PSoC5/isr_DFB.c **** *
 291:.\Generated_Source\PSoC5/isr_DFB.c **** * Parameters:
 292:.\Generated_Source\PSoC5/isr_DFB.c **** *   None
 293:.\Generated_Source\PSoC5/isr_DFB.c **** *
 294:.\Generated_Source\PSoC5/isr_DFB.c **** * Return:
 295:.\Generated_Source\PSoC5/isr_DFB.c **** *   None
 296:.\Generated_Source\PSoC5/isr_DFB.c **** *
 297:.\Generated_Source\PSoC5/isr_DFB.c **** *******************************************************************************/
 298:.\Generated_Source\PSoC5/isr_DFB.c **** void isr_DFB_Disable(void)
 299:.\Generated_Source\PSoC5/isr_DFB.c **** {
 376              		.loc 1 299 0
 377              		.cfi_startproc
 378              		@ args = 0, pretend = 0, frame = 0
 379              		@ frame_needed = 1, uses_anonymous_args = 0
 380              		@ link register save eliminated.
 381 0000 80B4     		push	{r7}
ARM GAS  C:\Users\hoangp\AppData\Local\Temp\ccrUBbEh.s 			page 13


 382              	.LCFI23:
 383              		.cfi_def_cfa_offset 4
 384 0002 00AF     		add	r7, sp, #0
 385              		.cfi_offset 7, -4
 386              	.LCFI24:
 387              		.cfi_def_cfa_register 7
 300:.\Generated_Source\PSoC5/isr_DFB.c ****     /* Disable the general interrupt. */
 301:.\Generated_Source\PSoC5/isr_DFB.c ****     *isr_DFB_INTC_CLR_EN = isr_DFB__INTC_MASK;
 388              		.loc 1 301 0
 389 0004 4EF28013 		movw	r3, #:lower16:-536813184
 390 0008 CEF20003 		movt	r3, #:upper16:-536813184
 391 000c 4FF08052 		mov	r2, #268435456
 392 0010 1A60     		str	r2, [r3, #0]
 302:.\Generated_Source\PSoC5/isr_DFB.c **** }
 393              		.loc 1 302 0
 394 0012 BD46     		mov	sp, r7
 395 0014 80BC     		pop	{r7}
 396 0016 7047     		bx	lr
 397              		.cfi_endproc
 398              	.LFE9:
 399              		.size	isr_DFB_Disable, .-isr_DFB_Disable
 400              		.section	.text.isr_DFB_SetPending,"ax",%progbits
 401              		.align	2
 402              		.global	isr_DFB_SetPending
 403              		.thumb
 404              		.thumb_func
 405              		.type	isr_DFB_SetPending, %function
 406              	isr_DFB_SetPending:
 407              	.LFB10:
 303:.\Generated_Source\PSoC5/isr_DFB.c **** 
 304:.\Generated_Source\PSoC5/isr_DFB.c **** 
 305:.\Generated_Source\PSoC5/isr_DFB.c **** /*******************************************************************************
 306:.\Generated_Source\PSoC5/isr_DFB.c **** * Function Name: isr_DFB_SetPending
 307:.\Generated_Source\PSoC5/isr_DFB.c **** ********************************************************************************
 308:.\Generated_Source\PSoC5/isr_DFB.c **** *
 309:.\Generated_Source\PSoC5/isr_DFB.c **** * Summary:
 310:.\Generated_Source\PSoC5/isr_DFB.c **** *   Causes the Interrupt to enter the pending state, a software method of
 311:.\Generated_Source\PSoC5/isr_DFB.c **** *   generating the interrupt.
 312:.\Generated_Source\PSoC5/isr_DFB.c **** *
 313:.\Generated_Source\PSoC5/isr_DFB.c **** * Parameters:
 314:.\Generated_Source\PSoC5/isr_DFB.c **** *   None
 315:.\Generated_Source\PSoC5/isr_DFB.c **** *
 316:.\Generated_Source\PSoC5/isr_DFB.c **** * Return:
 317:.\Generated_Source\PSoC5/isr_DFB.c **** *   None
 318:.\Generated_Source\PSoC5/isr_DFB.c **** *
 319:.\Generated_Source\PSoC5/isr_DFB.c **** *******************************************************************************/
 320:.\Generated_Source\PSoC5/isr_DFB.c **** void isr_DFB_SetPending(void)
 321:.\Generated_Source\PSoC5/isr_DFB.c **** {
 408              		.loc 1 321 0
 409              		.cfi_startproc
 410              		@ args = 0, pretend = 0, frame = 0
 411              		@ frame_needed = 1, uses_anonymous_args = 0
 412              		@ link register save eliminated.
 413 0000 80B4     		push	{r7}
 414              	.LCFI25:
 415              		.cfi_def_cfa_offset 4
 416 0002 00AF     		add	r7, sp, #0
ARM GAS  C:\Users\hoangp\AppData\Local\Temp\ccrUBbEh.s 			page 14


 417              		.cfi_offset 7, -4
 418              	.LCFI26:
 419              		.cfi_def_cfa_register 7
 322:.\Generated_Source\PSoC5/isr_DFB.c ****     *isr_DFB_INTC_SET_PD = isr_DFB__INTC_MASK;
 420              		.loc 1 322 0
 421 0004 4EF20023 		movw	r3, #:lower16:-536813056
 422 0008 CEF20003 		movt	r3, #:upper16:-536813056
 423 000c 4FF08052 		mov	r2, #268435456
 424 0010 1A60     		str	r2, [r3, #0]
 323:.\Generated_Source\PSoC5/isr_DFB.c **** }
 425              		.loc 1 323 0
 426 0012 BD46     		mov	sp, r7
 427 0014 80BC     		pop	{r7}
 428 0016 7047     		bx	lr
 429              		.cfi_endproc
 430              	.LFE10:
 431              		.size	isr_DFB_SetPending, .-isr_DFB_SetPending
 432              		.section	.text.isr_DFB_ClearPending,"ax",%progbits
 433              		.align	2
 434              		.global	isr_DFB_ClearPending
 435              		.thumb
 436              		.thumb_func
 437              		.type	isr_DFB_ClearPending, %function
 438              	isr_DFB_ClearPending:
 439              	.LFB11:
 324:.\Generated_Source\PSoC5/isr_DFB.c **** 
 325:.\Generated_Source\PSoC5/isr_DFB.c **** 
 326:.\Generated_Source\PSoC5/isr_DFB.c **** /*******************************************************************************
 327:.\Generated_Source\PSoC5/isr_DFB.c **** * Function Name: isr_DFB_ClearPending
 328:.\Generated_Source\PSoC5/isr_DFB.c **** ********************************************************************************
 329:.\Generated_Source\PSoC5/isr_DFB.c **** *
 330:.\Generated_Source\PSoC5/isr_DFB.c **** * Summary:
 331:.\Generated_Source\PSoC5/isr_DFB.c **** *   Clears a pending interrupt.
 332:.\Generated_Source\PSoC5/isr_DFB.c **** *
 333:.\Generated_Source\PSoC5/isr_DFB.c **** * Parameters:
 334:.\Generated_Source\PSoC5/isr_DFB.c **** *   None
 335:.\Generated_Source\PSoC5/isr_DFB.c **** *
 336:.\Generated_Source\PSoC5/isr_DFB.c **** * Return:
 337:.\Generated_Source\PSoC5/isr_DFB.c **** *   None
 338:.\Generated_Source\PSoC5/isr_DFB.c **** *
 339:.\Generated_Source\PSoC5/isr_DFB.c **** *******************************************************************************/
 340:.\Generated_Source\PSoC5/isr_DFB.c **** void isr_DFB_ClearPending(void)
 341:.\Generated_Source\PSoC5/isr_DFB.c **** {
 440              		.loc 1 341 0
 441              		.cfi_startproc
 442              		@ args = 0, pretend = 0, frame = 0
 443              		@ frame_needed = 1, uses_anonymous_args = 0
 444              		@ link register save eliminated.
 445 0000 80B4     		push	{r7}
 446              	.LCFI27:
 447              		.cfi_def_cfa_offset 4
 448 0002 00AF     		add	r7, sp, #0
 449              		.cfi_offset 7, -4
 450              	.LCFI28:
 451              		.cfi_def_cfa_register 7
 342:.\Generated_Source\PSoC5/isr_DFB.c ****     *isr_DFB_INTC_CLR_PD = isr_DFB__INTC_MASK;
 452              		.loc 1 342 0
ARM GAS  C:\Users\hoangp\AppData\Local\Temp\ccrUBbEh.s 			page 15


 453 0004 4EF28023 		movw	r3, #:lower16:-536812928
 454 0008 CEF20003 		movt	r3, #:upper16:-536812928
 455 000c 4FF08052 		mov	r2, #268435456
 456 0010 1A60     		str	r2, [r3, #0]
 343:.\Generated_Source\PSoC5/isr_DFB.c **** }
 457              		.loc 1 343 0
 458 0012 BD46     		mov	sp, r7
 459 0014 80BC     		pop	{r7}
 460 0016 7047     		bx	lr
 461              		.cfi_endproc
 462              	.LFE11:
 463              		.size	isr_DFB_ClearPending, .-isr_DFB_ClearPending
 464              		.text
 465              	.Letext0:
 466              		.section	.debug_loc,"",%progbits
 467              	.Ldebug_loc0:
 468              	.LLST0:
 469 0000 00000000 		.4byte	.LFB0
 470 0004 02000000 		.4byte	.LCFI0
 471 0008 0100     		.2byte	0x1
 472 000a 5D       		.byte	0x5d
 473 000b 02000000 		.4byte	.LCFI0
 474 000f 04000000 		.4byte	.LCFI1
 475 0013 0200     		.2byte	0x2
 476 0015 7D       		.byte	0x7d
 477 0016 08       		.sleb128 8
 478 0017 04000000 		.4byte	.LCFI1
 479 001b 22000000 		.4byte	.LFE0
 480 001f 0200     		.2byte	0x2
 481 0021 77       		.byte	0x77
 482 0022 08       		.sleb128 8
 483 0023 00000000 		.4byte	0x0
 484 0027 00000000 		.4byte	0x0
 485              	.LLST1:
 486 002b 00000000 		.4byte	.LFB1
 487 002f 02000000 		.4byte	.LCFI2
 488 0033 0100     		.2byte	0x1
 489 0035 5D       		.byte	0x5d
 490 0036 02000000 		.4byte	.LCFI2
 491 003a 04000000 		.4byte	.LCFI3
 492 003e 0200     		.2byte	0x2
 493 0040 7D       		.byte	0x7d
 494 0041 08       		.sleb128 8
 495 0042 04000000 		.4byte	.LCFI3
 496 0046 06000000 		.4byte	.LCFI4
 497 004a 0200     		.2byte	0x2
 498 004c 7D       		.byte	0x7d
 499 004d 10       		.sleb128 16
 500 004e 06000000 		.4byte	.LCFI4
 501 0052 26000000 		.4byte	.LFE1
 502 0056 0200     		.2byte	0x2
 503 0058 77       		.byte	0x77
 504 0059 10       		.sleb128 16
 505 005a 00000000 		.4byte	0x0
 506 005e 00000000 		.4byte	0x0
 507              	.LLST2:
 508 0062 00000000 		.4byte	.LFB2
ARM GAS  C:\Users\hoangp\AppData\Local\Temp\ccrUBbEh.s 			page 16


 509 0066 02000000 		.4byte	.LCFI5
 510 006a 0100     		.2byte	0x1
 511 006c 5D       		.byte	0x5d
 512 006d 02000000 		.4byte	.LCFI5
 513 0071 04000000 		.4byte	.LCFI6
 514 0075 0200     		.2byte	0x2
 515 0077 7D       		.byte	0x7d
 516 0078 08       		.sleb128 8
 517 0079 04000000 		.4byte	.LCFI6
 518 007d 16000000 		.4byte	.LFE2
 519 0081 0200     		.2byte	0x2
 520 0083 77       		.byte	0x77
 521 0084 08       		.sleb128 8
 522 0085 00000000 		.4byte	0x0
 523 0089 00000000 		.4byte	0x0
 524              	.LLST3:
 525 008d 00000000 		.4byte	.LFB3
 526 0091 02000000 		.4byte	.LCFI7
 527 0095 0100     		.2byte	0x1
 528 0097 5D       		.byte	0x5d
 529 0098 02000000 		.4byte	.LCFI7
 530 009c 04000000 		.4byte	.LCFI8
 531 00a0 0200     		.2byte	0x2
 532 00a2 7D       		.byte	0x7d
 533 00a3 04       		.sleb128 4
 534 00a4 04000000 		.4byte	.LCFI8
 535 00a8 06000000 		.4byte	.LCFI9
 536 00ac 0200     		.2byte	0x2
 537 00ae 7D       		.byte	0x7d
 538 00af 18       		.sleb128 24
 539 00b0 06000000 		.4byte	.LCFI9
 540 00b4 28000000 		.4byte	.LFE3
 541 00b8 0200     		.2byte	0x2
 542 00ba 77       		.byte	0x77
 543 00bb 18       		.sleb128 24
 544 00bc 00000000 		.4byte	0x0
 545 00c0 00000000 		.4byte	0x0
 546              	.LLST4:
 547 00c4 00000000 		.4byte	.LFB4
 548 00c8 02000000 		.4byte	.LCFI10
 549 00cc 0100     		.2byte	0x1
 550 00ce 5D       		.byte	0x5d
 551 00cf 02000000 		.4byte	.LCFI10
 552 00d3 04000000 		.4byte	.LCFI11
 553 00d7 0200     		.2byte	0x2
 554 00d9 7D       		.byte	0x7d
 555 00da 04       		.sleb128 4
 556 00db 04000000 		.4byte	.LCFI11
 557 00df 06000000 		.4byte	.LCFI12
 558 00e3 0200     		.2byte	0x2
 559 00e5 7D       		.byte	0x7d
 560 00e6 10       		.sleb128 16
 561 00e7 06000000 		.4byte	.LCFI12
 562 00eb 26000000 		.4byte	.LFE4
 563 00ef 0200     		.2byte	0x2
 564 00f1 77       		.byte	0x77
 565 00f2 10       		.sleb128 16
ARM GAS  C:\Users\hoangp\AppData\Local\Temp\ccrUBbEh.s 			page 17


 566 00f3 00000000 		.4byte	0x0
 567 00f7 00000000 		.4byte	0x0
 568              	.LLST5:
 569 00fb 00000000 		.4byte	.LFB5
 570 00ff 02000000 		.4byte	.LCFI13
 571 0103 0100     		.2byte	0x1
 572 0105 5D       		.byte	0x5d
 573 0106 02000000 		.4byte	.LCFI13
 574 010a 04000000 		.4byte	.LCFI14
 575 010e 0200     		.2byte	0x2
 576 0110 7D       		.byte	0x7d
 577 0111 04       		.sleb128 4
 578 0112 04000000 		.4byte	.LCFI14
 579 0116 06000000 		.4byte	.LCFI15
 580 011a 0200     		.2byte	0x2
 581 011c 7D       		.byte	0x7d
 582 011d 10       		.sleb128 16
 583 011e 06000000 		.4byte	.LCFI15
 584 0122 26000000 		.4byte	.LFE5
 585 0126 0200     		.2byte	0x2
 586 0128 77       		.byte	0x77
 587 0129 10       		.sleb128 16
 588 012a 00000000 		.4byte	0x0
 589 012e 00000000 		.4byte	0x0
 590              	.LLST6:
 591 0132 00000000 		.4byte	.LFB6
 592 0136 02000000 		.4byte	.LCFI16
 593 013a 0100     		.2byte	0x1
 594 013c 5D       		.byte	0x5d
 595 013d 02000000 		.4byte	.LCFI16
 596 0141 04000000 		.4byte	.LCFI17
 597 0145 0200     		.2byte	0x2
 598 0147 7D       		.byte	0x7d
 599 0148 04       		.sleb128 4
 600 0149 04000000 		.4byte	.LCFI17
 601 014d 06000000 		.4byte	.LCFI18
 602 0151 0200     		.2byte	0x2
 603 0153 7D       		.byte	0x7d
 604 0154 10       		.sleb128 16
 605 0155 06000000 		.4byte	.LCFI18
 606 0159 26000000 		.4byte	.LFE6
 607 015d 0200     		.2byte	0x2
 608 015f 77       		.byte	0x77
 609 0160 10       		.sleb128 16
 610 0161 00000000 		.4byte	0x0
 611 0165 00000000 		.4byte	0x0
 612              	.LLST7:
 613 0169 00000000 		.4byte	.LFB7
 614 016d 02000000 		.4byte	.LCFI19
 615 0171 0100     		.2byte	0x1
 616 0173 5D       		.byte	0x5d
 617 0174 02000000 		.4byte	.LCFI19
 618 0178 04000000 		.4byte	.LCFI20
 619 017c 0200     		.2byte	0x2
 620 017e 7D       		.byte	0x7d
 621 017f 04       		.sleb128 4
 622 0180 04000000 		.4byte	.LCFI20
ARM GAS  C:\Users\hoangp\AppData\Local\Temp\ccrUBbEh.s 			page 18


 623 0184 18000000 		.4byte	.LFE7
 624 0188 0200     		.2byte	0x2
 625 018a 77       		.byte	0x77
 626 018b 04       		.sleb128 4
 627 018c 00000000 		.4byte	0x0
 628 0190 00000000 		.4byte	0x0
 629              	.LLST8:
 630 0194 00000000 		.4byte	.LFB8
 631 0198 02000000 		.4byte	.LCFI21
 632 019c 0100     		.2byte	0x1
 633 019e 5D       		.byte	0x5d
 634 019f 02000000 		.4byte	.LCFI21
 635 01a3 04000000 		.4byte	.LCFI22
 636 01a7 0200     		.2byte	0x2
 637 01a9 7D       		.byte	0x7d
 638 01aa 04       		.sleb128 4
 639 01ab 04000000 		.4byte	.LCFI22
 640 01af 28000000 		.4byte	.LFE8
 641 01b3 0200     		.2byte	0x2
 642 01b5 77       		.byte	0x77
 643 01b6 04       		.sleb128 4
 644 01b7 00000000 		.4byte	0x0
 645 01bb 00000000 		.4byte	0x0
 646              	.LLST9:
 647 01bf 00000000 		.4byte	.LFB9
 648 01c3 02000000 		.4byte	.LCFI23
 649 01c7 0100     		.2byte	0x1
 650 01c9 5D       		.byte	0x5d
 651 01ca 02000000 		.4byte	.LCFI23
 652 01ce 04000000 		.4byte	.LCFI24
 653 01d2 0200     		.2byte	0x2
 654 01d4 7D       		.byte	0x7d
 655 01d5 04       		.sleb128 4
 656 01d6 04000000 		.4byte	.LCFI24
 657 01da 18000000 		.4byte	.LFE9
 658 01de 0200     		.2byte	0x2
 659 01e0 77       		.byte	0x77
 660 01e1 04       		.sleb128 4
 661 01e2 00000000 		.4byte	0x0
 662 01e6 00000000 		.4byte	0x0
 663              	.LLST10:
 664 01ea 00000000 		.4byte	.LFB10
 665 01ee 02000000 		.4byte	.LCFI25
 666 01f2 0100     		.2byte	0x1
 667 01f4 5D       		.byte	0x5d
 668 01f5 02000000 		.4byte	.LCFI25
 669 01f9 04000000 		.4byte	.LCFI26
 670 01fd 0200     		.2byte	0x2
 671 01ff 7D       		.byte	0x7d
 672 0200 04       		.sleb128 4
 673 0201 04000000 		.4byte	.LCFI26
 674 0205 18000000 		.4byte	.LFE10
 675 0209 0200     		.2byte	0x2
 676 020b 77       		.byte	0x77
 677 020c 04       		.sleb128 4
 678 020d 00000000 		.4byte	0x0
 679 0211 00000000 		.4byte	0x0
ARM GAS  C:\Users\hoangp\AppData\Local\Temp\ccrUBbEh.s 			page 19


 680              	.LLST11:
 681 0215 00000000 		.4byte	.LFB11
 682 0219 02000000 		.4byte	.LCFI27
 683 021d 0100     		.2byte	0x1
 684 021f 5D       		.byte	0x5d
 685 0220 02000000 		.4byte	.LCFI27
 686 0224 04000000 		.4byte	.LCFI28
 687 0228 0200     		.2byte	0x2
 688 022a 7D       		.byte	0x7d
 689 022b 04       		.sleb128 4
 690 022c 04000000 		.4byte	.LCFI28
 691 0230 18000000 		.4byte	.LFE11
 692 0234 0200     		.2byte	0x2
 693 0236 77       		.byte	0x77
 694 0237 04       		.sleb128 4
 695 0238 00000000 		.4byte	0x0
 696 023c 00000000 		.4byte	0x0
 697              		.file 2 "./Generated_Source/PSoC5/cytypes.h"
 698              		.section	.debug_info
 699 0000 22020000 		.4byte	0x222
 700 0004 0200     		.2byte	0x2
 701 0006 00000000 		.4byte	.Ldebug_abbrev0
 702 000a 04       		.byte	0x4
 703 000b 01       		.uleb128 0x1
 704 000c 99010000 		.4byte	.LASF28
 705 0010 01       		.byte	0x1
 706 0011 3D010000 		.4byte	.LASF29
 707 0015 F9000000 		.4byte	.LASF30
 708 0019 00000000 		.4byte	0x0
 709 001d 00000000 		.4byte	0x0
 710 0021 00000000 		.4byte	.Ldebug_ranges0+0x0
 711 0025 00000000 		.4byte	.Ldebug_line0
 712 0029 02       		.uleb128 0x2
 713 002a 01       		.byte	0x1
 714 002b 06       		.byte	0x6
 715 002c F2010000 		.4byte	.LASF0
 716 0030 02       		.uleb128 0x2
 717 0031 01       		.byte	0x1
 718 0032 08       		.byte	0x8
 719 0033 69000000 		.4byte	.LASF1
 720 0037 02       		.uleb128 0x2
 721 0038 02       		.byte	0x2
 722 0039 05       		.byte	0x5
 723 003a CD010000 		.4byte	.LASF2
 724 003e 02       		.uleb128 0x2
 725 003f 02       		.byte	0x2
 726 0040 07       		.byte	0x7
 727 0041 2C000000 		.4byte	.LASF3
 728 0045 03       		.uleb128 0x3
 729 0046 04       		.byte	0x4
 730 0047 05       		.byte	0x5
 731 0048 696E7400 		.ascii	"int\000"
 732 004c 02       		.uleb128 0x2
 733 004d 04       		.byte	0x4
 734 004e 07       		.byte	0x7
 735 004f 60010000 		.4byte	.LASF4
 736 0053 02       		.uleb128 0x2
ARM GAS  C:\Users\hoangp\AppData\Local\Temp\ccrUBbEh.s 			page 20


 737 0054 08       		.byte	0x8
 738 0055 05       		.byte	0x5
 739 0056 00000000 		.4byte	.LASF5
 740 005a 02       		.uleb128 0x2
 741 005b 08       		.byte	0x8
 742 005c 07       		.byte	0x7
 743 005d 75010000 		.4byte	.LASF6
 744 0061 02       		.uleb128 0x2
 745 0062 04       		.byte	0x4
 746 0063 05       		.byte	0x5
 747 0064 E9010000 		.4byte	.LASF7
 748 0068 04       		.uleb128 0x4
 749 0069 04       		.byte	0x4
 750 006a 07       		.byte	0x7
 751 006b 02       		.uleb128 0x2
 752 006c 04       		.byte	0x4
 753 006d 07       		.byte	0x7
 754 006e 8A000000 		.4byte	.LASF8
 755 0072 05       		.uleb128 0x5
 756 0073 01       		.byte	0x1
 757 0074 06       		.uleb128 0x6
 758 0075 04       		.byte	0x4
 759 0076 72000000 		.4byte	0x72
 760 007a 02       		.uleb128 0x2
 761 007b 01       		.byte	0x1
 762 007c 08       		.byte	0x8
 763 007d A5010000 		.4byte	.LASF9
 764 0081 07       		.uleb128 0x7
 765 0082 9C000000 		.4byte	.LASF12
 766 0086 02       		.byte	0x2
 767 0087 4C       		.byte	0x4c
 768 0088 30000000 		.4byte	0x30
 769 008c 02       		.uleb128 0x2
 770 008d 04       		.byte	0x4
 771 008e 04       		.byte	0x4
 772 008f 4E000000 		.4byte	.LASF10
 773 0093 02       		.uleb128 0x2
 774 0094 08       		.byte	0x8
 775 0095 04       		.byte	0x4
 776 0096 DE000000 		.4byte	.LASF11
 777 009a 07       		.uleb128 0x7
 778 009b 8C010000 		.4byte	.LASF13
 779 009f 02       		.byte	0x2
 780 00a0 EB       		.byte	0xeb
 781 00a1 74000000 		.4byte	0x74
 782 00a5 08       		.uleb128 0x8
 783 00a6 01       		.byte	0x1
 784 00a7 0E000000 		.4byte	.LASF14
 785 00ab 01       		.byte	0x1
 786 00ac 39       		.byte	0x39
 787 00ad 01       		.byte	0x1
 788 00ae 00000000 		.4byte	.LFB0
 789 00b2 22000000 		.4byte	.LFE0
 790 00b6 00000000 		.4byte	.LLST0
 791 00ba 09       		.uleb128 0x9
 792 00bb 01       		.byte	0x1
 793 00bc BC000000 		.4byte	.LASF16
ARM GAS  C:\Users\hoangp\AppData\Local\Temp\ccrUBbEh.s 			page 21


 794 00c0 01       		.byte	0x1
 795 00c1 57       		.byte	0x57
 796 00c2 01       		.byte	0x1
 797 00c3 00000000 		.4byte	.LFB1
 798 00c7 26000000 		.4byte	.LFE1
 799 00cb 2B000000 		.4byte	.LLST1
 800 00cf E2000000 		.4byte	0xe2
 801 00d3 0A       		.uleb128 0xa
 802 00d4 6D010000 		.4byte	.LASF18
 803 00d8 01       		.byte	0x1
 804 00d9 57       		.byte	0x57
 805 00da 9A000000 		.4byte	0x9a
 806 00de 02       		.byte	0x2
 807 00df 91       		.byte	0x91
 808 00e0 74       		.sleb128 -12
 809 00e1 00       		.byte	0x0
 810 00e2 08       		.uleb128 0x8
 811 00e3 01       		.byte	0x1
 812 00e4 FE010000 		.4byte	.LASF15
 813 00e8 01       		.byte	0x1
 814 00e9 74       		.byte	0x74
 815 00ea 01       		.byte	0x1
 816 00eb 00000000 		.4byte	.LFB2
 817 00ef 16000000 		.4byte	.LFE2
 818 00f3 62000000 		.4byte	.LLST2
 819 00f7 09       		.uleb128 0x9
 820 00f8 01       		.byte	0x1
 821 00f9 CC000000 		.4byte	.LASF17
 822 00fd 01       		.byte	0x1
 823 00fe 9F       		.byte	0x9f
 824 00ff 01       		.byte	0x1
 825 0100 00000000 		.4byte	.LFB3
 826 0104 28000000 		.4byte	.LFE3
 827 0108 8D000000 		.4byte	.LLST3
 828 010c 2D010000 		.4byte	0x12d
 829 0110 0A       		.uleb128 0xa
 830 0111 6D010000 		.4byte	.LASF18
 831 0115 01       		.byte	0x1
 832 0116 9F       		.byte	0x9f
 833 0117 9A000000 		.4byte	0x9a
 834 011b 02       		.byte	0x2
 835 011c 91       		.byte	0x91
 836 011d 6C       		.sleb128 -20
 837 011e 0B       		.uleb128 0xb
 838 011f AA010000 		.4byte	.LASF19
 839 0123 01       		.byte	0x1
 840 0124 A1       		.byte	0xa1
 841 0125 2D010000 		.4byte	0x12d
 842 0129 02       		.byte	0x2
 843 012a 91       		.byte	0x91
 844 012b 74       		.sleb128 -12
 845 012c 00       		.byte	0x0
 846 012d 06       		.uleb128 0x6
 847 012e 04       		.byte	0x4
 848 012f 9A000000 		.4byte	0x9a
 849 0133 0C       		.uleb128 0xc
 850 0134 01       		.byte	0x1
ARM GAS  C:\Users\hoangp\AppData\Local\Temp\ccrUBbEh.s 			page 22


 851 0135 D7010000 		.4byte	.LASF22
 852 0139 01       		.byte	0x1
 853 013a B7       		.byte	0xb7
 854 013b 01       		.byte	0x1
 855 013c 9A000000 		.4byte	0x9a
 856 0140 00000000 		.4byte	.LFB4
 857 0144 26000000 		.4byte	.LFE4
 858 0148 C4000000 		.4byte	.LLST4
 859 014c 5F010000 		.4byte	0x15f
 860 0150 0B       		.uleb128 0xb
 861 0151 AA010000 		.4byte	.LASF19
 862 0155 01       		.byte	0x1
 863 0156 B9       		.byte	0xb9
 864 0157 2D010000 		.4byte	0x12d
 865 015b 02       		.byte	0x2
 866 015c 91       		.byte	0x91
 867 015d 74       		.sleb128 -12
 868 015e 00       		.byte	0x0
 869 015f 09       		.uleb128 0x9
 870 0160 01       		.byte	0x1
 871 0161 B9010000 		.4byte	.LASF20
 872 0165 01       		.byte	0x1
 873 0166 D3       		.byte	0xd3
 874 0167 01       		.byte	0x1
 875 0168 00000000 		.4byte	.LFB5
 876 016c 26000000 		.4byte	.LFE5
 877 0170 FB000000 		.4byte	.LLST5
 878 0174 87010000 		.4byte	0x187
 879 0178 0A       		.uleb128 0xa
 880 0179 A2000000 		.4byte	.LASF21
 881 017d 01       		.byte	0x1
 882 017e D3       		.byte	0xd3
 883 017f 81000000 		.4byte	0x81
 884 0183 02       		.byte	0x2
 885 0184 91       		.byte	0x91
 886 0185 77       		.sleb128 -9
 887 0186 00       		.byte	0x0
 888 0187 0C       		.uleb128 0xc
 889 0188 01       		.byte	0x1
 890 0189 E5000000 		.4byte	.LASF23
 891 018d 01       		.byte	0x1
 892 018e E7       		.byte	0xe7
 893 018f 01       		.byte	0x1
 894 0190 81000000 		.4byte	0x81
 895 0194 00000000 		.4byte	.LFB6
 896 0198 26000000 		.4byte	.LFE6
 897 019c 32010000 		.4byte	.LLST6
 898 01a0 B3010000 		.4byte	0x1b3
 899 01a4 0B       		.uleb128 0xb
 900 01a5 A2000000 		.4byte	.LASF21
 901 01a9 01       		.byte	0x1
 902 01aa E9       		.byte	0xe9
 903 01ab 81000000 		.4byte	0x81
 904 01af 02       		.byte	0x2
 905 01b0 91       		.byte	0x91
 906 01b1 77       		.sleb128 -9
 907 01b2 00       		.byte	0x0
ARM GAS  C:\Users\hoangp\AppData\Local\Temp\ccrUBbEh.s 			page 23


 908 01b3 0D       		.uleb128 0xd
 909 01b4 01       		.byte	0x1
 910 01b5 3F000000 		.4byte	.LASF24
 911 01b9 01       		.byte	0x1
 912 01ba 0001     		.2byte	0x100
 913 01bc 01       		.byte	0x1
 914 01bd 00000000 		.4byte	.LFB7
 915 01c1 18000000 		.4byte	.LFE7
 916 01c5 69010000 		.4byte	.LLST7
 917 01c9 0E       		.uleb128 0xe
 918 01ca 01       		.byte	0x1
 919 01cb AB000000 		.4byte	.LASF31
 920 01cf 01       		.byte	0x1
 921 01d0 1501     		.2byte	0x115
 922 01d2 01       		.byte	0x1
 923 01d3 81000000 		.4byte	0x81
 924 01d7 00000000 		.4byte	.LFB8
 925 01db 28000000 		.4byte	.LFE8
 926 01df 94010000 		.4byte	.LLST8
 927 01e3 0D       		.uleb128 0xd
 928 01e4 01       		.byte	0x1
 929 01e5 1C000000 		.4byte	.LASF25
 930 01e9 01       		.byte	0x1
 931 01ea 2A01     		.2byte	0x12a
 932 01ec 01       		.byte	0x1
 933 01ed 00000000 		.4byte	.LFB9
 934 01f1 18000000 		.4byte	.LFE9
 935 01f5 BF010000 		.4byte	.LLST9
 936 01f9 0D       		.uleb128 0xd
 937 01fa 01       		.byte	0x1
 938 01fb 77000000 		.4byte	.LASF26
 939 01ff 01       		.byte	0x1
 940 0200 4001     		.2byte	0x140
 941 0202 01       		.byte	0x1
 942 0203 00000000 		.4byte	.LFB10
 943 0207 18000000 		.4byte	.LFE10
 944 020b EA010000 		.4byte	.LLST10
 945 020f 0D       		.uleb128 0xd
 946 0210 01       		.byte	0x1
 947 0211 54000000 		.4byte	.LASF27
 948 0215 01       		.byte	0x1
 949 0216 5401     		.2byte	0x154
 950 0218 01       		.byte	0x1
 951 0219 00000000 		.4byte	.LFB11
 952 021d 18000000 		.4byte	.LFE11
 953 0221 15020000 		.4byte	.LLST11
 954 0225 00       		.byte	0x0
 955              		.section	.debug_abbrev
 956 0000 01       		.uleb128 0x1
 957 0001 11       		.uleb128 0x11
 958 0002 01       		.byte	0x1
 959 0003 25       		.uleb128 0x25
 960 0004 0E       		.uleb128 0xe
 961 0005 13       		.uleb128 0x13
 962 0006 0B       		.uleb128 0xb
 963 0007 03       		.uleb128 0x3
 964 0008 0E       		.uleb128 0xe
ARM GAS  C:\Users\hoangp\AppData\Local\Temp\ccrUBbEh.s 			page 24


 965 0009 1B       		.uleb128 0x1b
 966 000a 0E       		.uleb128 0xe
 967 000b 11       		.uleb128 0x11
 968 000c 01       		.uleb128 0x1
 969 000d 52       		.uleb128 0x52
 970 000e 01       		.uleb128 0x1
 971 000f 55       		.uleb128 0x55
 972 0010 06       		.uleb128 0x6
 973 0011 10       		.uleb128 0x10
 974 0012 06       		.uleb128 0x6
 975 0013 00       		.byte	0x0
 976 0014 00       		.byte	0x0
 977 0015 02       		.uleb128 0x2
 978 0016 24       		.uleb128 0x24
 979 0017 00       		.byte	0x0
 980 0018 0B       		.uleb128 0xb
 981 0019 0B       		.uleb128 0xb
 982 001a 3E       		.uleb128 0x3e
 983 001b 0B       		.uleb128 0xb
 984 001c 03       		.uleb128 0x3
 985 001d 0E       		.uleb128 0xe
 986 001e 00       		.byte	0x0
 987 001f 00       		.byte	0x0
 988 0020 03       		.uleb128 0x3
 989 0021 24       		.uleb128 0x24
 990 0022 00       		.byte	0x0
 991 0023 0B       		.uleb128 0xb
 992 0024 0B       		.uleb128 0xb
 993 0025 3E       		.uleb128 0x3e
 994 0026 0B       		.uleb128 0xb
 995 0027 03       		.uleb128 0x3
 996 0028 08       		.uleb128 0x8
 997 0029 00       		.byte	0x0
 998 002a 00       		.byte	0x0
 999 002b 04       		.uleb128 0x4
 1000 002c 24       		.uleb128 0x24
 1001 002d 00       		.byte	0x0
 1002 002e 0B       		.uleb128 0xb
 1003 002f 0B       		.uleb128 0xb
 1004 0030 3E       		.uleb128 0x3e
 1005 0031 0B       		.uleb128 0xb
 1006 0032 00       		.byte	0x0
 1007 0033 00       		.byte	0x0
 1008 0034 05       		.uleb128 0x5
 1009 0035 15       		.uleb128 0x15
 1010 0036 00       		.byte	0x0
 1011 0037 27       		.uleb128 0x27
 1012 0038 0C       		.uleb128 0xc
 1013 0039 00       		.byte	0x0
 1014 003a 00       		.byte	0x0
 1015 003b 06       		.uleb128 0x6
 1016 003c 0F       		.uleb128 0xf
 1017 003d 00       		.byte	0x0
 1018 003e 0B       		.uleb128 0xb
 1019 003f 0B       		.uleb128 0xb
 1020 0040 49       		.uleb128 0x49
 1021 0041 13       		.uleb128 0x13
ARM GAS  C:\Users\hoangp\AppData\Local\Temp\ccrUBbEh.s 			page 25


 1022 0042 00       		.byte	0x0
 1023 0043 00       		.byte	0x0
 1024 0044 07       		.uleb128 0x7
 1025 0045 16       		.uleb128 0x16
 1026 0046 00       		.byte	0x0
 1027 0047 03       		.uleb128 0x3
 1028 0048 0E       		.uleb128 0xe
 1029 0049 3A       		.uleb128 0x3a
 1030 004a 0B       		.uleb128 0xb
 1031 004b 3B       		.uleb128 0x3b
 1032 004c 0B       		.uleb128 0xb
 1033 004d 49       		.uleb128 0x49
 1034 004e 13       		.uleb128 0x13
 1035 004f 00       		.byte	0x0
 1036 0050 00       		.byte	0x0
 1037 0051 08       		.uleb128 0x8
 1038 0052 2E       		.uleb128 0x2e
 1039 0053 00       		.byte	0x0
 1040 0054 3F       		.uleb128 0x3f
 1041 0055 0C       		.uleb128 0xc
 1042 0056 03       		.uleb128 0x3
 1043 0057 0E       		.uleb128 0xe
 1044 0058 3A       		.uleb128 0x3a
 1045 0059 0B       		.uleb128 0xb
 1046 005a 3B       		.uleb128 0x3b
 1047 005b 0B       		.uleb128 0xb
 1048 005c 27       		.uleb128 0x27
 1049 005d 0C       		.uleb128 0xc
 1050 005e 11       		.uleb128 0x11
 1051 005f 01       		.uleb128 0x1
 1052 0060 12       		.uleb128 0x12
 1053 0061 01       		.uleb128 0x1
 1054 0062 40       		.uleb128 0x40
 1055 0063 06       		.uleb128 0x6
 1056 0064 00       		.byte	0x0
 1057 0065 00       		.byte	0x0
 1058 0066 09       		.uleb128 0x9
 1059 0067 2E       		.uleb128 0x2e
 1060 0068 01       		.byte	0x1
 1061 0069 3F       		.uleb128 0x3f
 1062 006a 0C       		.uleb128 0xc
 1063 006b 03       		.uleb128 0x3
 1064 006c 0E       		.uleb128 0xe
 1065 006d 3A       		.uleb128 0x3a
 1066 006e 0B       		.uleb128 0xb
 1067 006f 3B       		.uleb128 0x3b
 1068 0070 0B       		.uleb128 0xb
 1069 0071 27       		.uleb128 0x27
 1070 0072 0C       		.uleb128 0xc
 1071 0073 11       		.uleb128 0x11
 1072 0074 01       		.uleb128 0x1
 1073 0075 12       		.uleb128 0x12
 1074 0076 01       		.uleb128 0x1
 1075 0077 40       		.uleb128 0x40
 1076 0078 06       		.uleb128 0x6
 1077 0079 01       		.uleb128 0x1
 1078 007a 13       		.uleb128 0x13
ARM GAS  C:\Users\hoangp\AppData\Local\Temp\ccrUBbEh.s 			page 26


 1079 007b 00       		.byte	0x0
 1080 007c 00       		.byte	0x0
 1081 007d 0A       		.uleb128 0xa
 1082 007e 05       		.uleb128 0x5
 1083 007f 00       		.byte	0x0
 1084 0080 03       		.uleb128 0x3
 1085 0081 0E       		.uleb128 0xe
 1086 0082 3A       		.uleb128 0x3a
 1087 0083 0B       		.uleb128 0xb
 1088 0084 3B       		.uleb128 0x3b
 1089 0085 0B       		.uleb128 0xb
 1090 0086 49       		.uleb128 0x49
 1091 0087 13       		.uleb128 0x13
 1092 0088 02       		.uleb128 0x2
 1093 0089 0A       		.uleb128 0xa
 1094 008a 00       		.byte	0x0
 1095 008b 00       		.byte	0x0
 1096 008c 0B       		.uleb128 0xb
 1097 008d 34       		.uleb128 0x34
 1098 008e 00       		.byte	0x0
 1099 008f 03       		.uleb128 0x3
 1100 0090 0E       		.uleb128 0xe
 1101 0091 3A       		.uleb128 0x3a
 1102 0092 0B       		.uleb128 0xb
 1103 0093 3B       		.uleb128 0x3b
 1104 0094 0B       		.uleb128 0xb
 1105 0095 49       		.uleb128 0x49
 1106 0096 13       		.uleb128 0x13
 1107 0097 02       		.uleb128 0x2
 1108 0098 0A       		.uleb128 0xa
 1109 0099 00       		.byte	0x0
 1110 009a 00       		.byte	0x0
 1111 009b 0C       		.uleb128 0xc
 1112 009c 2E       		.uleb128 0x2e
 1113 009d 01       		.byte	0x1
 1114 009e 3F       		.uleb128 0x3f
 1115 009f 0C       		.uleb128 0xc
 1116 00a0 03       		.uleb128 0x3
 1117 00a1 0E       		.uleb128 0xe
 1118 00a2 3A       		.uleb128 0x3a
 1119 00a3 0B       		.uleb128 0xb
 1120 00a4 3B       		.uleb128 0x3b
 1121 00a5 0B       		.uleb128 0xb
 1122 00a6 27       		.uleb128 0x27
 1123 00a7 0C       		.uleb128 0xc
 1124 00a8 49       		.uleb128 0x49
 1125 00a9 13       		.uleb128 0x13
 1126 00aa 11       		.uleb128 0x11
 1127 00ab 01       		.uleb128 0x1
 1128 00ac 12       		.uleb128 0x12
 1129 00ad 01       		.uleb128 0x1
 1130 00ae 40       		.uleb128 0x40
 1131 00af 06       		.uleb128 0x6
 1132 00b0 01       		.uleb128 0x1
 1133 00b1 13       		.uleb128 0x13
 1134 00b2 00       		.byte	0x0
 1135 00b3 00       		.byte	0x0
ARM GAS  C:\Users\hoangp\AppData\Local\Temp\ccrUBbEh.s 			page 27


 1136 00b4 0D       		.uleb128 0xd
 1137 00b5 2E       		.uleb128 0x2e
 1138 00b6 00       		.byte	0x0
 1139 00b7 3F       		.uleb128 0x3f
 1140 00b8 0C       		.uleb128 0xc
 1141 00b9 03       		.uleb128 0x3
 1142 00ba 0E       		.uleb128 0xe
 1143 00bb 3A       		.uleb128 0x3a
 1144 00bc 0B       		.uleb128 0xb
 1145 00bd 3B       		.uleb128 0x3b
 1146 00be 05       		.uleb128 0x5
 1147 00bf 27       		.uleb128 0x27
 1148 00c0 0C       		.uleb128 0xc
 1149 00c1 11       		.uleb128 0x11
 1150 00c2 01       		.uleb128 0x1
 1151 00c3 12       		.uleb128 0x12
 1152 00c4 01       		.uleb128 0x1
 1153 00c5 40       		.uleb128 0x40
 1154 00c6 06       		.uleb128 0x6
 1155 00c7 00       		.byte	0x0
 1156 00c8 00       		.byte	0x0
 1157 00c9 0E       		.uleb128 0xe
 1158 00ca 2E       		.uleb128 0x2e
 1159 00cb 00       		.byte	0x0
 1160 00cc 3F       		.uleb128 0x3f
 1161 00cd 0C       		.uleb128 0xc
 1162 00ce 03       		.uleb128 0x3
 1163 00cf 0E       		.uleb128 0xe
 1164 00d0 3A       		.uleb128 0x3a
 1165 00d1 0B       		.uleb128 0xb
 1166 00d2 3B       		.uleb128 0x3b
 1167 00d3 05       		.uleb128 0x5
 1168 00d4 27       		.uleb128 0x27
 1169 00d5 0C       		.uleb128 0xc
 1170 00d6 49       		.uleb128 0x49
 1171 00d7 13       		.uleb128 0x13
 1172 00d8 11       		.uleb128 0x11
 1173 00d9 01       		.uleb128 0x1
 1174 00da 12       		.uleb128 0x12
 1175 00db 01       		.uleb128 0x1
 1176 00dc 40       		.uleb128 0x40
 1177 00dd 06       		.uleb128 0x6
 1178 00de 00       		.byte	0x0
 1179 00df 00       		.byte	0x0
 1180 00e0 00       		.byte	0x0
 1181              		.section	.debug_pubnames,"",%progbits
 1182 0000 0D010000 		.4byte	0x10d
 1183 0004 0200     		.2byte	0x2
 1184 0006 00000000 		.4byte	.Ldebug_info0
 1185 000a 26020000 		.4byte	0x226
 1186 000e A5000000 		.4byte	0xa5
 1187 0012 6973725F 		.ascii	"isr_DFB_Start\000"
 1187      4446425F 
 1187      53746172 
 1187      7400
 1188 0020 BA000000 		.4byte	0xba
 1189 0024 6973725F 		.ascii	"isr_DFB_StartEx\000"
ARM GAS  C:\Users\hoangp\AppData\Local\Temp\ccrUBbEh.s 			page 28


 1189      4446425F 
 1189      53746172 
 1189      74457800 
 1190 0034 E2000000 		.4byte	0xe2
 1191 0038 6973725F 		.ascii	"isr_DFB_Stop\000"
 1191      4446425F 
 1191      53746F70 
 1191      00
 1192 0045 F7000000 		.4byte	0xf7
 1193 0049 6973725F 		.ascii	"isr_DFB_SetVector\000"
 1193      4446425F 
 1193      53657456 
 1193      6563746F 
 1193      7200
 1194 005b 33010000 		.4byte	0x133
 1195 005f 6973725F 		.ascii	"isr_DFB_GetVector\000"
 1195      4446425F 
 1195      47657456 
 1195      6563746F 
 1195      7200
 1196 0071 5F010000 		.4byte	0x15f
 1197 0075 6973725F 		.ascii	"isr_DFB_SetPriority\000"
 1197      4446425F 
 1197      53657450 
 1197      72696F72 
 1197      69747900 
 1198 0089 87010000 		.4byte	0x187
 1199 008d 6973725F 		.ascii	"isr_DFB_GetPriority\000"
 1199      4446425F 
 1199      47657450 
 1199      72696F72 
 1199      69747900 
 1200 00a1 B3010000 		.4byte	0x1b3
 1201 00a5 6973725F 		.ascii	"isr_DFB_Enable\000"
 1201      4446425F 
 1201      456E6162 
 1201      6C6500
 1202 00b4 C9010000 		.4byte	0x1c9
 1203 00b8 6973725F 		.ascii	"isr_DFB_GetState\000"
 1203      4446425F 
 1203      47657453 
 1203      74617465 
 1203      00
 1204 00c9 E3010000 		.4byte	0x1e3
 1205 00cd 6973725F 		.ascii	"isr_DFB_Disable\000"
 1205      4446425F 
 1205      44697361 
 1205      626C6500 
 1206 00dd F9010000 		.4byte	0x1f9
 1207 00e1 6973725F 		.ascii	"isr_DFB_SetPending\000"
 1207      4446425F 
 1207      53657450 
 1207      656E6469 
 1207      6E6700
 1208 00f4 0F020000 		.4byte	0x20f
 1209 00f8 6973725F 		.ascii	"isr_DFB_ClearPending\000"
 1209      4446425F 
ARM GAS  C:\Users\hoangp\AppData\Local\Temp\ccrUBbEh.s 			page 29


 1209      436C6561 
 1209      7250656E 
 1209      64696E67 
 1210 010d 00000000 		.4byte	0x0
 1211              		.section	.debug_aranges,"",%progbits
 1212 0000 74000000 		.4byte	0x74
 1213 0004 0200     		.2byte	0x2
 1214 0006 00000000 		.4byte	.Ldebug_info0
 1215 000a 04       		.byte	0x4
 1216 000b 00       		.byte	0x0
 1217 000c 0000     		.2byte	0x0
 1218 000e 0000     		.2byte	0x0
 1219 0010 00000000 		.4byte	.LFB0
 1220 0014 22000000 		.4byte	.LFE0-.LFB0
 1221 0018 00000000 		.4byte	.LFB1
 1222 001c 26000000 		.4byte	.LFE1-.LFB1
 1223 0020 00000000 		.4byte	.LFB2
 1224 0024 16000000 		.4byte	.LFE2-.LFB2
 1225 0028 00000000 		.4byte	.LFB3
 1226 002c 28000000 		.4byte	.LFE3-.LFB3
 1227 0030 00000000 		.4byte	.LFB4
 1228 0034 26000000 		.4byte	.LFE4-.LFB4
 1229 0038 00000000 		.4byte	.LFB5
 1230 003c 26000000 		.4byte	.LFE5-.LFB5
 1231 0040 00000000 		.4byte	.LFB6
 1232 0044 26000000 		.4byte	.LFE6-.LFB6
 1233 0048 00000000 		.4byte	.LFB7
 1234 004c 18000000 		.4byte	.LFE7-.LFB7
 1235 0050 00000000 		.4byte	.LFB8
 1236 0054 28000000 		.4byte	.LFE8-.LFB8
 1237 0058 00000000 		.4byte	.LFB9
 1238 005c 18000000 		.4byte	.LFE9-.LFB9
 1239 0060 00000000 		.4byte	.LFB10
 1240 0064 18000000 		.4byte	.LFE10-.LFB10
 1241 0068 00000000 		.4byte	.LFB11
 1242 006c 18000000 		.4byte	.LFE11-.LFB11
 1243 0070 00000000 		.4byte	0x0
 1244 0074 00000000 		.4byte	0x0
 1245              		.section	.debug_ranges,"",%progbits
 1246              	.Ldebug_ranges0:
 1247 0000 00000000 		.4byte	.Ltext0
 1248 0004 00000000 		.4byte	.Letext0
 1249 0008 00000000 		.4byte	.LFB0
 1250 000c 22000000 		.4byte	.LFE0
 1251 0010 00000000 		.4byte	.LFB1
 1252 0014 26000000 		.4byte	.LFE1
 1253 0018 00000000 		.4byte	.LFB2
 1254 001c 16000000 		.4byte	.LFE2
 1255 0020 00000000 		.4byte	.LFB3
 1256 0024 28000000 		.4byte	.LFE3
 1257 0028 00000000 		.4byte	.LFB4
 1258 002c 26000000 		.4byte	.LFE4
 1259 0030 00000000 		.4byte	.LFB5
 1260 0034 26000000 		.4byte	.LFE5
 1261 0038 00000000 		.4byte	.LFB6
 1262 003c 26000000 		.4byte	.LFE6
 1263 0040 00000000 		.4byte	.LFB7
ARM GAS  C:\Users\hoangp\AppData\Local\Temp\ccrUBbEh.s 			page 30


 1264 0044 18000000 		.4byte	.LFE7
 1265 0048 00000000 		.4byte	.LFB8
 1266 004c 28000000 		.4byte	.LFE8
 1267 0050 00000000 		.4byte	.LFB9
 1268 0054 18000000 		.4byte	.LFE9
 1269 0058 00000000 		.4byte	.LFB10
 1270 005c 18000000 		.4byte	.LFE10
 1271 0060 00000000 		.4byte	.LFB11
 1272 0064 18000000 		.4byte	.LFE11
 1273 0068 00000000 		.4byte	0x0
 1274 006c 00000000 		.4byte	0x0
 1275              		.section	.debug_str,"MS",%progbits,1
 1276              	.LASF5:
 1277 0000 6C6F6E67 		.ascii	"long long int\000"
 1277      206C6F6E 
 1277      6720696E 
 1277      7400
 1278              	.LASF14:
 1279 000e 6973725F 		.ascii	"isr_DFB_Start\000"
 1279      4446425F 
 1279      53746172 
 1279      7400
 1280              	.LASF25:
 1281 001c 6973725F 		.ascii	"isr_DFB_Disable\000"
 1281      4446425F 
 1281      44697361 
 1281      626C6500 
 1282              	.LASF3:
 1283 002c 73686F72 		.ascii	"short unsigned int\000"
 1283      7420756E 
 1283      7369676E 
 1283      65642069 
 1283      6E7400
 1284              	.LASF24:
 1285 003f 6973725F 		.ascii	"isr_DFB_Enable\000"
 1285      4446425F 
 1285      456E6162 
 1285      6C6500
 1286              	.LASF10:
 1287 004e 666C6F61 		.ascii	"float\000"
 1287      7400
 1288              	.LASF27:
 1289 0054 6973725F 		.ascii	"isr_DFB_ClearPending\000"
 1289      4446425F 
 1289      436C6561 
 1289      7250656E 
 1289      64696E67 
 1290              	.LASF1:
 1291 0069 756E7369 		.ascii	"unsigned char\000"
 1291      676E6564 
 1291      20636861 
 1291      7200
 1292              	.LASF26:
 1293 0077 6973725F 		.ascii	"isr_DFB_SetPending\000"
 1293      4446425F 
 1293      53657450 
 1293      656E6469 
ARM GAS  C:\Users\hoangp\AppData\Local\Temp\ccrUBbEh.s 			page 31


 1293      6E6700
 1294              	.LASF8:
 1295 008a 6C6F6E67 		.ascii	"long unsigned int\000"
 1295      20756E73 
 1295      69676E65 
 1295      6420696E 
 1295      7400
 1296              	.LASF12:
 1297 009c 75696E74 		.ascii	"uint8\000"
 1297      3800
 1298              	.LASF21:
 1299 00a2 7072696F 		.ascii	"priority\000"
 1299      72697479 
 1299      00
 1300              	.LASF31:
 1301 00ab 6973725F 		.ascii	"isr_DFB_GetState\000"
 1301      4446425F 
 1301      47657453 
 1301      74617465 
 1301      00
 1302              	.LASF16:
 1303 00bc 6973725F 		.ascii	"isr_DFB_StartEx\000"
 1303      4446425F 
 1303      53746172 
 1303      74457800 
 1304              	.LASF17:
 1305 00cc 6973725F 		.ascii	"isr_DFB_SetVector\000"
 1305      4446425F 
 1305      53657456 
 1305      6563746F 
 1305      7200
 1306              	.LASF11:
 1307 00de 646F7562 		.ascii	"double\000"
 1307      6C6500
 1308              	.LASF23:
 1309 00e5 6973725F 		.ascii	"isr_DFB_GetPriority\000"
 1309      4446425F 
 1309      47657450 
 1309      72696F72 
 1309      69747900 
 1310              	.LASF30:
 1311 00f9 433A5C55 		.ascii	"C:\\Users\\hoangp\\Documents\\GitHub\\EE542\\firmwa"
 1311      73657273 
 1311      5C686F61 
 1311      6E67705C 
 1311      446F6375 
 1312 0126 72655C69 		.ascii	"re\\invert\\invert.cydsn\000"
 1312      6E766572 
 1312      745C696E 
 1312      76657274 
 1312      2E637964 
 1313              	.LASF29:
 1314 013d 2E5C4765 		.ascii	".\\Generated_Source\\PSoC5\\isr_DFB.c\000"
 1314      6E657261 
 1314      7465645F 
 1314      536F7572 
 1314      63655C50 
ARM GAS  C:\Users\hoangp\AppData\Local\Temp\ccrUBbEh.s 			page 32


 1315              	.LASF4:
 1316 0160 756E7369 		.ascii	"unsigned int\000"
 1316      676E6564 
 1316      20696E74 
 1316      00
 1317              	.LASF18:
 1318 016d 61646472 		.ascii	"address\000"
 1318      65737300 
 1319              	.LASF6:
 1320 0175 6C6F6E67 		.ascii	"long long unsigned int\000"
 1320      206C6F6E 
 1320      6720756E 
 1320      7369676E 
 1320      65642069 
 1321              	.LASF13:
 1322 018c 63796973 		.ascii	"cyisraddress\000"
 1322      72616464 
 1322      72657373 
 1322      00
 1323              	.LASF28:
 1324 0199 474E5520 		.ascii	"GNU C 4.4.1\000"
 1324      4320342E 
 1324      342E3100 
 1325              	.LASF9:
 1326 01a5 63686172 		.ascii	"char\000"
 1326      00
 1327              	.LASF19:
 1328 01aa 72616D56 		.ascii	"ramVectorTable\000"
 1328      6563746F 
 1328      72546162 
 1328      6C6500
 1329              	.LASF20:
 1330 01b9 6973725F 		.ascii	"isr_DFB_SetPriority\000"
 1330      4446425F 
 1330      53657450 
 1330      72696F72 
 1330      69747900 
 1331              	.LASF2:
 1332 01cd 73686F72 		.ascii	"short int\000"
 1332      7420696E 
 1332      7400
 1333              	.LASF22:
 1334 01d7 6973725F 		.ascii	"isr_DFB_GetVector\000"
 1334      4446425F 
 1334      47657456 
 1334      6563746F 
 1334      7200
 1335              	.LASF7:
 1336 01e9 6C6F6E67 		.ascii	"long int\000"
 1336      20696E74 
 1336      00
 1337              	.LASF0:
 1338 01f2 7369676E 		.ascii	"signed char\000"
 1338      65642063 
 1338      68617200 
 1339              	.LASF15:
 1340 01fe 6973725F 		.ascii	"isr_DFB_Stop\000"
ARM GAS  C:\Users\hoangp\AppData\Local\Temp\ccrUBbEh.s 			page 33


 1340      4446425F 
 1340      53746F70 
 1340      00
 1341              		.ident	"GCC: (Sourcery G++ Lite 2010q1-188) 4.4.1"
