ARM GAS  C:\Users\hoangp\AppData\Local\Temp\ccBbDXaj.s 			page 1


   1              		.syntax unified
   2              		.cpu cortex-m3
   3              		.fpu softvfp
   4              		.eabi_attribute 20, 1
   5              		.eabi_attribute 21, 1
   6              		.eabi_attribute 23, 3
   7              		.eabi_attribute 24, 1
   8              		.eabi_attribute 25, 1
   9              		.eabi_attribute 26, 1
  10              		.eabi_attribute 30, 6
  11              		.eabi_attribute 18, 4
  12              		.thumb
  13              		.file	"main.c"
  14              		.section	.debug_abbrev,"",%progbits
  15              	.Ldebug_abbrev0:
  16              		.section	.debug_info,"",%progbits
  17              	.Ldebug_info0:
  18              		.section	.debug_line,"",%progbits
  19              	.Ldebug_line0:
  20 0000 7E000000 		.text
  20      02005300 
  20      00000201 
  20      FB0E0D00 
  20      01010101 
  21              	.Ltext0:
  22              		.cfi_sections	.debug_frame
  23              		.global	buffvolt
  24              		.bss
  25              		.align	1
  26              		.type	buffvolt, %object
  27              		.size	buffvolt, 2
  28              	buffvolt:
  29 0000 0000     		.space	2
  30              		.global	dataReady
  31              		.type	dataReady, %object
  32              		.size	dataReady, 1
  33              	dataReady:
  34 0002 00       		.space	1
  35              		.comm	sinptr,4,4
  36              		.global	sineLUTindex
  37 0003 00       		.align	1
  38              		.type	sineLUTindex, %object
  39              		.size	sineLUTindex, 2
  40              	sineLUTindex:
  41 0004 0000     		.space	2
  42              		.global	recbyte
  43              		.type	recbyte, %object
  44              		.size	recbyte, 1
  45              	recbyte:
  46 0006 00       		.space	1
  47              		.global	K
  48              		.data
  49              		.align	2
  50              		.type	K, %object
  51              		.size	K, 4
  52              	K:
  53 0000 00000442 		.word	1107558400
ARM GAS  C:\Users\hoangp\AppData\Local\Temp\ccBbDXaj.s 			page 2


  54              		.global	U
  55              		.bss
  56 0007 00       		.align	2
  57              		.type	U, %object
  58              		.size	U, 16
  59              	U:
  60 0008 00000000 		.space	16
  60      00000000 
  60      00000000 
  60      00000000 
  61              		.global	E
  62              		.align	2
  63              		.type	E, %object
  64              		.size	E, 16
  65              	E:
  66 0018 00000000 		.space	16
  66      00000000 
  66      00000000 
  66      00000000 
  67              		.global	sineLUT
  68              		.data
  69              		.align	2
  70              		.type	sineLUT, %object
  71              		.size	sineLUT, 512
  72              	sineLUT:
  73 0004 C800     		.short	200
  74 0006 CA00     		.short	202
  75 0008 CD00     		.short	205
  76 000a CF00     		.short	207
  77 000c D200     		.short	210
  78 000e D400     		.short	212
  79 0010 D700     		.short	215
  80 0012 D900     		.short	217
  81 0014 DC00     		.short	220
  82 0016 DE00     		.short	222
  83 0018 E000     		.short	224
  84 001a E300     		.short	227
  85 001c E500     		.short	229
  86 001e E800     		.short	232
  87 0020 EA00     		.short	234
  88 0022 ED00     		.short	237
  89 0024 EF00     		.short	239
  90 0026 F100     		.short	241
  91 0028 F400     		.short	244
  92 002a F600     		.short	246
  93 002c F900     		.short	249
  94 002e FB00     		.short	251
  95 0030 FD00     		.short	253
  96 0032 0001     		.short	256
  97 0034 0201     		.short	258
  98 0036 0401     		.short	260
  99 0038 0701     		.short	263
 100 003a 0901     		.short	265
 101 003c 0B01     		.short	267
 102 003e 0E01     		.short	270
 103 0040 1001     		.short	272
 104 0042 1201     		.short	274
ARM GAS  C:\Users\hoangp\AppData\Local\Temp\ccBbDXaj.s 			page 3


 105 0044 1501     		.short	277
 106 0046 1701     		.short	279
 107 0048 1901     		.short	281
 108 004a 1B01     		.short	283
 109 004c 1E01     		.short	286
 110 004e 2001     		.short	288
 111 0050 2201     		.short	290
 112 0052 2401     		.short	292
 113 0054 2601     		.short	294
 114 0056 2801     		.short	296
 115 0058 2B01     		.short	299
 116 005a 2D01     		.short	301
 117 005c 2F01     		.short	303
 118 005e 3101     		.short	305
 119 0060 3301     		.short	307
 120 0062 3501     		.short	309
 121 0064 3701     		.short	311
 122 0066 3901     		.short	313
 123 0068 3B01     		.short	315
 124 006a 3D01     		.short	317
 125 006c 3F01     		.short	319
 126 006e 4101     		.short	321
 127 0070 4301     		.short	323
 128 0072 4501     		.short	325
 129 0074 4701     		.short	327
 130 0076 4901     		.short	329
 131 0078 4B01     		.short	331
 132 007a 4C01     		.short	332
 133 007c 4E01     		.short	334
 134 007e 5001     		.short	336
 135 0080 5201     		.short	338
 136 0082 5401     		.short	340
 137 0084 5501     		.short	341
 138 0086 5701     		.short	343
 139 0088 5901     		.short	345
 140 008a 5B01     		.short	347
 141 008c 5C01     		.short	348
 142 008e 5E01     		.short	350
 143 0090 5F01     		.short	351
 144 0092 6101     		.short	353
 145 0094 6301     		.short	355
 146 0096 6401     		.short	356
 147 0098 6601     		.short	358
 148 009a 6701     		.short	359
 149 009c 6901     		.short	361
 150 009e 6A01     		.short	362
 151 00a0 6C01     		.short	364
 152 00a2 6D01     		.short	365
 153 00a4 6E01     		.short	366
 154 00a6 7001     		.short	368
 155 00a8 7101     		.short	369
 156 00aa 7201     		.short	370
 157 00ac 7401     		.short	372
 158 00ae 7501     		.short	373
 159 00b0 7601     		.short	374
 160 00b2 7701     		.short	375
 161 00b4 7801     		.short	376
ARM GAS  C:\Users\hoangp\AppData\Local\Temp\ccBbDXaj.s 			page 4


 162 00b6 7A01     		.short	378
 163 00b8 7B01     		.short	379
 164 00ba 7C01     		.short	380
 165 00bc 7D01     		.short	381
 166 00be 7E01     		.short	382
 167 00c0 7F01     		.short	383
 168 00c2 8001     		.short	384
 169 00c4 8101     		.short	385
 170 00c6 8201     		.short	386
 171 00c8 8301     		.short	387
 172 00ca 8301     		.short	387
 173 00cc 8401     		.short	388
 174 00ce 8501     		.short	389
 175 00d0 8601     		.short	390
 176 00d2 8701     		.short	391
 177 00d4 8701     		.short	391
 178 00d6 8801     		.short	392
 179 00d8 8901     		.short	393
 180 00da 8901     		.short	393
 181 00dc 8A01     		.short	394
 182 00de 8B01     		.short	395
 183 00e0 8B01     		.short	395
 184 00e2 8C01     		.short	396
 185 00e4 8C01     		.short	396
 186 00e6 8D01     		.short	397
 187 00e8 8D01     		.short	397
 188 00ea 8D01     		.short	397
 189 00ec 8E01     		.short	398
 190 00ee 8E01     		.short	398
 191 00f0 8E01     		.short	398
 192 00f2 8F01     		.short	399
 193 00f4 8F01     		.short	399
 194 00f6 8F01     		.short	399
 195 00f8 8F01     		.short	399
 196 00fa 9001     		.short	400
 197 00fc 9001     		.short	400
 198 00fe 9001     		.short	400
 199 0100 9001     		.short	400
 200 0102 9001     		.short	400
 201 0104 9001     		.short	400
 202 0106 9001     		.short	400
 203 0108 9001     		.short	400
 204 010a 9001     		.short	400
 205 010c 9001     		.short	400
 206 010e 9001     		.short	400
 207 0110 8F01     		.short	399
 208 0112 8F01     		.short	399
 209 0114 8F01     		.short	399
 210 0116 8F01     		.short	399
 211 0118 8E01     		.short	398
 212 011a 8E01     		.short	398
 213 011c 8E01     		.short	398
 214 011e 8D01     		.short	397
 215 0120 8D01     		.short	397
 216 0122 8D01     		.short	397
 217 0124 8C01     		.short	396
 218 0126 8C01     		.short	396
ARM GAS  C:\Users\hoangp\AppData\Local\Temp\ccBbDXaj.s 			page 5


 219 0128 8B01     		.short	395
 220 012a 8B01     		.short	395
 221 012c 8A01     		.short	394
 222 012e 8901     		.short	393
 223 0130 8901     		.short	393
 224 0132 8801     		.short	392
 225 0134 8701     		.short	391
 226 0136 8701     		.short	391
 227 0138 8601     		.short	390
 228 013a 8501     		.short	389
 229 013c 8401     		.short	388
 230 013e 8301     		.short	387
 231 0140 8301     		.short	387
 232 0142 8201     		.short	386
 233 0144 8101     		.short	385
 234 0146 8001     		.short	384
 235 0148 7F01     		.short	383
 236 014a 7E01     		.short	382
 237 014c 7D01     		.short	381
 238 014e 7C01     		.short	380
 239 0150 7B01     		.short	379
 240 0152 7A01     		.short	378
 241 0154 7801     		.short	376
 242 0156 7701     		.short	375
 243 0158 7601     		.short	374
 244 015a 7501     		.short	373
 245 015c 7401     		.short	372
 246 015e 7201     		.short	370
 247 0160 7101     		.short	369
 248 0162 7001     		.short	368
 249 0164 6E01     		.short	366
 250 0166 6D01     		.short	365
 251 0168 6C01     		.short	364
 252 016a 6A01     		.short	362
 253 016c 6901     		.short	361
 254 016e 6701     		.short	359
 255 0170 6601     		.short	358
 256 0172 6401     		.short	356
 257 0174 6301     		.short	355
 258 0176 6101     		.short	353
 259 0178 5F01     		.short	351
 260 017a 5E01     		.short	350
 261 017c 5C01     		.short	348
 262 017e 5B01     		.short	347
 263 0180 5901     		.short	345
 264 0182 5701     		.short	343
 265 0184 5501     		.short	341
 266 0186 5401     		.short	340
 267 0188 5201     		.short	338
 268 018a 5001     		.short	336
 269 018c 4E01     		.short	334
 270 018e 4C01     		.short	332
 271 0190 4B01     		.short	331
 272 0192 4901     		.short	329
 273 0194 4701     		.short	327
 274 0196 4501     		.short	325
 275 0198 4301     		.short	323
ARM GAS  C:\Users\hoangp\AppData\Local\Temp\ccBbDXaj.s 			page 6


 276 019a 4101     		.short	321
 277 019c 3F01     		.short	319
 278 019e 3D01     		.short	317
 279 01a0 3B01     		.short	315
 280 01a2 3901     		.short	313
 281 01a4 3701     		.short	311
 282 01a6 3501     		.short	309
 283 01a8 3301     		.short	307
 284 01aa 3101     		.short	305
 285 01ac 2F01     		.short	303
 286 01ae 2D01     		.short	301
 287 01b0 2B01     		.short	299
 288 01b2 2801     		.short	296
 289 01b4 2601     		.short	294
 290 01b6 2401     		.short	292
 291 01b8 2201     		.short	290
 292 01ba 2001     		.short	288
 293 01bc 1E01     		.short	286
 294 01be 1B01     		.short	283
 295 01c0 1901     		.short	281
 296 01c2 1701     		.short	279
 297 01c4 1501     		.short	277
 298 01c6 1201     		.short	274
 299 01c8 1001     		.short	272
 300 01ca 0E01     		.short	270
 301 01cc 0B01     		.short	267
 302 01ce 0901     		.short	265
 303 01d0 0701     		.short	263
 304 01d2 0401     		.short	260
 305 01d4 0201     		.short	258
 306 01d6 0001     		.short	256
 307 01d8 FD00     		.short	253
 308 01da FB00     		.short	251
 309 01dc F900     		.short	249
 310 01de F600     		.short	246
 311 01e0 F400     		.short	244
 312 01e2 F100     		.short	241
 313 01e4 EF00     		.short	239
 314 01e6 ED00     		.short	237
 315 01e8 EA00     		.short	234
 316 01ea E800     		.short	232
 317 01ec E500     		.short	229
 318 01ee E300     		.short	227
 319 01f0 E000     		.short	224
 320 01f2 DE00     		.short	222
 321 01f4 DC00     		.short	220
 322 01f6 D900     		.short	217
 323 01f8 D700     		.short	215
 324 01fa D400     		.short	212
 325 01fc D200     		.short	210
 326 01fe CF00     		.short	207
 327 0200 CD00     		.short	205
 328 0202 CA00     		.short	202
 329              		.section	.text.main,"ax",%progbits
 330              		.align	2
 331              		.global	main
 332              		.thumb
ARM GAS  C:\Users\hoangp\AppData\Local\Temp\ccBbDXaj.s 			page 7


 333              		.thumb_func
 334              		.type	main, %function
 335              	main:
 336              	.LFB29:
 337              		.file 1 ".\\main.c"
   1:.\main.c      **** /* ========================================
   2:.\main.c      ****  *
   3:.\main.c      ****  * Copyright YOUR COMPANY, THE YEAR
   4:.\main.c      ****  * All Rights Reserved
   5:.\main.c      ****  * UNPUBLISHED, LICENSED SOFTWARE.
   6:.\main.c      ****  *
   7:.\main.c      ****  * CONFIDENTIAL AND PROPRIETARY INFORMATION
   8:.\main.c      ****  * WHICH IS THE PROPERTY OF your company.
   9:.\main.c      ****  *
  10:.\main.c      ****  * ========================================
  11:.\main.c      **** */
  12:.\main.c      **** #include <device.h>
  13:.\main.c      **** 
  14:.\main.c      **** int16 buffvolt=0;
  15:.\main.c      **** uint8 dataReady=0;
  16:.\main.c      **** 
  17:.\main.c      **** int16 * sinptr;
  18:.\main.c      **** int16 sineLUTindex=0;
  19:.\main.c      **** 
  20:.\main.c      **** char recbyte=0;
  21:.\main.c      **** /*
  22:.\main.c      **** float A1=0.09305911;
  23:.\main.c      **** float A2=0.75486969;
  24:.\main.c      **** float A3=0.15207120;
  25:.\main.c      **** 
  26:.\main.c      **** float B0=4.93296886;
  27:.\main.c      **** float B1=-1.63710219;
  28:.\main.c      **** float B2=-4.38245164;
  29:.\main.c      **** float B3=2.18761941;
  30:.\main.c      **** 
  31:.\main.c      **** float A1=0.09;
  32:.\main.c      **** float A2=0.75;
  33:.\main.c      **** float A3=0.15;
  34:.\main.c      **** 
  35:.\main.c      **** float B0=4.93;
  36:.\main.c      **** float B1=-1.64;
  37:.\main.c      **** float B2=-4.38;
  38:.\main.c      **** float B3=2.19;
  39:.\main.c      **** */
  40:.\main.c      **** 
  41:.\main.c      **** float K = 33; //K factor
  42:.\main.c      **** 
  43:.\main.c      **** //making everything int16 by multiplying the k factor
  44:.\main.c      **** 
  45:.\main.c      **** 
  46:.\main.c      **** //Output array
  47:.\main.c      **** int32 U[4] ={0,0,0,0};
  48:.\main.c      ****     
  49:.\main.c      **** //error array
  50:.\main.c      **** int32 E[4]={0,0,0,0};
  51:.\main.c      **** 
  52:.\main.c      **** /*int16 sineLUT[256]={384,389,393,398,403,408,412,417,
ARM GAS  C:\Users\hoangp\AppData\Local\Temp\ccBbDXaj.s 			page 8


  53:.\main.c      ****                     422,426,431,436,440,445,450,454,
  54:.\main.c      ****                     459,464,468,473,477,482,486,491,
  55:.\main.c      ****                     495,500,504,509,513,518,522,527,
  56:.\main.c      ****                     531,535,540,544,548,552,557,561,
  57:.\main.c      ****                     565,569,573,577,581,585,589,593,
  58:.\main.c      ****                     597,601,605,609,613,617,620,624,
  59:.\main.c      ****                     628,631,635,638,642,645,649,652,
  60:.\main.c      ****                     656,659,662,665,669,672,675,678,
  61:.\main.c      ****                     681,684,687,690,692,695,698,701,
  62:.\main.c      ****                     703,706,708,711,713,716,718,720,
  63:.\main.c      ****                     723,725,727,729,731,733,735,737,
  64:.\main.c      ****                     739,741,742,744,746,747,749,750,
  65:.\main.c      ****                     751,753,754,755,756,758,759,760,
  66:.\main.c      ****                     761,762,762,763,764,765,765,766,
  67:.\main.c      ****                     766,767,767,767,768,768,768,768,
  68:.\main.c      ****                     768,768,768,768,768,767,767,767,
  69:.\main.c      ****                     766,766,765,765,764,763,762,762,
  70:.\main.c      ****                     761,760,759,758,756,755,754,753,
  71:.\main.c      ****                     751,750,749,747,746,744,742,741,
  72:.\main.c      ****                     739,737,735,733,731,729,727,725,
  73:.\main.c      ****                     723,720,718,716,713,711,708,706,
  74:.\main.c      ****                     703,701,698,695,692,690,687,684,
  75:.\main.c      ****                     681,678,675,672,669,665,662,659,
  76:.\main.c      ****                     656,652,649,645,642,638,635,631,
  77:.\main.c      ****                     628,624,620,617,613,609,605,601,
  78:.\main.c      ****                     597,593,589,585,581,577,573,569,
  79:.\main.c      ****                     565,561,557,552,548,544,540,535,
  80:.\main.c      ****                     531,527,522,518,513,509,504,500,
  81:.\main.c      ****                     495,491,486,482,477,473,468,464,
  82:.\main.c      ****                     459,454,450,445,440,436,431,426,
  83:.\main.c      ****                     422,417,412,408,403,398,393,389};*/
  84:.\main.c      ****                   
  85:.\main.c      **** int16 sineLUT[256] = {200,202,205,207,210,212,215,217,
  86:.\main.c      **** 220,222,224,227,229,232,234,237,
  87:.\main.c      **** 239,241,244,246,249,251,253,256,
  88:.\main.c      **** 258,260,263,265,267,270,272,274,
  89:.\main.c      **** 277,279,281,283,286,288,290,292,
  90:.\main.c      **** 294,296,299,301,303,305,307,309,
  91:.\main.c      **** 311,313,315,317,319,321,323,325,
  92:.\main.c      **** 327,329,331,332,334,336,338,340,
  93:.\main.c      **** 341,343,345,347,348,350,351,353,
  94:.\main.c      **** 355,356,358,359,361,362,364,365,
  95:.\main.c      **** 366,368,369,370,372,373,374,375,
  96:.\main.c      **** 376,378,379,380,381,382,383,384,
  97:.\main.c      **** 385,386,387,387,388,389,390,391,
  98:.\main.c      **** 391,392,393,393,394,395,395,396,
  99:.\main.c      **** 396,397,397,397,398,398,398,399,
 100:.\main.c      **** 399,399,399,400,400,400,400,400,
 101:.\main.c      **** 400,400,400,400,400,400,399,399,
 102:.\main.c      **** 399,399,398,398,398,397,397,397,
 103:.\main.c      **** 396,396,395,395,394,393,393,392,
 104:.\main.c      **** 391,391,390,389,388,387,387,386,
 105:.\main.c      **** 385,384,383,382,381,380,379,378,
 106:.\main.c      **** 376,375,374,373,372,370,369,368,
 107:.\main.c      **** 366,365,364,362,361,359,358,356,
 108:.\main.c      **** 355,353,351,350,348,347,345,343,
 109:.\main.c      **** 341,340,338,336,334,332,331,329,
ARM GAS  C:\Users\hoangp\AppData\Local\Temp\ccBbDXaj.s 			page 9


 110:.\main.c      **** 327,325,323,321,319,317,315,313,
 111:.\main.c      **** 311,309,307,305,303,301,299,296,
 112:.\main.c      **** 294,292,290,288,286,283,281,279,
 113:.\main.c      **** 277,274,272,270,267,265,263,260,
 114:.\main.c      **** 258,256,253,251,249,246,244,241,
 115:.\main.c      **** 239,237,234,232,229,227,224,222,
 116:.\main.c      **** 220,217,215,212,210,207,205,202};
 117:.\main.c      **** //calculate the duty cycle by multiplying the transfer function with the K factor 
 118:.\main.c      **** //double calcDuty(double U1, double U2, double U3, double E0, double E1, double E2, double E3){
 119:.\main.c      **** //    return K*(A1*U1+A2*U2+A3*U3+B0*E0+B1*E1+B2*E2+B3*E3);
 120:.\main.c      **** //}
 121:.\main.c      **** 
 122:.\main.c      **** void main()
 123:.\main.c      **** {
 338              		.loc 1 123 0
 339              		.cfi_startproc
 340              		@ args = 0, pretend = 0, frame = 0
 341              		@ frame_needed = 1, uses_anonymous_args = 0
 342 0000 80B5     		push	{r7, lr}
 343              	.LCFI0:
 344              		.cfi_def_cfa_offset 8
 345 0002 00AF     		add	r7, sp, #0
 346              		.cfi_offset 14, -4
 347              		.cfi_offset 7, -8
 348              	.LCFI1:
 349              		.cfi_def_cfa_register 7
 124:.\main.c      ****     /* Place your initialization/startup code here (e.g. MyInst_Start()) */
 125:.\main.c      **** 
 126:.\main.c      ****     
 127:.\main.c      ****     //char tstr[16];
 128:.\main.c      ****     
 129:.\main.c      ****     //counter
 130:.\main.c      ****     Counter_1_Start();
 350              		.loc 1 130 0
 351 0004 FFF7FEFF 		bl	Counter_1_Start
 131:.\main.c      **** 
 132:.\main.c      ****     //clock
 133:.\main.c      **** 
 134:.\main.c      ****     Clock_2_Enable();
 352              		.loc 1 134 0
 353 0008 FFF7FEFF 		bl	Clock_2_Start
 135:.\main.c      ****     Clock_4_Enable();
 354              		.loc 1 135 0
 355 000c FFF7FEFF 		bl	Clock_4_Start
 136:.\main.c      ****     
 137:.\main.c      ****     Counter_1_Start();
 356              		.loc 1 137 0
 357 0010 FFF7FEFF 		bl	Counter_1_Start
 138:.\main.c      ****     isr_LUT_Start();
 358              		.loc 1 138 0
 359 0014 FFF7FEFF 		bl	isr_LUT_Start
 139:.\main.c      ****     
 140:.\main.c      ****     //start LCD
 141:.\main.c      ****     LCD_Char_1_Start();
 360              		.loc 1 141 0
 361 0018 FFF7FEFF 		bl	LCD_Char_1_Start
 142:.\main.c      ****     //LCD_Char_1_PrintString("changed message");
ARM GAS  C:\Users\hoangp\AppData\Local\Temp\ccBbDXaj.s 			page 10


 143:.\main.c      ****     
 144:.\main.c      ****     //start voltage ADC
 145:.\main.c      ****     ADC_DelSig_V_IRQ_Enable();
 362              		.loc 1 145 0
 363 001c 4EF20013 		movw	r3, #:lower16:-536813312
 364 0020 CEF20003 		movt	r3, #:upper16:-536813312
 365 0024 4FF00052 		mov	r2, #536870912
 366 0028 1A60     		str	r2, [r3, #0]
 146:.\main.c      ****     ADC_DelSig_V_Start();
 367              		.loc 1 146 0
 368 002a FFF7FEFF 		bl	ADC_DelSig_V_Start
 147:.\main.c      ****     //ADC_SAR_V_IRQ_Enable();
 148:.\main.c      ****     ADC_DelSig_V_StartConvert();
 369              		.loc 1 148 0
 370 002e FFF7FEFF 		bl	ADC_DelSig_V_StartConvert
 149:.\main.c      ****     
 150:.\main.c      ****     //start pwm
 151:.\main.c      ****     PWM_BUCK_Start();
 371              		.loc 1 151 0
 372 0032 FFF7FEFF 		bl	PWM_BUCK_Start
 152:.\main.c      ****     
 153:.\main.c      ****     //unfolder register
 154:.\main.c      ****     Control_Reg_1_Write(0);
 373              		.loc 1 154 0
 374 0036 4FF00000 		mov	r0, #0
 375 003a FFF7FEFF 		bl	Control_Reg_1_Write
 155:.\main.c      ****     
 156:.\main.c      ****     //UART communication 
 157:.\main.c      ****     UART_1_Start();
 376              		.loc 1 157 0
 377 003e FFF7FEFF 		bl	UART_1_Start
 158:.\main.c      ****     
 159:.\main.c      ****     sinptr = sineLUT;
 378              		.loc 1 159 0
 379 0042 40F20003 		movw	r3, #:lower16:sinptr
 380 0046 C0F20003 		movt	r3, #:upper16:sinptr
 381 004a 40F20002 		movw	r2, #:lower16:sineLUT
 382 004e C0F20002 		movt	r2, #:upper16:sineLUT
 383 0052 1A60     		str	r2, [r3, #0]
 160:.\main.c      **** 
 161:.\main.c      ****     //CyDelay(5000);//delay
 162:.\main.c      ****     
 163:.\main.c      ****     CyGlobalIntEnable; /* Uncomment this line to enable global interrupts. */
 384              		.loc 1 163 0
 385              	@ 163 ".\main.c" 1
 386 0054 62B6     		CPSIE   i
 387              	@ 0 "" 2
 388              		.thumb
 389              	.L3:
 164:.\main.c      ****     for(;;)
 165:.\main.c      ****     {
 166:.\main.c      ****         /* Place your application code here. */
 167:.\main.c      ****     
 168:.\main.c      ****         
 169:.\main.c      **** 
 170:.\main.c      ****         recbyte=UART_1_GetChar();
 390              		.loc 1 170 0
ARM GAS  C:\Users\hoangp\AppData\Local\Temp\ccBbDXaj.s 			page 11


 391 0056 FFF7FEFF 		bl	UART_1_GetChar
 392 005a 0346     		mov	r3, r0
 393 005c 1A46     		mov	r2, r3
 394 005e 40F20003 		movw	r3, #:lower16:recbyte
 395 0062 C0F20003 		movt	r3, #:upper16:recbyte
 396 0066 1A70     		strb	r2, [r3, #0]
 171:.\main.c      ****         if(recbyte=='V'){
 397              		.loc 1 171 0
 398 0068 40F20003 		movw	r3, #:lower16:recbyte
 399 006c C0F20003 		movt	r3, #:upper16:recbyte
 400 0070 1B78     		ldrb	r3, [r3, #0]	@ zero_extendqisi2
 401 0072 562B     		cmp	r3, #86
 402 0074 15D1     		bne	.L2
 172:.\main.c      ****             UART_1_PutChar((buffvolt>>8));
 403              		.loc 1 172 0
 404 0076 40F20003 		movw	r3, #:lower16:buffvolt
 405 007a C0F20003 		movt	r3, #:upper16:buffvolt
 406 007e 1B88     		ldrh	r3, [r3, #0]
 407 0080 1BB2     		sxth	r3, r3
 408 0082 4FEA2323 		asr	r3, r3, #8
 409 0086 9BB2     		uxth	r3, r3
 410 0088 DBB2     		uxtb	r3, r3
 411 008a 1846     		mov	r0, r3
 412 008c FFF7FEFF 		bl	UART_1_PutChar
 173:.\main.c      ****             UART_1_PutChar(buffvolt);
 413              		.loc 1 173 0
 414 0090 40F20003 		movw	r3, #:lower16:buffvolt
 415 0094 C0F20003 		movt	r3, #:upper16:buffvolt
 416 0098 1B88     		ldrh	r3, [r3, #0]
 417 009a DBB2     		uxtb	r3, r3
 418 009c 1846     		mov	r0, r3
 419 009e FFF7FEFF 		bl	UART_1_PutChar
 420              	.L2:
 174:.\main.c      ****         }
 175:.\main.c      ****              
 176:.\main.c      ****         //sprintf(tstr, "%1.4lf", U[0]);
 177:.\main.c      ****         LCD_Char_1_Position(1, 0);
 421              		.loc 1 177 0
 422 00a2 4FF00100 		mov	r0, #1
 423 00a6 4FF00001 		mov	r1, #0
 424 00aa FFF7FEFF 		bl	LCD_Char_1_Position
 178:.\main.c      ****         //LCD_Char_1_PrintInt16(E[0]);
 179:.\main.c      ****         //LCD_Char_1_PrintString(tstr);
 180:.\main.c      ****         
 181:.\main.c      ****         //LCD_Char_1_Position(1u,0u);
 182:.\main.c      ****         LCD_Char_1_PrintInt16(buffvolt);
 425              		.loc 1 182 0
 426 00ae 40F20003 		movw	r3, #:lower16:buffvolt
 427 00b2 C0F20003 		movt	r3, #:upper16:buffvolt
 428 00b6 1B88     		ldrh	r3, [r3, #0]
 429 00b8 9BB2     		uxth	r3, r3
 430 00ba 1846     		mov	r0, r3
 431 00bc FFF7FEFF 		bl	LCD_Char_1_PrintInt16
 183:.\main.c      **** 
 184:.\main.c      ****  
 185:.\main.c      ****         //CyDelay(5);//delay
 186:.\main.c      ****     }
ARM GAS  C:\Users\hoangp\AppData\Local\Temp\ccBbDXaj.s 			page 12


 432              		.loc 1 186 0
 433 00c0 C9E7     		b	.L3
 434              		.cfi_endproc
 435              	.LFE29:
 436              		.size	main, .-main
 437 00c2 00BF     		.text
 438              	.Letext0:
 439              		.section	.debug_loc,"",%progbits
 440              	.Ldebug_loc0:
 441              	.LLST0:
 442 0000 00000000 		.4byte	.LFB29
 443 0004 02000000 		.4byte	.LCFI0
 444 0008 0100     		.2byte	0x1
 445 000a 5D       		.byte	0x5d
 446 000b 02000000 		.4byte	.LCFI0
 447 000f 04000000 		.4byte	.LCFI1
 448 0013 0200     		.2byte	0x2
 449 0015 7D       		.byte	0x7d
 450 0016 08       		.sleb128 8
 451 0017 04000000 		.4byte	.LCFI1
 452 001b C2000000 		.4byte	.LFE29
 453 001f 0200     		.2byte	0x2
 454 0021 77       		.byte	0x77
 455 0022 08       		.sleb128 8
 456 0023 00000000 		.4byte	0x0
 457 0027 00000000 		.4byte	0x0
 458              		.file 2 "./Generated_Source/PSoC5/cytypes.h"
 459              		.file 3 "./Generated_Source/PSoC5/core_cm3.h"
 460              		.section	.debug_info
 461 0000 8E010000 		.4byte	0x18e
 462 0004 0200     		.2byte	0x2
 463 0006 00000000 		.4byte	.Ldebug_abbrev0
 464 000a 04       		.byte	0x4
 465 000b 01       		.uleb128 0x1
 466 000c 76000000 		.4byte	.LASF22
 467 0010 01       		.byte	0x1
 468 0011 A6000000 		.4byte	.LASF23
 469 0015 F3000000 		.4byte	.LASF24
 470 0019 00000000 		.4byte	0x0
 471 001d 00000000 		.4byte	0x0
 472 0021 00000000 		.4byte	.Ldebug_ranges0+0x0
 473 0025 00000000 		.4byte	.Ldebug_line0
 474 0029 02       		.uleb128 0x2
 475 002a 01       		.byte	0x1
 476 002b 06       		.byte	0x6
 477 002c D1000000 		.4byte	.LASF0
 478 0030 02       		.uleb128 0x2
 479 0031 01       		.byte	0x1
 480 0032 08       		.byte	0x8
 481 0033 82000000 		.4byte	.LASF1
 482 0037 02       		.uleb128 0x2
 483 0038 02       		.byte	0x2
 484 0039 05       		.byte	0x5
 485 003a E9000000 		.4byte	.LASF2
 486 003e 02       		.uleb128 0x2
 487 003f 02       		.byte	0x2
 488 0040 07       		.byte	0x7
ARM GAS  C:\Users\hoangp\AppData\Local\Temp\ccBbDXaj.s 			page 13


 489 0041 0A000000 		.4byte	.LASF3
 490 0045 02       		.uleb128 0x2
 491 0046 04       		.byte	0x4
 492 0047 05       		.byte	0x5
 493 0048 9D000000 		.4byte	.LASF4
 494 004c 02       		.uleb128 0x2
 495 004d 04       		.byte	0x4
 496 004e 07       		.byte	0x7
 497 004f 44000000 		.4byte	.LASF5
 498 0053 02       		.uleb128 0x2
 499 0054 08       		.byte	0x8
 500 0055 05       		.byte	0x5
 501 0056 B6000000 		.4byte	.LASF6
 502 005a 02       		.uleb128 0x2
 503 005b 08       		.byte	0x8
 504 005c 07       		.byte	0x7
 505 005d 56000000 		.4byte	.LASF7
 506 0061 03       		.uleb128 0x3
 507 0062 04       		.byte	0x4
 508 0063 05       		.byte	0x5
 509 0064 696E7400 		.ascii	"int\000"
 510 0068 02       		.uleb128 0x2
 511 0069 04       		.byte	0x4
 512 006a 07       		.byte	0x7
 513 006b 1D000000 		.4byte	.LASF8
 514 006f 04       		.uleb128 0x4
 515 0070 3E000000 		.4byte	.LASF9
 516 0074 02       		.byte	0x2
 517 0075 4C       		.byte	0x4c
 518 0076 30000000 		.4byte	0x30
 519 007a 04       		.uleb128 0x4
 520 007b E3000000 		.4byte	.LASF10
 521 007f 02       		.byte	0x2
 522 0080 50       		.byte	0x50
 523 0081 37000000 		.4byte	0x37
 524 0085 04       		.uleb128 0x4
 525 0086 44010000 		.4byte	.LASF11
 526 008a 02       		.byte	0x2
 527 008b 51       		.byte	0x51
 528 008c 45000000 		.4byte	0x45
 529 0090 02       		.uleb128 0x2
 530 0091 04       		.byte	0x4
 531 0092 04       		.byte	0x4
 532 0093 DD000000 		.4byte	.LASF12
 533 0097 02       		.uleb128 0x2
 534 0098 08       		.byte	0x8
 535 0099 04       		.byte	0x4
 536 009a AF000000 		.4byte	.LASF13
 537 009e 02       		.uleb128 0x2
 538 009f 01       		.byte	0x1
 539 00a0 08       		.byte	0x8
 540 00a1 90000000 		.4byte	.LASF14
 541 00a5 05       		.uleb128 0x5
 542 00a6 04       		.byte	0x4
 543 00a7 07       		.byte	0x7
 544 00a8 06       		.uleb128 0x6
 545 00a9 01       		.byte	0x1
ARM GAS  C:\Users\hoangp\AppData\Local\Temp\ccBbDXaj.s 			page 14


 546 00aa 31000000 		.4byte	.LASF25
 547 00ae 01       		.byte	0x1
 548 00af 7A       		.byte	0x7a
 549 00b0 00000000 		.4byte	.LFB29
 550 00b4 C2000000 		.4byte	.LFE29
 551 00b8 00000000 		.4byte	.LLST0
 552 00bc 07       		.uleb128 0x7
 553 00bd C4000000 		.4byte	.LASF15
 554 00c1 03       		.byte	0x3
 555 00c2 CE06     		.2byte	0x6ce
 556 00c4 CA000000 		.4byte	0xca
 557 00c8 01       		.byte	0x1
 558 00c9 01       		.byte	0x1
 559 00ca 08       		.uleb128 0x8
 560 00cb 61000000 		.4byte	0x61
 561 00cf 09       		.uleb128 0x9
 562 00d0 6D000000 		.4byte	.LASF16
 563 00d4 01       		.byte	0x1
 564 00d5 0E       		.byte	0xe
 565 00d6 7A000000 		.4byte	0x7a
 566 00da 01       		.byte	0x1
 567 00db 05       		.byte	0x5
 568 00dc 03       		.byte	0x3
 569 00dd 00000000 		.4byte	buffvolt
 570 00e1 09       		.uleb128 0x9
 571 00e2 00000000 		.4byte	.LASF17
 572 00e6 01       		.byte	0x1
 573 00e7 0F       		.byte	0xf
 574 00e8 6F000000 		.4byte	0x6f
 575 00ec 01       		.byte	0x1
 576 00ed 05       		.byte	0x5
 577 00ee 03       		.byte	0x3
 578 00ef 00000000 		.4byte	dataReady
 579 00f3 09       		.uleb128 0x9
 580 00f4 2A000000 		.4byte	.LASF18
 581 00f8 01       		.byte	0x1
 582 00f9 11       		.byte	0x11
 583 00fa 05010000 		.4byte	0x105
 584 00fe 01       		.byte	0x1
 585 00ff 05       		.byte	0x5
 586 0100 03       		.byte	0x3
 587 0101 00000000 		.4byte	sinptr
 588 0105 0A       		.uleb128 0xa
 589 0106 04       		.byte	0x4
 590 0107 7A000000 		.4byte	0x7a
 591 010b 09       		.uleb128 0x9
 592 010c 37010000 		.4byte	.LASF19
 593 0110 01       		.byte	0x1
 594 0111 12       		.byte	0x12
 595 0112 7A000000 		.4byte	0x7a
 596 0116 01       		.byte	0x1
 597 0117 05       		.byte	0x5
 598 0118 03       		.byte	0x3
 599 0119 00000000 		.4byte	sineLUTindex
 600 011d 09       		.uleb128 0x9
 601 011e 95000000 		.4byte	.LASF20
 602 0122 01       		.byte	0x1
ARM GAS  C:\Users\hoangp\AppData\Local\Temp\ccBbDXaj.s 			page 15


 603 0123 14       		.byte	0x14
 604 0124 9E000000 		.4byte	0x9e
 605 0128 01       		.byte	0x1
 606 0129 05       		.byte	0x5
 607 012a 03       		.byte	0x3
 608 012b 00000000 		.4byte	recbyte
 609 012f 0B       		.uleb128 0xb
 610 0130 4B00     		.ascii	"K\000"
 611 0132 01       		.byte	0x1
 612 0133 29       		.byte	0x29
 613 0134 90000000 		.4byte	0x90
 614 0138 01       		.byte	0x1
 615 0139 05       		.byte	0x5
 616 013a 03       		.byte	0x3
 617 013b 00000000 		.4byte	K
 618 013f 0C       		.uleb128 0xc
 619 0140 85000000 		.4byte	0x85
 620 0144 4F010000 		.4byte	0x14f
 621 0148 0D       		.uleb128 0xd
 622 0149 A5000000 		.4byte	0xa5
 623 014d 03       		.byte	0x3
 624 014e 00       		.byte	0x0
 625 014f 0B       		.uleb128 0xb
 626 0150 5500     		.ascii	"U\000"
 627 0152 01       		.byte	0x1
 628 0153 2F       		.byte	0x2f
 629 0154 3F010000 		.4byte	0x13f
 630 0158 01       		.byte	0x1
 631 0159 05       		.byte	0x5
 632 015a 03       		.byte	0x3
 633 015b 00000000 		.4byte	U
 634 015f 0B       		.uleb128 0xb
 635 0160 4500     		.ascii	"E\000"
 636 0162 01       		.byte	0x1
 637 0163 32       		.byte	0x32
 638 0164 3F010000 		.4byte	0x13f
 639 0168 01       		.byte	0x1
 640 0169 05       		.byte	0x5
 641 016a 03       		.byte	0x3
 642 016b 00000000 		.4byte	E
 643 016f 0C       		.uleb128 0xc
 644 0170 7A000000 		.4byte	0x7a
 645 0174 7F010000 		.4byte	0x17f
 646 0178 0D       		.uleb128 0xd
 647 0179 A5000000 		.4byte	0xa5
 648 017d FF       		.byte	0xff
 649 017e 00       		.byte	0x0
 650 017f 09       		.uleb128 0x9
 651 0180 36000000 		.4byte	.LASF21
 652 0184 01       		.byte	0x1
 653 0185 55       		.byte	0x55
 654 0186 6F010000 		.4byte	0x16f
 655 018a 01       		.byte	0x1
 656 018b 05       		.byte	0x5
 657 018c 03       		.byte	0x3
 658 018d 00000000 		.4byte	sineLUT
 659 0191 00       		.byte	0x0
ARM GAS  C:\Users\hoangp\AppData\Local\Temp\ccBbDXaj.s 			page 16


 660              		.section	.debug_abbrev
 661 0000 01       		.uleb128 0x1
 662 0001 11       		.uleb128 0x11
 663 0002 01       		.byte	0x1
 664 0003 25       		.uleb128 0x25
 665 0004 0E       		.uleb128 0xe
 666 0005 13       		.uleb128 0x13
 667 0006 0B       		.uleb128 0xb
 668 0007 03       		.uleb128 0x3
 669 0008 0E       		.uleb128 0xe
 670 0009 1B       		.uleb128 0x1b
 671 000a 0E       		.uleb128 0xe
 672 000b 11       		.uleb128 0x11
 673 000c 01       		.uleb128 0x1
 674 000d 52       		.uleb128 0x52
 675 000e 01       		.uleb128 0x1
 676 000f 55       		.uleb128 0x55
 677 0010 06       		.uleb128 0x6
 678 0011 10       		.uleb128 0x10
 679 0012 06       		.uleb128 0x6
 680 0013 00       		.byte	0x0
 681 0014 00       		.byte	0x0
 682 0015 02       		.uleb128 0x2
 683 0016 24       		.uleb128 0x24
 684 0017 00       		.byte	0x0
 685 0018 0B       		.uleb128 0xb
 686 0019 0B       		.uleb128 0xb
 687 001a 3E       		.uleb128 0x3e
 688 001b 0B       		.uleb128 0xb
 689 001c 03       		.uleb128 0x3
 690 001d 0E       		.uleb128 0xe
 691 001e 00       		.byte	0x0
 692 001f 00       		.byte	0x0
 693 0020 03       		.uleb128 0x3
 694 0021 24       		.uleb128 0x24
 695 0022 00       		.byte	0x0
 696 0023 0B       		.uleb128 0xb
 697 0024 0B       		.uleb128 0xb
 698 0025 3E       		.uleb128 0x3e
 699 0026 0B       		.uleb128 0xb
 700 0027 03       		.uleb128 0x3
 701 0028 08       		.uleb128 0x8
 702 0029 00       		.byte	0x0
 703 002a 00       		.byte	0x0
 704 002b 04       		.uleb128 0x4
 705 002c 16       		.uleb128 0x16
 706 002d 00       		.byte	0x0
 707 002e 03       		.uleb128 0x3
 708 002f 0E       		.uleb128 0xe
 709 0030 3A       		.uleb128 0x3a
 710 0031 0B       		.uleb128 0xb
 711 0032 3B       		.uleb128 0x3b
 712 0033 0B       		.uleb128 0xb
 713 0034 49       		.uleb128 0x49
 714 0035 13       		.uleb128 0x13
 715 0036 00       		.byte	0x0
 716 0037 00       		.byte	0x0
ARM GAS  C:\Users\hoangp\AppData\Local\Temp\ccBbDXaj.s 			page 17


 717 0038 05       		.uleb128 0x5
 718 0039 24       		.uleb128 0x24
 719 003a 00       		.byte	0x0
 720 003b 0B       		.uleb128 0xb
 721 003c 0B       		.uleb128 0xb
 722 003d 3E       		.uleb128 0x3e
 723 003e 0B       		.uleb128 0xb
 724 003f 00       		.byte	0x0
 725 0040 00       		.byte	0x0
 726 0041 06       		.uleb128 0x6
 727 0042 2E       		.uleb128 0x2e
 728 0043 00       		.byte	0x0
 729 0044 3F       		.uleb128 0x3f
 730 0045 0C       		.uleb128 0xc
 731 0046 03       		.uleb128 0x3
 732 0047 0E       		.uleb128 0xe
 733 0048 3A       		.uleb128 0x3a
 734 0049 0B       		.uleb128 0xb
 735 004a 3B       		.uleb128 0x3b
 736 004b 0B       		.uleb128 0xb
 737 004c 11       		.uleb128 0x11
 738 004d 01       		.uleb128 0x1
 739 004e 12       		.uleb128 0x12
 740 004f 01       		.uleb128 0x1
 741 0050 40       		.uleb128 0x40
 742 0051 06       		.uleb128 0x6
 743 0052 00       		.byte	0x0
 744 0053 00       		.byte	0x0
 745 0054 07       		.uleb128 0x7
 746 0055 34       		.uleb128 0x34
 747 0056 00       		.byte	0x0
 748 0057 03       		.uleb128 0x3
 749 0058 0E       		.uleb128 0xe
 750 0059 3A       		.uleb128 0x3a
 751 005a 0B       		.uleb128 0xb
 752 005b 3B       		.uleb128 0x3b
 753 005c 05       		.uleb128 0x5
 754 005d 49       		.uleb128 0x49
 755 005e 13       		.uleb128 0x13
 756 005f 3F       		.uleb128 0x3f
 757 0060 0C       		.uleb128 0xc
 758 0061 3C       		.uleb128 0x3c
 759 0062 0C       		.uleb128 0xc
 760 0063 00       		.byte	0x0
 761 0064 00       		.byte	0x0
 762 0065 08       		.uleb128 0x8
 763 0066 35       		.uleb128 0x35
 764 0067 00       		.byte	0x0
 765 0068 49       		.uleb128 0x49
 766 0069 13       		.uleb128 0x13
 767 006a 00       		.byte	0x0
 768 006b 00       		.byte	0x0
 769 006c 09       		.uleb128 0x9
 770 006d 34       		.uleb128 0x34
 771 006e 00       		.byte	0x0
 772 006f 03       		.uleb128 0x3
 773 0070 0E       		.uleb128 0xe
ARM GAS  C:\Users\hoangp\AppData\Local\Temp\ccBbDXaj.s 			page 18


 774 0071 3A       		.uleb128 0x3a
 775 0072 0B       		.uleb128 0xb
 776 0073 3B       		.uleb128 0x3b
 777 0074 0B       		.uleb128 0xb
 778 0075 49       		.uleb128 0x49
 779 0076 13       		.uleb128 0x13
 780 0077 3F       		.uleb128 0x3f
 781 0078 0C       		.uleb128 0xc
 782 0079 02       		.uleb128 0x2
 783 007a 0A       		.uleb128 0xa
 784 007b 00       		.byte	0x0
 785 007c 00       		.byte	0x0
 786 007d 0A       		.uleb128 0xa
 787 007e 0F       		.uleb128 0xf
 788 007f 00       		.byte	0x0
 789 0080 0B       		.uleb128 0xb
 790 0081 0B       		.uleb128 0xb
 791 0082 49       		.uleb128 0x49
 792 0083 13       		.uleb128 0x13
 793 0084 00       		.byte	0x0
 794 0085 00       		.byte	0x0
 795 0086 0B       		.uleb128 0xb
 796 0087 34       		.uleb128 0x34
 797 0088 00       		.byte	0x0
 798 0089 03       		.uleb128 0x3
 799 008a 08       		.uleb128 0x8
 800 008b 3A       		.uleb128 0x3a
 801 008c 0B       		.uleb128 0xb
 802 008d 3B       		.uleb128 0x3b
 803 008e 0B       		.uleb128 0xb
 804 008f 49       		.uleb128 0x49
 805 0090 13       		.uleb128 0x13
 806 0091 3F       		.uleb128 0x3f
 807 0092 0C       		.uleb128 0xc
 808 0093 02       		.uleb128 0x2
 809 0094 0A       		.uleb128 0xa
 810 0095 00       		.byte	0x0
 811 0096 00       		.byte	0x0
 812 0097 0C       		.uleb128 0xc
 813 0098 01       		.uleb128 0x1
 814 0099 01       		.byte	0x1
 815 009a 49       		.uleb128 0x49
 816 009b 13       		.uleb128 0x13
 817 009c 01       		.uleb128 0x1
 818 009d 13       		.uleb128 0x13
 819 009e 00       		.byte	0x0
 820 009f 00       		.byte	0x0
 821 00a0 0D       		.uleb128 0xd
 822 00a1 21       		.uleb128 0x21
 823 00a2 00       		.byte	0x0
 824 00a3 49       		.uleb128 0x49
 825 00a4 13       		.uleb128 0x13
 826 00a5 2F       		.uleb128 0x2f
 827 00a6 0B       		.uleb128 0xb
 828 00a7 00       		.byte	0x0
 829 00a8 00       		.byte	0x0
 830 00a9 00       		.byte	0x0
ARM GAS  C:\Users\hoangp\AppData\Local\Temp\ccBbDXaj.s 			page 19


 831              		.section	.debug_pubnames,"",%progbits
 832 0000 78000000 		.4byte	0x78
 833 0004 0200     		.2byte	0x2
 834 0006 00000000 		.4byte	.Ldebug_info0
 835 000a 92010000 		.4byte	0x192
 836 000e A8000000 		.4byte	0xa8
 837 0012 6D61696E 		.ascii	"main\000"
 837      00
 838 0017 CF000000 		.4byte	0xcf
 839 001b 62756666 		.ascii	"buffvolt\000"
 839      766F6C74 
 839      00
 840 0024 E1000000 		.4byte	0xe1
 841 0028 64617461 		.ascii	"dataReady\000"
 841      52656164 
 841      7900
 842 0032 F3000000 		.4byte	0xf3
 843 0036 73696E70 		.ascii	"sinptr\000"
 843      747200
 844 003d 0B010000 		.4byte	0x10b
 845 0041 73696E65 		.ascii	"sineLUTindex\000"
 845      4C555469 
 845      6E646578 
 845      00
 846 004e 1D010000 		.4byte	0x11d
 847 0052 72656362 		.ascii	"recbyte\000"
 847      79746500 
 848 005a 2F010000 		.4byte	0x12f
 849 005e 4B00     		.ascii	"K\000"
 850 0060 4F010000 		.4byte	0x14f
 851 0064 5500     		.ascii	"U\000"
 852 0066 5F010000 		.4byte	0x15f
 853 006a 4500     		.ascii	"E\000"
 854 006c 7F010000 		.4byte	0x17f
 855 0070 73696E65 		.ascii	"sineLUT\000"
 855      4C555400 
 856 0078 00000000 		.4byte	0x0
 857              		.section	.debug_aranges,"",%progbits
 858 0000 1C000000 		.4byte	0x1c
 859 0004 0200     		.2byte	0x2
 860 0006 00000000 		.4byte	.Ldebug_info0
 861 000a 04       		.byte	0x4
 862 000b 00       		.byte	0x0
 863 000c 0000     		.2byte	0x0
 864 000e 0000     		.2byte	0x0
 865 0010 00000000 		.4byte	.LFB29
 866 0014 C2000000 		.4byte	.LFE29-.LFB29
 867 0018 00000000 		.4byte	0x0
 868 001c 00000000 		.4byte	0x0
 869              		.section	.debug_ranges,"",%progbits
 870              	.Ldebug_ranges0:
 871 0000 00000000 		.4byte	.Ltext0
 872 0004 00000000 		.4byte	.Letext0
 873 0008 00000000 		.4byte	.LFB29
 874 000c C2000000 		.4byte	.LFE29
 875 0010 00000000 		.4byte	0x0
 876 0014 00000000 		.4byte	0x0
ARM GAS  C:\Users\hoangp\AppData\Local\Temp\ccBbDXaj.s 			page 20


 877              		.section	.debug_str,"MS",%progbits,1
 878              	.LASF17:
 879 0000 64617461 		.ascii	"dataReady\000"
 879      52656164 
 879      7900
 880              	.LASF3:
 881 000a 73686F72 		.ascii	"short unsigned int\000"
 881      7420756E 
 881      7369676E 
 881      65642069 
 881      6E7400
 882              	.LASF8:
 883 001d 756E7369 		.ascii	"unsigned int\000"
 883      676E6564 
 883      20696E74 
 883      00
 884              	.LASF18:
 885 002a 73696E70 		.ascii	"sinptr\000"
 885      747200
 886              	.LASF25:
 887 0031 6D61696E 		.ascii	"main\000"
 887      00
 888              	.LASF21:
 889 0036 73696E65 		.ascii	"sineLUT\000"
 889      4C555400 
 890              	.LASF9:
 891 003e 75696E74 		.ascii	"uint8\000"
 891      3800
 892              	.LASF5:
 893 0044 6C6F6E67 		.ascii	"long unsigned int\000"
 893      20756E73 
 893      69676E65 
 893      6420696E 
 893      7400
 894              	.LASF7:
 895 0056 6C6F6E67 		.ascii	"long long unsigned int\000"
 895      206C6F6E 
 895      6720756E 
 895      7369676E 
 895      65642069 
 896              	.LASF16:
 897 006d 62756666 		.ascii	"buffvolt\000"
 897      766F6C74 
 897      00
 898              	.LASF22:
 899 0076 474E5520 		.ascii	"GNU C 4.4.1\000"
 899      4320342E 
 899      342E3100 
 900              	.LASF1:
 901 0082 756E7369 		.ascii	"unsigned char\000"
 901      676E6564 
 901      20636861 
 901      7200
 902              	.LASF14:
 903 0090 63686172 		.ascii	"char\000"
 903      00
 904              	.LASF20:
ARM GAS  C:\Users\hoangp\AppData\Local\Temp\ccBbDXaj.s 			page 21


 905 0095 72656362 		.ascii	"recbyte\000"
 905      79746500 
 906              	.LASF4:
 907 009d 6C6F6E67 		.ascii	"long int\000"
 907      20696E74 
 907      00
 908              	.LASF23:
 909 00a6 2E5C6D61 		.ascii	".\\main.c\000"
 909      696E2E63 
 909      00
 910              	.LASF13:
 911 00af 646F7562 		.ascii	"double\000"
 911      6C6500
 912              	.LASF6:
 913 00b6 6C6F6E67 		.ascii	"long long int\000"
 913      206C6F6E 
 913      6720696E 
 913      7400
 914              	.LASF15:
 915 00c4 49544D5F 		.ascii	"ITM_RxBuffer\000"
 915      52784275 
 915      66666572 
 915      00
 916              	.LASF0:
 917 00d1 7369676E 		.ascii	"signed char\000"
 917      65642063 
 917      68617200 
 918              	.LASF12:
 919 00dd 666C6F61 		.ascii	"float\000"
 919      7400
 920              	.LASF10:
 921 00e3 696E7431 		.ascii	"int16\000"
 921      3600
 922              	.LASF2:
 923 00e9 73686F72 		.ascii	"short int\000"
 923      7420696E 
 923      7400
 924              	.LASF24:
 925 00f3 433A5C55 		.ascii	"C:\\Users\\hoangp\\Documents\\GitHub\\EE542\\firmwa"
 925      73657273 
 925      5C686F61 
 925      6E67705C 
 925      446F6375 
 926 0120 72655C69 		.ascii	"re\\invert\\invert.cydsn\000"
 926      6E766572 
 926      745C696E 
 926      76657274 
 926      2E637964 
 927              	.LASF19:
 928 0137 73696E65 		.ascii	"sineLUTindex\000"
 928      4C555469 
 928      6E646578 
 928      00
 929              	.LASF11:
 930 0144 696E7433 		.ascii	"int32\000"
 930      3200
 931              		.ident	"GCC: (Sourcery G++ Lite 2010q1-188) 4.4.1"
ARM GAS  C:\Users\hoangp\AppData\Local\Temp\ccBbDXaj.s 			page 22


