ARM GAS  C:\Users\hoangp\AppData\Local\Temp\cc1R9pbZ.s 			page 1


   1              		.syntax unified
   2              		.cpu cortex-m3
   3              		.fpu softvfp
   4              		.eabi_attribute 20, 1
   5              		.eabi_attribute 21, 1
   6              		.eabi_attribute 23, 3
   7              		.eabi_attribute 24, 1
   8              		.eabi_attribute 25, 1
   9              		.eabi_attribute 26, 1
  10              		.eabi_attribute 30, 6
  11              		.eabi_attribute 18, 4
  12              		.thumb
  13              		.file	"PWM_UNFOLD_B_PM.c"
  14              		.section	.debug_abbrev,"",%progbits
  15              	.Ldebug_abbrev0:
  16              		.section	.debug_info,"",%progbits
  17              	.Ldebug_info0:
  18              		.section	.debug_line,"",%progbits
  19              	.Ldebug_line0:
  20 0000 DF000000 		.text
  20      02007A00 
  20      00000201 
  20      FB0E0D00 
  20      01010101 
  21              	.Ltext0:
  22              		.cfi_sections	.debug_frame
  23              		.bss
  24              		.align	2
  25              	PWM_UNFOLD_B_backup:
  26 0000 00000000 		.space	7
  26      000000
  27 0007 00       		.section	.text.PWM_UNFOLD_B_SaveConfig,"ax",%progbits
  28              		.align	2
  29              		.global	PWM_UNFOLD_B_SaveConfig
  30              		.thumb
  31              		.thumb_func
  32              		.type	PWM_UNFOLD_B_SaveConfig, %function
  33              	PWM_UNFOLD_B_SaveConfig:
  34              	.LFB0:
  35              		.file 1 ".\\Generated_Source\\PSoC5\\PWM_UNFOLD_B_PM.c"
   1:.\Generated_Source\PSoC5/PWM_UNFOLD_B_PM.c **** /*******************************************************************************
   2:.\Generated_Source\PSoC5/PWM_UNFOLD_B_PM.c **** * File Name: PWM_UNFOLD_B_PM.c
   3:.\Generated_Source\PSoC5/PWM_UNFOLD_B_PM.c **** * Version 2.40
   4:.\Generated_Source\PSoC5/PWM_UNFOLD_B_PM.c **** *
   5:.\Generated_Source\PSoC5/PWM_UNFOLD_B_PM.c **** * Description:
   6:.\Generated_Source\PSoC5/PWM_UNFOLD_B_PM.c **** *  This file provides the power management source code to API for the
   7:.\Generated_Source\PSoC5/PWM_UNFOLD_B_PM.c **** *  PWM.
   8:.\Generated_Source\PSoC5/PWM_UNFOLD_B_PM.c **** *
   9:.\Generated_Source\PSoC5/PWM_UNFOLD_B_PM.c **** * Note:
  10:.\Generated_Source\PSoC5/PWM_UNFOLD_B_PM.c **** *
  11:.\Generated_Source\PSoC5/PWM_UNFOLD_B_PM.c **** ********************************************************************************
  12:.\Generated_Source\PSoC5/PWM_UNFOLD_B_PM.c **** * Copyright 2008-2012, Cypress Semiconductor Corporation.  All rights reserved.
  13:.\Generated_Source\PSoC5/PWM_UNFOLD_B_PM.c **** * You may use this file only in accordance with the license, terms, conditions,
  14:.\Generated_Source\PSoC5/PWM_UNFOLD_B_PM.c **** * disclaimers, and limitations in the end user license agreement accompanying
  15:.\Generated_Source\PSoC5/PWM_UNFOLD_B_PM.c **** * the software package with which this file was provided.
  16:.\Generated_Source\PSoC5/PWM_UNFOLD_B_PM.c **** *******************************************************************************/
  17:.\Generated_Source\PSoC5/PWM_UNFOLD_B_PM.c **** #include "cytypes.h"
ARM GAS  C:\Users\hoangp\AppData\Local\Temp\cc1R9pbZ.s 			page 2


  18:.\Generated_Source\PSoC5/PWM_UNFOLD_B_PM.c **** #include "PWM_UNFOLD_B.h"
  19:.\Generated_Source\PSoC5/PWM_UNFOLD_B_PM.c **** 
  20:.\Generated_Source\PSoC5/PWM_UNFOLD_B_PM.c **** static PWM_UNFOLD_B_backupStruct PWM_UNFOLD_B_backup;
  21:.\Generated_Source\PSoC5/PWM_UNFOLD_B_PM.c **** 
  22:.\Generated_Source\PSoC5/PWM_UNFOLD_B_PM.c **** 
  23:.\Generated_Source\PSoC5/PWM_UNFOLD_B_PM.c **** /*******************************************************************************
  24:.\Generated_Source\PSoC5/PWM_UNFOLD_B_PM.c **** * Function Name: PWM_UNFOLD_B_SaveConfig
  25:.\Generated_Source\PSoC5/PWM_UNFOLD_B_PM.c **** ********************************************************************************
  26:.\Generated_Source\PSoC5/PWM_UNFOLD_B_PM.c **** *
  27:.\Generated_Source\PSoC5/PWM_UNFOLD_B_PM.c **** * Summary:
  28:.\Generated_Source\PSoC5/PWM_UNFOLD_B_PM.c **** *  Saves the current user configuration of the component.
  29:.\Generated_Source\PSoC5/PWM_UNFOLD_B_PM.c **** *  
  30:.\Generated_Source\PSoC5/PWM_UNFOLD_B_PM.c **** * Parameters:  
  31:.\Generated_Source\PSoC5/PWM_UNFOLD_B_PM.c **** *  None
  32:.\Generated_Source\PSoC5/PWM_UNFOLD_B_PM.c **** *
  33:.\Generated_Source\PSoC5/PWM_UNFOLD_B_PM.c **** * Return: 
  34:.\Generated_Source\PSoC5/PWM_UNFOLD_B_PM.c **** *  None
  35:.\Generated_Source\PSoC5/PWM_UNFOLD_B_PM.c **** *
  36:.\Generated_Source\PSoC5/PWM_UNFOLD_B_PM.c **** * Global variables:
  37:.\Generated_Source\PSoC5/PWM_UNFOLD_B_PM.c **** *  PWM_UNFOLD_B_backup:  Variables of this global structure are modified to 
  38:.\Generated_Source\PSoC5/PWM_UNFOLD_B_PM.c **** *  store the values of non retention configuration registers when Sleep() API is 
  39:.\Generated_Source\PSoC5/PWM_UNFOLD_B_PM.c **** *  called.
  40:.\Generated_Source\PSoC5/PWM_UNFOLD_B_PM.c **** *
  41:.\Generated_Source\PSoC5/PWM_UNFOLD_B_PM.c **** *******************************************************************************/
  42:.\Generated_Source\PSoC5/PWM_UNFOLD_B_PM.c **** void PWM_UNFOLD_B_SaveConfig(void) 
  43:.\Generated_Source\PSoC5/PWM_UNFOLD_B_PM.c **** {
  36              		.loc 1 43 0
  37              		.cfi_startproc
  38              		@ args = 0, pretend = 0, frame = 0
  39              		@ frame_needed = 1, uses_anonymous_args = 0
  40 0000 80B5     		push	{r7, lr}
  41              	.LCFI0:
  42              		.cfi_def_cfa_offset 8
  43 0002 00AF     		add	r7, sp, #0
  44              		.cfi_offset 14, -4
  45              		.cfi_offset 7, -8
  46              	.LCFI1:
  47              		.cfi_def_cfa_register 7
  44:.\Generated_Source\PSoC5/PWM_UNFOLD_B_PM.c ****     
  45:.\Generated_Source\PSoC5/PWM_UNFOLD_B_PM.c ****     #if(!PWM_UNFOLD_B_UsingFixedFunction)
  46:.\Generated_Source\PSoC5/PWM_UNFOLD_B_PM.c ****         #if (CY_UDB_V0)
  47:.\Generated_Source\PSoC5/PWM_UNFOLD_B_PM.c ****             PWM_UNFOLD_B_backup.PWMUdb = PWM_UNFOLD_B_ReadCounter();
  48              		.loc 1 47 0
  49 0004 FFF7FEFF 		bl	PWM_UNFOLD_B_ReadCounter
  50 0008 0346     		mov	r3, r0
  51 000a 1A46     		mov	r2, r3
  52 000c 40F20003 		movw	r3, #:lower16:PWM_UNFOLD_B_backup
  53 0010 C0F20003 		movt	r3, #:upper16:PWM_UNFOLD_B_backup
  54 0014 5A70     		strb	r2, [r3, #1]
  48:.\Generated_Source\PSoC5/PWM_UNFOLD_B_PM.c ****             PWM_UNFOLD_B_backup.PWMPeriod = PWM_UNFOLD_B_ReadPeriod();
  55              		.loc 1 48 0
  56 0016 FFF7FEFF 		bl	PWM_UNFOLD_B_ReadPeriod
  57 001a 0346     		mov	r3, r0
  58 001c 1A46     		mov	r2, r3
  59 001e 40F20003 		movw	r3, #:lower16:PWM_UNFOLD_B_backup
  60 0022 C0F20003 		movt	r3, #:upper16:PWM_UNFOLD_B_backup
  61 0026 9A70     		strb	r2, [r3, #2]
ARM GAS  C:\Users\hoangp\AppData\Local\Temp\cc1R9pbZ.s 			page 3


  49:.\Generated_Source\PSoC5/PWM_UNFOLD_B_PM.c ****             #if (PWM_UNFOLD_B_UseStatus)
  50:.\Generated_Source\PSoC5/PWM_UNFOLD_B_PM.c ****                 PWM_UNFOLD_B_backup.InterruptMaskValue = PWM_UNFOLD_B_STATUS_MASK;
  62              		.loc 1 50 0
  63 0028 46F28653 		movw	r3, #:lower16:1073767814
  64 002c C4F20003 		movt	r3, #:upper16:1073767814
  65 0030 1B78     		ldrb	r3, [r3, #0]
  66 0032 DAB2     		uxtb	r2, r3
  67 0034 40F20003 		movw	r3, #:lower16:PWM_UNFOLD_B_backup
  68 0038 C0F20003 		movt	r3, #:upper16:PWM_UNFOLD_B_backup
  69 003c DA70     		strb	r2, [r3, #3]
  51:.\Generated_Source\PSoC5/PWM_UNFOLD_B_PM.c ****             #endif /* (PWM_UNFOLD_B_UseStatus) */
  52:.\Generated_Source\PSoC5/PWM_UNFOLD_B_PM.c ****             
  53:.\Generated_Source\PSoC5/PWM_UNFOLD_B_PM.c ****             #if(PWM_UNFOLD_B_UseOneCompareMode)
  54:.\Generated_Source\PSoC5/PWM_UNFOLD_B_PM.c ****                 PWM_UNFOLD_B_backup.PWMCompareValue = PWM_UNFOLD_B_ReadCompare();
  70              		.loc 1 54 0
  71 003e FFF7FEFF 		bl	PWM_UNFOLD_B_ReadCompare
  72 0042 0346     		mov	r3, r0
  73 0044 1A46     		mov	r2, r3
  74 0046 40F20003 		movw	r3, #:lower16:PWM_UNFOLD_B_backup
  75 004a C0F20003 		movt	r3, #:upper16:PWM_UNFOLD_B_backup
  76 004e 1A71     		strb	r2, [r3, #4]
  55:.\Generated_Source\PSoC5/PWM_UNFOLD_B_PM.c ****             #else
  56:.\Generated_Source\PSoC5/PWM_UNFOLD_B_PM.c ****                 PWM_UNFOLD_B_backup.PWMCompareValue1 = PWM_UNFOLD_B_ReadCompare1();
  57:.\Generated_Source\PSoC5/PWM_UNFOLD_B_PM.c ****                 PWM_UNFOLD_B_backup.PWMCompareValue2 = PWM_UNFOLD_B_ReadCompare2();
  58:.\Generated_Source\PSoC5/PWM_UNFOLD_B_PM.c ****             #endif /* (PWM_UNFOLD_B_UseOneCompareMode) */
  59:.\Generated_Source\PSoC5/PWM_UNFOLD_B_PM.c ****             
  60:.\Generated_Source\PSoC5/PWM_UNFOLD_B_PM.c ****            #if(PWM_UNFOLD_B_DeadBandUsed)
  61:.\Generated_Source\PSoC5/PWM_UNFOLD_B_PM.c ****                 PWM_UNFOLD_B_backup.PWMdeadBandValue = PWM_UNFOLD_B_ReadDeadTime();
  77              		.loc 1 61 0
  78 0050 FFF7FEFF 		bl	PWM_UNFOLD_B_ReadDeadTime
  79 0054 0346     		mov	r3, r0
  80 0056 1A46     		mov	r2, r3
  81 0058 40F20003 		movw	r3, #:lower16:PWM_UNFOLD_B_backup
  82 005c C0F20003 		movt	r3, #:upper16:PWM_UNFOLD_B_backup
  83 0060 5A71     		strb	r2, [r3, #5]
  62:.\Generated_Source\PSoC5/PWM_UNFOLD_B_PM.c ****             #endif /* (PWM_UNFOLD_B_DeadBandUsed) */
  63:.\Generated_Source\PSoC5/PWM_UNFOLD_B_PM.c ****           
  64:.\Generated_Source\PSoC5/PWM_UNFOLD_B_PM.c ****             #if ( PWM_UNFOLD_B_KillModeMinTime)
  65:.\Generated_Source\PSoC5/PWM_UNFOLD_B_PM.c ****                 PWM_UNFOLD_B_backup.PWMKillCounterPeriod = PWM_UNFOLD_B_ReadKillTime();
  66:.\Generated_Source\PSoC5/PWM_UNFOLD_B_PM.c ****             #endif /* ( PWM_UNFOLD_B_KillModeMinTime) */
  67:.\Generated_Source\PSoC5/PWM_UNFOLD_B_PM.c ****         #endif /* (CY_UDB_V0) */
  68:.\Generated_Source\PSoC5/PWM_UNFOLD_B_PM.c ****         
  69:.\Generated_Source\PSoC5/PWM_UNFOLD_B_PM.c ****         #if (CY_UDB_V1)
  70:.\Generated_Source\PSoC5/PWM_UNFOLD_B_PM.c ****             #if(!PWM_UNFOLD_B_PWMModeIsCenterAligned)
  71:.\Generated_Source\PSoC5/PWM_UNFOLD_B_PM.c ****                 PWM_UNFOLD_B_backup.PWMPeriod = PWM_UNFOLD_B_ReadPeriod();
  72:.\Generated_Source\PSoC5/PWM_UNFOLD_B_PM.c ****             #endif /* (!PWM_UNFOLD_B_PWMModeIsCenterAligned) */
  73:.\Generated_Source\PSoC5/PWM_UNFOLD_B_PM.c ****             PWM_UNFOLD_B_backup.PWMUdb = PWM_UNFOLD_B_ReadCounter();
  74:.\Generated_Source\PSoC5/PWM_UNFOLD_B_PM.c ****             #if (PWM_UNFOLD_B_UseStatus)
  75:.\Generated_Source\PSoC5/PWM_UNFOLD_B_PM.c ****                 PWM_UNFOLD_B_backup.InterruptMaskValue = PWM_UNFOLD_B_STATUS_MASK;
  76:.\Generated_Source\PSoC5/PWM_UNFOLD_B_PM.c ****             #endif /* (PWM_UNFOLD_B_UseStatus) */
  77:.\Generated_Source\PSoC5/PWM_UNFOLD_B_PM.c ****             
  78:.\Generated_Source\PSoC5/PWM_UNFOLD_B_PM.c ****             #if(PWM_UNFOLD_B_DeadBandMode == PWM_UNFOLD_B__B_PWM__DBM_256_CLOCKS || \
  79:.\Generated_Source\PSoC5/PWM_UNFOLD_B_PM.c ****                 PWM_UNFOLD_B_DeadBandMode == PWM_UNFOLD_B__B_PWM__DBM_2_4_CLOCKS)
  80:.\Generated_Source\PSoC5/PWM_UNFOLD_B_PM.c ****                 PWM_UNFOLD_B_backup.PWMdeadBandValue = PWM_UNFOLD_B_ReadDeadTime();
  81:.\Generated_Source\PSoC5/PWM_UNFOLD_B_PM.c ****             #endif /*  deadband count is either 2-4 clocks or 256 clocks */
  82:.\Generated_Source\PSoC5/PWM_UNFOLD_B_PM.c ****             
  83:.\Generated_Source\PSoC5/PWM_UNFOLD_B_PM.c ****             #if(PWM_UNFOLD_B_KillModeMinTime)
ARM GAS  C:\Users\hoangp\AppData\Local\Temp\cc1R9pbZ.s 			page 4


  84:.\Generated_Source\PSoC5/PWM_UNFOLD_B_PM.c ****                  PWM_UNFOLD_B_backup.PWMKillCounterPeriod = PWM_UNFOLD_B_ReadKillTime();
  85:.\Generated_Source\PSoC5/PWM_UNFOLD_B_PM.c ****             #endif /* (PWM_UNFOLD_B_KillModeMinTime) */
  86:.\Generated_Source\PSoC5/PWM_UNFOLD_B_PM.c ****         #endif /* (CY_UDB_V1) */
  87:.\Generated_Source\PSoC5/PWM_UNFOLD_B_PM.c ****         
  88:.\Generated_Source\PSoC5/PWM_UNFOLD_B_PM.c ****         #if(PWM_UNFOLD_B_UseControl)
  89:.\Generated_Source\PSoC5/PWM_UNFOLD_B_PM.c ****             PWM_UNFOLD_B_backup.PWMControlRegister = PWM_UNFOLD_B_ReadControlRegister();
  84              		.loc 1 89 0
  85 0062 FFF7FEFF 		bl	PWM_UNFOLD_B_ReadControlRegister
  86 0066 0346     		mov	r3, r0
  87 0068 1A46     		mov	r2, r3
  88 006a 40F20003 		movw	r3, #:lower16:PWM_UNFOLD_B_backup
  89 006e C0F20003 		movt	r3, #:upper16:PWM_UNFOLD_B_backup
  90 0072 9A71     		strb	r2, [r3, #6]
  90:.\Generated_Source\PSoC5/PWM_UNFOLD_B_PM.c ****         #endif /* (PWM_UNFOLD_B_UseControl) */
  91:.\Generated_Source\PSoC5/PWM_UNFOLD_B_PM.c ****     #endif  /* (!PWM_UNFOLD_B_UsingFixedFunction) */
  92:.\Generated_Source\PSoC5/PWM_UNFOLD_B_PM.c **** }
  91              		.loc 1 92 0
  92 0074 80BD     		pop	{r7, pc}
  93              		.cfi_endproc
  94              	.LFE0:
  95              		.size	PWM_UNFOLD_B_SaveConfig, .-PWM_UNFOLD_B_SaveConfig
  96 0076 00BF     		.section	.text.PWM_UNFOLD_B_RestoreConfig,"ax",%progbits
  97              		.align	2
  98              		.global	PWM_UNFOLD_B_RestoreConfig
  99              		.thumb
 100              		.thumb_func
 101              		.type	PWM_UNFOLD_B_RestoreConfig, %function
 102              	PWM_UNFOLD_B_RestoreConfig:
 103              	.LFB1:
  93:.\Generated_Source\PSoC5/PWM_UNFOLD_B_PM.c **** 
  94:.\Generated_Source\PSoC5/PWM_UNFOLD_B_PM.c **** 
  95:.\Generated_Source\PSoC5/PWM_UNFOLD_B_PM.c **** /*******************************************************************************
  96:.\Generated_Source\PSoC5/PWM_UNFOLD_B_PM.c **** * Function Name: PWM_UNFOLD_B_RestoreConfig
  97:.\Generated_Source\PSoC5/PWM_UNFOLD_B_PM.c **** ********************************************************************************
  98:.\Generated_Source\PSoC5/PWM_UNFOLD_B_PM.c **** * 
  99:.\Generated_Source\PSoC5/PWM_UNFOLD_B_PM.c **** * Summary:
 100:.\Generated_Source\PSoC5/PWM_UNFOLD_B_PM.c **** *  Restores the current user configuration of the component.
 101:.\Generated_Source\PSoC5/PWM_UNFOLD_B_PM.c **** *
 102:.\Generated_Source\PSoC5/PWM_UNFOLD_B_PM.c **** * Parameters:  
 103:.\Generated_Source\PSoC5/PWM_UNFOLD_B_PM.c **** *  None
 104:.\Generated_Source\PSoC5/PWM_UNFOLD_B_PM.c **** *
 105:.\Generated_Source\PSoC5/PWM_UNFOLD_B_PM.c **** * Return: 
 106:.\Generated_Source\PSoC5/PWM_UNFOLD_B_PM.c **** *  None
 107:.\Generated_Source\PSoC5/PWM_UNFOLD_B_PM.c **** *
 108:.\Generated_Source\PSoC5/PWM_UNFOLD_B_PM.c **** * Global variables:
 109:.\Generated_Source\PSoC5/PWM_UNFOLD_B_PM.c **** *  PWM_UNFOLD_B_backup:  Variables of this global structure are used to  
 110:.\Generated_Source\PSoC5/PWM_UNFOLD_B_PM.c **** *  restore the values of non retention registers on wakeup from sleep mode.
 111:.\Generated_Source\PSoC5/PWM_UNFOLD_B_PM.c **** *
 112:.\Generated_Source\PSoC5/PWM_UNFOLD_B_PM.c **** *******************************************************************************/
 113:.\Generated_Source\PSoC5/PWM_UNFOLD_B_PM.c **** void PWM_UNFOLD_B_RestoreConfig(void) 
 114:.\Generated_Source\PSoC5/PWM_UNFOLD_B_PM.c **** {
 104              		.loc 1 114 0
 105              		.cfi_startproc
 106              		@ args = 0, pretend = 0, frame = 8
 107              		@ frame_needed = 1, uses_anonymous_args = 0
 108 0000 80B5     		push	{r7, lr}
 109              	.LCFI2:
ARM GAS  C:\Users\hoangp\AppData\Local\Temp\cc1R9pbZ.s 			page 5


 110              		.cfi_def_cfa_offset 8
 111 0002 82B0     		sub	sp, sp, #8
 112              	.LCFI3:
 113              		.cfi_def_cfa_offset 16
 114 0004 00AF     		add	r7, sp, #0
 115              		.cfi_offset 14, -4
 116              		.cfi_offset 7, -8
 117              	.LCFI4:
 118              		.cfi_def_cfa_register 7
 115:.\Generated_Source\PSoC5/PWM_UNFOLD_B_PM.c ****         #if(!PWM_UNFOLD_B_UsingFixedFunction)
 116:.\Generated_Source\PSoC5/PWM_UNFOLD_B_PM.c ****             #if (CY_UDB_V0)
 117:.\Generated_Source\PSoC5/PWM_UNFOLD_B_PM.c ****                 /* Interrupt State Backup for Critical Region*/
 118:.\Generated_Source\PSoC5/PWM_UNFOLD_B_PM.c ****                 uint8 PWM_UNFOLD_B_interruptState;
 119:.\Generated_Source\PSoC5/PWM_UNFOLD_B_PM.c ****                 /* Enter Critical Region*/
 120:.\Generated_Source\PSoC5/PWM_UNFOLD_B_PM.c ****                 PWM_UNFOLD_B_interruptState = CyEnterCriticalSection();
 119              		.loc 1 120 0
 120 0006 FFF7FEFF 		bl	CyEnterCriticalSection
 121 000a 0346     		mov	r3, r0
 122 000c FB71     		strb	r3, [r7, #7]
 121:.\Generated_Source\PSoC5/PWM_UNFOLD_B_PM.c ****                 #if (PWM_UNFOLD_B_UseStatus)
 122:.\Generated_Source\PSoC5/PWM_UNFOLD_B_PM.c ****                     /* Use the interrupt output of the status register for IRQ output */
 123:.\Generated_Source\PSoC5/PWM_UNFOLD_B_PM.c ****                     PWM_UNFOLD_B_STATUS_AUX_CTRL |= PWM_UNFOLD_B_STATUS_ACTL_INT_EN_MASK;
 123              		.loc 1 123 0
 124 000e 46F29653 		movw	r3, #:lower16:1073767830
 125 0012 C4F20003 		movt	r3, #:upper16:1073767830
 126 0016 46F29652 		movw	r2, #:lower16:1073767830
 127 001a C4F20002 		movt	r2, #:upper16:1073767830
 128 001e 1278     		ldrb	r2, [r2, #0]
 129 0020 D2B2     		uxtb	r2, r2
 130 0022 42F01002 		orr	r2, r2, #16
 131 0026 D2B2     		uxtb	r2, r2
 132 0028 1A70     		strb	r2, [r3, #0]
 124:.\Generated_Source\PSoC5/PWM_UNFOLD_B_PM.c ****                     
 125:.\Generated_Source\PSoC5/PWM_UNFOLD_B_PM.c ****                     PWM_UNFOLD_B_STATUS_MASK = PWM_UNFOLD_B_backup.InterruptMaskValue;
 133              		.loc 1 125 0
 134 002a 46F28653 		movw	r3, #:lower16:1073767814
 135 002e C4F20003 		movt	r3, #:upper16:1073767814
 136 0032 40F20002 		movw	r2, #:lower16:PWM_UNFOLD_B_backup
 137 0036 C0F20002 		movt	r2, #:upper16:PWM_UNFOLD_B_backup
 138 003a D278     		ldrb	r2, [r2, #3]	@ zero_extendqisi2
 139 003c 1A70     		strb	r2, [r3, #0]
 126:.\Generated_Source\PSoC5/PWM_UNFOLD_B_PM.c ****                 #endif /* (PWM_UNFOLD_B_UseStatus) */
 127:.\Generated_Source\PSoC5/PWM_UNFOLD_B_PM.c ****                 
 128:.\Generated_Source\PSoC5/PWM_UNFOLD_B_PM.c ****                 #if (PWM_UNFOLD_B_Resolution == 8)
 129:.\Generated_Source\PSoC5/PWM_UNFOLD_B_PM.c ****                     /* Set FIFO 0 to 1 byte register for period*/
 130:.\Generated_Source\PSoC5/PWM_UNFOLD_B_PM.c ****                     PWM_UNFOLD_B_AUX_CONTROLDP0 |= (PWM_UNFOLD_B_AUX_CTRL_FIFO0_CLR);
 140              		.loc 1 130 0
 141 003e 46F29653 		movw	r3, #:lower16:1073767830
 142 0042 C4F20003 		movt	r3, #:upper16:1073767830
 143 0046 46F29652 		movw	r2, #:lower16:1073767830
 144 004a C4F20002 		movt	r2, #:upper16:1073767830
 145 004e 1278     		ldrb	r2, [r2, #0]
 146 0050 D2B2     		uxtb	r2, r2
 147 0052 42F00102 		orr	r2, r2, #1
 148 0056 D2B2     		uxtb	r2, r2
 149 0058 1A70     		strb	r2, [r3, #0]
 131:.\Generated_Source\PSoC5/PWM_UNFOLD_B_PM.c ****                 #else /* (PWM_UNFOLD_B_Resolution == 16)*/
ARM GAS  C:\Users\hoangp\AppData\Local\Temp\cc1R9pbZ.s 			page 6


 132:.\Generated_Source\PSoC5/PWM_UNFOLD_B_PM.c ****                     /* Set FIFO 0 to 1 byte register for period */
 133:.\Generated_Source\PSoC5/PWM_UNFOLD_B_PM.c ****                     PWM_UNFOLD_B_AUX_CONTROLDP0 |= (PWM_UNFOLD_B_AUX_CTRL_FIFO0_CLR);
 134:.\Generated_Source\PSoC5/PWM_UNFOLD_B_PM.c ****                     PWM_UNFOLD_B_AUX_CONTROLDP1 |= (PWM_UNFOLD_B_AUX_CTRL_FIFO0_CLR);
 135:.\Generated_Source\PSoC5/PWM_UNFOLD_B_PM.c ****                 #endif /* (PWM_UNFOLD_B_Resolution == 8) */
 136:.\Generated_Source\PSoC5/PWM_UNFOLD_B_PM.c ****                 /* Exit Critical Region*/
 137:.\Generated_Source\PSoC5/PWM_UNFOLD_B_PM.c ****                 CyExitCriticalSection(PWM_UNFOLD_B_interruptState);
 150              		.loc 1 137 0
 151 005a FB79     		ldrb	r3, [r7, #7]	@ zero_extendqisi2
 152 005c 1846     		mov	r0, r3
 153 005e FFF7FEFF 		bl	CyExitCriticalSection
 138:.\Generated_Source\PSoC5/PWM_UNFOLD_B_PM.c ****                 
 139:.\Generated_Source\PSoC5/PWM_UNFOLD_B_PM.c ****                 PWM_UNFOLD_B_WriteCounter(PWM_UNFOLD_B_backup.PWMUdb);
 154              		.loc 1 139 0
 155 0062 40F20003 		movw	r3, #:lower16:PWM_UNFOLD_B_backup
 156 0066 C0F20003 		movt	r3, #:upper16:PWM_UNFOLD_B_backup
 157 006a 5B78     		ldrb	r3, [r3, #1]	@ zero_extendqisi2
 158 006c 1846     		mov	r0, r3
 159 006e FFF7FEFF 		bl	PWM_UNFOLD_B_WriteCounter
 140:.\Generated_Source\PSoC5/PWM_UNFOLD_B_PM.c ****                 PWM_UNFOLD_B_WritePeriod(PWM_UNFOLD_B_backup.PWMPeriod);
 160              		.loc 1 140 0
 161 0072 40F20003 		movw	r3, #:lower16:PWM_UNFOLD_B_backup
 162 0076 C0F20003 		movt	r3, #:upper16:PWM_UNFOLD_B_backup
 163 007a 9B78     		ldrb	r3, [r3, #2]	@ zero_extendqisi2
 164 007c 1846     		mov	r0, r3
 165 007e FFF7FEFF 		bl	PWM_UNFOLD_B_WritePeriod
 141:.\Generated_Source\PSoC5/PWM_UNFOLD_B_PM.c ****                 
 142:.\Generated_Source\PSoC5/PWM_UNFOLD_B_PM.c ****                 #if(PWM_UNFOLD_B_UseOneCompareMode)
 143:.\Generated_Source\PSoC5/PWM_UNFOLD_B_PM.c ****                     PWM_UNFOLD_B_WriteCompare(PWM_UNFOLD_B_backup.PWMCompareValue);
 166              		.loc 1 143 0
 167 0082 40F20003 		movw	r3, #:lower16:PWM_UNFOLD_B_backup
 168 0086 C0F20003 		movt	r3, #:upper16:PWM_UNFOLD_B_backup
 169 008a 1B79     		ldrb	r3, [r3, #4]	@ zero_extendqisi2
 170 008c 1846     		mov	r0, r3
 171 008e FFF7FEFF 		bl	PWM_UNFOLD_B_WriteCompare
 144:.\Generated_Source\PSoC5/PWM_UNFOLD_B_PM.c ****                 #else
 145:.\Generated_Source\PSoC5/PWM_UNFOLD_B_PM.c ****                     PWM_UNFOLD_B_WriteCompare1(PWM_UNFOLD_B_backup.PWMCompareValue1);
 146:.\Generated_Source\PSoC5/PWM_UNFOLD_B_PM.c ****                     PWM_UNFOLD_B_WriteCompare2(PWM_UNFOLD_B_backup.PWMCompareValue2);
 147:.\Generated_Source\PSoC5/PWM_UNFOLD_B_PM.c ****                 #endif /* (PWM_UNFOLD_B_UseOneCompareMode) */
 148:.\Generated_Source\PSoC5/PWM_UNFOLD_B_PM.c ****                 
 149:.\Generated_Source\PSoC5/PWM_UNFOLD_B_PM.c ****                #if(PWM_UNFOLD_B_DeadBandMode == PWM_UNFOLD_B__B_PWM__DBM_256_CLOCKS || \
 150:.\Generated_Source\PSoC5/PWM_UNFOLD_B_PM.c ****                    PWM_UNFOLD_B_DeadBandMode == PWM_UNFOLD_B__B_PWM__DBM_2_4_CLOCKS)
 151:.\Generated_Source\PSoC5/PWM_UNFOLD_B_PM.c ****                     PWM_UNFOLD_B_WriteDeadTime(PWM_UNFOLD_B_backup.PWMdeadBandValue);
 172              		.loc 1 151 0
 173 0092 40F20003 		movw	r3, #:lower16:PWM_UNFOLD_B_backup
 174 0096 C0F20003 		movt	r3, #:upper16:PWM_UNFOLD_B_backup
 175 009a 5B79     		ldrb	r3, [r3, #5]	@ zero_extendqisi2
 176 009c 1846     		mov	r0, r3
 177 009e FFF7FEFF 		bl	PWM_UNFOLD_B_WriteDeadTime
 152:.\Generated_Source\PSoC5/PWM_UNFOLD_B_PM.c ****                 #endif /* deadband count is either 2-4 clocks or 256 clocks */
 153:.\Generated_Source\PSoC5/PWM_UNFOLD_B_PM.c ****             
 154:.\Generated_Source\PSoC5/PWM_UNFOLD_B_PM.c ****                 #if ( PWM_UNFOLD_B_KillModeMinTime)
 155:.\Generated_Source\PSoC5/PWM_UNFOLD_B_PM.c ****                     PWM_UNFOLD_B_WriteKillTime(PWM_UNFOLD_B_backup.PWMKillCounterPeriod);
 156:.\Generated_Source\PSoC5/PWM_UNFOLD_B_PM.c ****                 #endif /* ( PWM_UNFOLD_B_KillModeMinTime) */
 157:.\Generated_Source\PSoC5/PWM_UNFOLD_B_PM.c ****             #endif /* (CY_UDB_V0) */
 158:.\Generated_Source\PSoC5/PWM_UNFOLD_B_PM.c ****             
 159:.\Generated_Source\PSoC5/PWM_UNFOLD_B_PM.c ****             #if (CY_UDB_V1)
 160:.\Generated_Source\PSoC5/PWM_UNFOLD_B_PM.c ****                 #if(!PWM_UNFOLD_B_PWMModeIsCenterAligned)
ARM GAS  C:\Users\hoangp\AppData\Local\Temp\cc1R9pbZ.s 			page 7


 161:.\Generated_Source\PSoC5/PWM_UNFOLD_B_PM.c ****                     PWM_UNFOLD_B_WritePeriod(PWM_UNFOLD_B_backup.PWMPeriod);
 162:.\Generated_Source\PSoC5/PWM_UNFOLD_B_PM.c ****                 #endif /* (!PWM_UNFOLD_B_PWMModeIsCenterAligned) */
 163:.\Generated_Source\PSoC5/PWM_UNFOLD_B_PM.c ****                 PWM_UNFOLD_B_WriteCounter(PWM_UNFOLD_B_backup.PWMUdb);
 164:.\Generated_Source\PSoC5/PWM_UNFOLD_B_PM.c ****                 #if (PWM_UNFOLD_B_UseStatus)
 165:.\Generated_Source\PSoC5/PWM_UNFOLD_B_PM.c ****                     PWM_UNFOLD_B_STATUS_MASK = PWM_UNFOLD_B_backup.InterruptMaskValue;
 166:.\Generated_Source\PSoC5/PWM_UNFOLD_B_PM.c ****                 #endif /* (PWM_UNFOLD_B_UseStatus) */
 167:.\Generated_Source\PSoC5/PWM_UNFOLD_B_PM.c ****                 
 168:.\Generated_Source\PSoC5/PWM_UNFOLD_B_PM.c ****                 #if(PWM_UNFOLD_B_DeadBandMode == PWM_UNFOLD_B__B_PWM__DBM_256_CLOCKS || \
 169:.\Generated_Source\PSoC5/PWM_UNFOLD_B_PM.c ****                     PWM_UNFOLD_B_DeadBandMode == PWM_UNFOLD_B__B_PWM__DBM_2_4_CLOCKS)
 170:.\Generated_Source\PSoC5/PWM_UNFOLD_B_PM.c ****                     PWM_UNFOLD_B_WriteDeadTime(PWM_UNFOLD_B_backup.PWMdeadBandValue);
 171:.\Generated_Source\PSoC5/PWM_UNFOLD_B_PM.c ****                 #endif /* deadband count is either 2-4 clocks or 256 clocks */
 172:.\Generated_Source\PSoC5/PWM_UNFOLD_B_PM.c ****                 
 173:.\Generated_Source\PSoC5/PWM_UNFOLD_B_PM.c ****                 #if(PWM_UNFOLD_B_KillModeMinTime)
 174:.\Generated_Source\PSoC5/PWM_UNFOLD_B_PM.c ****                     PWM_UNFOLD_B_WriteKillTime(PWM_UNFOLD_B_backup.PWMKillCounterPeriod);
 175:.\Generated_Source\PSoC5/PWM_UNFOLD_B_PM.c ****                 #endif /* (PWM_UNFOLD_B_KillModeMinTime) */
 176:.\Generated_Source\PSoC5/PWM_UNFOLD_B_PM.c ****             #endif /* (CY_UDB_V1) */
 177:.\Generated_Source\PSoC5/PWM_UNFOLD_B_PM.c ****             
 178:.\Generated_Source\PSoC5/PWM_UNFOLD_B_PM.c ****             #if(PWM_UNFOLD_B_UseControl)
 179:.\Generated_Source\PSoC5/PWM_UNFOLD_B_PM.c ****                 PWM_UNFOLD_B_WriteControlRegister(PWM_UNFOLD_B_backup.PWMControlRegister); 
 178              		.loc 1 179 0
 179 00a2 40F20003 		movw	r3, #:lower16:PWM_UNFOLD_B_backup
 180 00a6 C0F20003 		movt	r3, #:upper16:PWM_UNFOLD_B_backup
 181 00aa 9B79     		ldrb	r3, [r3, #6]	@ zero_extendqisi2
 182 00ac 1846     		mov	r0, r3
 183 00ae FFF7FEFF 		bl	PWM_UNFOLD_B_WriteControlRegister
 180:.\Generated_Source\PSoC5/PWM_UNFOLD_B_PM.c ****             #endif /* (PWM_UNFOLD_B_UseControl) */
 181:.\Generated_Source\PSoC5/PWM_UNFOLD_B_PM.c ****         #endif  /* (!PWM_UNFOLD_B_UsingFixedFunction) */
 182:.\Generated_Source\PSoC5/PWM_UNFOLD_B_PM.c ****     }
 184              		.loc 1 182 0
 185 00b2 07F10807 		add	r7, r7, #8
 186 00b6 BD46     		mov	sp, r7
 187 00b8 80BD     		pop	{r7, pc}
 188              		.cfi_endproc
 189              	.LFE1:
 190              		.size	PWM_UNFOLD_B_RestoreConfig, .-PWM_UNFOLD_B_RestoreConfig
 191 00ba 00BF     		.section	.text.PWM_UNFOLD_B_Sleep,"ax",%progbits
 192              		.align	2
 193              		.global	PWM_UNFOLD_B_Sleep
 194              		.thumb
 195              		.thumb_func
 196              		.type	PWM_UNFOLD_B_Sleep, %function
 197              	PWM_UNFOLD_B_Sleep:
 198              	.LFB2:
 183:.\Generated_Source\PSoC5/PWM_UNFOLD_B_PM.c **** 
 184:.\Generated_Source\PSoC5/PWM_UNFOLD_B_PM.c **** 
 185:.\Generated_Source\PSoC5/PWM_UNFOLD_B_PM.c **** /*******************************************************************************
 186:.\Generated_Source\PSoC5/PWM_UNFOLD_B_PM.c **** * Function Name: PWM_UNFOLD_B_Sleep
 187:.\Generated_Source\PSoC5/PWM_UNFOLD_B_PM.c **** ********************************************************************************
 188:.\Generated_Source\PSoC5/PWM_UNFOLD_B_PM.c **** * 
 189:.\Generated_Source\PSoC5/PWM_UNFOLD_B_PM.c **** * Summary:
 190:.\Generated_Source\PSoC5/PWM_UNFOLD_B_PM.c **** *  Disables block's operation and saves the user configuration. Should be called 
 191:.\Generated_Source\PSoC5/PWM_UNFOLD_B_PM.c **** *  just prior to entering sleep.
 192:.\Generated_Source\PSoC5/PWM_UNFOLD_B_PM.c **** *  
 193:.\Generated_Source\PSoC5/PWM_UNFOLD_B_PM.c **** * Parameters:  
 194:.\Generated_Source\PSoC5/PWM_UNFOLD_B_PM.c **** *  None
 195:.\Generated_Source\PSoC5/PWM_UNFOLD_B_PM.c **** *
 196:.\Generated_Source\PSoC5/PWM_UNFOLD_B_PM.c **** * Return: 
ARM GAS  C:\Users\hoangp\AppData\Local\Temp\cc1R9pbZ.s 			page 8


 197:.\Generated_Source\PSoC5/PWM_UNFOLD_B_PM.c **** *  None
 198:.\Generated_Source\PSoC5/PWM_UNFOLD_B_PM.c **** *
 199:.\Generated_Source\PSoC5/PWM_UNFOLD_B_PM.c **** * Global variables:
 200:.\Generated_Source\PSoC5/PWM_UNFOLD_B_PM.c **** *  PWM_UNFOLD_B_backup.PWMEnableState:  Is modified depending on the enable 
 201:.\Generated_Source\PSoC5/PWM_UNFOLD_B_PM.c **** *  state of the block before entering sleep mode.
 202:.\Generated_Source\PSoC5/PWM_UNFOLD_B_PM.c **** *
 203:.\Generated_Source\PSoC5/PWM_UNFOLD_B_PM.c **** *******************************************************************************/
 204:.\Generated_Source\PSoC5/PWM_UNFOLD_B_PM.c **** void PWM_UNFOLD_B_Sleep(void) 
 205:.\Generated_Source\PSoC5/PWM_UNFOLD_B_PM.c **** {
 199              		.loc 1 205 0
 200              		.cfi_startproc
 201              		@ args = 0, pretend = 0, frame = 0
 202              		@ frame_needed = 1, uses_anonymous_args = 0
 203 0000 80B5     		push	{r7, lr}
 204              	.LCFI5:
 205              		.cfi_def_cfa_offset 8
 206 0002 00AF     		add	r7, sp, #0
 207              		.cfi_offset 14, -4
 208              		.cfi_offset 7, -8
 209              	.LCFI6:
 210              		.cfi_def_cfa_register 7
 206:.\Generated_Source\PSoC5/PWM_UNFOLD_B_PM.c ****     #if(PWM_UNFOLD_B_UseControl)
 207:.\Generated_Source\PSoC5/PWM_UNFOLD_B_PM.c ****         if(PWM_UNFOLD_B_CTRL_ENABLE == (PWM_UNFOLD_B_CONTROL & PWM_UNFOLD_B_CTRL_ENABLE))
 211              		.loc 1 207 0
 212 0004 46F27743 		movw	r3, #:lower16:1073767543
 213 0008 C4F20003 		movt	r3, #:upper16:1073767543
 214 000c 1B78     		ldrb	r3, [r3, #0]
 215 000e DBB2     		uxtb	r3, r3
 216 0010 5BB2     		sxtb	r3, r3
 217 0012 002B     		cmp	r3, #0
 218 0014 07DA     		bge	.L6
 208:.\Generated_Source\PSoC5/PWM_UNFOLD_B_PM.c ****         {
 209:.\Generated_Source\PSoC5/PWM_UNFOLD_B_PM.c ****             /*Component is enabled */
 210:.\Generated_Source\PSoC5/PWM_UNFOLD_B_PM.c ****             PWM_UNFOLD_B_backup.PWMEnableState = 1u;
 219              		.loc 1 210 0
 220 0016 40F20003 		movw	r3, #:lower16:PWM_UNFOLD_B_backup
 221 001a C0F20003 		movt	r3, #:upper16:PWM_UNFOLD_B_backup
 222 001e 4FF00102 		mov	r2, #1
 223 0022 1A70     		strb	r2, [r3, #0]
 224 0024 06E0     		b	.L7
 225              	.L6:
 211:.\Generated_Source\PSoC5/PWM_UNFOLD_B_PM.c ****         }
 212:.\Generated_Source\PSoC5/PWM_UNFOLD_B_PM.c ****         else
 213:.\Generated_Source\PSoC5/PWM_UNFOLD_B_PM.c ****         {
 214:.\Generated_Source\PSoC5/PWM_UNFOLD_B_PM.c ****             /* Component is disabled */
 215:.\Generated_Source\PSoC5/PWM_UNFOLD_B_PM.c ****             PWM_UNFOLD_B_backup.PWMEnableState = 0u;
 226              		.loc 1 215 0
 227 0026 40F20003 		movw	r3, #:lower16:PWM_UNFOLD_B_backup
 228 002a C0F20003 		movt	r3, #:upper16:PWM_UNFOLD_B_backup
 229 002e 4FF00002 		mov	r2, #0
 230 0032 1A70     		strb	r2, [r3, #0]
 231              	.L7:
 216:.\Generated_Source\PSoC5/PWM_UNFOLD_B_PM.c ****         }
 217:.\Generated_Source\PSoC5/PWM_UNFOLD_B_PM.c ****     #endif /* (PWM_UNFOLD_B_UseControl) */
 218:.\Generated_Source\PSoC5/PWM_UNFOLD_B_PM.c **** 
 219:.\Generated_Source\PSoC5/PWM_UNFOLD_B_PM.c ****     /* Stop component */
 220:.\Generated_Source\PSoC5/PWM_UNFOLD_B_PM.c ****     PWM_UNFOLD_B_Stop();
ARM GAS  C:\Users\hoangp\AppData\Local\Temp\cc1R9pbZ.s 			page 9


 232              		.loc 1 220 0
 233 0034 FFF7FEFF 		bl	PWM_UNFOLD_B_Stop
 221:.\Generated_Source\PSoC5/PWM_UNFOLD_B_PM.c ****     
 222:.\Generated_Source\PSoC5/PWM_UNFOLD_B_PM.c ****     /* Save registers configuration */
 223:.\Generated_Source\PSoC5/PWM_UNFOLD_B_PM.c ****     PWM_UNFOLD_B_SaveConfig();
 234              		.loc 1 223 0
 235 0038 FFF7FEFF 		bl	PWM_UNFOLD_B_SaveConfig
 224:.\Generated_Source\PSoC5/PWM_UNFOLD_B_PM.c **** }
 236              		.loc 1 224 0
 237 003c 80BD     		pop	{r7, pc}
 238              		.cfi_endproc
 239              	.LFE2:
 240              		.size	PWM_UNFOLD_B_Sleep, .-PWM_UNFOLD_B_Sleep
 241 003e 00BF     		.section	.text.PWM_UNFOLD_B_Wakeup,"ax",%progbits
 242              		.align	2
 243              		.global	PWM_UNFOLD_B_Wakeup
 244              		.thumb
 245              		.thumb_func
 246              		.type	PWM_UNFOLD_B_Wakeup, %function
 247              	PWM_UNFOLD_B_Wakeup:
 248              	.LFB3:
 225:.\Generated_Source\PSoC5/PWM_UNFOLD_B_PM.c **** 
 226:.\Generated_Source\PSoC5/PWM_UNFOLD_B_PM.c **** 
 227:.\Generated_Source\PSoC5/PWM_UNFOLD_B_PM.c **** /*******************************************************************************
 228:.\Generated_Source\PSoC5/PWM_UNFOLD_B_PM.c **** * Function Name: PWM_UNFOLD_B_Wakeup
 229:.\Generated_Source\PSoC5/PWM_UNFOLD_B_PM.c **** ********************************************************************************
 230:.\Generated_Source\PSoC5/PWM_UNFOLD_B_PM.c **** * 
 231:.\Generated_Source\PSoC5/PWM_UNFOLD_B_PM.c **** * Summary:
 232:.\Generated_Source\PSoC5/PWM_UNFOLD_B_PM.c **** *  Restores and enables the user configuration. Should be called just after 
 233:.\Generated_Source\PSoC5/PWM_UNFOLD_B_PM.c **** *  awaking from sleep.
 234:.\Generated_Source\PSoC5/PWM_UNFOLD_B_PM.c **** *  
 235:.\Generated_Source\PSoC5/PWM_UNFOLD_B_PM.c **** * Parameters:  
 236:.\Generated_Source\PSoC5/PWM_UNFOLD_B_PM.c **** *  None
 237:.\Generated_Source\PSoC5/PWM_UNFOLD_B_PM.c **** *
 238:.\Generated_Source\PSoC5/PWM_UNFOLD_B_PM.c **** * Return: 
 239:.\Generated_Source\PSoC5/PWM_UNFOLD_B_PM.c **** *  None
 240:.\Generated_Source\PSoC5/PWM_UNFOLD_B_PM.c **** *
 241:.\Generated_Source\PSoC5/PWM_UNFOLD_B_PM.c **** * Global variables:
 242:.\Generated_Source\PSoC5/PWM_UNFOLD_B_PM.c **** *  PWM_UNFOLD_B_backup.pwmEnable:  Is used to restore the enable state of 
 243:.\Generated_Source\PSoC5/PWM_UNFOLD_B_PM.c **** *  block on wakeup from sleep mode.
 244:.\Generated_Source\PSoC5/PWM_UNFOLD_B_PM.c **** *
 245:.\Generated_Source\PSoC5/PWM_UNFOLD_B_PM.c **** *******************************************************************************/
 246:.\Generated_Source\PSoC5/PWM_UNFOLD_B_PM.c **** void PWM_UNFOLD_B_Wakeup(void) 
 247:.\Generated_Source\PSoC5/PWM_UNFOLD_B_PM.c **** {
 249              		.loc 1 247 0
 250              		.cfi_startproc
 251              		@ args = 0, pretend = 0, frame = 0
 252              		@ frame_needed = 1, uses_anonymous_args = 0
 253 0000 80B5     		push	{r7, lr}
 254              	.LCFI7:
 255              		.cfi_def_cfa_offset 8
 256 0002 00AF     		add	r7, sp, #0
 257              		.cfi_offset 14, -4
 258              		.cfi_offset 7, -8
 259              	.LCFI8:
 260              		.cfi_def_cfa_register 7
 248:.\Generated_Source\PSoC5/PWM_UNFOLD_B_PM.c ****      /* Restore registers values */
ARM GAS  C:\Users\hoangp\AppData\Local\Temp\cc1R9pbZ.s 			page 10


 249:.\Generated_Source\PSoC5/PWM_UNFOLD_B_PM.c ****     PWM_UNFOLD_B_RestoreConfig();
 261              		.loc 1 249 0
 262 0004 FFF7FEFF 		bl	PWM_UNFOLD_B_RestoreConfig
 250:.\Generated_Source\PSoC5/PWM_UNFOLD_B_PM.c ****     
 251:.\Generated_Source\PSoC5/PWM_UNFOLD_B_PM.c ****     if(PWM_UNFOLD_B_backup.PWMEnableState != 0u)
 263              		.loc 1 251 0
 264 0008 40F20003 		movw	r3, #:lower16:PWM_UNFOLD_B_backup
 265 000c C0F20003 		movt	r3, #:upper16:PWM_UNFOLD_B_backup
 266 0010 1B78     		ldrb	r3, [r3, #0]	@ zero_extendqisi2
 267 0012 002B     		cmp	r3, #0
 268 0014 01D0     		beq	.L11
 252:.\Generated_Source\PSoC5/PWM_UNFOLD_B_PM.c ****     {
 253:.\Generated_Source\PSoC5/PWM_UNFOLD_B_PM.c ****         /* Enable component's operation */
 254:.\Generated_Source\PSoC5/PWM_UNFOLD_B_PM.c ****         PWM_UNFOLD_B_Enable();
 269              		.loc 1 254 0
 270 0016 FFF7FEFF 		bl	PWM_UNFOLD_B_Enable
 271              	.L11:
 255:.\Generated_Source\PSoC5/PWM_UNFOLD_B_PM.c ****     } /* Do nothing if component's block was disabled before */
 256:.\Generated_Source\PSoC5/PWM_UNFOLD_B_PM.c ****     
 257:.\Generated_Source\PSoC5/PWM_UNFOLD_B_PM.c **** }
 272              		.loc 1 257 0
 273 001a 80BD     		pop	{r7, pc}
 274              		.cfi_endproc
 275              	.LFE3:
 276              		.size	PWM_UNFOLD_B_Wakeup, .-PWM_UNFOLD_B_Wakeup
 277              		.text
 278              	.Letext0:
 279              		.section	.debug_loc,"",%progbits
 280              	.Ldebug_loc0:
 281              	.LLST0:
 282 0000 00000000 		.4byte	.LFB0
 283 0004 02000000 		.4byte	.LCFI0
 284 0008 0100     		.2byte	0x1
 285 000a 5D       		.byte	0x5d
 286 000b 02000000 		.4byte	.LCFI0
 287 000f 04000000 		.4byte	.LCFI1
 288 0013 0200     		.2byte	0x2
 289 0015 7D       		.byte	0x7d
 290 0016 08       		.sleb128 8
 291 0017 04000000 		.4byte	.LCFI1
 292 001b 76000000 		.4byte	.LFE0
 293 001f 0200     		.2byte	0x2
 294 0021 77       		.byte	0x77
 295 0022 08       		.sleb128 8
 296 0023 00000000 		.4byte	0x0
 297 0027 00000000 		.4byte	0x0
 298              	.LLST1:
 299 002b 00000000 		.4byte	.LFB1
 300 002f 02000000 		.4byte	.LCFI2
 301 0033 0100     		.2byte	0x1
 302 0035 5D       		.byte	0x5d
 303 0036 02000000 		.4byte	.LCFI2
 304 003a 04000000 		.4byte	.LCFI3
 305 003e 0200     		.2byte	0x2
 306 0040 7D       		.byte	0x7d
 307 0041 08       		.sleb128 8
 308 0042 04000000 		.4byte	.LCFI3
ARM GAS  C:\Users\hoangp\AppData\Local\Temp\cc1R9pbZ.s 			page 11


 309 0046 06000000 		.4byte	.LCFI4
 310 004a 0200     		.2byte	0x2
 311 004c 7D       		.byte	0x7d
 312 004d 10       		.sleb128 16
 313 004e 06000000 		.4byte	.LCFI4
 314 0052 BA000000 		.4byte	.LFE1
 315 0056 0200     		.2byte	0x2
 316 0058 77       		.byte	0x77
 317 0059 10       		.sleb128 16
 318 005a 00000000 		.4byte	0x0
 319 005e 00000000 		.4byte	0x0
 320              	.LLST2:
 321 0062 00000000 		.4byte	.LFB2
 322 0066 02000000 		.4byte	.LCFI5
 323 006a 0100     		.2byte	0x1
 324 006c 5D       		.byte	0x5d
 325 006d 02000000 		.4byte	.LCFI5
 326 0071 04000000 		.4byte	.LCFI6
 327 0075 0200     		.2byte	0x2
 328 0077 7D       		.byte	0x7d
 329 0078 08       		.sleb128 8
 330 0079 04000000 		.4byte	.LCFI6
 331 007d 3E000000 		.4byte	.LFE2
 332 0081 0200     		.2byte	0x2
 333 0083 77       		.byte	0x77
 334 0084 08       		.sleb128 8
 335 0085 00000000 		.4byte	0x0
 336 0089 00000000 		.4byte	0x0
 337              	.LLST3:
 338 008d 00000000 		.4byte	.LFB3
 339 0091 02000000 		.4byte	.LCFI7
 340 0095 0100     		.2byte	0x1
 341 0097 5D       		.byte	0x5d
 342 0098 02000000 		.4byte	.LCFI7
 343 009c 04000000 		.4byte	.LCFI8
 344 00a0 0200     		.2byte	0x2
 345 00a2 7D       		.byte	0x7d
 346 00a3 08       		.sleb128 8
 347 00a4 04000000 		.4byte	.LCFI8
 348 00a8 1C000000 		.4byte	.LFE3
 349 00ac 0200     		.2byte	0x2
 350 00ae 77       		.byte	0x77
 351 00af 08       		.sleb128 8
 352 00b0 00000000 		.4byte	0x0
 353 00b4 00000000 		.4byte	0x0
 354              		.file 2 ".\\Generated_Source\\PSoC5\\/PWM_UNFOLD_B.h"
 355              		.file 3 ".\\Generated_Source\\PSoC5\\/cytypes.h"
 356              		.section	.debug_info
 357 0000 7D010000 		.4byte	0x17d
 358 0004 0200     		.2byte	0x2
 359 0006 00000000 		.4byte	.Ldebug_abbrev0
 360 000a 04       		.byte	0x4
 361 000b 01       		.uleb128 0x1
 362 000c 85010000 		.4byte	.LASF26
 363 0010 01       		.byte	0x1
 364 0011 BB010000 		.4byte	.LASF27
 365 0015 94000000 		.4byte	.LASF28
ARM GAS  C:\Users\hoangp\AppData\Local\Temp\cc1R9pbZ.s 			page 12


 366 0019 00000000 		.4byte	0x0
 367 001d 00000000 		.4byte	0x0
 368 0021 00000000 		.4byte	.Ldebug_ranges0+0x0
 369 0025 00000000 		.4byte	.Ldebug_line0
 370 0029 02       		.uleb128 0x2
 371 002a 01       		.byte	0x1
 372 002b 06       		.byte	0x6
 373 002c EF010000 		.4byte	.LASF0
 374 0030 02       		.uleb128 0x2
 375 0031 01       		.byte	0x1
 376 0032 08       		.byte	0x8
 377 0033 77000000 		.4byte	.LASF1
 378 0037 02       		.uleb128 0x2
 379 0038 02       		.byte	0x2
 380 0039 05       		.byte	0x5
 381 003a B1010000 		.4byte	.LASF2
 382 003e 02       		.uleb128 0x2
 383 003f 02       		.byte	0x2
 384 0040 07       		.byte	0x7
 385 0041 33000000 		.4byte	.LASF3
 386 0045 02       		.uleb128 0x2
 387 0046 04       		.byte	0x4
 388 0047 05       		.byte	0x5
 389 0048 E6010000 		.4byte	.LASF4
 390 004c 02       		.uleb128 0x2
 391 004d 04       		.byte	0x4
 392 004e 07       		.byte	0x7
 393 004f D8000000 		.4byte	.LASF5
 394 0053 02       		.uleb128 0x2
 395 0054 08       		.byte	0x8
 396 0055 05       		.byte	0x5
 397 0056 00000000 		.4byte	.LASF6
 398 005a 02       		.uleb128 0x2
 399 005b 08       		.byte	0x8
 400 005c 07       		.byte	0x7
 401 005d 5B010000 		.4byte	.LASF7
 402 0061 03       		.uleb128 0x3
 403 0062 04       		.byte	0x4
 404 0063 05       		.byte	0x5
 405 0064 696E7400 		.ascii	"int\000"
 406 0068 02       		.uleb128 0x2
 407 0069 04       		.byte	0x4
 408 006a 07       		.byte	0x7
 409 006b 4E010000 		.4byte	.LASF8
 410 006f 04       		.uleb128 0x4
 411 0070 EA000000 		.4byte	.LASF19
 412 0074 03       		.byte	0x3
 413 0075 4C       		.byte	0x4c
 414 0076 30000000 		.4byte	0x30
 415 007a 02       		.uleb128 0x2
 416 007b 04       		.byte	0x4
 417 007c 04       		.byte	0x4
 418 007d 60000000 		.4byte	.LASF9
 419 0081 02       		.uleb128 0x2
 420 0082 08       		.byte	0x8
 421 0083 04       		.byte	0x4
 422 0084 1F010000 		.4byte	.LASF10
ARM GAS  C:\Users\hoangp\AppData\Local\Temp\cc1R9pbZ.s 			page 13


 423 0088 02       		.uleb128 0x2
 424 0089 01       		.byte	0x1
 425 008a 08       		.byte	0x8
 426 008b 91010000 		.4byte	.LASF11
 427 008f 05       		.uleb128 0x5
 428 0090 04       		.byte	0x4
 429 0091 07       		.byte	0x7
 430 0092 06       		.uleb128 0x6
 431 0093 07       		.byte	0x7
 432 0094 02       		.byte	0x2
 433 0095 69       		.byte	0x69
 434 0096 FD000000 		.4byte	0xfd
 435 009a 07       		.uleb128 0x7
 436 009b 85000000 		.4byte	.LASF12
 437 009f 02       		.byte	0x2
 438 00a0 6B       		.byte	0x6b
 439 00a1 6F000000 		.4byte	0x6f
 440 00a5 02       		.byte	0x2
 441 00a6 23       		.byte	0x23
 442 00a7 00       		.uleb128 0x0
 443 00a8 07       		.uleb128 0x7
 444 00a9 0E000000 		.4byte	.LASF13
 445 00ad 02       		.byte	0x2
 446 00ae 6F       		.byte	0x6f
 447 00af 6F000000 		.4byte	0x6f
 448 00b3 02       		.byte	0x2
 449 00b4 23       		.byte	0x23
 450 00b5 01       		.uleb128 0x1
 451 00b6 07       		.uleb128 0x7
 452 00b7 15000000 		.4byte	.LASF14
 453 00bb 02       		.byte	0x2
 454 00bc 70       		.byte	0x70
 455 00bd 6F000000 		.4byte	0x6f
 456 00c1 02       		.byte	0x2
 457 00c2 23       		.byte	0x23
 458 00c3 02       		.uleb128 0x2
 459 00c4 07       		.uleb128 0x7
 460 00c5 0F020000 		.4byte	.LASF15
 461 00c9 02       		.byte	0x2
 462 00ca 72       		.byte	0x72
 463 00cb 6F000000 		.4byte	0x6f
 464 00cf 02       		.byte	0x2
 465 00d0 23       		.byte	0x23
 466 00d1 03       		.uleb128 0x3
 467 00d2 07       		.uleb128 0x7
 468 00d3 26010000 		.4byte	.LASF16
 469 00d7 02       		.byte	0x2
 470 00d8 75       		.byte	0x75
 471 00d9 6F000000 		.4byte	0x6f
 472 00dd 02       		.byte	0x2
 473 00de 23       		.byte	0x23
 474 00df 04       		.uleb128 0x4
 475 00e0 07       		.uleb128 0x7
 476 00e1 66000000 		.4byte	.LASF17
 477 00e5 02       		.byte	0x2
 478 00e6 7E       		.byte	0x7e
 479 00e7 6F000000 		.4byte	0x6f
ARM GAS  C:\Users\hoangp\AppData\Local\Temp\cc1R9pbZ.s 			page 14


 480 00eb 02       		.byte	0x2
 481 00ec 23       		.byte	0x23
 482 00ed 05       		.uleb128 0x5
 483 00ee 07       		.uleb128 0x7
 484 00ef 0C010000 		.4byte	.LASF18
 485 00f3 02       		.byte	0x2
 486 00f4 9F       		.byte	0x9f
 487 00f5 6F000000 		.4byte	0x6f
 488 00f9 02       		.byte	0x2
 489 00fa 23       		.byte	0x23
 490 00fb 06       		.uleb128 0x6
 491 00fc 00       		.byte	0x0
 492 00fd 04       		.uleb128 0x4
 493 00fe 46000000 		.4byte	.LASF20
 494 0102 02       		.byte	0x2
 495 0103 A4       		.byte	0xa4
 496 0104 92000000 		.4byte	0x92
 497 0108 08       		.uleb128 0x8
 498 0109 01       		.byte	0x1
 499 010a 36010000 		.4byte	.LASF21
 500 010e 01       		.byte	0x1
 501 010f 2A       		.byte	0x2a
 502 0110 01       		.byte	0x1
 503 0111 00000000 		.4byte	.LFB0
 504 0115 76000000 		.4byte	.LFE0
 505 0119 00000000 		.4byte	.LLST0
 506 011d 09       		.uleb128 0x9
 507 011e 01       		.byte	0x1
 508 011f 96010000 		.4byte	.LASF29
 509 0123 01       		.byte	0x1
 510 0124 71       		.byte	0x71
 511 0125 01       		.byte	0x1
 512 0126 00000000 		.4byte	.LFB1
 513 012a BA000000 		.4byte	.LFE1
 514 012e 2B000000 		.4byte	.LLST1
 515 0132 45010000 		.4byte	0x145
 516 0136 0A       		.uleb128 0xa
 517 0137 F0000000 		.4byte	.LASF24
 518 013b 01       		.byte	0x1
 519 013c 76       		.byte	0x76
 520 013d 6F000000 		.4byte	0x6f
 521 0141 02       		.byte	0x2
 522 0142 91       		.byte	0x91
 523 0143 77       		.sleb128 -9
 524 0144 00       		.byte	0x0
 525 0145 08       		.uleb128 0x8
 526 0146 01       		.byte	0x1
 527 0147 72010000 		.4byte	.LASF22
 528 014b 01       		.byte	0x1
 529 014c CC       		.byte	0xcc
 530 014d 01       		.byte	0x1
 531 014e 00000000 		.4byte	.LFB2
 532 0152 3E000000 		.4byte	.LFE2
 533 0156 62000000 		.4byte	.LLST2
 534 015a 08       		.uleb128 0x8
 535 015b 01       		.byte	0x1
 536 015c 1F000000 		.4byte	.LASF23
ARM GAS  C:\Users\hoangp\AppData\Local\Temp\cc1R9pbZ.s 			page 15


 537 0160 01       		.byte	0x1
 538 0161 F6       		.byte	0xf6
 539 0162 01       		.byte	0x1
 540 0163 00000000 		.4byte	.LFB3
 541 0167 1C000000 		.4byte	.LFE3
 542 016b 8D000000 		.4byte	.LLST3
 543 016f 0A       		.uleb128 0xa
 544 0170 FB010000 		.4byte	.LASF25
 545 0174 01       		.byte	0x1
 546 0175 14       		.byte	0x14
 547 0176 FD000000 		.4byte	0xfd
 548 017a 05       		.byte	0x5
 549 017b 03       		.byte	0x3
 550 017c 00000000 		.4byte	PWM_UNFOLD_B_backup
 551 0180 00       		.byte	0x0
 552              		.section	.debug_abbrev
 553 0000 01       		.uleb128 0x1
 554 0001 11       		.uleb128 0x11
 555 0002 01       		.byte	0x1
 556 0003 25       		.uleb128 0x25
 557 0004 0E       		.uleb128 0xe
 558 0005 13       		.uleb128 0x13
 559 0006 0B       		.uleb128 0xb
 560 0007 03       		.uleb128 0x3
 561 0008 0E       		.uleb128 0xe
 562 0009 1B       		.uleb128 0x1b
 563 000a 0E       		.uleb128 0xe
 564 000b 11       		.uleb128 0x11
 565 000c 01       		.uleb128 0x1
 566 000d 52       		.uleb128 0x52
 567 000e 01       		.uleb128 0x1
 568 000f 55       		.uleb128 0x55
 569 0010 06       		.uleb128 0x6
 570 0011 10       		.uleb128 0x10
 571 0012 06       		.uleb128 0x6
 572 0013 00       		.byte	0x0
 573 0014 00       		.byte	0x0
 574 0015 02       		.uleb128 0x2
 575 0016 24       		.uleb128 0x24
 576 0017 00       		.byte	0x0
 577 0018 0B       		.uleb128 0xb
 578 0019 0B       		.uleb128 0xb
 579 001a 3E       		.uleb128 0x3e
 580 001b 0B       		.uleb128 0xb
 581 001c 03       		.uleb128 0x3
 582 001d 0E       		.uleb128 0xe
 583 001e 00       		.byte	0x0
 584 001f 00       		.byte	0x0
 585 0020 03       		.uleb128 0x3
 586 0021 24       		.uleb128 0x24
 587 0022 00       		.byte	0x0
 588 0023 0B       		.uleb128 0xb
 589 0024 0B       		.uleb128 0xb
 590 0025 3E       		.uleb128 0x3e
 591 0026 0B       		.uleb128 0xb
 592 0027 03       		.uleb128 0x3
 593 0028 08       		.uleb128 0x8
ARM GAS  C:\Users\hoangp\AppData\Local\Temp\cc1R9pbZ.s 			page 16


 594 0029 00       		.byte	0x0
 595 002a 00       		.byte	0x0
 596 002b 04       		.uleb128 0x4
 597 002c 16       		.uleb128 0x16
 598 002d 00       		.byte	0x0
 599 002e 03       		.uleb128 0x3
 600 002f 0E       		.uleb128 0xe
 601 0030 3A       		.uleb128 0x3a
 602 0031 0B       		.uleb128 0xb
 603 0032 3B       		.uleb128 0x3b
 604 0033 0B       		.uleb128 0xb
 605 0034 49       		.uleb128 0x49
 606 0035 13       		.uleb128 0x13
 607 0036 00       		.byte	0x0
 608 0037 00       		.byte	0x0
 609 0038 05       		.uleb128 0x5
 610 0039 24       		.uleb128 0x24
 611 003a 00       		.byte	0x0
 612 003b 0B       		.uleb128 0xb
 613 003c 0B       		.uleb128 0xb
 614 003d 3E       		.uleb128 0x3e
 615 003e 0B       		.uleb128 0xb
 616 003f 00       		.byte	0x0
 617 0040 00       		.byte	0x0
 618 0041 06       		.uleb128 0x6
 619 0042 13       		.uleb128 0x13
 620 0043 01       		.byte	0x1
 621 0044 0B       		.uleb128 0xb
 622 0045 0B       		.uleb128 0xb
 623 0046 3A       		.uleb128 0x3a
 624 0047 0B       		.uleb128 0xb
 625 0048 3B       		.uleb128 0x3b
 626 0049 0B       		.uleb128 0xb
 627 004a 01       		.uleb128 0x1
 628 004b 13       		.uleb128 0x13
 629 004c 00       		.byte	0x0
 630 004d 00       		.byte	0x0
 631 004e 07       		.uleb128 0x7
 632 004f 0D       		.uleb128 0xd
 633 0050 00       		.byte	0x0
 634 0051 03       		.uleb128 0x3
 635 0052 0E       		.uleb128 0xe
 636 0053 3A       		.uleb128 0x3a
 637 0054 0B       		.uleb128 0xb
 638 0055 3B       		.uleb128 0x3b
 639 0056 0B       		.uleb128 0xb
 640 0057 49       		.uleb128 0x49
 641 0058 13       		.uleb128 0x13
 642 0059 38       		.uleb128 0x38
 643 005a 0A       		.uleb128 0xa
 644 005b 00       		.byte	0x0
 645 005c 00       		.byte	0x0
 646 005d 08       		.uleb128 0x8
 647 005e 2E       		.uleb128 0x2e
 648 005f 00       		.byte	0x0
 649 0060 3F       		.uleb128 0x3f
 650 0061 0C       		.uleb128 0xc
ARM GAS  C:\Users\hoangp\AppData\Local\Temp\cc1R9pbZ.s 			page 17


 651 0062 03       		.uleb128 0x3
 652 0063 0E       		.uleb128 0xe
 653 0064 3A       		.uleb128 0x3a
 654 0065 0B       		.uleb128 0xb
 655 0066 3B       		.uleb128 0x3b
 656 0067 0B       		.uleb128 0xb
 657 0068 27       		.uleb128 0x27
 658 0069 0C       		.uleb128 0xc
 659 006a 11       		.uleb128 0x11
 660 006b 01       		.uleb128 0x1
 661 006c 12       		.uleb128 0x12
 662 006d 01       		.uleb128 0x1
 663 006e 40       		.uleb128 0x40
 664 006f 06       		.uleb128 0x6
 665 0070 00       		.byte	0x0
 666 0071 00       		.byte	0x0
 667 0072 09       		.uleb128 0x9
 668 0073 2E       		.uleb128 0x2e
 669 0074 01       		.byte	0x1
 670 0075 3F       		.uleb128 0x3f
 671 0076 0C       		.uleb128 0xc
 672 0077 03       		.uleb128 0x3
 673 0078 0E       		.uleb128 0xe
 674 0079 3A       		.uleb128 0x3a
 675 007a 0B       		.uleb128 0xb
 676 007b 3B       		.uleb128 0x3b
 677 007c 0B       		.uleb128 0xb
 678 007d 27       		.uleb128 0x27
 679 007e 0C       		.uleb128 0xc
 680 007f 11       		.uleb128 0x11
 681 0080 01       		.uleb128 0x1
 682 0081 12       		.uleb128 0x12
 683 0082 01       		.uleb128 0x1
 684 0083 40       		.uleb128 0x40
 685 0084 06       		.uleb128 0x6
 686 0085 01       		.uleb128 0x1
 687 0086 13       		.uleb128 0x13
 688 0087 00       		.byte	0x0
 689 0088 00       		.byte	0x0
 690 0089 0A       		.uleb128 0xa
 691 008a 34       		.uleb128 0x34
 692 008b 00       		.byte	0x0
 693 008c 03       		.uleb128 0x3
 694 008d 0E       		.uleb128 0xe
 695 008e 3A       		.uleb128 0x3a
 696 008f 0B       		.uleb128 0xb
 697 0090 3B       		.uleb128 0x3b
 698 0091 0B       		.uleb128 0xb
 699 0092 49       		.uleb128 0x49
 700 0093 13       		.uleb128 0x13
 701 0094 02       		.uleb128 0x2
 702 0095 0A       		.uleb128 0xa
 703 0096 00       		.byte	0x0
 704 0097 00       		.byte	0x0
 705 0098 00       		.byte	0x0
 706              		.section	.debug_pubnames,"",%progbits
 707 0000 78000000 		.4byte	0x78
ARM GAS  C:\Users\hoangp\AppData\Local\Temp\cc1R9pbZ.s 			page 18


 708 0004 0200     		.2byte	0x2
 709 0006 00000000 		.4byte	.Ldebug_info0
 710 000a 81010000 		.4byte	0x181
 711 000e 08010000 		.4byte	0x108
 712 0012 50574D5F 		.ascii	"PWM_UNFOLD_B_SaveConfig\000"
 712      554E464F 
 712      4C445F42 
 712      5F536176 
 712      65436F6E 
 713 002a 1D010000 		.4byte	0x11d
 714 002e 50574D5F 		.ascii	"PWM_UNFOLD_B_RestoreConfig\000"
 714      554E464F 
 714      4C445F42 
 714      5F526573 
 714      746F7265 
 715 0049 45010000 		.4byte	0x145
 716 004d 50574D5F 		.ascii	"PWM_UNFOLD_B_Sleep\000"
 716      554E464F 
 716      4C445F42 
 716      5F536C65 
 716      657000
 717 0060 5A010000 		.4byte	0x15a
 718 0064 50574D5F 		.ascii	"PWM_UNFOLD_B_Wakeup\000"
 718      554E464F 
 718      4C445F42 
 718      5F57616B 
 718      65757000 
 719 0078 00000000 		.4byte	0x0
 720              		.section	.debug_aranges,"",%progbits
 721 0000 34000000 		.4byte	0x34
 722 0004 0200     		.2byte	0x2
 723 0006 00000000 		.4byte	.Ldebug_info0
 724 000a 04       		.byte	0x4
 725 000b 00       		.byte	0x0
 726 000c 0000     		.2byte	0x0
 727 000e 0000     		.2byte	0x0
 728 0010 00000000 		.4byte	.LFB0
 729 0014 76000000 		.4byte	.LFE0-.LFB0
 730 0018 00000000 		.4byte	.LFB1
 731 001c BA000000 		.4byte	.LFE1-.LFB1
 732 0020 00000000 		.4byte	.LFB2
 733 0024 3E000000 		.4byte	.LFE2-.LFB2
 734 0028 00000000 		.4byte	.LFB3
 735 002c 1C000000 		.4byte	.LFE3-.LFB3
 736 0030 00000000 		.4byte	0x0
 737 0034 00000000 		.4byte	0x0
 738              		.section	.debug_ranges,"",%progbits
 739              	.Ldebug_ranges0:
 740 0000 00000000 		.4byte	.Ltext0
 741 0004 00000000 		.4byte	.Letext0
 742 0008 00000000 		.4byte	.LFB0
 743 000c 76000000 		.4byte	.LFE0
 744 0010 00000000 		.4byte	.LFB1
 745 0014 BA000000 		.4byte	.LFE1
 746 0018 00000000 		.4byte	.LFB2
 747 001c 3E000000 		.4byte	.LFE2
 748 0020 00000000 		.4byte	.LFB3
ARM GAS  C:\Users\hoangp\AppData\Local\Temp\cc1R9pbZ.s 			page 19


 749 0024 1C000000 		.4byte	.LFE3
 750 0028 00000000 		.4byte	0x0
 751 002c 00000000 		.4byte	0x0
 752              		.section	.debug_str,"MS",%progbits,1
 753              	.LASF6:
 754 0000 6C6F6E67 		.ascii	"long long int\000"
 754      206C6F6E 
 754      6720696E 
 754      7400
 755              	.LASF13:
 756 000e 50574D55 		.ascii	"PWMUdb\000"
 756      646200
 757              	.LASF14:
 758 0015 50574D50 		.ascii	"PWMPeriod\000"
 758      6572696F 
 758      6400
 759              	.LASF23:
 760 001f 50574D5F 		.ascii	"PWM_UNFOLD_B_Wakeup\000"
 760      554E464F 
 760      4C445F42 
 760      5F57616B 
 760      65757000 
 761              	.LASF3:
 762 0033 73686F72 		.ascii	"short unsigned int\000"
 762      7420756E 
 762      7369676E 
 762      65642069 
 762      6E7400
 763              	.LASF20:
 764 0046 50574D5F 		.ascii	"PWM_UNFOLD_B_backupStruct\000"
 764      554E464F 
 764      4C445F42 
 764      5F626163 
 764      6B757053 
 765              	.LASF9:
 766 0060 666C6F61 		.ascii	"float\000"
 766      7400
 767              	.LASF17:
 768 0066 50574D64 		.ascii	"PWMdeadBandValue\000"
 768      65616442 
 768      616E6456 
 768      616C7565 
 768      00
 769              	.LASF1:
 770 0077 756E7369 		.ascii	"unsigned char\000"
 770      676E6564 
 770      20636861 
 770      7200
 771              	.LASF12:
 772 0085 50574D45 		.ascii	"PWMEnableState\000"
 772      6E61626C 
 772      65537461 
 772      746500
 773              	.LASF28:
 774 0094 433A5C55 		.ascii	"C:\\Users\\hoangp\\Documents\\GitHub\\EE542\\firmwa"
 774      73657273 
 774      5C686F61 
ARM GAS  C:\Users\hoangp\AppData\Local\Temp\cc1R9pbZ.s 			page 20


 774      6E67705C 
 774      446F6375 
 775 00c1 72655C69 		.ascii	"re\\invert\\invert.cydsn\000"
 775      6E766572 
 775      745C696E 
 775      76657274 
 775      2E637964 
 776              	.LASF5:
 777 00d8 6C6F6E67 		.ascii	"long unsigned int\000"
 777      20756E73 
 777      69676E65 
 777      6420696E 
 777      7400
 778              	.LASF19:
 779 00ea 75696E74 		.ascii	"uint8\000"
 779      3800
 780              	.LASF24:
 781 00f0 50574D5F 		.ascii	"PWM_UNFOLD_B_interruptState\000"
 781      554E464F 
 781      4C445F42 
 781      5F696E74 
 781      65727275 
 782              	.LASF18:
 783 010c 50574D43 		.ascii	"PWMControlRegister\000"
 783      6F6E7472 
 783      6F6C5265 
 783      67697374 
 783      657200
 784              	.LASF10:
 785 011f 646F7562 		.ascii	"double\000"
 785      6C6500
 786              	.LASF16:
 787 0126 50574D43 		.ascii	"PWMCompareValue\000"
 787      6F6D7061 
 787      72655661 
 787      6C756500 
 788              	.LASF21:
 789 0136 50574D5F 		.ascii	"PWM_UNFOLD_B_SaveConfig\000"
 789      554E464F 
 789      4C445F42 
 789      5F536176 
 789      65436F6E 
 790              	.LASF8:
 791 014e 756E7369 		.ascii	"unsigned int\000"
 791      676E6564 
 791      20696E74 
 791      00
 792              	.LASF7:
 793 015b 6C6F6E67 		.ascii	"long long unsigned int\000"
 793      206C6F6E 
 793      6720756E 
 793      7369676E 
 793      65642069 
 794              	.LASF22:
 795 0172 50574D5F 		.ascii	"PWM_UNFOLD_B_Sleep\000"
 795      554E464F 
 795      4C445F42 
ARM GAS  C:\Users\hoangp\AppData\Local\Temp\cc1R9pbZ.s 			page 21


 795      5F536C65 
 795      657000
 796              	.LASF26:
 797 0185 474E5520 		.ascii	"GNU C 4.4.1\000"
 797      4320342E 
 797      342E3100 
 798              	.LASF11:
 799 0191 63686172 		.ascii	"char\000"
 799      00
 800              	.LASF29:
 801 0196 50574D5F 		.ascii	"PWM_UNFOLD_B_RestoreConfig\000"
 801      554E464F 
 801      4C445F42 
 801      5F526573 
 801      746F7265 
 802              	.LASF2:
 803 01b1 73686F72 		.ascii	"short int\000"
 803      7420696E 
 803      7400
 804              	.LASF27:
 805 01bb 2E5C4765 		.ascii	".\\Generated_Source\\PSoC5\\PWM_UNFOLD_B_PM.c\000"
 805      6E657261 
 805      7465645F 
 805      536F7572 
 805      63655C50 
 806              	.LASF4:
 807 01e6 6C6F6E67 		.ascii	"long int\000"
 807      20696E74 
 807      00
 808              	.LASF0:
 809 01ef 7369676E 		.ascii	"signed char\000"
 809      65642063 
 809      68617200 
 810              	.LASF25:
 811 01fb 50574D5F 		.ascii	"PWM_UNFOLD_B_backup\000"
 811      554E464F 
 811      4C445F42 
 811      5F626163 
 811      6B757000 
 812              	.LASF15:
 813 020f 496E7465 		.ascii	"InterruptMaskValue\000"
 813      72727570 
 813      744D6173 
 813      6B56616C 
 813      756500
 814              		.ident	"GCC: (Sourcery G++ Lite 2010q1-188) 4.4.1"
