ARM GAS  C:\Users\hoangp\AppData\Local\Temp\ccSSDA3J.s 			page 1


   1              		.syntax unified
   2              		.cpu cortex-m3
   3              		.fpu softvfp
   4              		.eabi_attribute 20, 1
   5              		.eabi_attribute 21, 1
   6              		.eabi_attribute 23, 3
   7              		.eabi_attribute 24, 1
   8              		.eabi_attribute 25, 1
   9              		.eabi_attribute 26, 1
  10              		.eabi_attribute 30, 6
  11              		.eabi_attribute 18, 4
  12              		.thumb
  13              		.file	"SPIS_1_INT.c"
  14              		.section	.debug_abbrev,"",%progbits
  15              	.Ldebug_abbrev0:
  16              		.section	.debug_info,"",%progbits
  17              	.Ldebug_info0:
  18              		.section	.debug_line,"",%progbits
  19              	.Ldebug_line0:
  20 0000 8F000000 		.text
  20      02006300 
  20      00000201 
  20      FB0E0D00 
  20      01010101 
  21              	.Ltext0:
  22              		.cfi_sections	.debug_frame
  23              		.global	SPIS_1_swStatusTx
  24              		.bss
  25              		.type	SPIS_1_swStatusTx, %object
  26              		.size	SPIS_1_swStatusTx, 1
  27              	SPIS_1_swStatusTx:
  28 0000 00       		.space	1
  29              		.global	SPIS_1_swStatusRx
  30              		.type	SPIS_1_swStatusRx, %object
  31              		.size	SPIS_1_swStatusRx, 1
  32              	SPIS_1_swStatusRx:
  33 0001 00       		.space	1
  34              		.section	.text.SPIS_1_TX_ISR,"ax",%progbits
  35              		.align	2
  36              		.global	SPIS_1_TX_ISR
  37              		.thumb
  38              		.thumb_func
  39              		.type	SPIS_1_TX_ISR, %function
  40              	SPIS_1_TX_ISR:
  41              	.LFB0:
  42              		.file 1 ".\\Generated_Source\\PSoC5\\SPIS_1_INT.c"
   1:.\Generated_Source\PSoC5/SPIS_1_INT.c **** /*******************************************************************************
   2:.\Generated_Source\PSoC5/SPIS_1_INT.c **** * File Name: SPIS_1_INT.c
   3:.\Generated_Source\PSoC5/SPIS_1_INT.c **** * Version 2.50
   4:.\Generated_Source\PSoC5/SPIS_1_INT.c **** *
   5:.\Generated_Source\PSoC5/SPIS_1_INT.c **** * Description:
   6:.\Generated_Source\PSoC5/SPIS_1_INT.c **** *  This file provides all Interrupt Service Routine (ISR) for the SPI Slave
   7:.\Generated_Source\PSoC5/SPIS_1_INT.c **** *  component.
   8:.\Generated_Source\PSoC5/SPIS_1_INT.c **** *
   9:.\Generated_Source\PSoC5/SPIS_1_INT.c **** * Note:
  10:.\Generated_Source\PSoC5/SPIS_1_INT.c **** *  None.
  11:.\Generated_Source\PSoC5/SPIS_1_INT.c **** *
ARM GAS  C:\Users\hoangp\AppData\Local\Temp\ccSSDA3J.s 			page 2


  12:.\Generated_Source\PSoC5/SPIS_1_INT.c **** ********************************************************************************
  13:.\Generated_Source\PSoC5/SPIS_1_INT.c **** * Copyright 2008-2012, Cypress Semiconductor Corporation.  All rights reserved.
  14:.\Generated_Source\PSoC5/SPIS_1_INT.c **** * You may use this file only in accordance with the license, terms, conditions,
  15:.\Generated_Source\PSoC5/SPIS_1_INT.c **** * disclaimers, and limitations in the end user license agreement accompanying
  16:.\Generated_Source\PSoC5/SPIS_1_INT.c **** * the software package with which this file was provided.
  17:.\Generated_Source\PSoC5/SPIS_1_INT.c **** *******************************************************************************/
  18:.\Generated_Source\PSoC5/SPIS_1_INT.c **** 
  19:.\Generated_Source\PSoC5/SPIS_1_INT.c **** #include "SPIS_1.h"
  20:.\Generated_Source\PSoC5/SPIS_1_INT.c **** 
  21:.\Generated_Source\PSoC5/SPIS_1_INT.c **** #if (SPIS_1_RXBUFFERSIZE > 4u)
  22:.\Generated_Source\PSoC5/SPIS_1_INT.c **** 
  23:.\Generated_Source\PSoC5/SPIS_1_INT.c ****     extern volatile uint8 SPIS_1_RXBUFFER[];
  24:.\Generated_Source\PSoC5/SPIS_1_INT.c ****     extern volatile uint8 SPIS_1_rxBufferRead;
  25:.\Generated_Source\PSoC5/SPIS_1_INT.c ****     extern volatile uint8 SPIS_1_rxBufferWrite;
  26:.\Generated_Source\PSoC5/SPIS_1_INT.c ****     extern volatile uint8 SPIS_1_rxBufferFull;
  27:.\Generated_Source\PSoC5/SPIS_1_INT.c **** 
  28:.\Generated_Source\PSoC5/SPIS_1_INT.c **** #endif /* SPIS_1_RXBUFFERSIZE > 4u */
  29:.\Generated_Source\PSoC5/SPIS_1_INT.c **** 
  30:.\Generated_Source\PSoC5/SPIS_1_INT.c **** #if (SPIS_1_TXBUFFERSIZE > 4u)
  31:.\Generated_Source\PSoC5/SPIS_1_INT.c **** 
  32:.\Generated_Source\PSoC5/SPIS_1_INT.c ****     extern volatile uint8 SPIS_1_TXBUFFER[];
  33:.\Generated_Source\PSoC5/SPIS_1_INT.c ****     extern volatile uint8 SPIS_1_txBufferRead;
  34:.\Generated_Source\PSoC5/SPIS_1_INT.c ****     extern volatile uint8 SPIS_1_txBufferWrite;
  35:.\Generated_Source\PSoC5/SPIS_1_INT.c ****     extern volatile uint8 SPIS_1_txBufferFull;
  36:.\Generated_Source\PSoC5/SPIS_1_INT.c **** 
  37:.\Generated_Source\PSoC5/SPIS_1_INT.c **** #endif /* SPIS_1_TXBUFFERSIZE > 4u */
  38:.\Generated_Source\PSoC5/SPIS_1_INT.c **** 
  39:.\Generated_Source\PSoC5/SPIS_1_INT.c **** volatile uint8 SPIS_1_swStatusTx = 0u;
  40:.\Generated_Source\PSoC5/SPIS_1_INT.c **** volatile uint8 SPIS_1_swStatusRx = 0u;
  41:.\Generated_Source\PSoC5/SPIS_1_INT.c **** 
  42:.\Generated_Source\PSoC5/SPIS_1_INT.c **** /* User code required at start of ISR */
  43:.\Generated_Source\PSoC5/SPIS_1_INT.c **** /* `#START SPIS_1_ISR_START_DEF` */
  44:.\Generated_Source\PSoC5/SPIS_1_INT.c **** 
  45:.\Generated_Source\PSoC5/SPIS_1_INT.c **** /* `#END` */
  46:.\Generated_Source\PSoC5/SPIS_1_INT.c **** 
  47:.\Generated_Source\PSoC5/SPIS_1_INT.c **** 
  48:.\Generated_Source\PSoC5/SPIS_1_INT.c **** /*******************************************************************************
  49:.\Generated_Source\PSoC5/SPIS_1_INT.c **** * Function Name: SPIS_1_TX_ISR
  50:.\Generated_Source\PSoC5/SPIS_1_INT.c **** *
  51:.\Generated_Source\PSoC5/SPIS_1_INT.c **** * Summary:
  52:.\Generated_Source\PSoC5/SPIS_1_INT.c **** *  Interrupt Service Routine for TX portion of the SPI Slave.
  53:.\Generated_Source\PSoC5/SPIS_1_INT.c **** *
  54:.\Generated_Source\PSoC5/SPIS_1_INT.c **** * Parameters:
  55:.\Generated_Source\PSoC5/SPIS_1_INT.c **** *  None.
  56:.\Generated_Source\PSoC5/SPIS_1_INT.c **** *
  57:.\Generated_Source\PSoC5/SPIS_1_INT.c **** * Return:
  58:.\Generated_Source\PSoC5/SPIS_1_INT.c **** *  None.
  59:.\Generated_Source\PSoC5/SPIS_1_INT.c **** *
  60:.\Generated_Source\PSoC5/SPIS_1_INT.c **** * Global variables:
  61:.\Generated_Source\PSoC5/SPIS_1_INT.c **** *  SPIS_1_txBufferWrite - used for the account of the bytes which
  62:.\Generated_Source\PSoC5/SPIS_1_INT.c **** *  have been written down in the TX software buffer.
  63:.\Generated_Source\PSoC5/SPIS_1_INT.c **** *  SPIS_1_txBufferRead - used for the account of the bytes which
  64:.\Generated_Source\PSoC5/SPIS_1_INT.c **** *  have been read from the TX software buffer, modified when exist data to
  65:.\Generated_Source\PSoC5/SPIS_1_INT.c **** *  sending and FIFO Not Full.
  66:.\Generated_Source\PSoC5/SPIS_1_INT.c **** *  SPIS_1_TXBUFFER[SPIS_1_TXBUFFERSIZE] - used to store
  67:.\Generated_Source\PSoC5/SPIS_1_INT.c **** *  data to sending.
  68:.\Generated_Source\PSoC5/SPIS_1_INT.c **** *  All described above Global variables are used when Software Buffer is used.
ARM GAS  C:\Users\hoangp\AppData\Local\Temp\ccSSDA3J.s 			page 3


  69:.\Generated_Source\PSoC5/SPIS_1_INT.c **** *
  70:.\Generated_Source\PSoC5/SPIS_1_INT.c **** *******************************************************************************/
  71:.\Generated_Source\PSoC5/SPIS_1_INT.c **** CY_ISR(SPIS_1_TX_ISR)
  72:.\Generated_Source\PSoC5/SPIS_1_INT.c **** {
  43              		.loc 1 72 0
  44              		.cfi_startproc
  45              		@ args = 0, pretend = 0, frame = 0
  46              		@ frame_needed = 1, uses_anonymous_args = 0
  47              		@ link register save eliminated.
  48 0000 80B4     		push	{r7}
  49              	.LCFI0:
  50              		.cfi_def_cfa_offset 4
  51 0002 00AF     		add	r7, sp, #0
  52              		.cfi_offset 7, -4
  53              	.LCFI1:
  54              		.cfi_def_cfa_register 7
  73:.\Generated_Source\PSoC5/SPIS_1_INT.c ****     /* User code required at start of ISR */
  74:.\Generated_Source\PSoC5/SPIS_1_INT.c ****     /* `#START SPIS_1_ISR_TX_START` */
  75:.\Generated_Source\PSoC5/SPIS_1_INT.c **** 
  76:.\Generated_Source\PSoC5/SPIS_1_INT.c ****     /* `#END` */
  77:.\Generated_Source\PSoC5/SPIS_1_INT.c **** 
  78:.\Generated_Source\PSoC5/SPIS_1_INT.c ****     #if((SPIS_1_InternalTxInterruptEnabled) && (SPIS_1_TXBUFFERSIZE > 4u))
  79:.\Generated_Source\PSoC5/SPIS_1_INT.c ****         /* Component interrupt service code */
  80:.\Generated_Source\PSoC5/SPIS_1_INT.c **** 
  81:.\Generated_Source\PSoC5/SPIS_1_INT.c ****         /* See if TX data buffer is not empty and there is space in TX FIFO */
  82:.\Generated_Source\PSoC5/SPIS_1_INT.c ****         while(SPIS_1_txBufferRead != SPIS_1_txBufferWrite)
  83:.\Generated_Source\PSoC5/SPIS_1_INT.c ****         {
  84:.\Generated_Source\PSoC5/SPIS_1_INT.c ****             SPIS_1_swStatusTx = SPIS_1_GET_STATUS_TX(SPIS_1_swStatusTx);
  85:.\Generated_Source\PSoC5/SPIS_1_INT.c **** 
  86:.\Generated_Source\PSoC5/SPIS_1_INT.c ****             if ((SPIS_1_swStatusTx & SPIS_1_STS_TX_FIFO_NOT_FULL) != 0u)
  87:.\Generated_Source\PSoC5/SPIS_1_INT.c ****             {
  88:.\Generated_Source\PSoC5/SPIS_1_INT.c ****                 if(SPIS_1_txBufferFull == 0u)
  89:.\Generated_Source\PSoC5/SPIS_1_INT.c ****                 {
  90:.\Generated_Source\PSoC5/SPIS_1_INT.c ****                    SPIS_1_txBufferRead++;
  91:.\Generated_Source\PSoC5/SPIS_1_INT.c **** 
  92:.\Generated_Source\PSoC5/SPIS_1_INT.c ****                     if(SPIS_1_txBufferRead >= SPIS_1_TXBUFFERSIZE)
  93:.\Generated_Source\PSoC5/SPIS_1_INT.c ****                     {
  94:.\Generated_Source\PSoC5/SPIS_1_INT.c ****                         SPIS_1_txBufferRead = 0u;
  95:.\Generated_Source\PSoC5/SPIS_1_INT.c ****                     }
  96:.\Generated_Source\PSoC5/SPIS_1_INT.c ****                 }
  97:.\Generated_Source\PSoC5/SPIS_1_INT.c ****                 else
  98:.\Generated_Source\PSoC5/SPIS_1_INT.c ****                 {
  99:.\Generated_Source\PSoC5/SPIS_1_INT.c ****                     SPIS_1_txBufferFull = 0u;
 100:.\Generated_Source\PSoC5/SPIS_1_INT.c ****                 }
 101:.\Generated_Source\PSoC5/SPIS_1_INT.c **** 
 102:.\Generated_Source\PSoC5/SPIS_1_INT.c ****                 /* Move data from the Buffer to the FIFO */
 103:.\Generated_Source\PSoC5/SPIS_1_INT.c ****                 CY_SET_REG8(SPIS_1_TXDATA_PTR,
 104:.\Generated_Source\PSoC5/SPIS_1_INT.c ****                     SPIS_1_TXBUFFER[SPIS_1_txBufferRead]);
 105:.\Generated_Source\PSoC5/SPIS_1_INT.c ****             }
 106:.\Generated_Source\PSoC5/SPIS_1_INT.c ****             else
 107:.\Generated_Source\PSoC5/SPIS_1_INT.c ****             {
 108:.\Generated_Source\PSoC5/SPIS_1_INT.c ****                 break;
 109:.\Generated_Source\PSoC5/SPIS_1_INT.c ****             }
 110:.\Generated_Source\PSoC5/SPIS_1_INT.c ****         }
 111:.\Generated_Source\PSoC5/SPIS_1_INT.c **** 
 112:.\Generated_Source\PSoC5/SPIS_1_INT.c ****         /* If Buffer is empty then disable TX FIFO status interrupt until there is data in the buff
 113:.\Generated_Source\PSoC5/SPIS_1_INT.c ****         if(SPIS_1_txBufferRead == SPIS_1_txBufferWrite)
ARM GAS  C:\Users\hoangp\AppData\Local\Temp\ccSSDA3J.s 			page 4


 114:.\Generated_Source\PSoC5/SPIS_1_INT.c ****         {
 115:.\Generated_Source\PSoC5/SPIS_1_INT.c ****             SPIS_1_TX_STATUS_MASK_REG &= ~SPIS_1_STS_TX_FIFO_NOT_FULL;
 116:.\Generated_Source\PSoC5/SPIS_1_INT.c ****         }
 117:.\Generated_Source\PSoC5/SPIS_1_INT.c **** 
 118:.\Generated_Source\PSoC5/SPIS_1_INT.c ****     #endif /* SPIS_1_InternalTxInterruptEnabled && (SPIS_1_TXBUFFERSIZE > 4u) */
 119:.\Generated_Source\PSoC5/SPIS_1_INT.c **** 
 120:.\Generated_Source\PSoC5/SPIS_1_INT.c ****     /* User code required at end of ISR (Optional) */
 121:.\Generated_Source\PSoC5/SPIS_1_INT.c ****     /* `#START SPIS_1_ISR_TX_END` */
 122:.\Generated_Source\PSoC5/SPIS_1_INT.c **** 
 123:.\Generated_Source\PSoC5/SPIS_1_INT.c ****     /* `#END` */
 124:.\Generated_Source\PSoC5/SPIS_1_INT.c **** 
 125:.\Generated_Source\PSoC5/SPIS_1_INT.c ****    }
  55              		.loc 1 125 0
  56 0004 BD46     		mov	sp, r7
  57 0006 80BC     		pop	{r7}
  58 0008 7047     		bx	lr
  59              		.cfi_endproc
  60              	.LFE0:
  61              		.size	SPIS_1_TX_ISR, .-SPIS_1_TX_ISR
  62 000a 00BF     		.section	.text.SPIS_1_RX_ISR,"ax",%progbits
  63              		.align	2
  64              		.global	SPIS_1_RX_ISR
  65              		.thumb
  66              		.thumb_func
  67              		.type	SPIS_1_RX_ISR, %function
  68              	SPIS_1_RX_ISR:
  69              	.LFB1:
 126:.\Generated_Source\PSoC5/SPIS_1_INT.c **** 
 127:.\Generated_Source\PSoC5/SPIS_1_INT.c **** 
 128:.\Generated_Source\PSoC5/SPIS_1_INT.c **** /*******************************************************************************
 129:.\Generated_Source\PSoC5/SPIS_1_INT.c **** * Function Name: SPIS_1_RX_ISR
 130:.\Generated_Source\PSoC5/SPIS_1_INT.c **** *
 131:.\Generated_Source\PSoC5/SPIS_1_INT.c **** * Summary:
 132:.\Generated_Source\PSoC5/SPIS_1_INT.c **** *  Interrupt Service Routine for RX portion of the SPI Slave.
 133:.\Generated_Source\PSoC5/SPIS_1_INT.c **** *
 134:.\Generated_Source\PSoC5/SPIS_1_INT.c **** * Parameters:
 135:.\Generated_Source\PSoC5/SPIS_1_INT.c **** *  None.
 136:.\Generated_Source\PSoC5/SPIS_1_INT.c **** *
 137:.\Generated_Source\PSoC5/SPIS_1_INT.c **** * Return:
 138:.\Generated_Source\PSoC5/SPIS_1_INT.c **** *  None.
 139:.\Generated_Source\PSoC5/SPIS_1_INT.c **** *
 140:.\Generated_Source\PSoC5/SPIS_1_INT.c **** * Global variables:
 141:.\Generated_Source\PSoC5/SPIS_1_INT.c **** *  SPIS_1_rxBufferWrite - used for the account of the bytes which
 142:.\Generated_Source\PSoC5/SPIS_1_INT.c **** *  have been written down in the RX software buffer modified when FIFO contains
 143:.\Generated_Source\PSoC5/SPIS_1_INT.c **** *  new data.
 144:.\Generated_Source\PSoC5/SPIS_1_INT.c **** *  SPIS_1_rxBufferRead - used for the account of the bytes which
 145:.\Generated_Source\PSoC5/SPIS_1_INT.c **** *  have been read from the RX software buffer, modified when overflow occurred.
 146:.\Generated_Source\PSoC5/SPIS_1_INT.c **** *  SPIS_1_RXBUFFER[SPIS_1_RXBUFFERSIZE] - used to store
 147:.\Generated_Source\PSoC5/SPIS_1_INT.c **** *  received data, modified when FIFO contains new data.
 148:.\Generated_Source\PSoC5/SPIS_1_INT.c **** *  All described above Global variables are used when Software Buffer is used.
 149:.\Generated_Source\PSoC5/SPIS_1_INT.c **** *
 150:.\Generated_Source\PSoC5/SPIS_1_INT.c **** *******************************************************************************/
 151:.\Generated_Source\PSoC5/SPIS_1_INT.c **** CY_ISR(SPIS_1_RX_ISR)
 152:.\Generated_Source\PSoC5/SPIS_1_INT.c **** {
  70              		.loc 1 152 0
  71              		.cfi_startproc
  72              		@ args = 0, pretend = 0, frame = 0
ARM GAS  C:\Users\hoangp\AppData\Local\Temp\ccSSDA3J.s 			page 5


  73              		@ frame_needed = 1, uses_anonymous_args = 0
  74              		@ link register save eliminated.
  75 0000 80B4     		push	{r7}
  76              	.LCFI2:
  77              		.cfi_def_cfa_offset 4
  78 0002 00AF     		add	r7, sp, #0
  79              		.cfi_offset 7, -4
  80              	.LCFI3:
  81              		.cfi_def_cfa_register 7
 153:.\Generated_Source\PSoC5/SPIS_1_INT.c ****     #if((SPIS_1_InternalRxInterruptEnabled) && (SPIS_1_RXBUFFERSIZE > 4u))
 154:.\Generated_Source\PSoC5/SPIS_1_INT.c ****         uint8 rxData = 0u; 
 155:.\Generated_Source\PSoC5/SPIS_1_INT.c ****     #endif /* SPIS_1_InternalRxInterruptEnabled */
 156:.\Generated_Source\PSoC5/SPIS_1_INT.c ****     
 157:.\Generated_Source\PSoC5/SPIS_1_INT.c ****     /* User code required at start of ISR */
 158:.\Generated_Source\PSoC5/SPIS_1_INT.c ****     /* `#START SPIS_1_RX_ISR_START` */
 159:.\Generated_Source\PSoC5/SPIS_1_INT.c **** 
 160:.\Generated_Source\PSoC5/SPIS_1_INT.c ****     /* `#END` */
 161:.\Generated_Source\PSoC5/SPIS_1_INT.c **** 
 162:.\Generated_Source\PSoC5/SPIS_1_INT.c ****     #if((SPIS_1_InternalRxInterruptEnabled) && (SPIS_1_RXBUFFERSIZE > 4u))
 163:.\Generated_Source\PSoC5/SPIS_1_INT.c ****         SPIS_1_swStatusRx = SPIS_1_GET_STATUS_RX(SPIS_1_swStatusRx);
 164:.\Generated_Source\PSoC5/SPIS_1_INT.c **** 
 165:.\Generated_Source\PSoC5/SPIS_1_INT.c ****         /* See if RX data FIFO has some data and if it can be moved to the RX Buffer */        
 166:.\Generated_Source\PSoC5/SPIS_1_INT.c ****         while((SPIS_1_swStatusRx & SPIS_1_STS_RX_FIFO_NOT_EMPTY) ==
 167:.\Generated_Source\PSoC5/SPIS_1_INT.c ****                                                                                 SPIS_1_STS_RX_FIFO_
 168:.\Generated_Source\PSoC5/SPIS_1_INT.c ****         {
 169:.\Generated_Source\PSoC5/SPIS_1_INT.c ****             rxData = CY_GET_REG8(SPIS_1_RXDATA_PTR);
 170:.\Generated_Source\PSoC5/SPIS_1_INT.c ****             
 171:.\Generated_Source\PSoC5/SPIS_1_INT.c ****             /* Set next pointer. */
 172:.\Generated_Source\PSoC5/SPIS_1_INT.c ****             SPIS_1_rxBufferWrite++;
 173:.\Generated_Source\PSoC5/SPIS_1_INT.c ****             if(SPIS_1_rxBufferWrite >= SPIS_1_RXBUFFERSIZE)
 174:.\Generated_Source\PSoC5/SPIS_1_INT.c ****             {
 175:.\Generated_Source\PSoC5/SPIS_1_INT.c ****                 SPIS_1_rxBufferWrite = 0u;
 176:.\Generated_Source\PSoC5/SPIS_1_INT.c ****             }
 177:.\Generated_Source\PSoC5/SPIS_1_INT.c **** 
 178:.\Generated_Source\PSoC5/SPIS_1_INT.c ****             if(SPIS_1_rxBufferWrite == SPIS_1_rxBufferRead)
 179:.\Generated_Source\PSoC5/SPIS_1_INT.c ****             {
 180:.\Generated_Source\PSoC5/SPIS_1_INT.c ****                 SPIS_1_rxBufferRead++;
 181:.\Generated_Source\PSoC5/SPIS_1_INT.c ****                 if(SPIS_1_rxBufferRead >= SPIS_1_RXBUFFERSIZE)
 182:.\Generated_Source\PSoC5/SPIS_1_INT.c ****                 {
 183:.\Generated_Source\PSoC5/SPIS_1_INT.c ****                     SPIS_1_rxBufferRead = 0u;
 184:.\Generated_Source\PSoC5/SPIS_1_INT.c ****                 }
 185:.\Generated_Source\PSoC5/SPIS_1_INT.c ****                 SPIS_1_rxBufferFull = 1u;
 186:.\Generated_Source\PSoC5/SPIS_1_INT.c ****             }
 187:.\Generated_Source\PSoC5/SPIS_1_INT.c **** 
 188:.\Generated_Source\PSoC5/SPIS_1_INT.c ****             /* Move data from the FIFO to the Buffer */
 189:.\Generated_Source\PSoC5/SPIS_1_INT.c ****             SPIS_1_RXBUFFER[SPIS_1_rxBufferWrite] = rxData;
 190:.\Generated_Source\PSoC5/SPIS_1_INT.c ****                 
 191:.\Generated_Source\PSoC5/SPIS_1_INT.c ****             SPIS_1_swStatusRx = SPIS_1_GET_STATUS_RX(SPIS_1_swStatusRx);
 192:.\Generated_Source\PSoC5/SPIS_1_INT.c ****         }
 193:.\Generated_Source\PSoC5/SPIS_1_INT.c ****     #endif /* SPIS_1_InternalRxInterruptEnabled  && (SPIS_1_RXBUFFERSIZE > 4u) */
 194:.\Generated_Source\PSoC5/SPIS_1_INT.c **** 
 195:.\Generated_Source\PSoC5/SPIS_1_INT.c ****     /* User code required at end of ISR (Optional) */
 196:.\Generated_Source\PSoC5/SPIS_1_INT.c ****     /* `#START SPIS_1_RX_ISR_END` */
 197:.\Generated_Source\PSoC5/SPIS_1_INT.c **** 
 198:.\Generated_Source\PSoC5/SPIS_1_INT.c ****     /* `#END` */
 199:.\Generated_Source\PSoC5/SPIS_1_INT.c ****     
 200:.\Generated_Source\PSoC5/SPIS_1_INT.c **** }
ARM GAS  C:\Users\hoangp\AppData\Local\Temp\ccSSDA3J.s 			page 6


  82              		.loc 1 200 0
  83 0004 BD46     		mov	sp, r7
  84 0006 80BC     		pop	{r7}
  85 0008 7047     		bx	lr
  86              		.cfi_endproc
  87              	.LFE1:
  88              		.size	SPIS_1_RX_ISR, .-SPIS_1_RX_ISR
  89 000a 00BF     		.text
  90              	.Letext0:
  91              		.section	.debug_loc,"",%progbits
  92              	.Ldebug_loc0:
  93              	.LLST0:
  94 0000 00000000 		.4byte	.LFB0
  95 0004 02000000 		.4byte	.LCFI0
  96 0008 0100     		.2byte	0x1
  97 000a 5D       		.byte	0x5d
  98 000b 02000000 		.4byte	.LCFI0
  99 000f 04000000 		.4byte	.LCFI1
 100 0013 0200     		.2byte	0x2
 101 0015 7D       		.byte	0x7d
 102 0016 04       		.sleb128 4
 103 0017 04000000 		.4byte	.LCFI1
 104 001b 0A000000 		.4byte	.LFE0
 105 001f 0200     		.2byte	0x2
 106 0021 77       		.byte	0x77
 107 0022 04       		.sleb128 4
 108 0023 00000000 		.4byte	0x0
 109 0027 00000000 		.4byte	0x0
 110              	.LLST1:
 111 002b 00000000 		.4byte	.LFB1
 112 002f 02000000 		.4byte	.LCFI2
 113 0033 0100     		.2byte	0x1
 114 0035 5D       		.byte	0x5d
 115 0036 02000000 		.4byte	.LCFI2
 116 003a 04000000 		.4byte	.LCFI3
 117 003e 0200     		.2byte	0x2
 118 0040 7D       		.byte	0x7d
 119 0041 04       		.sleb128 4
 120 0042 04000000 		.4byte	.LCFI3
 121 0046 0A000000 		.4byte	.LFE1
 122 004a 0200     		.2byte	0x2
 123 004c 77       		.byte	0x77
 124 004d 04       		.sleb128 4
 125 004e 00000000 		.4byte	0x0
 126 0052 00000000 		.4byte	0x0
 127              		.file 2 ".\\Generated_Source\\PSoC5\\/cytypes.h"
 128              		.section	.debug_info
 129 0000 E2000000 		.4byte	0xe2
 130 0004 0200     		.2byte	0x2
 131 0006 00000000 		.4byte	.Ldebug_abbrev0
 132 000a 04       		.byte	0x4
 133 000b 01       		.uleb128 0x1
 134 000c 7D000000 		.4byte	.LASF16
 135 0010 01       		.byte	0x1
 136 0011 15010000 		.4byte	.LASF17
 137 0015 CB000000 		.4byte	.LASF18
 138 0019 00000000 		.4byte	0x0
ARM GAS  C:\Users\hoangp\AppData\Local\Temp\ccSSDA3J.s 			page 7


 139 001d 00000000 		.4byte	0x0
 140 0021 00000000 		.4byte	.Ldebug_ranges0+0x0
 141 0025 00000000 		.4byte	.Ldebug_line0
 142 0029 02       		.uleb128 0x2
 143 002a 01       		.byte	0x1
 144 002b 06       		.byte	0x6
 145 002c BF000000 		.4byte	.LASF0
 146 0030 02       		.uleb128 0x2
 147 0031 01       		.byte	0x1
 148 0032 08       		.byte	0x8
 149 0033 89000000 		.4byte	.LASF1
 150 0037 02       		.uleb128 0x2
 151 0038 02       		.byte	0x2
 152 0039 05       		.byte	0x5
 153 003a 3B010000 		.4byte	.LASF2
 154 003e 02       		.uleb128 0x2
 155 003f 02       		.byte	0x2
 156 0040 07       		.byte	0x7
 157 0041 AC000000 		.4byte	.LASF3
 158 0045 02       		.uleb128 0x2
 159 0046 04       		.byte	0x4
 160 0047 05       		.byte	0x5
 161 0048 9C000000 		.4byte	.LASF4
 162 004c 02       		.uleb128 0x2
 163 004d 04       		.byte	0x4
 164 004e 07       		.byte	0x7
 165 004f 54000000 		.4byte	.LASF5
 166 0053 02       		.uleb128 0x2
 167 0054 08       		.byte	0x8
 168 0055 05       		.byte	0x5
 169 0056 00000000 		.4byte	.LASF6
 170 005a 02       		.uleb128 0x2
 171 005b 08       		.byte	0x8
 172 005c 07       		.byte	0x7
 173 005d 66000000 		.4byte	.LASF7
 174 0061 03       		.uleb128 0x3
 175 0062 04       		.byte	0x4
 176 0063 05       		.byte	0x5
 177 0064 696E7400 		.ascii	"int\000"
 178 0068 02       		.uleb128 0x2
 179 0069 04       		.byte	0x4
 180 006a 07       		.byte	0x7
 181 006b 45010000 		.4byte	.LASF8
 182 006f 04       		.uleb128 0x4
 183 0070 4E000000 		.4byte	.LASF19
 184 0074 02       		.byte	0x2
 185 0075 4C       		.byte	0x4c
 186 0076 30000000 		.4byte	0x30
 187 007a 02       		.uleb128 0x2
 188 007b 04       		.byte	0x4
 189 007c 04       		.byte	0x4
 190 007d 0F010000 		.4byte	.LASF9
 191 0081 02       		.uleb128 0x2
 192 0082 08       		.byte	0x8
 193 0083 04       		.byte	0x4
 194 0084 A5000000 		.4byte	.LASF10
 195 0088 02       		.uleb128 0x2
ARM GAS  C:\Users\hoangp\AppData\Local\Temp\ccSSDA3J.s 			page 8


 196 0089 01       		.byte	0x1
 197 008a 08       		.byte	0x8
 198 008b 97000000 		.4byte	.LASF11
 199 008f 05       		.uleb128 0x5
 200 0090 6F000000 		.4byte	0x6f
 201 0094 06       		.uleb128 0x6
 202 0095 04       		.byte	0x4
 203 0096 07       		.byte	0x7
 204 0097 07       		.uleb128 0x7
 205 0098 01       		.byte	0x1
 206 0099 2E000000 		.4byte	.LASF12
 207 009d 01       		.byte	0x1
 208 009e 47       		.byte	0x47
 209 009f 01       		.byte	0x1
 210 00a0 00000000 		.4byte	.LFB0
 211 00a4 0A000000 		.4byte	.LFE0
 212 00a8 00000000 		.4byte	.LLST0
 213 00ac 07       		.uleb128 0x7
 214 00ad 01       		.byte	0x1
 215 00ae 20000000 		.4byte	.LASF13
 216 00b2 01       		.byte	0x1
 217 00b3 97       		.byte	0x97
 218 00b4 01       		.byte	0x1
 219 00b5 00000000 		.4byte	.LFB1
 220 00b9 0A000000 		.4byte	.LFE1
 221 00bd 2B000000 		.4byte	.LLST1
 222 00c1 08       		.uleb128 0x8
 223 00c2 3C000000 		.4byte	.LASF14
 224 00c6 01       		.byte	0x1
 225 00c7 27       		.byte	0x27
 226 00c8 8F000000 		.4byte	0x8f
 227 00cc 01       		.byte	0x1
 228 00cd 05       		.byte	0x5
 229 00ce 03       		.byte	0x3
 230 00cf 00000000 		.4byte	SPIS_1_swStatusTx
 231 00d3 08       		.uleb128 0x8
 232 00d4 0E000000 		.4byte	.LASF15
 233 00d8 01       		.byte	0x1
 234 00d9 28       		.byte	0x28
 235 00da 8F000000 		.4byte	0x8f
 236 00de 01       		.byte	0x1
 237 00df 05       		.byte	0x5
 238 00e0 03       		.byte	0x3
 239 00e1 00000000 		.4byte	SPIS_1_swStatusRx
 240 00e5 00       		.byte	0x0
 241              		.section	.debug_abbrev
 242 0000 01       		.uleb128 0x1
 243 0001 11       		.uleb128 0x11
 244 0002 01       		.byte	0x1
 245 0003 25       		.uleb128 0x25
 246 0004 0E       		.uleb128 0xe
 247 0005 13       		.uleb128 0x13
 248 0006 0B       		.uleb128 0xb
 249 0007 03       		.uleb128 0x3
 250 0008 0E       		.uleb128 0xe
 251 0009 1B       		.uleb128 0x1b
 252 000a 0E       		.uleb128 0xe
ARM GAS  C:\Users\hoangp\AppData\Local\Temp\ccSSDA3J.s 			page 9


 253 000b 11       		.uleb128 0x11
 254 000c 01       		.uleb128 0x1
 255 000d 52       		.uleb128 0x52
 256 000e 01       		.uleb128 0x1
 257 000f 55       		.uleb128 0x55
 258 0010 06       		.uleb128 0x6
 259 0011 10       		.uleb128 0x10
 260 0012 06       		.uleb128 0x6
 261 0013 00       		.byte	0x0
 262 0014 00       		.byte	0x0
 263 0015 02       		.uleb128 0x2
 264 0016 24       		.uleb128 0x24
 265 0017 00       		.byte	0x0
 266 0018 0B       		.uleb128 0xb
 267 0019 0B       		.uleb128 0xb
 268 001a 3E       		.uleb128 0x3e
 269 001b 0B       		.uleb128 0xb
 270 001c 03       		.uleb128 0x3
 271 001d 0E       		.uleb128 0xe
 272 001e 00       		.byte	0x0
 273 001f 00       		.byte	0x0
 274 0020 03       		.uleb128 0x3
 275 0021 24       		.uleb128 0x24
 276 0022 00       		.byte	0x0
 277 0023 0B       		.uleb128 0xb
 278 0024 0B       		.uleb128 0xb
 279 0025 3E       		.uleb128 0x3e
 280 0026 0B       		.uleb128 0xb
 281 0027 03       		.uleb128 0x3
 282 0028 08       		.uleb128 0x8
 283 0029 00       		.byte	0x0
 284 002a 00       		.byte	0x0
 285 002b 04       		.uleb128 0x4
 286 002c 16       		.uleb128 0x16
 287 002d 00       		.byte	0x0
 288 002e 03       		.uleb128 0x3
 289 002f 0E       		.uleb128 0xe
 290 0030 3A       		.uleb128 0x3a
 291 0031 0B       		.uleb128 0xb
 292 0032 3B       		.uleb128 0x3b
 293 0033 0B       		.uleb128 0xb
 294 0034 49       		.uleb128 0x49
 295 0035 13       		.uleb128 0x13
 296 0036 00       		.byte	0x0
 297 0037 00       		.byte	0x0
 298 0038 05       		.uleb128 0x5
 299 0039 35       		.uleb128 0x35
 300 003a 00       		.byte	0x0
 301 003b 49       		.uleb128 0x49
 302 003c 13       		.uleb128 0x13
 303 003d 00       		.byte	0x0
 304 003e 00       		.byte	0x0
 305 003f 06       		.uleb128 0x6
 306 0040 24       		.uleb128 0x24
 307 0041 00       		.byte	0x0
 308 0042 0B       		.uleb128 0xb
 309 0043 0B       		.uleb128 0xb
ARM GAS  C:\Users\hoangp\AppData\Local\Temp\ccSSDA3J.s 			page 10


 310 0044 3E       		.uleb128 0x3e
 311 0045 0B       		.uleb128 0xb
 312 0046 00       		.byte	0x0
 313 0047 00       		.byte	0x0
 314 0048 07       		.uleb128 0x7
 315 0049 2E       		.uleb128 0x2e
 316 004a 00       		.byte	0x0
 317 004b 3F       		.uleb128 0x3f
 318 004c 0C       		.uleb128 0xc
 319 004d 03       		.uleb128 0x3
 320 004e 0E       		.uleb128 0xe
 321 004f 3A       		.uleb128 0x3a
 322 0050 0B       		.uleb128 0xb
 323 0051 3B       		.uleb128 0x3b
 324 0052 0B       		.uleb128 0xb
 325 0053 27       		.uleb128 0x27
 326 0054 0C       		.uleb128 0xc
 327 0055 11       		.uleb128 0x11
 328 0056 01       		.uleb128 0x1
 329 0057 12       		.uleb128 0x12
 330 0058 01       		.uleb128 0x1
 331 0059 40       		.uleb128 0x40
 332 005a 06       		.uleb128 0x6
 333 005b 00       		.byte	0x0
 334 005c 00       		.byte	0x0
 335 005d 08       		.uleb128 0x8
 336 005e 34       		.uleb128 0x34
 337 005f 00       		.byte	0x0
 338 0060 03       		.uleb128 0x3
 339 0061 0E       		.uleb128 0xe
 340 0062 3A       		.uleb128 0x3a
 341 0063 0B       		.uleb128 0xb
 342 0064 3B       		.uleb128 0x3b
 343 0065 0B       		.uleb128 0xb
 344 0066 49       		.uleb128 0x49
 345 0067 13       		.uleb128 0x13
 346 0068 3F       		.uleb128 0x3f
 347 0069 0C       		.uleb128 0xc
 348 006a 02       		.uleb128 0x2
 349 006b 0A       		.uleb128 0xa
 350 006c 00       		.byte	0x0
 351 006d 00       		.byte	0x0
 352 006e 00       		.byte	0x0
 353              		.section	.debug_pubnames,"",%progbits
 354 0000 5E000000 		.4byte	0x5e
 355 0004 0200     		.2byte	0x2
 356 0006 00000000 		.4byte	.Ldebug_info0
 357 000a E6000000 		.4byte	0xe6
 358 000e 97000000 		.4byte	0x97
 359 0012 53504953 		.ascii	"SPIS_1_TX_ISR\000"
 359      5F315F54 
 359      585F4953 
 359      5200
 360 0020 AC000000 		.4byte	0xac
 361 0024 53504953 		.ascii	"SPIS_1_RX_ISR\000"
 361      5F315F52 
 361      585F4953 
ARM GAS  C:\Users\hoangp\AppData\Local\Temp\ccSSDA3J.s 			page 11


 361      5200
 362 0032 C1000000 		.4byte	0xc1
 363 0036 53504953 		.ascii	"SPIS_1_swStatusTx\000"
 363      5F315F73 
 363      77537461 
 363      74757354 
 363      7800
 364 0048 D3000000 		.4byte	0xd3
 365 004c 53504953 		.ascii	"SPIS_1_swStatusRx\000"
 365      5F315F73 
 365      77537461 
 365      74757352 
 365      7800
 366 005e 00000000 		.4byte	0x0
 367              		.section	.debug_aranges,"",%progbits
 368 0000 24000000 		.4byte	0x24
 369 0004 0200     		.2byte	0x2
 370 0006 00000000 		.4byte	.Ldebug_info0
 371 000a 04       		.byte	0x4
 372 000b 00       		.byte	0x0
 373 000c 0000     		.2byte	0x0
 374 000e 0000     		.2byte	0x0
 375 0010 00000000 		.4byte	.LFB0
 376 0014 0A000000 		.4byte	.LFE0-.LFB0
 377 0018 00000000 		.4byte	.LFB1
 378 001c 0A000000 		.4byte	.LFE1-.LFB1
 379 0020 00000000 		.4byte	0x0
 380 0024 00000000 		.4byte	0x0
 381              		.section	.debug_ranges,"",%progbits
 382              	.Ldebug_ranges0:
 383 0000 00000000 		.4byte	.Ltext0
 384 0004 00000000 		.4byte	.Letext0
 385 0008 00000000 		.4byte	.LFB0
 386 000c 0A000000 		.4byte	.LFE0
 387 0010 00000000 		.4byte	.LFB1
 388 0014 0A000000 		.4byte	.LFE1
 389 0018 00000000 		.4byte	0x0
 390 001c 00000000 		.4byte	0x0
 391              		.section	.debug_str,"MS",%progbits,1
 392              	.LASF6:
 393 0000 6C6F6E67 		.ascii	"long long int\000"
 393      206C6F6E 
 393      6720696E 
 393      7400
 394              	.LASF15:
 395 000e 53504953 		.ascii	"SPIS_1_swStatusRx\000"
 395      5F315F73 
 395      77537461 
 395      74757352 
 395      7800
 396              	.LASF13:
 397 0020 53504953 		.ascii	"SPIS_1_RX_ISR\000"
 397      5F315F52 
 397      585F4953 
 397      5200
 398              	.LASF12:
 399 002e 53504953 		.ascii	"SPIS_1_TX_ISR\000"
ARM GAS  C:\Users\hoangp\AppData\Local\Temp\ccSSDA3J.s 			page 12


 399      5F315F54 
 399      585F4953 
 399      5200
 400              	.LASF14:
 401 003c 53504953 		.ascii	"SPIS_1_swStatusTx\000"
 401      5F315F73 
 401      77537461 
 401      74757354 
 401      7800
 402              	.LASF19:
 403 004e 75696E74 		.ascii	"uint8\000"
 403      3800
 404              	.LASF5:
 405 0054 6C6F6E67 		.ascii	"long unsigned int\000"
 405      20756E73 
 405      69676E65 
 405      6420696E 
 405      7400
 406              	.LASF7:
 407 0066 6C6F6E67 		.ascii	"long long unsigned int\000"
 407      206C6F6E 
 407      6720756E 
 407      7369676E 
 407      65642069 
 408              	.LASF16:
 409 007d 474E5520 		.ascii	"GNU C 4.4.1\000"
 409      4320342E 
 409      342E3100 
 410              	.LASF1:
 411 0089 756E7369 		.ascii	"unsigned char\000"
 411      676E6564 
 411      20636861 
 411      7200
 412              	.LASF11:
 413 0097 63686172 		.ascii	"char\000"
 413      00
 414              	.LASF4:
 415 009c 6C6F6E67 		.ascii	"long int\000"
 415      20696E74 
 415      00
 416              	.LASF10:
 417 00a5 646F7562 		.ascii	"double\000"
 417      6C6500
 418              	.LASF3:
 419 00ac 73686F72 		.ascii	"short unsigned int\000"
 419      7420756E 
 419      7369676E 
 419      65642069 
 419      6E7400
 420              	.LASF0:
 421 00bf 7369676E 		.ascii	"signed char\000"
 421      65642063 
 421      68617200 
 422              	.LASF18:
 423 00cb 433A5C55 		.ascii	"C:\\Users\\hoangp\\Documents\\GitHub\\EE542\\firmwa"
 423      73657273 
 423      5C686F61 
ARM GAS  C:\Users\hoangp\AppData\Local\Temp\ccSSDA3J.s 			page 13


 423      6E67705C 
 423      446F6375 
 424 00f8 72655C69 		.ascii	"re\\invert\\invert.cydsn\000"
 424      6E766572 
 424      745C696E 
 424      76657274 
 424      2E637964 
 425              	.LASF9:
 426 010f 666C6F61 		.ascii	"float\000"
 426      7400
 427              	.LASF17:
 428 0115 2E5C4765 		.ascii	".\\Generated_Source\\PSoC5\\SPIS_1_INT.c\000"
 428      6E657261 
 428      7465645F 
 428      536F7572 
 428      63655C50 
 429              	.LASF2:
 430 013b 73686F72 		.ascii	"short int\000"
 430      7420696E 
 430      7400
 431              	.LASF8:
 432 0145 756E7369 		.ascii	"unsigned int\000"
 432      676E6564 
 432      20696E74 
 432      00
 433              		.ident	"GCC: (Sourcery G++ Lite 2010q1-188) 4.4.1"
