ARM GAS  C:\Users\hoangp\AppData\Local\Temp\ccSi2pJ8.s 			page 1


   1              		.syntax unified
   2              		.cpu cortex-m3
   3              		.fpu softvfp
   4              		.eabi_attribute 20, 1
   5              		.eabi_attribute 21, 1
   6              		.eabi_attribute 23, 3
   7              		.eabi_attribute 24, 1
   8              		.eabi_attribute 25, 1
   9              		.eabi_attribute 26, 1
  10              		.eabi_attribute 30, 6
  11              		.eabi_attribute 18, 4
  12              		.thumb
  13              		.file	"SPIS_1_PM.c"
  14              		.section	.debug_abbrev,"",%progbits
  15              	.Ldebug_abbrev0:
  16              		.section	.debug_info,"",%progbits
  17              	.Ldebug_info0:
  18              		.section	.debug_line,"",%progbits
  19              	.Ldebug_line0:
  20 0000 C9000000 		.text
  20      02006E00 
  20      00000201 
  20      FB0E0D00 
  20      01010101 
  21              	.Ltext0:
  22              		.cfi_sections	.debug_frame
  23              		.data
  24              		.align	2
  25              		.type	SPIS_1_backup, %object
  26              		.size	SPIS_1_backup, 4
  27              	SPIS_1_backup:
  28 0000 00       		.byte	0
  29 0001 07       		.byte	7
  30 0002 00       		.byte	0
  31 0003 00       		.byte	0
  32              		.section	.text.SPIS_1_SaveConfig,"ax",%progbits
  33              		.align	2
  34              		.global	SPIS_1_SaveConfig
  35              		.thumb
  36              		.thumb_func
  37              		.type	SPIS_1_SaveConfig, %function
  38              	SPIS_1_SaveConfig:
  39              	.LFB0:
  40              		.file 1 ".\\Generated_Source\\PSoC5\\SPIS_1_PM.c"
   1:.\Generated_Source\PSoC5/SPIS_1_PM.c **** /*******************************************************************************
   2:.\Generated_Source\PSoC5/SPIS_1_PM.c **** * File Name: SPIS_1_PM.c
   3:.\Generated_Source\PSoC5/SPIS_1_PM.c **** * Version 2.50
   4:.\Generated_Source\PSoC5/SPIS_1_PM.c **** *
   5:.\Generated_Source\PSoC5/SPIS_1_PM.c **** * Description:
   6:.\Generated_Source\PSoC5/SPIS_1_PM.c **** *  This file contains the setup, control and status commands to support
   7:.\Generated_Source\PSoC5/SPIS_1_PM.c **** *  component operations in low power mode.
   8:.\Generated_Source\PSoC5/SPIS_1_PM.c **** *
   9:.\Generated_Source\PSoC5/SPIS_1_PM.c **** * Note:
  10:.\Generated_Source\PSoC5/SPIS_1_PM.c **** *
  11:.\Generated_Source\PSoC5/SPIS_1_PM.c **** ********************************************************************************
  12:.\Generated_Source\PSoC5/SPIS_1_PM.c **** * Copyright 2008-2012, Cypress Semiconductor Corporation.  All rights reserved.
  13:.\Generated_Source\PSoC5/SPIS_1_PM.c **** * You may use this file only in accordance with the license, terms, conditions,
ARM GAS  C:\Users\hoangp\AppData\Local\Temp\ccSi2pJ8.s 			page 2


  14:.\Generated_Source\PSoC5/SPIS_1_PM.c **** * disclaimers, and limitations in the end user license agreement accompanying
  15:.\Generated_Source\PSoC5/SPIS_1_PM.c **** * the software package with which this file was provided.
  16:.\Generated_Source\PSoC5/SPIS_1_PM.c **** *******************************************************************************/
  17:.\Generated_Source\PSoC5/SPIS_1_PM.c **** 
  18:.\Generated_Source\PSoC5/SPIS_1_PM.c **** #include "SPIS_1.h"
  19:.\Generated_Source\PSoC5/SPIS_1_PM.c **** 
  20:.\Generated_Source\PSoC5/SPIS_1_PM.c **** static SPIS_1_BACKUP_STRUCT SPIS_1_backup = {
  21:.\Generated_Source\PSoC5/SPIS_1_PM.c ****                                         0u,
  22:.\Generated_Source\PSoC5/SPIS_1_PM.c ****                                         SPIS_1_BITCTR_INIT,
  23:.\Generated_Source\PSoC5/SPIS_1_PM.c ****                                         #if(CY_UDB_V0)
  24:.\Generated_Source\PSoC5/SPIS_1_PM.c ****                                             SPIS_1_TX_INIT_INTERRUPTS_MASK,
  25:.\Generated_Source\PSoC5/SPIS_1_PM.c ****                                             SPIS_1_RX_INIT_INTERRUPTS_MASK
  26:.\Generated_Source\PSoC5/SPIS_1_PM.c ****                                         #endif /* CY_UDB_V0 */
  27:.\Generated_Source\PSoC5/SPIS_1_PM.c ****                                         };
  28:.\Generated_Source\PSoC5/SPIS_1_PM.c **** 
  29:.\Generated_Source\PSoC5/SPIS_1_PM.c **** #if (SPIS_1_TXBUFFERSIZE > 4u)
  30:.\Generated_Source\PSoC5/SPIS_1_PM.c **** 
  31:.\Generated_Source\PSoC5/SPIS_1_PM.c ****     extern volatile uint8 SPIS_1_txBufferRead;
  32:.\Generated_Source\PSoC5/SPIS_1_PM.c ****     extern volatile uint8 SPIS_1_txBufferWrite;
  33:.\Generated_Source\PSoC5/SPIS_1_PM.c **** 
  34:.\Generated_Source\PSoC5/SPIS_1_PM.c **** #endif /* SPIS_1_TXBUFFERSIZE > 4u */
  35:.\Generated_Source\PSoC5/SPIS_1_PM.c **** 
  36:.\Generated_Source\PSoC5/SPIS_1_PM.c **** #if (SPIS_1_RXBUFFERSIZE > 4u)
  37:.\Generated_Source\PSoC5/SPIS_1_PM.c **** 
  38:.\Generated_Source\PSoC5/SPIS_1_PM.c ****     extern volatile uint8 SPIS_1_rxBufferRead;
  39:.\Generated_Source\PSoC5/SPIS_1_PM.c ****     extern volatile uint8 SPIS_1_rxBufferWrite;
  40:.\Generated_Source\PSoC5/SPIS_1_PM.c **** 
  41:.\Generated_Source\PSoC5/SPIS_1_PM.c **** #endif /* SPIS_1_RXBUFFERSIZE > 4u */
  42:.\Generated_Source\PSoC5/SPIS_1_PM.c **** 
  43:.\Generated_Source\PSoC5/SPIS_1_PM.c **** 
  44:.\Generated_Source\PSoC5/SPIS_1_PM.c **** /*******************************************************************************
  45:.\Generated_Source\PSoC5/SPIS_1_PM.c **** * Function Name: SPIS_1_SaveConfig
  46:.\Generated_Source\PSoC5/SPIS_1_PM.c **** ********************************************************************************
  47:.\Generated_Source\PSoC5/SPIS_1_PM.c **** *
  48:.\Generated_Source\PSoC5/SPIS_1_PM.c **** * Summary:
  49:.\Generated_Source\PSoC5/SPIS_1_PM.c **** *  Saves SPIM configuration.
  50:.\Generated_Source\PSoC5/SPIS_1_PM.c **** *
  51:.\Generated_Source\PSoC5/SPIS_1_PM.c **** * Parameters:
  52:.\Generated_Source\PSoC5/SPIS_1_PM.c **** *  None.
  53:.\Generated_Source\PSoC5/SPIS_1_PM.c **** *
  54:.\Generated_Source\PSoC5/SPIS_1_PM.c **** * Return:
  55:.\Generated_Source\PSoC5/SPIS_1_PM.c **** *  None.
  56:.\Generated_Source\PSoC5/SPIS_1_PM.c **** *
  57:.\Generated_Source\PSoC5/SPIS_1_PM.c **** * Global Variables:
  58:.\Generated_Source\PSoC5/SPIS_1_PM.c **** *  SPIS_1_backup - modified when non-retention registers are saved.
  59:.\Generated_Source\PSoC5/SPIS_1_PM.c **** *
  60:.\Generated_Source\PSoC5/SPIS_1_PM.c **** * Reentrant:
  61:.\Generated_Source\PSoC5/SPIS_1_PM.c **** *  No.
  62:.\Generated_Source\PSoC5/SPIS_1_PM.c **** *
  63:.\Generated_Source\PSoC5/SPIS_1_PM.c **** *******************************************************************************/
  64:.\Generated_Source\PSoC5/SPIS_1_PM.c **** void SPIS_1_SaveConfig(void) 
  65:.\Generated_Source\PSoC5/SPIS_1_PM.c **** {
  41              		.loc 1 65 0
  42              		.cfi_startproc
  43              		@ args = 0, pretend = 0, frame = 0
  44              		@ frame_needed = 1, uses_anonymous_args = 0
  45              		@ link register save eliminated.
ARM GAS  C:\Users\hoangp\AppData\Local\Temp\ccSi2pJ8.s 			page 3


  46 0000 80B4     		push	{r7}
  47              	.LCFI0:
  48              		.cfi_def_cfa_offset 4
  49 0002 00AF     		add	r7, sp, #0
  50              		.cfi_offset 7, -4
  51              	.LCFI1:
  52              		.cfi_def_cfa_register 7
  66:.\Generated_Source\PSoC5/SPIS_1_PM.c ****     /* Store Status Mask registers */
  67:.\Generated_Source\PSoC5/SPIS_1_PM.c ****     #if (CY_UDB_V0)
  68:.\Generated_Source\PSoC5/SPIS_1_PM.c **** 
  69:.\Generated_Source\PSoC5/SPIS_1_PM.c ****        SPIS_1_backup.saveSrTxIntMask = SPIS_1_TX_STATUS_MASK_REG;
  53              		.loc 1 69 0
  54 0004 46F28B53 		movw	r3, #:lower16:1073767819
  55 0008 C4F20003 		movt	r3, #:upper16:1073767819
  56 000c 1B78     		ldrb	r3, [r3, #0]
  57 000e DAB2     		uxtb	r2, r3
  58 0010 40F20003 		movw	r3, #:lower16:SPIS_1_backup
  59 0014 C0F20003 		movt	r3, #:upper16:SPIS_1_backup
  60 0018 9A70     		strb	r2, [r3, #2]
  70:.\Generated_Source\PSoC5/SPIS_1_PM.c ****        SPIS_1_backup.saveSrRxIntMask = SPIS_1_RX_STATUS_MASK_REG;
  61              		.loc 1 70 0
  62 001a 46F28853 		movw	r3, #:lower16:1073767816
  63 001e C4F20003 		movt	r3, #:upper16:1073767816
  64 0022 1B78     		ldrb	r3, [r3, #0]
  65 0024 DAB2     		uxtb	r2, r3
  66 0026 40F20003 		movw	r3, #:lower16:SPIS_1_backup
  67 002a C0F20003 		movt	r3, #:upper16:SPIS_1_backup
  68 002e DA70     		strb	r2, [r3, #3]
  71:.\Generated_Source\PSoC5/SPIS_1_PM.c ****        SPIS_1_backup.cntrPeriod = SPIS_1_COUNTER_PERIOD_REG;
  69              		.loc 1 71 0
  70 0030 46F28D43 		movw	r3, #:lower16:1073767565
  71 0034 C4F20003 		movt	r3, #:upper16:1073767565
  72 0038 1B78     		ldrb	r3, [r3, #0]
  73 003a DAB2     		uxtb	r2, r3
  74 003c 40F20003 		movw	r3, #:lower16:SPIS_1_backup
  75 0040 C0F20003 		movt	r3, #:upper16:SPIS_1_backup
  76 0044 5A70     		strb	r2, [r3, #1]
  72:.\Generated_Source\PSoC5/SPIS_1_PM.c **** 
  73:.\Generated_Source\PSoC5/SPIS_1_PM.c ****     #endif /* CY_UDB_V0 */
  74:.\Generated_Source\PSoC5/SPIS_1_PM.c **** }
  77              		.loc 1 74 0
  78 0046 BD46     		mov	sp, r7
  79 0048 80BC     		pop	{r7}
  80 004a 7047     		bx	lr
  81              		.cfi_endproc
  82              	.LFE0:
  83              		.size	SPIS_1_SaveConfig, .-SPIS_1_SaveConfig
  84              		.section	.text.SPIS_1_RestoreConfig,"ax",%progbits
  85              		.align	2
  86              		.global	SPIS_1_RestoreConfig
  87              		.thumb
  88              		.thumb_func
  89              		.type	SPIS_1_RestoreConfig, %function
  90              	SPIS_1_RestoreConfig:
  91              	.LFB1:
  75:.\Generated_Source\PSoC5/SPIS_1_PM.c **** 
  76:.\Generated_Source\PSoC5/SPIS_1_PM.c **** 
ARM GAS  C:\Users\hoangp\AppData\Local\Temp\ccSi2pJ8.s 			page 4


  77:.\Generated_Source\PSoC5/SPIS_1_PM.c **** /*******************************************************************************
  78:.\Generated_Source\PSoC5/SPIS_1_PM.c **** * Function Name: SPIS_1_RestoreConfig
  79:.\Generated_Source\PSoC5/SPIS_1_PM.c **** ********************************************************************************
  80:.\Generated_Source\PSoC5/SPIS_1_PM.c **** *
  81:.\Generated_Source\PSoC5/SPIS_1_PM.c **** * Summary:
  82:.\Generated_Source\PSoC5/SPIS_1_PM.c **** *  Restores SPIM configuration.
  83:.\Generated_Source\PSoC5/SPIS_1_PM.c **** *
  84:.\Generated_Source\PSoC5/SPIS_1_PM.c **** * Parameters:
  85:.\Generated_Source\PSoC5/SPIS_1_PM.c **** *  None.
  86:.\Generated_Source\PSoC5/SPIS_1_PM.c **** *
  87:.\Generated_Source\PSoC5/SPIS_1_PM.c **** * Return:
  88:.\Generated_Source\PSoC5/SPIS_1_PM.c **** *  None.
  89:.\Generated_Source\PSoC5/SPIS_1_PM.c **** *
  90:.\Generated_Source\PSoC5/SPIS_1_PM.c **** * Global Variables:
  91:.\Generated_Source\PSoC5/SPIS_1_PM.c **** *  SPIS_1_backup - used when non-retention registers are restored.
  92:.\Generated_Source\PSoC5/SPIS_1_PM.c **** *
  93:.\Generated_Source\PSoC5/SPIS_1_PM.c **** * Side Effects:
  94:.\Generated_Source\PSoC5/SPIS_1_PM.c **** *  If this API is called without first calling SaveConfig then in the following
  95:.\Generated_Source\PSoC5/SPIS_1_PM.c **** *  registers will be default values from Customizer:
  96:.\Generated_Source\PSoC5/SPIS_1_PM.c **** *  SPIS_1_STATUS_MASK_REG and SPIS_1_COUNTER_PERIOD_REG.
  97:.\Generated_Source\PSoC5/SPIS_1_PM.c **** *
  98:.\Generated_Source\PSoC5/SPIS_1_PM.c **** *******************************************************************************/
  99:.\Generated_Source\PSoC5/SPIS_1_PM.c **** void SPIS_1_RestoreConfig(void) 
 100:.\Generated_Source\PSoC5/SPIS_1_PM.c **** {
  92              		.loc 1 100 0
  93              		.cfi_startproc
  94              		@ args = 0, pretend = 0, frame = 0
  95              		@ frame_needed = 1, uses_anonymous_args = 0
  96              		@ link register save eliminated.
  97 0000 80B4     		push	{r7}
  98              	.LCFI2:
  99              		.cfi_def_cfa_offset 4
 100 0002 00AF     		add	r7, sp, #0
 101              		.cfi_offset 7, -4
 102              	.LCFI3:
 103              		.cfi_def_cfa_register 7
 101:.\Generated_Source\PSoC5/SPIS_1_PM.c ****     /* Restore the data, saved by SaveConfig() function */
 102:.\Generated_Source\PSoC5/SPIS_1_PM.c ****     #if (CY_UDB_V0)
 103:.\Generated_Source\PSoC5/SPIS_1_PM.c **** 
 104:.\Generated_Source\PSoC5/SPIS_1_PM.c ****         SPIS_1_TX_STATUS_MASK_REG = SPIS_1_backup.saveSrTxIntMask;
 104              		.loc 1 104 0
 105 0004 46F28B53 		movw	r3, #:lower16:1073767819
 106 0008 C4F20003 		movt	r3, #:upper16:1073767819
 107 000c 40F20002 		movw	r2, #:lower16:SPIS_1_backup
 108 0010 C0F20002 		movt	r2, #:upper16:SPIS_1_backup
 109 0014 9278     		ldrb	r2, [r2, #2]	@ zero_extendqisi2
 110 0016 1A70     		strb	r2, [r3, #0]
 105:.\Generated_Source\PSoC5/SPIS_1_PM.c ****         SPIS_1_RX_STATUS_MASK_REG = SPIS_1_backup.saveSrRxIntMask;
 111              		.loc 1 105 0
 112 0018 46F28853 		movw	r3, #:lower16:1073767816
 113 001c C4F20003 		movt	r3, #:upper16:1073767816
 114 0020 40F20002 		movw	r2, #:lower16:SPIS_1_backup
 115 0024 C0F20002 		movt	r2, #:upper16:SPIS_1_backup
 116 0028 D278     		ldrb	r2, [r2, #3]	@ zero_extendqisi2
 117 002a 1A70     		strb	r2, [r3, #0]
 106:.\Generated_Source\PSoC5/SPIS_1_PM.c ****         SPIS_1_COUNTER_PERIOD_REG = SPIS_1_backup.cntrPeriod;
 118              		.loc 1 106 0
ARM GAS  C:\Users\hoangp\AppData\Local\Temp\ccSi2pJ8.s 			page 5


 119 002c 46F28D43 		movw	r3, #:lower16:1073767565
 120 0030 C4F20003 		movt	r3, #:upper16:1073767565
 121 0034 40F20002 		movw	r2, #:lower16:SPIS_1_backup
 122 0038 C0F20002 		movt	r2, #:upper16:SPIS_1_backup
 123 003c 5278     		ldrb	r2, [r2, #1]	@ zero_extendqisi2
 124 003e 1A70     		strb	r2, [r3, #0]
 107:.\Generated_Source\PSoC5/SPIS_1_PM.c **** 
 108:.\Generated_Source\PSoC5/SPIS_1_PM.c ****     #endif /* CY_UDB_V0 */
 109:.\Generated_Source\PSoC5/SPIS_1_PM.c **** }
 125              		.loc 1 109 0
 126 0040 BD46     		mov	sp, r7
 127 0042 80BC     		pop	{r7}
 128 0044 7047     		bx	lr
 129              		.cfi_endproc
 130              	.LFE1:
 131              		.size	SPIS_1_RestoreConfig, .-SPIS_1_RestoreConfig
 132 0046 00BF     		.section	.text.SPIS_1_Sleep,"ax",%progbits
 133              		.align	2
 134              		.global	SPIS_1_Sleep
 135              		.thumb
 136              		.thumb_func
 137              		.type	SPIS_1_Sleep, %function
 138              	SPIS_1_Sleep:
 139              	.LFB2:
 110:.\Generated_Source\PSoC5/SPIS_1_PM.c **** 
 111:.\Generated_Source\PSoC5/SPIS_1_PM.c **** 
 112:.\Generated_Source\PSoC5/SPIS_1_PM.c **** /*******************************************************************************
 113:.\Generated_Source\PSoC5/SPIS_1_PM.c **** * Function Name: SPIS_1_Sleep
 114:.\Generated_Source\PSoC5/SPIS_1_PM.c **** ********************************************************************************
 115:.\Generated_Source\PSoC5/SPIS_1_PM.c **** *
 116:.\Generated_Source\PSoC5/SPIS_1_PM.c **** * Summary:
 117:.\Generated_Source\PSoC5/SPIS_1_PM.c **** *  Prepare SPIM Component goes to sleep.
 118:.\Generated_Source\PSoC5/SPIS_1_PM.c **** *
 119:.\Generated_Source\PSoC5/SPIS_1_PM.c **** * Parameters:
 120:.\Generated_Source\PSoC5/SPIS_1_PM.c **** *  None.
 121:.\Generated_Source\PSoC5/SPIS_1_PM.c **** *
 122:.\Generated_Source\PSoC5/SPIS_1_PM.c **** * Return:
 123:.\Generated_Source\PSoC5/SPIS_1_PM.c **** *  None.
 124:.\Generated_Source\PSoC5/SPIS_1_PM.c **** *
 125:.\Generated_Source\PSoC5/SPIS_1_PM.c **** * Global Variables:
 126:.\Generated_Source\PSoC5/SPIS_1_PM.c **** *  SPIS_1_backup - modified when non-retention registers are saved.
 127:.\Generated_Source\PSoC5/SPIS_1_PM.c **** *
 128:.\Generated_Source\PSoC5/SPIS_1_PM.c **** * Reentrant:
 129:.\Generated_Source\PSoC5/SPIS_1_PM.c **** *  No.
 130:.\Generated_Source\PSoC5/SPIS_1_PM.c **** *
 131:.\Generated_Source\PSoC5/SPIS_1_PM.c **** *******************************************************************************/
 132:.\Generated_Source\PSoC5/SPIS_1_PM.c **** void SPIS_1_Sleep(void) 
 133:.\Generated_Source\PSoC5/SPIS_1_PM.c **** {
 140              		.loc 1 133 0
 141              		.cfi_startproc
 142              		@ args = 0, pretend = 0, frame = 0
 143              		@ frame_needed = 1, uses_anonymous_args = 0
 144 0000 80B5     		push	{r7, lr}
 145              	.LCFI4:
 146              		.cfi_def_cfa_offset 8
 147 0002 00AF     		add	r7, sp, #0
 148              		.cfi_offset 14, -4
ARM GAS  C:\Users\hoangp\AppData\Local\Temp\ccSi2pJ8.s 			page 6


 149              		.cfi_offset 7, -8
 150              	.LCFI5:
 151              		.cfi_def_cfa_register 7
 134:.\Generated_Source\PSoC5/SPIS_1_PM.c ****     /* Save components enable state */
 135:.\Generated_Source\PSoC5/SPIS_1_PM.c ****     if ((SPIS_1_TX_STATUS_ACTL_REG & SPIS_1_INT_ENABLE) == SPIS_1_INT_ENABLE)
 152              		.loc 1 135 0
 153 0004 46F29B53 		movw	r3, #:lower16:1073767835
 154 0008 C4F20003 		movt	r3, #:upper16:1073767835
 155 000c 1B78     		ldrb	r3, [r3, #0]
 156 000e DBB2     		uxtb	r3, r3
 157 0010 03F01003 		and	r3, r3, #16
 158 0014 002B     		cmp	r3, #0
 159 0016 07D0     		beq	.L6
 136:.\Generated_Source\PSoC5/SPIS_1_PM.c ****     {
 137:.\Generated_Source\PSoC5/SPIS_1_PM.c ****         SPIS_1_backup.enableState = 1u;
 160              		.loc 1 137 0
 161 0018 40F20003 		movw	r3, #:lower16:SPIS_1_backup
 162 001c C0F20003 		movt	r3, #:upper16:SPIS_1_backup
 163 0020 4FF00102 		mov	r2, #1
 164 0024 1A70     		strb	r2, [r3, #0]
 165 0026 06E0     		b	.L7
 166              	.L6:
 138:.\Generated_Source\PSoC5/SPIS_1_PM.c ****     }
 139:.\Generated_Source\PSoC5/SPIS_1_PM.c ****     else /* Components block is disabled */
 140:.\Generated_Source\PSoC5/SPIS_1_PM.c ****     {
 141:.\Generated_Source\PSoC5/SPIS_1_PM.c ****         SPIS_1_backup.enableState = 0u;
 167              		.loc 1 141 0
 168 0028 40F20003 		movw	r3, #:lower16:SPIS_1_backup
 169 002c C0F20003 		movt	r3, #:upper16:SPIS_1_backup
 170 0030 4FF00002 		mov	r2, #0
 171 0034 1A70     		strb	r2, [r3, #0]
 172              	.L7:
 142:.\Generated_Source\PSoC5/SPIS_1_PM.c ****     }
 143:.\Generated_Source\PSoC5/SPIS_1_PM.c **** 
 144:.\Generated_Source\PSoC5/SPIS_1_PM.c ****     SPIS_1_Stop();
 173              		.loc 1 144 0
 174 0036 FFF7FEFF 		bl	SPIS_1_Stop
 145:.\Generated_Source\PSoC5/SPIS_1_PM.c **** 
 146:.\Generated_Source\PSoC5/SPIS_1_PM.c ****     SPIS_1_SaveConfig();
 175              		.loc 1 146 0
 176 003a FFF7FEFF 		bl	SPIS_1_SaveConfig
 147:.\Generated_Source\PSoC5/SPIS_1_PM.c **** }
 177              		.loc 1 147 0
 178 003e 80BD     		pop	{r7, pc}
 179              		.cfi_endproc
 180              	.LFE2:
 181              		.size	SPIS_1_Sleep, .-SPIS_1_Sleep
 182              		.section	.text.SPIS_1_Wakeup,"ax",%progbits
 183              		.align	2
 184              		.global	SPIS_1_Wakeup
 185              		.thumb
 186              		.thumb_func
 187              		.type	SPIS_1_Wakeup, %function
 188              	SPIS_1_Wakeup:
 189              	.LFB3:
 148:.\Generated_Source\PSoC5/SPIS_1_PM.c **** 
 149:.\Generated_Source\PSoC5/SPIS_1_PM.c **** 
ARM GAS  C:\Users\hoangp\AppData\Local\Temp\ccSi2pJ8.s 			page 7


 150:.\Generated_Source\PSoC5/SPIS_1_PM.c **** /*******************************************************************************
 151:.\Generated_Source\PSoC5/SPIS_1_PM.c **** * Function Name: SPIS_1_Wakeup
 152:.\Generated_Source\PSoC5/SPIS_1_PM.c **** ********************************************************************************
 153:.\Generated_Source\PSoC5/SPIS_1_PM.c **** *
 154:.\Generated_Source\PSoC5/SPIS_1_PM.c **** * Summary:
 155:.\Generated_Source\PSoC5/SPIS_1_PM.c **** *  Prepare SPIM Component to wake up.
 156:.\Generated_Source\PSoC5/SPIS_1_PM.c **** *
 157:.\Generated_Source\PSoC5/SPIS_1_PM.c **** * Parameters:
 158:.\Generated_Source\PSoC5/SPIS_1_PM.c **** *  None.
 159:.\Generated_Source\PSoC5/SPIS_1_PM.c **** *
 160:.\Generated_Source\PSoC5/SPIS_1_PM.c **** * Return:
 161:.\Generated_Source\PSoC5/SPIS_1_PM.c **** *  None.
 162:.\Generated_Source\PSoC5/SPIS_1_PM.c **** *
 163:.\Generated_Source\PSoC5/SPIS_1_PM.c **** * Global Variables:
 164:.\Generated_Source\PSoC5/SPIS_1_PM.c **** *  SPIS_1_backup - used when non-retention registers are restored.
 165:.\Generated_Source\PSoC5/SPIS_1_PM.c **** *  SPIS_1_txBufferWrite - modified every function call - resets to
 166:.\Generated_Source\PSoC5/SPIS_1_PM.c **** *  zero.
 167:.\Generated_Source\PSoC5/SPIS_1_PM.c **** *  SPIS_1_txBufferRead - modified every function call - resets to
 168:.\Generated_Source\PSoC5/SPIS_1_PM.c **** *  zero.
 169:.\Generated_Source\PSoC5/SPIS_1_PM.c **** *  SPIS_1_rxBufferWrite - modified every function call - resets to
 170:.\Generated_Source\PSoC5/SPIS_1_PM.c **** *  zero.
 171:.\Generated_Source\PSoC5/SPIS_1_PM.c **** *  SPIS_1_rxBufferRead - modified every function call - resets to
 172:.\Generated_Source\PSoC5/SPIS_1_PM.c **** *  zero.
 173:.\Generated_Source\PSoC5/SPIS_1_PM.c **** *
 174:.\Generated_Source\PSoC5/SPIS_1_PM.c **** * Reentrant:
 175:.\Generated_Source\PSoC5/SPIS_1_PM.c **** *  No.
 176:.\Generated_Source\PSoC5/SPIS_1_PM.c **** *
 177:.\Generated_Source\PSoC5/SPIS_1_PM.c **** *******************************************************************************/
 178:.\Generated_Source\PSoC5/SPIS_1_PM.c **** void SPIS_1_Wakeup(void) 
 179:.\Generated_Source\PSoC5/SPIS_1_PM.c **** {
 190              		.loc 1 179 0
 191              		.cfi_startproc
 192              		@ args = 0, pretend = 0, frame = 0
 193              		@ frame_needed = 1, uses_anonymous_args = 0
 194 0000 80B5     		push	{r7, lr}
 195              	.LCFI6:
 196              		.cfi_def_cfa_offset 8
 197 0002 00AF     		add	r7, sp, #0
 198              		.cfi_offset 14, -4
 199              		.cfi_offset 7, -8
 200              	.LCFI7:
 201              		.cfi_def_cfa_register 7
 180:.\Generated_Source\PSoC5/SPIS_1_PM.c ****     SPIS_1_RestoreConfig();
 202              		.loc 1 180 0
 203 0004 FFF7FEFF 		bl	SPIS_1_RestoreConfig
 181:.\Generated_Source\PSoC5/SPIS_1_PM.c **** 
 182:.\Generated_Source\PSoC5/SPIS_1_PM.c ****     #if (SPIS_1_TXBUFFERSIZE > 4u)
 183:.\Generated_Source\PSoC5/SPIS_1_PM.c **** 
 184:.\Generated_Source\PSoC5/SPIS_1_PM.c ****         SPIS_1_txBufferRead = 0u;
 185:.\Generated_Source\PSoC5/SPIS_1_PM.c ****         SPIS_1_txBufferWrite = 0u;
 186:.\Generated_Source\PSoC5/SPIS_1_PM.c **** 
 187:.\Generated_Source\PSoC5/SPIS_1_PM.c ****     #endif /* SPIS_1_TXBUFFERSIZE > 4u */
 188:.\Generated_Source\PSoC5/SPIS_1_PM.c **** 
 189:.\Generated_Source\PSoC5/SPIS_1_PM.c ****     #if (SPIS_1_RXBUFFERSIZE > 4u)
 190:.\Generated_Source\PSoC5/SPIS_1_PM.c **** 
 191:.\Generated_Source\PSoC5/SPIS_1_PM.c ****         SPIS_1_rxBufferRead = 0u;
 192:.\Generated_Source\PSoC5/SPIS_1_PM.c ****         SPIS_1_rxBufferWrite = 0u;
ARM GAS  C:\Users\hoangp\AppData\Local\Temp\ccSi2pJ8.s 			page 8


 193:.\Generated_Source\PSoC5/SPIS_1_PM.c **** 
 194:.\Generated_Source\PSoC5/SPIS_1_PM.c ****     #endif /* SPIS_1_RXBUFFERSIZE > 4u */
 195:.\Generated_Source\PSoC5/SPIS_1_PM.c **** 
 196:.\Generated_Source\PSoC5/SPIS_1_PM.c ****     SPIS_1_ClearFIFO();
 204              		.loc 1 196 0
 205 0008 FFF7FEFF 		bl	SPIS_1_ClearFIFO
 197:.\Generated_Source\PSoC5/SPIS_1_PM.c **** 
 198:.\Generated_Source\PSoC5/SPIS_1_PM.c ****     /* Restore components block enable state */
 199:.\Generated_Source\PSoC5/SPIS_1_PM.c ****     if (SPIS_1_backup.enableState != 0u)
 206              		.loc 1 199 0
 207 000c 40F20003 		movw	r3, #:lower16:SPIS_1_backup
 208 0010 C0F20003 		movt	r3, #:upper16:SPIS_1_backup
 209 0014 1B78     		ldrb	r3, [r3, #0]	@ zero_extendqisi2
 210 0016 002B     		cmp	r3, #0
 211 0018 01D0     		beq	.L11
 200:.\Generated_Source\PSoC5/SPIS_1_PM.c ****     {
 201:.\Generated_Source\PSoC5/SPIS_1_PM.c ****          /* Components block was enabled */
 202:.\Generated_Source\PSoC5/SPIS_1_PM.c ****          SPIS_1_Enable();
 212              		.loc 1 202 0
 213 001a FFF7FEFF 		bl	SPIS_1_Enable
 214              	.L11:
 203:.\Generated_Source\PSoC5/SPIS_1_PM.c ****     } /* Do nothing if components block was disabled */
 204:.\Generated_Source\PSoC5/SPIS_1_PM.c **** }
 215              		.loc 1 204 0
 216 001e 80BD     		pop	{r7, pc}
 217              		.cfi_endproc
 218              	.LFE3:
 219              		.size	SPIS_1_Wakeup, .-SPIS_1_Wakeup
 220              		.text
 221              	.Letext0:
 222              		.section	.debug_loc,"",%progbits
 223              	.Ldebug_loc0:
 224              	.LLST0:
 225 0000 00000000 		.4byte	.LFB0
 226 0004 02000000 		.4byte	.LCFI0
 227 0008 0100     		.2byte	0x1
 228 000a 5D       		.byte	0x5d
 229 000b 02000000 		.4byte	.LCFI0
 230 000f 04000000 		.4byte	.LCFI1
 231 0013 0200     		.2byte	0x2
 232 0015 7D       		.byte	0x7d
 233 0016 04       		.sleb128 4
 234 0017 04000000 		.4byte	.LCFI1
 235 001b 4C000000 		.4byte	.LFE0
 236 001f 0200     		.2byte	0x2
 237 0021 77       		.byte	0x77
 238 0022 04       		.sleb128 4
 239 0023 00000000 		.4byte	0x0
 240 0027 00000000 		.4byte	0x0
 241              	.LLST1:
 242 002b 00000000 		.4byte	.LFB1
 243 002f 02000000 		.4byte	.LCFI2
 244 0033 0100     		.2byte	0x1
 245 0035 5D       		.byte	0x5d
 246 0036 02000000 		.4byte	.LCFI2
 247 003a 04000000 		.4byte	.LCFI3
 248 003e 0200     		.2byte	0x2
ARM GAS  C:\Users\hoangp\AppData\Local\Temp\ccSi2pJ8.s 			page 9


 249 0040 7D       		.byte	0x7d
 250 0041 04       		.sleb128 4
 251 0042 04000000 		.4byte	.LCFI3
 252 0046 46000000 		.4byte	.LFE1
 253 004a 0200     		.2byte	0x2
 254 004c 77       		.byte	0x77
 255 004d 04       		.sleb128 4
 256 004e 00000000 		.4byte	0x0
 257 0052 00000000 		.4byte	0x0
 258              	.LLST2:
 259 0056 00000000 		.4byte	.LFB2
 260 005a 02000000 		.4byte	.LCFI4
 261 005e 0100     		.2byte	0x1
 262 0060 5D       		.byte	0x5d
 263 0061 02000000 		.4byte	.LCFI4
 264 0065 04000000 		.4byte	.LCFI5
 265 0069 0200     		.2byte	0x2
 266 006b 7D       		.byte	0x7d
 267 006c 08       		.sleb128 8
 268 006d 04000000 		.4byte	.LCFI5
 269 0071 40000000 		.4byte	.LFE2
 270 0075 0200     		.2byte	0x2
 271 0077 77       		.byte	0x77
 272 0078 08       		.sleb128 8
 273 0079 00000000 		.4byte	0x0
 274 007d 00000000 		.4byte	0x0
 275              	.LLST3:
 276 0081 00000000 		.4byte	.LFB3
 277 0085 02000000 		.4byte	.LCFI6
 278 0089 0100     		.2byte	0x1
 279 008b 5D       		.byte	0x5d
 280 008c 02000000 		.4byte	.LCFI6
 281 0090 04000000 		.4byte	.LCFI7
 282 0094 0200     		.2byte	0x2
 283 0096 7D       		.byte	0x7d
 284 0097 08       		.sleb128 8
 285 0098 04000000 		.4byte	.LCFI7
 286 009c 20000000 		.4byte	.LFE3
 287 00a0 0200     		.2byte	0x2
 288 00a2 77       		.byte	0x77
 289 00a3 08       		.sleb128 8
 290 00a4 00000000 		.4byte	0x0
 291 00a8 00000000 		.4byte	0x0
 292              		.file 2 ".\\Generated_Source\\PSoC5\\/SPIS_1.h"
 293              		.file 3 ".\\Generated_Source\\PSoC5\\/cytypes.h"
 294              		.section	.debug_info
 295 0000 44010000 		.4byte	0x144
 296 0004 0200     		.2byte	0x2
 297 0006 00000000 		.4byte	.Ldebug_abbrev0
 298 000a 04       		.byte	0x4
 299 000b 01       		.uleb128 0x1
 300 000c A5000000 		.4byte	.LASF22
 301 0010 01       		.byte	0x1
 302 0011 80010000 		.4byte	.LASF23
 303 0015 3C010000 		.4byte	.LASF24
 304 0019 00000000 		.4byte	0x0
 305 001d 00000000 		.4byte	0x0
ARM GAS  C:\Users\hoangp\AppData\Local\Temp\ccSi2pJ8.s 			page 10


 306 0021 00000000 		.4byte	.Ldebug_ranges0+0x0
 307 0025 00000000 		.4byte	.Ldebug_line0
 308 0029 02       		.uleb128 0x2
 309 002a 01       		.byte	0x1
 310 002b 06       		.byte	0x6
 311 002c 12010000 		.4byte	.LASF0
 312 0030 02       		.uleb128 0x2
 313 0031 01       		.byte	0x1
 314 0032 08       		.byte	0x8
 315 0033 C1000000 		.4byte	.LASF1
 316 0037 02       		.uleb128 0x2
 317 0038 02       		.byte	0x2
 318 0039 05       		.byte	0x5
 319 003a 24010000 		.4byte	.LASF2
 320 003e 02       		.uleb128 0x2
 321 003f 02       		.byte	0x2
 322 0040 07       		.byte	0x7
 323 0041 FF000000 		.4byte	.LASF3
 324 0045 02       		.uleb128 0x2
 325 0046 04       		.byte	0x4
 326 0047 05       		.byte	0x5
 327 0048 D4000000 		.4byte	.LASF4
 328 004c 02       		.uleb128 0x2
 329 004d 04       		.byte	0x4
 330 004e 07       		.byte	0x7
 331 004f 67000000 		.4byte	.LASF5
 332 0053 02       		.uleb128 0x2
 333 0054 08       		.byte	0x8
 334 0055 05       		.byte	0x5
 335 0056 00000000 		.4byte	.LASF6
 336 005a 02       		.uleb128 0x2
 337 005b 08       		.byte	0x8
 338 005c 07       		.byte	0x7
 339 005d 8E000000 		.4byte	.LASF7
 340 0061 03       		.uleb128 0x3
 341 0062 04       		.byte	0x4
 342 0063 05       		.byte	0x5
 343 0064 696E7400 		.ascii	"int\000"
 344 0068 02       		.uleb128 0x2
 345 0069 04       		.byte	0x4
 346 006a 07       		.byte	0x7
 347 006b 2F000000 		.4byte	.LASF8
 348 006f 04       		.uleb128 0x4
 349 0070 61000000 		.4byte	.LASF16
 350 0074 03       		.byte	0x3
 351 0075 4C       		.byte	0x4c
 352 0076 30000000 		.4byte	0x30
 353 007a 02       		.uleb128 0x2
 354 007b 04       		.byte	0x4
 355 007c 04       		.byte	0x4
 356 007d 1E010000 		.4byte	.LASF9
 357 0081 02       		.uleb128 0x2
 358 0082 08       		.byte	0x8
 359 0083 04       		.byte	0x4
 360 0084 DD000000 		.4byte	.LASF10
 361 0088 02       		.uleb128 0x2
 362 0089 01       		.byte	0x1
ARM GAS  C:\Users\hoangp\AppData\Local\Temp\ccSi2pJ8.s 			page 11


 363 008a 08       		.byte	0x8
 364 008b CF000000 		.4byte	.LASF11
 365 008f 05       		.uleb128 0x5
 366 0090 04       		.byte	0x4
 367 0091 07       		.byte	0x7
 368 0092 06       		.uleb128 0x6
 369 0093 79000000 		.4byte	.LASF25
 370 0097 04       		.byte	0x4
 371 0098 02       		.byte	0x2
 372 0099 37       		.byte	0x37
 373 009a D7000000 		.4byte	0xd7
 374 009e 07       		.uleb128 0x7
 375 009f 23000000 		.4byte	.LASF12
 376 00a3 02       		.byte	0x2
 377 00a4 38       		.byte	0x38
 378 00a5 6F000000 		.4byte	0x6f
 379 00a9 02       		.byte	0x2
 380 00aa 23       		.byte	0x23
 381 00ab 00       		.uleb128 0x0
 382 00ac 07       		.uleb128 0x7
 383 00ad B7010000 		.4byte	.LASF13
 384 00b1 02       		.byte	0x2
 385 00b2 39       		.byte	0x39
 386 00b3 6F000000 		.4byte	0x6f
 387 00b7 02       		.byte	0x2
 388 00b8 23       		.byte	0x23
 389 00b9 01       		.uleb128 0x1
 390 00ba 07       		.uleb128 0x7
 391 00bb 51000000 		.4byte	.LASF14
 392 00bf 02       		.byte	0x2
 393 00c0 3D       		.byte	0x3d
 394 00c1 6F000000 		.4byte	0x6f
 395 00c5 02       		.byte	0x2
 396 00c6 23       		.byte	0x23
 397 00c7 02       		.uleb128 0x2
 398 00c8 07       		.uleb128 0x7
 399 00c9 B1000000 		.4byte	.LASF15
 400 00cd 02       		.byte	0x2
 401 00ce 3E       		.byte	0x3e
 402 00cf 6F000000 		.4byte	0x6f
 403 00d3 02       		.byte	0x2
 404 00d4 23       		.byte	0x23
 405 00d5 03       		.uleb128 0x3
 406 00d6 00       		.byte	0x0
 407 00d7 04       		.uleb128 0x4
 408 00d8 3C000000 		.4byte	.LASF17
 409 00dc 02       		.byte	0x2
 410 00dd 42       		.byte	0x42
 411 00de 92000000 		.4byte	0x92
 412 00e2 08       		.uleb128 0x8
 413 00e3 01       		.byte	0x1
 414 00e4 A5010000 		.4byte	.LASF18
 415 00e8 01       		.byte	0x1
 416 00e9 40       		.byte	0x40
 417 00ea 01       		.byte	0x1
 418 00eb 00000000 		.4byte	.LFB0
 419 00ef 4C000000 		.4byte	.LFE0
ARM GAS  C:\Users\hoangp\AppData\Local\Temp\ccSi2pJ8.s 			page 12


 420 00f3 00000000 		.4byte	.LLST0
 421 00f7 08       		.uleb128 0x8
 422 00f8 01       		.byte	0x1
 423 00f9 0E000000 		.4byte	.LASF19
 424 00fd 01       		.byte	0x1
 425 00fe 63       		.byte	0x63
 426 00ff 01       		.byte	0x1
 427 0100 00000000 		.4byte	.LFB1
 428 0104 46000000 		.4byte	.LFE1
 429 0108 2B000000 		.4byte	.LLST1
 430 010c 08       		.uleb128 0x8
 431 010d 01       		.byte	0x1
 432 010e E4000000 		.4byte	.LASF20
 433 0112 01       		.byte	0x1
 434 0113 84       		.byte	0x84
 435 0114 01       		.byte	0x1
 436 0115 00000000 		.4byte	.LFB2
 437 0119 40000000 		.4byte	.LFE2
 438 011d 56000000 		.4byte	.LLST2
 439 0121 08       		.uleb128 0x8
 440 0122 01       		.byte	0x1
 441 0123 F1000000 		.4byte	.LASF21
 442 0127 01       		.byte	0x1
 443 0128 B2       		.byte	0xb2
 444 0129 01       		.byte	0x1
 445 012a 00000000 		.4byte	.LFB3
 446 012e 20000000 		.4byte	.LFE3
 447 0132 81000000 		.4byte	.LLST3
 448 0136 09       		.uleb128 0x9
 449 0137 2E010000 		.4byte	.LASF26
 450 013b 01       		.byte	0x1
 451 013c 14       		.byte	0x14
 452 013d D7000000 		.4byte	0xd7
 453 0141 05       		.byte	0x5
 454 0142 03       		.byte	0x3
 455 0143 00000000 		.4byte	SPIS_1_backup
 456 0147 00       		.byte	0x0
 457              		.section	.debug_abbrev
 458 0000 01       		.uleb128 0x1
 459 0001 11       		.uleb128 0x11
 460 0002 01       		.byte	0x1
 461 0003 25       		.uleb128 0x25
 462 0004 0E       		.uleb128 0xe
 463 0005 13       		.uleb128 0x13
 464 0006 0B       		.uleb128 0xb
 465 0007 03       		.uleb128 0x3
 466 0008 0E       		.uleb128 0xe
 467 0009 1B       		.uleb128 0x1b
 468 000a 0E       		.uleb128 0xe
 469 000b 11       		.uleb128 0x11
 470 000c 01       		.uleb128 0x1
 471 000d 52       		.uleb128 0x52
 472 000e 01       		.uleb128 0x1
 473 000f 55       		.uleb128 0x55
 474 0010 06       		.uleb128 0x6
 475 0011 10       		.uleb128 0x10
 476 0012 06       		.uleb128 0x6
ARM GAS  C:\Users\hoangp\AppData\Local\Temp\ccSi2pJ8.s 			page 13


 477 0013 00       		.byte	0x0
 478 0014 00       		.byte	0x0
 479 0015 02       		.uleb128 0x2
 480 0016 24       		.uleb128 0x24
 481 0017 00       		.byte	0x0
 482 0018 0B       		.uleb128 0xb
 483 0019 0B       		.uleb128 0xb
 484 001a 3E       		.uleb128 0x3e
 485 001b 0B       		.uleb128 0xb
 486 001c 03       		.uleb128 0x3
 487 001d 0E       		.uleb128 0xe
 488 001e 00       		.byte	0x0
 489 001f 00       		.byte	0x0
 490 0020 03       		.uleb128 0x3
 491 0021 24       		.uleb128 0x24
 492 0022 00       		.byte	0x0
 493 0023 0B       		.uleb128 0xb
 494 0024 0B       		.uleb128 0xb
 495 0025 3E       		.uleb128 0x3e
 496 0026 0B       		.uleb128 0xb
 497 0027 03       		.uleb128 0x3
 498 0028 08       		.uleb128 0x8
 499 0029 00       		.byte	0x0
 500 002a 00       		.byte	0x0
 501 002b 04       		.uleb128 0x4
 502 002c 16       		.uleb128 0x16
 503 002d 00       		.byte	0x0
 504 002e 03       		.uleb128 0x3
 505 002f 0E       		.uleb128 0xe
 506 0030 3A       		.uleb128 0x3a
 507 0031 0B       		.uleb128 0xb
 508 0032 3B       		.uleb128 0x3b
 509 0033 0B       		.uleb128 0xb
 510 0034 49       		.uleb128 0x49
 511 0035 13       		.uleb128 0x13
 512 0036 00       		.byte	0x0
 513 0037 00       		.byte	0x0
 514 0038 05       		.uleb128 0x5
 515 0039 24       		.uleb128 0x24
 516 003a 00       		.byte	0x0
 517 003b 0B       		.uleb128 0xb
 518 003c 0B       		.uleb128 0xb
 519 003d 3E       		.uleb128 0x3e
 520 003e 0B       		.uleb128 0xb
 521 003f 00       		.byte	0x0
 522 0040 00       		.byte	0x0
 523 0041 06       		.uleb128 0x6
 524 0042 13       		.uleb128 0x13
 525 0043 01       		.byte	0x1
 526 0044 03       		.uleb128 0x3
 527 0045 0E       		.uleb128 0xe
 528 0046 0B       		.uleb128 0xb
 529 0047 0B       		.uleb128 0xb
 530 0048 3A       		.uleb128 0x3a
 531 0049 0B       		.uleb128 0xb
 532 004a 3B       		.uleb128 0x3b
 533 004b 0B       		.uleb128 0xb
ARM GAS  C:\Users\hoangp\AppData\Local\Temp\ccSi2pJ8.s 			page 14


 534 004c 01       		.uleb128 0x1
 535 004d 13       		.uleb128 0x13
 536 004e 00       		.byte	0x0
 537 004f 00       		.byte	0x0
 538 0050 07       		.uleb128 0x7
 539 0051 0D       		.uleb128 0xd
 540 0052 00       		.byte	0x0
 541 0053 03       		.uleb128 0x3
 542 0054 0E       		.uleb128 0xe
 543 0055 3A       		.uleb128 0x3a
 544 0056 0B       		.uleb128 0xb
 545 0057 3B       		.uleb128 0x3b
 546 0058 0B       		.uleb128 0xb
 547 0059 49       		.uleb128 0x49
 548 005a 13       		.uleb128 0x13
 549 005b 38       		.uleb128 0x38
 550 005c 0A       		.uleb128 0xa
 551 005d 00       		.byte	0x0
 552 005e 00       		.byte	0x0
 553 005f 08       		.uleb128 0x8
 554 0060 2E       		.uleb128 0x2e
 555 0061 00       		.byte	0x0
 556 0062 3F       		.uleb128 0x3f
 557 0063 0C       		.uleb128 0xc
 558 0064 03       		.uleb128 0x3
 559 0065 0E       		.uleb128 0xe
 560 0066 3A       		.uleb128 0x3a
 561 0067 0B       		.uleb128 0xb
 562 0068 3B       		.uleb128 0x3b
 563 0069 0B       		.uleb128 0xb
 564 006a 27       		.uleb128 0x27
 565 006b 0C       		.uleb128 0xc
 566 006c 11       		.uleb128 0x11
 567 006d 01       		.uleb128 0x1
 568 006e 12       		.uleb128 0x12
 569 006f 01       		.uleb128 0x1
 570 0070 40       		.uleb128 0x40
 571 0071 06       		.uleb128 0x6
 572 0072 00       		.byte	0x0
 573 0073 00       		.byte	0x0
 574 0074 09       		.uleb128 0x9
 575 0075 34       		.uleb128 0x34
 576 0076 00       		.byte	0x0
 577 0077 03       		.uleb128 0x3
 578 0078 0E       		.uleb128 0xe
 579 0079 3A       		.uleb128 0x3a
 580 007a 0B       		.uleb128 0xb
 581 007b 3B       		.uleb128 0x3b
 582 007c 0B       		.uleb128 0xb
 583 007d 49       		.uleb128 0x49
 584 007e 13       		.uleb128 0x13
 585 007f 02       		.uleb128 0x2
 586 0080 0A       		.uleb128 0xa
 587 0081 00       		.byte	0x0
 588 0082 00       		.byte	0x0
 589 0083 00       		.byte	0x0
 590              		.section	.debug_pubnames,"",%progbits
ARM GAS  C:\Users\hoangp\AppData\Local\Temp\ccSi2pJ8.s 			page 15


 591 0000 60000000 		.4byte	0x60
 592 0004 0200     		.2byte	0x2
 593 0006 00000000 		.4byte	.Ldebug_info0
 594 000a 48010000 		.4byte	0x148
 595 000e E2000000 		.4byte	0xe2
 596 0012 53504953 		.ascii	"SPIS_1_SaveConfig\000"
 596      5F315F53 
 596      61766543 
 596      6F6E6669 
 596      6700
 597 0024 F7000000 		.4byte	0xf7
 598 0028 53504953 		.ascii	"SPIS_1_RestoreConfig\000"
 598      5F315F52 
 598      6573746F 
 598      7265436F 
 598      6E666967 
 599 003d 0C010000 		.4byte	0x10c
 600 0041 53504953 		.ascii	"SPIS_1_Sleep\000"
 600      5F315F53 
 600      6C656570 
 600      00
 601 004e 21010000 		.4byte	0x121
 602 0052 53504953 		.ascii	"SPIS_1_Wakeup\000"
 602      5F315F57 
 602      616B6575 
 602      7000
 603 0060 00000000 		.4byte	0x0
 604              		.section	.debug_aranges,"",%progbits
 605 0000 34000000 		.4byte	0x34
 606 0004 0200     		.2byte	0x2
 607 0006 00000000 		.4byte	.Ldebug_info0
 608 000a 04       		.byte	0x4
 609 000b 00       		.byte	0x0
 610 000c 0000     		.2byte	0x0
 611 000e 0000     		.2byte	0x0
 612 0010 00000000 		.4byte	.LFB0
 613 0014 4C000000 		.4byte	.LFE0-.LFB0
 614 0018 00000000 		.4byte	.LFB1
 615 001c 46000000 		.4byte	.LFE1-.LFB1
 616 0020 00000000 		.4byte	.LFB2
 617 0024 40000000 		.4byte	.LFE2-.LFB2
 618 0028 00000000 		.4byte	.LFB3
 619 002c 20000000 		.4byte	.LFE3-.LFB3
 620 0030 00000000 		.4byte	0x0
 621 0034 00000000 		.4byte	0x0
 622              		.section	.debug_ranges,"",%progbits
 623              	.Ldebug_ranges0:
 624 0000 00000000 		.4byte	.Ltext0
 625 0004 00000000 		.4byte	.Letext0
 626 0008 00000000 		.4byte	.LFB0
 627 000c 4C000000 		.4byte	.LFE0
 628 0010 00000000 		.4byte	.LFB1
 629 0014 46000000 		.4byte	.LFE1
 630 0018 00000000 		.4byte	.LFB2
 631 001c 40000000 		.4byte	.LFE2
 632 0020 00000000 		.4byte	.LFB3
 633 0024 20000000 		.4byte	.LFE3
ARM GAS  C:\Users\hoangp\AppData\Local\Temp\ccSi2pJ8.s 			page 16


 634 0028 00000000 		.4byte	0x0
 635 002c 00000000 		.4byte	0x0
 636              		.section	.debug_str,"MS",%progbits,1
 637              	.LASF6:
 638 0000 6C6F6E67 		.ascii	"long long int\000"
 638      206C6F6E 
 638      6720696E 
 638      7400
 639              	.LASF19:
 640 000e 53504953 		.ascii	"SPIS_1_RestoreConfig\000"
 640      5F315F52 
 640      6573746F 
 640      7265436F 
 640      6E666967 
 641              	.LASF12:
 642 0023 656E6162 		.ascii	"enableState\000"
 642      6C655374 
 642      61746500 
 643              	.LASF8:
 644 002f 756E7369 		.ascii	"unsigned int\000"
 644      676E6564 
 644      20696E74 
 644      00
 645              	.LASF17:
 646 003c 53504953 		.ascii	"SPIS_1_BACKUP_STRUCT\000"
 646      5F315F42 
 646      41434B55 
 646      505F5354 
 646      52554354 
 647              	.LASF14:
 648 0051 73617665 		.ascii	"saveSrTxIntMask\000"
 648      53725478 
 648      496E744D 
 648      61736B00 
 649              	.LASF16:
 650 0061 75696E74 		.ascii	"uint8\000"
 650      3800
 651              	.LASF5:
 652 0067 6C6F6E67 		.ascii	"long unsigned int\000"
 652      20756E73 
 652      69676E65 
 652      6420696E 
 652      7400
 653              	.LASF25:
 654 0079 5F535049 		.ascii	"_SPIS_1_backupStruct\000"
 654      535F315F 
 654      6261636B 
 654      75705374 
 654      72756374 
 655              	.LASF7:
 656 008e 6C6F6E67 		.ascii	"long long unsigned int\000"
 656      206C6F6E 
 656      6720756E 
 656      7369676E 
 656      65642069 
 657              	.LASF22:
 658 00a5 474E5520 		.ascii	"GNU C 4.4.1\000"
ARM GAS  C:\Users\hoangp\AppData\Local\Temp\ccSi2pJ8.s 			page 17


 658      4320342E 
 658      342E3100 
 659              	.LASF15:
 660 00b1 73617665 		.ascii	"saveSrRxIntMask\000"
 660      53725278 
 660      496E744D 
 660      61736B00 
 661              	.LASF1:
 662 00c1 756E7369 		.ascii	"unsigned char\000"
 662      676E6564 
 662      20636861 
 662      7200
 663              	.LASF11:
 664 00cf 63686172 		.ascii	"char\000"
 664      00
 665              	.LASF4:
 666 00d4 6C6F6E67 		.ascii	"long int\000"
 666      20696E74 
 666      00
 667              	.LASF10:
 668 00dd 646F7562 		.ascii	"double\000"
 668      6C6500
 669              	.LASF20:
 670 00e4 53504953 		.ascii	"SPIS_1_Sleep\000"
 670      5F315F53 
 670      6C656570 
 670      00
 671              	.LASF21:
 672 00f1 53504953 		.ascii	"SPIS_1_Wakeup\000"
 672      5F315F57 
 672      616B6575 
 672      7000
 673              	.LASF3:
 674 00ff 73686F72 		.ascii	"short unsigned int\000"
 674      7420756E 
 674      7369676E 
 674      65642069 
 674      6E7400
 675              	.LASF0:
 676 0112 7369676E 		.ascii	"signed char\000"
 676      65642063 
 676      68617200 
 677              	.LASF9:
 678 011e 666C6F61 		.ascii	"float\000"
 678      7400
 679              	.LASF2:
 680 0124 73686F72 		.ascii	"short int\000"
 680      7420696E 
 680      7400
 681              	.LASF26:
 682 012e 53504953 		.ascii	"SPIS_1_backup\000"
 682      5F315F62 
 682      61636B75 
 682      7000
 683              	.LASF24:
 684 013c 433A5C55 		.ascii	"C:\\Users\\hoangp\\Documents\\GitHub\\EE542\\firmwa"
 684      73657273 
ARM GAS  C:\Users\hoangp\AppData\Local\Temp\ccSi2pJ8.s 			page 18


 684      5C686F61 
 684      6E67705C 
 684      446F6375 
 685 0169 72655C69 		.ascii	"re\\invert\\invert.cydsn\000"
 685      6E766572 
 685      745C696E 
 685      76657274 
 685      2E637964 
 686              	.LASF23:
 687 0180 2E5C4765 		.ascii	".\\Generated_Source\\PSoC5\\SPIS_1_PM.c\000"
 687      6E657261 
 687      7465645F 
 687      536F7572 
 687      63655C50 
 688              	.LASF18:
 689 01a5 53504953 		.ascii	"SPIS_1_SaveConfig\000"
 689      5F315F53 
 689      61766543 
 689      6F6E6669 
 689      6700
 690              	.LASF13:
 691 01b7 636E7472 		.ascii	"cntrPeriod\000"
 691      50657269 
 691      6F6400
 692              		.ident	"GCC: (Sourcery G++ Lite 2010q1-188) 4.4.1"
